Number of used processors (NPROC): 1.
Number of mesh partitions (NPART): 1.
Operating system:	Windows 7 Service Pack 1 (Version 6.1.7601)
Total Physical Memory = 6.00 Gb, Available Physical Memory = 3.90 Gb
Memory Working Set Current = 260.2 Mb, Memory Working Set Peak = 724.2 Mb
CPU:	GenuineIntel, Stepping ID = 2, Model = 13, Family = 6, Extended model = 2, MMX SSE SSE2 Hyper-Threading Technology SSE3
CPU Brand String:        Intel(R) Xeon(R) CPU E5-2680 0 @ 2.70GHz
Cache Line Size = 64, L2 Associativity = 6, Cache Size = 256K
Number of cores: 8, Processor type: 8664, Active processor mask: 255, Page size: 4096 bites
std::thread::hardware_concurrency = 8
OpenMP enabled (spec=200203). max_threads = 8, num_procs = 8, num_threads = 8.

SOLIDWORKS 2016 SP3.0
13-ROTATED_FLOWS\00061-RRF-u_R_0_IW_ref_boundary_lev_2\ft_run\1\1.fld
Configuration name:	Default
Project name:	as3d
/*******************************************/
/*         Project Summary                 */
/*******************************************/
Problem type:						internal
Result resolution:					5
Minimum gap size:					0.2
Minimum wall thickness:				0.202
Manual refinement:					Off
Solid refinement:					Off
Fluid substances count				1

		Advanced capabilities
Heat transfer						On
Transient						Off
Gravitation						Off
Laminar flow						On
Compressibility					Off
Number of solid substances			0
Roughness:						0

************************************************

Geometry database loading ...OK
Flow Simulation 2016  x64 / 3800 / SOLVER ver. efd_17_0.3746_30.12.2016+VOF_GUI_Therm_Slv_Integration_1 



STATIONARY

ROTATIONAL COORDINATES SYSTEM:
OMEGA 10   AXIS:  NORMAL VECTOR (0 0 1)  REFERENCE POINT: (0 0 0)

LAM-BREMHORST K-EPSILON TURBULENCE MODEL
EXTERNAL=1  CHT=0  FROZEN=0  P_REF=1  RADIATION=0  HVAC_COMFORT_PARAMETERS=0
-----------------------------------------------------------------------
Allocating meshes:
	CPU count: 1
	MESH 0:
		Sub-meshes count: 1
-----------------------------------------------------------------------
Memory Status before reading BCF:
Memory Working Set Current = 298.8 Mb, Memory Working Set Peak = 724.2 Mb
Process Threads Number: 11

-----------------------------------------------------------------------
BCF CHECKSUM DATA (Mesh 0):

FACE_A Area Sum:   G.Fluid        0.2538252208771307
FACE_A Area Sum:   G.Solid        0.1413413209325234
FACE_W Area Sum:                  0.1160795428726115
FACE_W Nb   Sum:                  48184
FACE_W min curvatures sum:        -101760.08787537
FACE_W max curvatures sum:        0.00000000
AV Max Disbalance: G.Fluid        1.69748e-16 (cid=9685, avid=6911, pid=3651)
AV Max Disbalance: G.Solid        1.81608e-16 (cid=2811, avid=20991, pid=1098)
-----------------------------------------------------------------------


-----------------------------------------------------------------------
MESHER TOPOLOGY DATA (Mesh 0):

BRICKS: Total                 26728
BRICKS: 1-CV                  16552
BRICKS: 2-CV                  10176
BRICKS: Bad                   0

AV:     G.Total               36904
AV:     G.Fluid               19044
AV:     G.Solid               17860

AV:     G.Fluid Thin Profile    0.00 % (0)
AV:     G.Solid Thin Profile    0.00 % (0)

AV:     G.Fluid Thin For Mega   0.00 % (0)
AV:     G.Solid Thin For Mega   0.00 % (0)

AV:     G.Fluid Non-Convex      0.00 % (0)
AV:     G.Solid Non-Convex      0.00 % (0)

FACE_A: G.Fluid          (af) 55316 (partially opened 19716)
FACE_A: G.Solid          (as) 49744 (partially opened 19716)

FACE_W: G.Total                 18648       Brick/Bound
FACE_W: G.Fluid/Solid    (fs_g) 10176       0           
FACE_W: G.Fluid/Fluid    (ff_g) 0           0           
FACE_W: G.Solid/Solid    (ss_g) 0           0           
FACE_W: G.Fluid/External (fe_g) 3208
FACE_W: G.Solid/External (se_g) 5264

AV/CV max fa count (on brick side):32
AV/CV max fw count:                32
AV/CV max fw poly count:           36

MEMORY: Total                   12.630 MB
MEMORY: Per Brick               0.484 KB
-----------------------------------------------------------------------

----------------------------------------------------------
BCF --> BCF.GEOMSUBDOM (bridge arrays) (cpu_num=1):
MESH (0):
	Fluid Subdom Constructor: 1 subdom(s).
	Solid Subdom Constructor: 1 subdom(s).
	Net Asm Subdom Constructor: 0 subdom(s).
	GEOMSUBDOM (0): gi=0 fluid av=19044 cv=1592 fa=55316 fw=13384 V=7.539621e-04
	GEOMSUBDOM (1): gi=1 solid av=17860 cv=17860 fa=49744 fw=15440 V=2.253339e-04
	Setting nb of w-faces...OK.

MESH (0) checking:
	GEOMSUBDOM (0):fa_s=0.2538252208771563 fw_s=0.0779097144057541 fw_nb=33024
	GEOMSUBDOM (1):fa_s=0.1413413209325250 fw_s=0.0532493713394922 fw_nb=35512
MESH (0) checking: OK.
----------------------------------------------------------
Memory Status after reading BCF:
Memory Working Set Current = 676.6 Mb, Memory Working Set Peak = 724.2 Mb
Process Threads Number: 11
Total read CPT took 0.55 sec.
MESH::Bricks: Total=26728 Gas=8868 Solid=7684 Partial=10176 Irregular=0

-----------------------------------------------------------------------
Mesh dimensions:
				I[0 ]=10
				I[1 ]=10
				I[2 ]=1
Solver refinement level	I[47]=0

Comp. domain size:
				a[0  ]=-0.101
				a[1  ]=0.101
				a[2  ]=-0.101
				a[3  ]=0.101
				a[4  ]=-0.012
				a[5  ]=0.012
Wall thickness		a[231]=0
Gap size			a[232]=1
-----------------------------------------------------------------------
-----------------------------------------------------------------------
Preparing for calculations started at	22.2.2017	7:50:0
slv_max_lev=0
CD X0= -0.101, X1= 0.101, Y0= -0.101, Y1= 0.101, Z0= -0.012, Z1= 0.012
Collecting Reference Parameters... OK
-----------------------------------------------------------------------
CV statisticks for fluid...
	CV number:         1592
	FACE_A max number: 80
	FACE_W max number: 36
-----------------------------------------------------------------------
-----------------------------------------------------------------------
CV statisticks for solid...
	CV number:         0
	FACE_A max number: 0
	FACE_W max number: 0
-----------------------------------------------------------------------
Update time step in solids: STATIONARY IN SOLIDS
FLUID SUBDOMAIN   0 LC =0 LAMTURB=-1 NONNEWTON=0  STEAM=0  CAVITATION=0 IT=6 NT=0 NC=1 U_DIM_EXT=11

===ThermodynamicsHolder:===
Subdom 0 Incompressible liquid thermodynamics
	substance 0 type=fwLiquid, guid=6b2c6742-3f07-41fd-8be2-0a38e439e1ce, name=air-incompressible
===ThermodynamicsHolder:===
Memory allocation for matrix entries in solver is block-wise,
( size of block = 1048576 bytes (1Mb) ).

132 parameter(s) in list of scalar parameters
5 parameter(s) in list of vector parameters
-----------------------------------------------------------------------
Loading mesh settings (global/local/SAR)...
Setting regions...
Setting regions takes 0.001 s
-----------------------------------------------------------------------

CollectIndata: Initialize stored in U[] parameters (pressure,momentum,dens,..)... OK(CPU=0.0784905s)

THERMODYNAMICS: Initialize stored in U[] parameters (T,Cp,Pr,..)
                and switch to Y-shifted Total Enthalpy:
Total Enthalpy:                    (FIS, old) sd   0: min(   1144,   1144)=304722.26002965      , max(    740,    740)=304722.74981095      
Total Enthalpy, Y-shifted:         (FIS, old) sd   0: min(   1144,   1144)=-0.49997035214573    , max(    740,    740)=-0.010189049794518   
OK: U[] is initialized.

Collect Body BC...OK
Collect Fans...OK
Collect Surface Sources...OK
Collect Contact resistance BC...OK
Collect Perforated plates BC...OK
Collect Electric contact BC...OK
Collect Surface Goals...
Received 0 wall face(s) and 0 virtual face(s)...
 OK
Total CPU time 0 s
Collect Unused surface area...OK
MWS estimation...
Subdomain number =   0 V_indata_max =          0, v_max_from_mf_on_BC =           0, v_max_from_pressure_opening =           0, MWS =       0.25 Ref. Pressure =  101325

There is 1 subdomain in fluid:
subdomain   0: INCOMPRESSIBLE,   MONOTONIC T,    1592 CVs, LAMINAR ONLY
             ROTATIONAL COORDINATES SYSTEM:
             OMEGA=10;  AXIS: n=(0 0 1) X0=(0 0 0)
NPROC = 1, nested_parallelization = 0
NPART = 1
Calculate wall distance: initialization -> real wall faces = 0 OK(CPU=0s)
	geomsd(0) min=1.772430e-01 (nav=0), max=1.772430e-01 (nav=0) (CPU=0s)

/-----------------------------------------------------------/
SOLVER TOPOLOGY DATA:

BRICKS: |level1| sum         0

CV:     Total               1592
CV:     Fluid               1592
CV:     Solid               0

CV:     G.Fluid Thin Profile   39.20 % (624)
CV:     G.Solid Thin Profile    0.00 % (0)

CV:     G.Fluid Non-Convex      0.00 % (0)
CV:     G.Solid Non-Convex      0.00 % (0)

FACE_A: Fluid          (af) 55316
FACE_A: Max number placed on a brick-face in cv: 32
FACE_A: Solid          (as) 49744

FACE_W: Total               18648
FACE_W: Fluid/Solid    (fs) 10176
FACE_W: Fluid/Fluid    (ff) 0
FACE_W: Solid/Solid    (ss) 0
FACE_W: Opening BC               (fo)  0
FACE_W: Fluid/Bound              (fw)  13384
FACE_W: Solid/Bound              (sw)  0
FACE_W: Fluid/Bound Real Wall    (frw) 0
FACE_W: Solid/Bound Real Wall    (srw) 0
FACE_W: Max number placed in cv: 36
Fluid:
CV Max Disbalance:                3.49107e-16 (ncv=1565)
/-----------------------------------------------------------/

LOG: Subdom[0] has no Openings
LOG: EQN_3M[0]=1 
LOG: HYBRID[0]=0 
  nsd=  0: min rho=1.233, var Kin E=7.70625
Create solver core
 MDS: Converting solver problem ...
MDS: OK
slv : Calculations at run start
slv : Create sub-domains supervisors:
slv : 	1 fluid
slv : Create sub-domains mesh connectivity supervisors:
slv : Collect slices by phenomena...
slv : 	fluid flow slices were created:	1
slv : 	heat transfer slices were created:	1
slv : 	electric current flow slices were created:	0
slv : 	radiation slices were created:	0
slv : Creating meshes proxies for multigrid...
slv : Convert MESH[0] to multigrid mesh proxy...
slv : 26728 bricks are accounted by implicit methods(100% of total)
slv : max tree bricks count = 1184
alg : MG: create topological coarsening...
alg : Mesh 0  OK
slv : Building views for fluid flow...
slv : 1 views are created
slv : Building fluid flow views schemes...
slv : View   0: Implicit scheme in fluid
slv : Building views for heat transfer...
slv : 1 views are created
slv : Building heat transfer views schemes...
slv : Building electric current flow views schemes...
slv : PrecalcAtStart views for fluid flow...
=== Fluid sub-domain nsd=0 ========================
Pre-calculations at run start, Implicit Scheme:
Mass is predefined in this sub-domain

MARK CVs and A-FACEs WITH/NEAR GEOMETRICAL PECULIARITIES:

  Skip the artificial force suppressing Un (Ksi_wall) on w-faces = 216 (1.61387% of w-faces),
  A-faces placed opposite External boundary with Symmetry BC: N_face_ns=3048 (5.51016%)
BC re-definition: Real Wall to Ideal Wall: 0 w-faces
mgl = 31 size = 1592
mgl = 30 size =  555
mgl = 29 size =  304

mgl = 31 size = 1592
mgl = 30 size =  555
mgl = 29 size =  304

mgl = 31 size = 1592
mgl = 30 size =  555
mgl = 29 size =  304

slv : PrecalcAtStart views for heat transfer...
Creating view scheme...
1 heat transfer algebraic views are created
mgl = 31 size = 1592
mgl = 30 size =  555
mgl = 29 size =  304

slv : PrecalcAtStart views for electric current flow...
slv : PrecalcAtStart views for radiation...

Re-define MWS=max(mws_sd) and P_ref=averaged(P_ref_sd) over fluid-flow sub-domains in view:
nsd=  0: mws=0.25                 , P_ref=101325.30593857      
slv : ------------ Start of Preliminary step at Calculation start ------------
slv : Fluid subdom(new) 0
slv : P static (new)                 : min(    740) = 101325.0125631       , max(   1144) = 101325.61646345      
slv : Density (new)                  : min(      0) = 1.233                , max(      0) = 1.233                
slv : Velocity (new)                 : min(      0) = 0                    , max(      0) = 0                    
slv : Velocity GCS (new)             : min(    740) = 0.14275189472073     , max(   1144) = 0.99997035362768     
slv : Temperature (new)              : min(      0) = 293.2                , max(      0) = 293.2                
slv : Total enthalpy, Y-shifted (new): min(   1144) = -0.49997035214573    , max(    740) = -0.010189049794518   
slv : ------------ End of Preliminary step at Calculation start ------------

----------------------------------------------------------
BCF checking (solver)...
----------------------------------------------------------

Estimated cfld size=1.56 Mb
Writing cfld file "13-ROTATED_FLOWS\00061-RRF-u_R_0_IW_ref_boundary_lev_2\ft_run\1/r_000000.cfld"...
Working in No GDBLight mode
Working in No GDBLight mode
FILE SAVED: r_000000.cfld. Total save cfld took 0.02 sec.
real cfld size=0.30 Mb
OK
Estimated fld size=4.67 Mb
Writing fld file "13-ROTATED_FLOWS\00061-RRF-u_R_0_IW_ref_boundary_lev_2\ft_run\1/r_000000.fld"...
FILE SAVED: r_000000.fld. Total save fld took 0.02 sec.
real fld size=1.05 Mb
OK
Init simple interpolator... OK (0.176 sec)
BC 'Ideal Wall 1' is on 10176 faces (AS area=0.0150795, CAD area=0.0151098, difference=-0.2%)

Preview parameters:
	Density (Fluid)
	Pressure
	Temperature
	Temperature (Fluid)
	Velocity
	Velocity (X)
	Velocity (Y)
	Velocity (Z)
	Axial Velocity
	Circumferential Velocity
	Circumferential Velocity RRF
	Peripheral Velocity
	Radial Velocity
	Velocity RRF
	Velocity RRF (X)
	Velocity RRF (Y)
	Velocity RRF (Z)
	Dynamic Pressure
	Thermodynamic Pressure
	Total Pressure
	Dynamic Viscosity
	Prandtl Number
	Specific Heat (Cp)
	Total Enthalpy
	Total Viscosity
25 parameter(s) in preview list of parameters

Calculation started at	22.2.2017	7:50:1
Total CPU time 1 s
//-------------------------Fast mass flow--------------------//
//-------------There are no openings in task--------------//
//-------------------------Using size criteria--------------//

================== Tstep=0 ===================
Boundary layer settings:
	Separation tau    on
	Enable 3D effects off
BL MODEL         	Ignore compressibility  off
	BL on porous body  off
	Separ. tau corr factor 0
	Separ. tau kappa 0.1
	Separ. tau KV0 0.1
------------------------
NumerCore CHT-start settings:
	Min typical size					1
	Zero vel ht factor				0.006
	C_mju_turb_min                   0.01
	Threshold value for K-E filter   0.000910158
	C_mju                            0.09
	C_eps1                           1.44
	C_eps2                           1.92
	Sigma_k                          1
	Sigma_eps                        1.3
	Sigma_c                          0.9
	Approx mode                      1st order
-------------
NumCoreFESSettings:
	Maximum possible Mach	0
	Turbulent Prandtl		0.9
-------------
slv : Implicit schemes in fluid settings:
slv : INPR	: rel_resid=0.00790569
slv : BACKGROUND	: rel_resid=0.00790569
slv : DVGR	: rel_resid=0.00790569
slv : MOMENTUM	: rel_resid=0.00790569
slv : CHT	: rel_resid=0.00790569
slv : Y_TD	: rel_resid=0.00790569
slv : Y_TURB	: rel_resid=0.00790569
slv : LMA	: rel_resid=0.00790569
slv : UVGI	: rel_resid=0.00790569
slv : NOx	: rel_resid=0.00790569
slv : VOL_FRAC_IM_PHASE	: rel_resid=0.00790569
slv : Disable wall motion impact into H threshold=10
slv : Relax par ring =0.05
slv : Isothermal cavitation CF corrector = 1
slv : Isothermal cavitation pseudo transient corrector = -1
slv : Isothermal cavitation forced time step in cavitated regions = -1
slv : force_free_surface_VOF = -1
slv : ---------------------------------------
------Solid settings---
Approximation mode = 2'nd order && thin_profiles
Solid temperature eps_abs scaling factor: 0.001
number dofs per absorptive face: 9
subgrid ratio: 0.500000
Blink filter: disabled
------------------------------
slv : Iterations settings:
slv : Max number of outer iter = 1
slv : Max number of Mass&Energy iter = 1
slv : Max Courant factor = 10
slv : Conservation laws tolerance residuals:
slv : 	MASS	0.005
slv : 	MOMENTUM	0.005
slv : 	ENERGY	0.005
slv : 	SPECIES	0.005
slv : 	TURBULENCE	0.005
slv : ---------------------------------------
slv : Scheme blocks settings:
slv : INPR	: stop_crit=residAbs_AND_residRel 
slv : BACKGROUND	: stop_crit=residAbs_AND_residRel 
slv : DVGR	: stop_crit=residAbs_AND_residRel 
slv : MOMENTUM	: stop_crit=residAbs_AND_residRel 
slv : CHT	: stop_crit=residAbs_AND_residRel 
slv : Y_TD	: stop_crit=residAbs_AND_residRel 
slv : Y_TURB	: stop_crit=residAbs_AND_residRel 
slv : LMA	: stop_crit=residAbs_AND_residRel 
slv : UVGI	: stop_crit=residAbs_AND_residRel 
slv : NOx	: stop_crit=residAbs_AND_residRel 
slv : VOL_FRAC_IM_PHASE	: stop_crit=residAbs_AND_residRel 
slv : ---------------------------------------
Accuracy scale coeff =1
  MWS[  0]=0.249994
dt: nsd =   0 min dt/dtG(nCV=      0)=1.00 , max dt/dtG(nCV=      0)=1.0    , dtG=0.0202005
Flow alg-view 0 in phis-view 0 is Neumann (not Phase-change-specific treating)
LOG: Flow rate discrepancy at boundary (corrected):
ROTATION: weight_WR[nsd=0]= 0
slvD: ROTATION(nsd=0): max div_Mf(rho_av*[W x r])=1.50934e-05  at ncv=1206
slv : SolveBG stage
Calculation_Mf nsd =   0: maximum value of div(momentum) (ncv=      0) =0                    
Flow alg-view 0 is Neumann (not for Phase Change + Nested Iters)
+----+----+--------------+--------------+--------------+--------------+--------------+------+----+-+-+--+------+
|Name|view| Initial res  | Initial resL1| Target res   | Final res    | Final res L1 |Visits|Iter|R|F|CL|Status|
+----+----+--------------+--------------+--------------+--------------+--------------+------+----+-+-+--+------+
| BG |   0|  0.000000e+00|  0.000000e+00|  0.000000e+00|  0.000000e+00|  0.000000e+00|     1|   3|0|y|29|  OK  |
neumann fix solution. y[row=0][ncv=1459]=    0.0000e+00
Calculation_Mf nsd =   0: maximum value of div(momentum) (ncv=      0) =0                    
	norm_L2 of div(momentum) =0                    
Flow alg-view 0 in phis-view 0 is Neumann (not Phase-change-specific treating)
LOG: Flow rate discrepancy at boundary (corrected):
slvD: ROTATION(nsd=0): max div_Mf(rho_av*[W x r])=1.50934e-05  at ncv=1206
nsd =   0 Conv_fw[] is skipped for 3208 w-faces
slv : SolveBL stage
LOG nsd = 0: numb_of_convergent=45, numb_of_divergent=45
Calculation_Mf nsd =   0: maximum value of div(momentum) (ncv=      0) =0                    
	norm_L2 of div(momentum) =0                    
slv : Solve3M stage
+----+----+--------------+--------------+--------------+--------------+--------------+------+----+-+-+--+------+
|Name|view| Initial res  | Initial resL1| Target res   | Final res    | Final res L1 |Visits|Iter|R|F|CL|Status|
+----+----+--------------+--------------+--------------+--------------+--------------+------+----+-+-+--+------+
| 3M |   0|  2.047223e-27|  1.251281e-12|  2.047223e-27|  8.731858e-60|  3.335545e-29|     1|   3|0|y|29|  OK  |
Velocity (predicted):
        (FIS) sd   0: min(   1120)=3.9884138693904e-14  , max(      3)=3.0986502908724e-10  
slv : 
slv : NUMBER OF INNER ITERATIONS = 1
slv : 
slv : SolveDvGr stage
Flow alg-view 0 is Neumann (not for Phase Change + Nested Iters)
+----+----+--------------+--------------+--------------+--------------+--------------+------+----+-+-+--+------+
|Name|view| Initial res  | Initial resL1| Target res   | Final res    | Final res L1 |Visits|Iter|R|F|CL|Status|
+----+----+--------------+--------------+--------------+--------------+--------------+------+----+-+-+--+------+
|DVGR|   0|  2.099181e-25|  1.342918e-11|  2.099181e-25|  2.684423e-28|  4.323593e-13|     1|   3|0|y|29|  OK  |
neumann fix solution. y[row=0][ncv=292]=    1.9017e-12
Calculation_Mf nsd =   0: maximum value of div(momentum) (ncv=   1009) =6.4676981084901e-15  
	norm_L2 of div(momentum) =3.2352077213907e-14  
slv : SolveYTd stage
+----+----+--------------+--------------+--------------+--------------+--------------+------+----+-+-+--+------+
|Name|view| Initial res  | Initial resL1| Target res   | Final res    | Final res L1 |Visits|Iter|R|F|CL|Status|
+----+----+--------------+--------------+--------------+--------------+--------------+------+----+-+-+--+------+
| CHT|   0|  1.930809e-30|  2.781044e-14|  1.930809e-30|  6.425279e-38|  5.100962e-18|     1|   3|0|y|29|  OK  |
slv : SolveYTurb stage
slv : Fluid subdom(new) 0
slv : P static (new)                 : min(    740) = 101325.0125631       , max(   1144) = 101325.61646345      
slv : Density (new)                  : min(      0) = 1.233                , max(      0) = 1.233                
slv : Velocity (new)                 : min(   1120) = 3.0598658392839e-14  , max(   1409) = 1.0566569692323e-10  
slv : Velocity GCS (new)             : min(    740) = 0.14275189471974     , max(   1144) = 0.99997035362744     
slv : Temperature (new)              : min(    105) = 293.2                , max(      1) = 293.2                
slv : Total enthalpy, Y-shifted (new): min(   1144) = -0.49997035214573    , max(    740) = -0.010189049794529   
slv : MASS FLUXES AT OPENINGS: MF=0, AP=0
slv : DvGr statistics: min alpha=0.178877(nfa=27712, geom_slice=0)
Memory Working Set Current = 790.5 Mb, Memory Working Set Peak = 790.5 Mb
Process Threads Number: 11

================== Tstep=1 ===================
  MWS[  0]=0.249958
dt: nsd =   0 min dt/dtG(nCV=      0)=1.00 , max dt/dtG(nCV=      0)=1.0    , dtG=0.0202034
Flow alg-view 0 in phis-view 0 is Neumann (not Phase-change-specific treating)
LOG: Flow rate discrepancy at boundary (corrected):
ROTATION: weight_WR[nsd=0]= 0
slv : SolveBG stage
Calculation_Mf nsd =   0: maximum value of div(momentum) (ncv=   1009) =6.4676981084901e-15  
Flow alg-view 0 is Neumann (not for Phase Change + Nested Iters)
+----+----+--------------+--------------+--------------+--------------+--------------+------+----+-+-+--+------+
|Name|view| Initial res  | Initial resL1| Target res   | Final res    | Final res L1 |Visits|Iter|R|F|CL|Status|
+----+----+--------------+--------------+--------------+--------------+--------------+------+----+-+-+--+------+
| BG |   0|  1.032462e-27|  8.288087e-13|  1.032462e-27|  2.267490e-28|  4.355048e-13|     1|   3|0|y|29|  OK  |
neumann fix solution. y[row=0][ncv=1459]=   -2.2923e-13
Calculation_Mf nsd =   0: maximum value of div(momentum) (ncv=   1446) =2.3673705811757e-15  
	norm_L2 of div(momentum) =1.5060887388267e-14  
Flow alg-view 0 in phis-view 0 is Neumann (not Phase-change-specific treating)
LOG: Flow rate discrepancy at boundary (corrected):
LOG: number of a-faces with weighted approximations in 0 subdomain: 43.0038 percent
LOG: Rate of a-faces corrected to CUp1st in 0 subdomain: 12.2057 %
nsd =   0 Conv_fw[] is skipped for 3208 w-faces
slv : SolveBL stage
LOG nsd = 0: numb_of_convergent=40, numb_of_divergent=40
Calculation_Mf nsd =   0: maximum value of div(momentum) (ncv=   1446) =2.3673705811757e-15  
	norm_L2 of div(momentum) =1.5060887388267e-14  
slv : Solve3M stage
+----+----+--------------+--------------+--------------+--------------+--------------+------+----+-+-+--+------+
|Name|view| Initial res  | Initial resL1| Target res   | Final res    | Final res L1 |Visits|Iter|R|F|CL|Status|
+----+----+--------------+--------------+--------------+--------------+--------------+------+----+-+-+--+------+
| 3M |   0|  8.788688e-29|  2.607879e-13|  8.788688e-29|  6.799089e-60|  4.282165e-29|     1|   3|0|y|29|  OK  |
Velocity (predicted):
        (FIS) sd   0: min(   1033)=2.3006744078034e-13  , max(    475)=1.3657831305129e-10  
slv : SolveDvGr stage
Flow alg-view 0 is Neumann (not for Phase Change + Nested Iters)
+----+----+--------------+--------------+--------------+--------------+--------------+------+----+-+-+--+------+
|Name|view| Initial res  | Initial resL1| Target res   | Final res    | Final res L1 |Visits|Iter|R|F|CL|Status|
+----+----+--------------+--------------+--------------+--------------+--------------+------+----+-+-+--+------+
|DVGR|   0|  7.111644e-27|  2.339023e-12|  7.111644e-27|  5.436206e-29|  1.960520e-13|     1|   3|0|y|29|  OK  |
neumann fix solution. y[row=0][ncv=1534]=   -4.6727e-13
Calculation_Mf nsd =   0: maximum value of div(momentum) (ncv=    507) =2.3215722107961e-15  
	norm_L2 of div(momentum) =1.8492992354921e-14  
slv : SolveYTd stage
+----+----+--------------+--------------+--------------+--------------+--------------+------+----+-+-+--+------+
|Name|view| Initial res  | Initial resL1| Target res   | Final res    | Final res L1 |Visits|Iter|R|F|CL|Status|
+----+----+--------------+--------------+--------------+--------------+--------------+------+----+-+-+--+------+
| CHT|   0|  1.489207e-30|  2.379794e-14|  1.489207e-30|  5.690340e-38|  4.885585e-18|     1|   3|0|y|29|  OK  |
slv : SolveYTurb stage
slv : Fluid subdom(new) 0
slv : P static (new)                 : min(    740) = 101325.0125631       , max(   1144) = 101325.61646345      
slv : Density (new)                  : min(      0) = 1.233                , max(      0) = 1.233                
slv : Velocity (new)                 : min(   1120) = 1.1291181756936e-13  , max(    221) = 7.2147238205952e-11  
slv : Velocity GCS (new)             : min(    740) = 0.14275189471858     , max(   1144) = 0.9999703536274      
slv : Temperature (new)              : min(    105) = 293.2                , max(      1) = 293.2                
slv : Total enthalpy, Y-shifted (new): min(   1144) = -0.49997035214441    , max(    740) = -0.010189049794594   
slv : MASS FLUXES AT OPENINGS: MF=0, AP=0
slv : DvGr statistics: min alpha=0.101621(nfa=47422, geom_slice=0)
Memory Working Set Current = 790.5 Mb, Memory Working Set Peak = 815.9 Mb
Process Threads Number: 11

================== Tstep=2 ===================
  MWS[  0]=0.2496
dt: nsd =   0 min dt/dtG(nCV=      0)=1.00 , max dt/dtG(nCV=      0)=1.0    , dtG=0.0202323
Flow alg-view 0 in phis-view 0 is Neumann (not Phase-change-specific treating)
LOG: Flow rate discrepancy at boundary (corrected):
ROTATION: weight_WR[nsd=0]= 0
slv : SolveBG stage
Calculation_Mf nsd =   0: maximum value of div(momentum) (ncv=    507) =2.3215722107961e-15  
Flow alg-view 0 is Neumann (not for Phase Change + Nested Iters)
+----+----+--------------+--------------+--------------+--------------+--------------+------+----+-+-+--+------+
|Name|view| Initial res  | Initial resL1| Target res   | Final res    | Final res L1 |Visits|Iter|R|F|CL|Status|
+----+----+--------------+--------------+--------------+--------------+--------------+------+----+-+-+--+------+
| BG |   0|  3.419774e-28|  5.124049e-13|  3.419774e-28|  8.314559e-29|  2.648522e-13|     1|   3|0|y|29|  OK  |
neumann fix solution. y[row=0][ncv=1459]=   -2.2191e-13
Calculation_Mf nsd =   0: maximum value of div(momentum) (ncv=   1490) =1.1798399079758e-15  
	norm_L2 of div(momentum) =9.1205489529871e-15  
Flow alg-view 0 in phis-view 0 is Neumann (not Phase-change-specific treating)
LOG: Flow rate discrepancy at boundary (corrected):
LOG: number of a-faces with weighted approximations in 0 subdomain: 36.3746 percent
LOG: Rate of a-faces corrected to CUp1st in 0 subdomain: 9.39712 %
nsd =   0 Conv_fw[] is skipped for 3208 w-faces
slv : SolveBL stage
LOG nsd = 0: numb_of_convergent=27, numb_of_divergent=29
Calculation_Mf nsd =   0: maximum value of div(momentum) (ncv=   1490) =1.1798399079758e-15  
	norm_L2 of div(momentum) =9.1205489529871e-15  
slv : Solve3M stage
+----+----+--------------+--------------+--------------+--------------+--------------+------+----+-+-+--+------+
|Name|view| Initial res  | Initial resL1| Target res   | Final res    | Final res L1 |Visits|Iter|R|F|CL|Status|
+----+----+--------------+--------------+--------------+--------------+--------------+------+----+-+-+--+------+
| 3M |   0|  7.856783e-29|  2.145151e-13|  7.856783e-29|  4.334865e-60|  3.642050e-29|     1|   3|0|y|29|  OK  |
Velocity (predicted):
        (FIS) sd   0: min(   1524)=1.0444694953882e-13  , max(   1340)=8.6119448356436e-11  
slv : SolveDvGr stage
Flow alg-view 0 is Neumann (not for Phase Change + Nested Iters)
+----+----+--------------+--------------+--------------+--------------+--------------+------+----+-+-+--+------+
|Name|view| Initial res  | Initial resL1| Target res   | Final res    | Final res L1 |Visits|Iter|R|F|CL|Status|
+----+----+--------------+--------------+--------------+--------------+--------------+------+----+-+-+--+------+
|DVGR|   0|  3.608562e-27|  1.630745e-12|  3.608562e-27|  2.261702e-29|  1.275815e-13|     1|   3|0|y|29|  OK  |
neumann fix solution. y[row=0][ncv=595]=   -2.1965e-13
Calculation_Mf nsd =   0: maximum value of div(momentum) (ncv=   1005) =1.988693685054e-15   
	norm_L2 of div(momentum) =1.4010215660054e-14  
slv : SolveYTd stage
+----+----+--------------+--------------+--------------+--------------+--------------+------+----+-+-+--+------+
|Name|view| Initial res  | Initial resL1| Target res   | Final res    | Final res L1 |Visits|Iter|R|F|CL|Status|
+----+----+--------------+--------------+--------------+--------------+--------------+------+----+-+-+--+------+
| CHT|   0|  1.367775e-30|  2.233269e-14|  1.367775e-30|  6.348933e-38|  5.067485e-18|     1|   3|0|y|29|  OK  |
slv : SolveYTurb stage
slv : Fluid subdom(new) 0
slv : P static (new)                 : min(    740) = 101325.0125631       , max(   1144) = 101325.61646345      
slv : Density (new)                  : min(      0) = 1.233                , max(      0) = 1.233                
slv : Velocity (new)                 : min(    490) = 1.8921298416934e-13  , max(    221) = 7.68970452688e-11    
slv : Velocity GCS (new)             : min(    740) = 0.14275189471991     , max(   1144) = 0.99997035362731     
slv : Temperature (new)              : min(    105) = 293.2                , max(      1) = 293.2                
slv : Total enthalpy, Y-shifted (new): min(   1144) = -0.49997035214441    , max(    740) = -0.010189049794623   
slv : MASS FLUXES AT OPENINGS: MF=0, AP=0
slv : DvGr statistics: min alpha=0.0953955(nfa=47422, geom_slice=0)
Memory Working Set Current = 791.1 Mb, Memory Working Set Peak = 815.9 Mb
Process Threads Number: 11

================== Tstep=3 ===================
  MWS[  0]=0.246133
dt: nsd =   0 min dt/dtG(nCV=      0)=1.00 , max dt/dtG(nCV=      0)=1.0    , dtG=0.0205174
Flow alg-view 0 in phis-view 0 is Neumann (not Phase-change-specific treating)
LOG: Flow rate discrepancy at boundary (corrected):
ROTATION: weight_WR[nsd=0]= 0
slv : SolveBG stage
Calculation_Mf nsd =   0: maximum value of div(momentum) (ncv=   1005) =1.988693685054e-15   
Flow alg-view 0 is Neumann (not for Phase Change + Nested Iters)
+----+----+--------------+--------------+--------------+--------------+--------------+------+----+-+-+--+------+
|Name|view| Initial res  | Initial resL1| Target res   | Final res    | Final res L1 |Visits|Iter|R|F|CL|Status|
+----+----+--------------+--------------+--------------+--------------+--------------+------+----+-+-+--+------+
| BG |   0|  1.961913e-28|  3.695379e-13|  1.961913e-28|  5.450023e-29|  2.142470e-13|     1|   3|0|y|29|  OK  |
neumann fix solution. y[row=0][ncv=1459]=   -8.5975e-14
Calculation_Mf nsd =   0: maximum value of div(momentum) (ncv=    981) =1.250898687329e-15   
	norm_L2 of div(momentum) =7.3853968929857e-15  
Flow alg-view 0 in phis-view 0 is Neumann (not Phase-change-specific treating)
LOG: Flow rate discrepancy at boundary (corrected):
LOG: number of a-faces with weighted approximations in 0 subdomain: 37.6383 percent
LOG: Rate of a-faces corrected to CUp1st in 0 subdomain: 10.3574 %
nsd =   0 Conv_fw[] is skipped for 3208 w-faces
slv : SolveBL stage
LOG nsd = 0: numb_of_convergent=27, numb_of_divergent=29
Calculation_Mf nsd =   0: maximum value of div(momentum) (ncv=    981) =1.250898687329e-15   
	norm_L2 of div(momentum) =7.3853968929857e-15  
slv : Solve3M stage
+----+----+--------------+--------------+--------------+--------------+--------------+------+----+-+-+--+------+
|Name|view| Initial res  | Initial resL1| Target res   | Final res    | Final res L1 |Visits|Iter|R|F|CL|Status|
+----+----+--------------+--------------+--------------+--------------+--------------+------+----+-+-+--+------+
| 3M |   0|  3.633723e-29|  1.500488e-13|  3.633723e-29|  4.029742e-60|  3.203430e-29|     1|   3|0|y|29|  OK  |
Velocity (predicted):
        (FIS) sd   0: min(   1033)=1.491099039652e-13   , max(    221)=8.0542914106777e-11  
slv : SolveDvGr stage
Flow alg-view 0 is Neumann (not for Phase Change + Nested Iters)
+----+----+--------------+--------------+--------------+--------------+--------------+------+----+-+-+--+------+
|Name|view| Initial res  | Initial resL1| Target res   | Final res    | Final res L1 |Visits|Iter|R|F|CL|Status|
+----+----+--------------+--------------+--------------+--------------+--------------+------+----+-+-+--+------+
|DVGR|   0|  1.709814e-27|  1.071610e-12|  1.709814e-27|  1.183728e-29|  9.277604e-14|     1|   3|0|y|29|  OK  |
neumann fix solution. y[row=0][ncv=595]=   -2.7394e-13
Calculation_Mf nsd =   0: maximum value of div(momentum) (ncv=    286) =1.863701451443e-15   
	norm_L2 of div(momentum) =1.1421451367609e-14  
slv : SolveYTd stage
+----+----+--------------+--------------+--------------+--------------+--------------+------+----+-+-+--+------+
|Name|view| Initial res  | Initial resL1| Target res   | Final res    | Final res L1 |Visits|Iter|R|F|CL|Status|
+----+----+--------------+--------------+--------------+--------------+--------------+------+----+-+-+--+------+
| CHT|   0|  1.135375e-30|  2.059235e-14|  1.135375e-30|  5.804478e-38|  4.787335e-18|     1|   3|0|y|29|  OK  |
slv : SolveYTurb stage
slv : Fluid subdom(new) 0
slv : P static (new)                 : min(    740) = 101325.0125631       , max(   1144) = 101325.61646345      
slv : Density (new)                  : min(      0) = 1.233                , max(      0) = 1.233                
slv : Velocity (new)                 : min(    597) = 1.7520809397389e-13  , max(    221) = 7.4708311525582e-11  
slv : Velocity GCS (new)             : min(    740) = 0.14275189472048     , max(   1144) = 0.999970353627       
slv : Temperature (new)              : min(    105) = 293.2                , max(      1) = 293.2                
slv : Total enthalpy, Y-shifted (new): min(   1144) = -0.49997035214441    , max(    740) = -0.010189049794644   
slv : MASS FLUXES AT OPENINGS: MF=0, AP=0
slv : DvGr statistics: min alpha=0.114482(nfa=13347, geom_slice=0)
Memory Working Set Current = 793.4 Mb, Memory Working Set Peak = 816.7 Mb
Process Threads Number: 11

================== Tstep=4 ===================
  MWS[  0]=0.22437
dt: nsd =   0 min dt/dtG(nCV=      0)=1.00 , max dt/dtG(nCV=      0)=1.0    , dtG=0.0225074
Flow alg-view 0 in phis-view 0 is Neumann (not Phase-change-specific treating)
LOG: Flow rate discrepancy at boundary (corrected):
ROTATION: weight_WR[nsd=0]= 0
slv : SolveBG stage
Calculation_Mf nsd =   0: maximum value of div(momentum) (ncv=    286) =1.863701451443e-15   
Flow alg-view 0 is Neumann (not for Phase Change + Nested Iters)
+----+----+--------------+--------------+--------------+--------------+--------------+------+----+-+-+--+------+
|Name|view| Initial res  | Initial resL1| Target res   | Final res    | Final res L1 |Visits|Iter|R|F|CL|Status|
+----+----+--------------+--------------+--------------+--------------+--------------+------+----+-+-+--+------+
| BG |   0|  1.304489e-28|  2.949489e-13|  1.304489e-28|  3.642482e-29|  1.761163e-13|     1|   3|0|y|29|  OK  |
neumann fix solution. y[row=0][ncv=1459]=    2.0855e-13
Calculation_Mf nsd =   0: maximum value of div(momentum) (ncv=    290) =7.3508599765002e-16  
	norm_L2 of div(momentum) =6.0361530128599e-15  
Flow alg-view 0 in phis-view 0 is Neumann (not Phase-change-specific treating)
LOG: Flow rate discrepancy at boundary (corrected):
LOG: number of a-faces with weighted approximations in 0 subdomain: 36.1197 percent
LOG: Rate of a-faces corrected to CUp1st in 0 subdomain: 9.69049 %
nsd =   0 Conv_fw[] is skipped for 3208 w-faces
slv : SolveBL stage
LOG nsd = 0: numb_of_convergent=21, numb_of_divergent=28
Calculation_Mf nsd =   0: maximum value of div(momentum) (ncv=    290) =7.3508599765002e-16  
	norm_L2 of div(momentum) =6.0361530128599e-15  
slv : Solve3M stage
+----+----+--------------+--------------+--------------+--------------+--------------+------+----+-+-+--+------+
|Name|view| Initial res  | Initial resL1| Target res   | Final res    | Final res L1 |Visits|Iter|R|F|CL|Status|
+----+----+--------------+--------------+--------------+--------------+--------------+------+----+-+-+--+------+
| 3M |   0|  2.363110e-29|  1.176682e-13|  2.363110e-29|  3.107402e-60|  3.038799e-29|     1|   3|0|y|29|  OK  |
Velocity (predicted):
        (FIS) sd   0: min(    491)=6.5996973129567e-14  , max(    221)=7.1799865861388e-11  
slv : SolveDvGr stage
Flow alg-view 0 is Neumann (not for Phase Change + Nested Iters)
+----+----+--------------+--------------+--------------+--------------+--------------+------+----+-+-+--+------+
|Name|view| Initial res  | Initial resL1| Target res   | Final res    | Final res L1 |Visits|Iter|R|F|CL|Status|
+----+----+--------------+--------------+--------------+--------------+--------------+------+----+-+-+--+------+
|DVGR|   0|  1.091489e-27|  8.646883e-13|  1.091489e-27|  8.530550e-30|  7.649584e-14|     1|   3|0|y|29|  OK  |
neumann fix solution. y[row=0][ncv=595]=    1.9238e-15
Calculation_Mf nsd =   0: maximum value of div(momentum) (ncv=    984) =2.1270616440884e-15  
	norm_L2 of div(momentum) =9.6268016158163e-15  
slv : SolveYTd stage
+----+----+--------------+--------------+--------------+--------------+--------------+------+----+-+-+--+------+
|Name|view| Initial res  | Initial resL1| Target res   | Final res    | Final res L1 |Visits|Iter|R|F|CL|Status|
+----+----+--------------+--------------+--------------+--------------+--------------+------+----+-+-+--+------+
| CHT|   0|  1.008716e-30|  1.896858e-14|  1.008716e-30|  4.073345e-38|  3.874037e-18|     1|   3|0|y|29|  OK  |
slv : SolveYTurb stage
slv : Fluid subdom(new) 0
slv : P static (new)                 : min(    740) = 101325.0125631       , max(   1144) = 101325.61646345      
slv : Density (new)                  : min(      0) = 1.233                , max(      0) = 1.233                
slv : Velocity (new)                 : min(    210) = 3.4675657645404e-13  , max(   1340) = 6.9750997489445e-11  
slv : Velocity GCS (new)             : min(    740) = 0.14275189472116     , max(   1144) = 0.99997035362635     
slv : Temperature (new)              : min(    105) = 293.2                , max(      1) = 293.2                
slv : Total enthalpy, Y-shifted (new): min(   1144) = -0.49997035214441    , max(    740) = -0.01018904979467    
slv : MASS FLUXES AT OPENINGS: MF=0, AP=0
slv : DvGr statistics: min alpha=0.109434(nfa=10488, geom_slice=0)
Memory Working Set Current = 793.4 Mb, Memory Working Set Peak = 818.8 Mb
Process Threads Number: 11
Iteration : time = 3.91573 , count = 5 , time/count = 0.783145
Calculate_inc() : time = 2.9953 , count = 5 , time/count = 0.599059
TreatFlowEvolution() : time = 0.795626 , count = 5 , time/count = 0.159125
SolverPreview : time = 0 , count = 6 , time/count = 0
TreatGoals : time = 0.795626 , count = 5 , time/count = 0.159125

================== Tstep=5 ===================
  MWS[  0]=0.142496
dt: nsd =   0 min dt/dtG(nCV=      0)=1.00 , max dt/dtG(nCV=      0)=1.0    , dtG=0.0531594
Flow alg-view 0 in phis-view 0 is Neumann (not Phase-change-specific treating)
LOG: Flow rate discrepancy at boundary (corrected):
ROTATION: weight_WR[nsd=0]= 0
slv : SolveBG stage
Calculation_Mf nsd =   0: maximum value of div(momentum) (ncv=    984) =2.1270616440884e-15  
Flow alg-view 0 is Neumann (not for Phase Change + Nested Iters)
+----+----+--------------+--------------+--------------+--------------+--------------+------+----+-+-+--+------+
|Name|view| Initial res  | Initial resL1| Target res   | Final res    | Final res L1 |Visits|Iter|R|F|CL|Status|
+----+----+--------------+--------------+--------------+--------------+--------------+------+----+-+-+--+------+
| BG |   0|  9.264534e-29|  2.507535e-13|  9.264534e-29|  2.781900e-29|  1.545472e-13|     1|   3|0|y|29|  OK  |
neumann fix solution. y[row=0][ncv=1459]=    3.5248e-14
Calculation_Mf nsd =   0: maximum value of div(momentum) (ncv=   1323) =6.5695518536298e-16  
	norm_L2 of div(momentum) =5.273039550425e-15   
Flow alg-view 0 in phis-view 0 is Neumann (not Phase-change-specific treating)
LOG: Flow rate discrepancy at boundary (corrected):
LOG: number of a-faces with weighted approximations in 0 subdomain: 36.8989 percent
LOG: Rate of a-faces corrected to CUp1st in 0 subdomain: 9.89533 %
nsd =   0 Conv_fw[] is skipped for 3208 w-faces
slv : SolveBL stage
LOG nsd = 0: numb_of_convergent=21, numb_of_divergent=23
Calculation_Mf nsd =   0: maximum value of div(momentum) (ncv=   1323) =6.5695518536298e-16  
	norm_L2 of div(momentum) =5.273039550425e-15   
slv : Solve3M stage
+----+----+--------------+--------------+--------------+--------------+--------------+------+----+-+-+--+------+
|Name|view| Initial res  | Initial resL1| Target res   | Final res    | Final res L1 |Visits|Iter|R|F|CL|Status|
+----+----+--------------+--------------+--------------+--------------+--------------+------+----+-+-+--+------+
| 3M |   0|  1.548388e-29|  9.697312e-14|  2.903227e-33|  1.434634e-60|  1.901719e-29|     1|   3|0|n|29|  OK  |
Velocity (predicted):
        (FIS) sd   0: min(   1497)=2.0182918106222e-13  , max(   1253)=7.9732728542842e-11  
slv : SolveDvGr stage
Flow alg-view 0 is Neumann (not for Phase Change + Nested Iters)
+----+----+--------------+--------------+--------------+--------------+--------------+------+----+-+-+--+------+
|Name|view| Initial res  | Initial resL1| Target res   | Final res    | Final res L1 |Visits|Iter|R|F|CL|Status|
+----+----+--------------+--------------+--------------+--------------+--------------+------+----+-+-+--+------+
|DVGR|   0|  1.495587e-27|  1.014464e-12|  1.495587e-27|  1.031361e-29|  8.445705e-14|     1|   3|0|y|29|  OK  |
neumann fix solution. y[row=0][ncv=1534]=   -1.7153e-13
Calculation_Mf nsd =   0: maximum value of div(momentum) (ncv=    755) =2.4268110706224e-15  
	norm_L2 of div(momentum) =1.0950734290788e-14  
slv : SolveYTd stage
+----+----+--------------+--------------+--------------+--------------+--------------+------+----+-+-+--+------+
|Name|view| Initial res  | Initial resL1| Target res   | Final res    | Final res L1 |Visits|Iter|R|F|CL|Status|
+----+----+--------------+--------------+--------------+--------------+--------------+------+----+-+-+--+------+
| CHT|   0|  9.591673e-31|  1.810151e-14|  9.591673e-31|  4.800539e-39|  1.315237e-18|     1|   3|0|y|29|  OK  |
slv : SolveYTurb stage
slv : Fluid subdom(new) 0
slv : P static (new)                 : min(    740) = 101325.0125631       , max(   1144) = 101325.61646345      
slv : Density (new)                  : min(      0) = 1.233                , max(      0) = 1.233                
slv : Velocity (new)                 : min(   1293) = 2.1612826123296e-13  , max(    475) = 6.8483311580774e-11  
slv : Velocity GCS (new)             : min(    740) = 0.14275189472082     , max(   1144) = 0.99997035362487     
slv : Temperature (new)              : min(    105) = 293.2                , max(      0) = 293.2                
slv : Total enthalpy, Y-shifted (new): min(   1144) = -0.49997035214441    , max(    740) = -0.010189049794806   
slv : MASS FLUXES AT OPENINGS: MF=0, AP=0
slv : DvGr statistics: min alpha=0.120539(nfa=19893, geom_slice=0)
Memory Working Set Current = 793.4 Mb, Memory Working Set Peak = 818.9 Mb
Process Threads Number: 11

================== Tstep=6 ===================
  MWS[  0]=0.0606217
dt: nsd =   0 min dt/dtG(nCV=      0)=1.00 , max dt/dtG(nCV=      0)=1.0    , dtG=0.124955
Flow alg-view 0 in phis-view 0 is Neumann (not Phase-change-specific treating)
LOG: Flow rate discrepancy at boundary (corrected):
ROTATION: weight_WR[nsd=0]= 0
slv : SolveBG stage
Calculation_Mf nsd =   0: maximum value of div(momentum) (ncv=    755) =2.4268110706224e-15  
Flow alg-view 0 is Neumann (not for Phase Change + Nested Iters)
+----+----+--------------+--------------+--------------+--------------+--------------+------+----+-+-+--+------+
|Name|view| Initial res  | Initial resL1| Target res   | Final res    | Final res L1 |Visits|Iter|R|F|CL|Status|
+----+----+--------------+--------------+--------------+--------------+--------------+------+----+-+-+--+------+
| BG |   0|  1.199054e-28|  2.719796e-13|  1.199054e-28|  3.408294e-29|  1.608041e-13|     1|   3|0|y|29|  OK  |
neumann fix solution. y[row=0][ncv=1459]=    9.8650e-15
Calculation_Mf nsd =   0: maximum value of div(momentum) (ncv=    752) =1.0411121902647e-15  
	norm_L2 of div(momentum) =5.8378495856214e-15  
Flow alg-view 0 in phis-view 0 is Neumann (not Phase-change-specific treating)
LOG: Flow rate discrepancy at boundary (corrected):
LOG: number of a-faces with weighted approximations in 0 subdomain: 36.5699 percent
LOG: Rate of a-faces corrected to CUp1st in 0 subdomain: 9.6286 %
nsd =   0 Conv_fw[] is skipped for 3208 w-faces
slv : SolveBL stage
LOG nsd = 0: numb_of_convergent=23, numb_of_divergent=23
Calculation_Mf nsd =   0: maximum value of div(momentum) (ncv=    752) =1.0411121902647e-15  
	norm_L2 of div(momentum) =5.8378495856214e-15  
slv : Solve3M stage
+----+----+--------------+--------------+--------------+--------------+--------------+------+----+-+-+--+------+
|Name|view| Initial res  | Initial resL1| Target res   | Final res    | Final res L1 |Visits|Iter|R|F|CL|Status|
+----+----+--------------+--------------+--------------+--------------+--------------+------+----+-+-+--+------+
| 3M |   0|  1.037600e-29|  7.554568e-14|  1.945499e-33|  9.830774e-61|  1.686745e-29|     1|   3|0|n|29|  OK  |
Velocity (predicted):
        (FIS) sd   0: min(    517)=1.0139414609996e-13  , max(   1339)=9.7917418267029e-11  
slv : SolveDvGr stage
Flow alg-view 0 is Neumann (not for Phase Change + Nested Iters)
+----+----+--------------+--------------+--------------+--------------+--------------+------+----+-+-+--+------+
|Name|view| Initial res  | Initial resL1| Target res   | Final res    | Final res L1 |Visits|Iter|R|F|CL|Status|
+----+----+--------------+--------------+--------------+--------------+--------------+------+----+-+-+--+------+
|DVGR|   0|  1.372965e-27|  1.053734e-12|  1.372965e-27|  1.291763e-29|  9.401382e-14|     1|   3|0|y|29|  OK  |
neumann fix solution. y[row=0][ncv=416]=   -3.4101e-14
Calculation_Mf nsd =   0: maximum value of div(momentum) (ncv=   1195) =1.3012724942512e-15  
	norm_L2 of div(momentum) =1.022634799332e-14   
slv : SolveYTd stage
+----+----+--------------+--------------+--------------+--------------+--------------+------+----+-+-+--+------+
|Name|view| Initial res  | Initial resL1| Target res   | Final res    | Final res L1 |Visits|Iter|R|F|CL|Status|
+----+----+--------------+--------------+--------------+--------------+--------------+------+----+-+-+--+------+
| CHT|   0|  9.381115e-31|  1.803040e-14|  9.381115e-31|  1.268768e-39|  6.582485e-19|     1|   3|0|y|29|  OK  |
slv : SolveYTurb stage
slv : Fluid subdom(new) 0
slv : P static (new)                 : min(    740) = 101325.0125631       , max(   1144) = 101325.61646345      
slv : Density (new)                  : min(      0) = 1.233                , max(      0) = 1.233                
slv : Velocity (new)                 : min(    492) = 2.6738050831065e-13  , max(   1253) = 7.0764741123025e-11  
slv : Velocity GCS (new)             : min(    740) = 0.14275189472116     , max(   1144) = 0.99997035362158     
slv : Temperature (new)              : min(    105) = 293.2                , max(     42) = 293.2                
slv : Total enthalpy, Y-shifted (new): min(   1144) = -0.49997035211152    , max(    740) = -0.01018904979492    
slv : MASS FLUXES AT OPENINGS: MF=0, AP=0
slv : DvGr statistics: min alpha=0.101529(nfa=46269, geom_slice=0)
Memory Working Set Current = 795.6 Mb, Memory Working Set Peak = 818.9 Mb
Process Threads Number: 11

================== Tstep=7 ===================
  MWS[  0]=0.0388594
dt: nsd =   0 min dt/dtG(nCV=      0)=1.00 , max dt/dtG(nCV=      0)=1.0    , dtG=0.194934
Flow alg-view 0 in phis-view 0 is Neumann (not Phase-change-specific treating)
LOG: Flow rate discrepancy at boundary (corrected):
ROTATION: weight_WR[nsd=0]= 0
slv : SolveBG stage
Calculation_Mf nsd =   0: maximum value of div(momentum) (ncv=   1195) =1.3012724942512e-15  
Flow alg-view 0 is Neumann (not for Phase Change + Nested Iters)
+----+----+--------------+--------------+--------------+--------------+--------------+------+----+-+-+--+------+
|Name|view| Initial res  | Initial resL1| Target res   | Final res    | Final res L1 |Visits|Iter|R|F|CL|Status|
+----+----+--------------+--------------+--------------+--------------+--------------+------+----+-+-+--+------+
| BG |   0|  1.045757e-28|  2.824278e-13|  1.045757e-28|  3.198035e-29|  1.701192e-13|     1|   3|0|y|29|  OK  |
neumann fix solution. y[row=0][ncv=1459]=   -3.4251e-14
Calculation_Mf nsd =   0: maximum value of div(momentum) (ncv=    738) =6.8776856436117e-16  
	norm_L2 of div(momentum) =5.6551775970045e-15  
Flow alg-view 0 in phis-view 0 is Neumann (not Phase-change-specific treating)
LOG: Flow rate discrepancy at boundary (corrected):
LOG: number of a-faces with weighted approximations in 0 subdomain: 35.6732 percent
LOG: Rate of a-faces corrected to CUp1st in 0 subdomain: 9.73315 %
nsd =   0 Conv_fw[] is skipped for 3208 w-faces
slv : SolveBL stage
LOG nsd = 0: numb_of_convergent=26, numb_of_divergent=25
Calculation_Mf nsd =   0: maximum value of div(momentum) (ncv=    738) =6.8776856436117e-16  
	norm_L2 of div(momentum) =5.6551775970045e-15  
slv : Solve3M stage
+----+----+--------------+--------------+--------------+--------------+--------------+------+----+-+-+--+------+
|Name|view| Initial res  | Initial resL1| Target res   | Final res    | Final res L1 |Visits|Iter|R|F|CL|Status|
+----+----+--------------+--------------+--------------+--------------+--------------+------+----+-+-+--+------+
| 3M |   0|  7.247855e-30|  6.301557e-14|  1.358973e-33|  1.301285e-60|  1.925389e-29|     1|   3|0|n|29|  OK  |
Velocity (predicted):
        (FIS) sd   0: min(   1282)=1.7364510929486e-13  , max(    757)=1.0491582126229e-10  
slv : SolveDvGr stage
Flow alg-view 0 is Neumann (not for Phase Change + Nested Iters)
+----+----+--------------+--------------+--------------+--------------+--------------+------+----+-+-+--+------+
|Name|view| Initial res  | Initial resL1| Target res   | Final res    | Final res L1 |Visits|Iter|R|F|CL|Status|
+----+----+--------------+--------------+--------------+--------------+--------------+------+----+-+-+--+------+
|DVGR|   0|  1.487712e-27|  1.072554e-12|  1.487712e-27|  1.282226e-29|  9.493751e-14|     1|   3|0|y|29|  OK  |
neumann fix solution. y[row=0][ncv=316]=    6.9047e-15
Calculation_Mf nsd =   0: maximum value of div(momentum) (ncv=    292) =1.6567167945567e-15  
	norm_L2 of div(momentum) =1.0124164666032e-14  
slv : SolveYTd stage
+----+----+--------------+--------------+--------------+--------------+--------------+------+----+-+-+--+------+
|Name|view| Initial res  | Initial resL1| Target res   | Final res    | Final res L1 |Visits|Iter|R|F|CL|Status|
+----+----+--------------+--------------+--------------+--------------+--------------+------+----+-+-+--+------+
| CHT|   0|  1.076210e-30|  1.863042e-14|  1.076210e-30|  3.179737e-40|  3.374208e-19|     1|   3|0|y|29|  OK  |
slv : SolveYTurb stage
slv : Fluid subdom(new) 0
slv : P static (new)                 : min(    740) = 101325.0125631       , max(   1144) = 101325.61646345      
slv : Density (new)                  : min(      0) = 1.233                , max(      0) = 1.233                
slv : Velocity (new)                 : min(    176) = 3.7306565244825e-13  , max(     42) = 9.0745533123943e-11  
slv : Velocity GCS (new)             : min(    740) = 0.14275189472112     , max(   1144) = 0.99997035361676     
slv : Temperature (new)              : min(    105) = 293.2                , max(     42) = 293.2                
slv : Total enthalpy, Y-shifted (new): min(   1144) = -0.49997035200382    , max(    740) = -0.01018904979514    
slv : MASS FLUXES AT OPENINGS: MF=0, AP=0
slv : DvGr statistics: min alpha=0.121464(nfa=9602, geom_slice=0)
Memory Working Set Current = 795.6 Mb, Memory Working Set Peak = 821.0 Mb
Process Threads Number: 11

================== Tstep=8 ===================
  MWS[  0]=0.0355238
dt: nsd =   0 min dt/dtG(nCV=      0)=1.00 , max dt/dtG(nCV=      0)=1.0    , dtG=0.213237
Flow alg-view 0 in phis-view 0 is Neumann (not Phase-change-specific treating)
LOG: Flow rate discrepancy at boundary (corrected):
ROTATION: weight_WR[nsd=0]= 0
slv : SolveBG stage
Calculation_Mf nsd =   0: maximum value of div(momentum) (ncv=    292) =1.6567167945567e-15  
Flow alg-view 0 is Neumann (not for Phase Change + Nested Iters)
+----+----+--------------+--------------+--------------+--------------+--------------+------+----+-+-+--+------+
|Name|view| Initial res  | Initial resL1| Target res   | Final res    | Final res L1 |Visits|Iter|R|F|CL|Status|
+----+----+--------------+--------------+--------------+--------------+--------------+------+----+-+-+--+------+
| BG |   0|  1.024975e-28|  2.711721e-13|  1.024975e-28|  3.141129e-29|  1.657140e-13|     1|   3|0|y|29|  OK  |
neumann fix solution. y[row=0][ncv=1459]=   -4.1489e-14
Calculation_Mf nsd =   0: maximum value of div(momentum) (ncv=    566) =6.8804144865023e-16  
	norm_L2 of div(momentum) =5.6041680872854e-15  
Flow alg-view 0 in phis-view 0 is Neumann (not Phase-change-specific treating)
LOG: Flow rate discrepancy at boundary (corrected):
LOG: number of a-faces with weighted approximations in 0 subdomain: 35.3424 percent
LOG: Rate of a-faces corrected to CUp1st in 0 subdomain: 9.34239 %
nsd =   0 Conv_fw[] is skipped for 3208 w-faces
slv : SolveBL stage
LOG nsd = 0: numb_of_convergent=16, numb_of_divergent=11
Calculation_Mf nsd =   0: maximum value of div(momentum) (ncv=    566) =6.8804144865023e-16  
	norm_L2 of div(momentum) =5.6041680872854e-15  
slv : Solve3M stage
+----+----+--------------+--------------+--------------+--------------+--------------+------+----+-+-+--+------+
|Name|view| Initial res  | Initial resL1| Target res   | Final res    | Final res L1 |Visits|Iter|R|F|CL|Status|
+----+----+--------------+--------------+--------------+--------------+--------------+------+----+-+-+--+------+
| 3M |   0|  5.482807e-30|  5.810538e-14|  1.028026e-33|  2.630663e-60|  2.289435e-29|     1|   3|0|n|29|  OK  |
Velocity (predicted):
        (FIS) sd   0: min(   1271)=1.8790218057792e-13  , max(     42)=1.2976458399977e-10  
slv : SolveDvGr stage
Flow alg-view 0 is Neumann (not for Phase Change + Nested Iters)
+----+----+--------------+--------------+--------------+--------------+--------------+------+----+-+-+--+------+
|Name|view| Initial res  | Initial resL1| Target res   | Final res    | Final res L1 |Visits|Iter|R|F|CL|Status|
+----+----+--------------+--------------+--------------+--------------+--------------+------+----+-+-+--+------+
|DVGR|   0|  1.275674e-27|  1.027150e-12|  1.275674e-27|  1.250540e-29|  9.199351e-14|     1|   3|0|y|29|  OK  |
neumann fix solution. y[row=0][ncv=316]=    1.9444e-14
Calculation_Mf nsd =   0: maximum value of div(momentum) (ncv=    302) =1.4932487240446e-15  
	norm_L2 of div(momentum) =9.7501971290948e-15  
slv : SolveYTd stage
+----+----+--------------+--------------+--------------+--------------+--------------+------+----+-+-+--+------+
|Name|view| Initial res  | Initial resL1| Target res   | Final res    | Final res L1 |Visits|Iter|R|F|CL|Status|
+----+----+--------------+--------------+--------------+--------------+--------------+------+----+-+-+--+------+
| CHT|   0|  9.474451e-31|  1.772285e-14|  9.474451e-31|  3.281818e-40|  3.305512e-19|     1|   3|0|y|29|  OK  |
slv : SolveYTurb stage
slv : Fluid subdom(new) 0
slv : P static (new)                 : min(    740) = 101325.0125631       , max(   1144) = 101325.61646345      
slv : Density (new)                  : min(      0) = 1.233                , max(      0) = 1.233                
slv : Velocity (new)                 : min(   1278) = 3.3269374507659e-13  , max(     42) = 1.2832094425323e-10  
slv : Velocity GCS (new)             : min(    740) = 0.14275189472133     , max(   1144) = 0.99997035361191     
slv : Temperature (new)              : min(    105) = 293.2                , max(     42) = 293.2                
slv : Total enthalpy, Y-shifted (new): min(   1144) = -0.49997035184284    , max(    740) = -0.010189049795355   
slv : MASS FLUXES AT OPENINGS: MF=0, AP=0
slv : DvGr statistics: min alpha=0.103649(nfa=48866, geom_slice=0)
Memory Working Set Current = 795.6 Mb, Memory Working Set Peak = 821.0 Mb
Process Threads Number: 11

================== Tstep=9 ===================
  MWS[  0]=0.0350643
dt: nsd =   0 min dt/dtG(nCV=      0)=1.00 , max dt/dtG(nCV=      0)=1.0    , dtG=0.216032
Flow alg-view 0 in phis-view 0 is Neumann (not Phase-change-specific treating)
LOG: Flow rate discrepancy at boundary (corrected):
ROTATION: weight_WR[nsd=0]= 0
slv : SolveBG stage
Calculation_Mf nsd =   0: maximum value of div(momentum) (ncv=    302) =1.4932487240446e-15  
Flow alg-view 0 is Neumann (not for Phase Change + Nested Iters)
+----+----+--------------+--------------+--------------+--------------+--------------+------+----+-+-+--+------+
|Name|view| Initial res  | Initial resL1| Target res   | Final res    | Final res L1 |Visits|Iter|R|F|CL|Status|
+----+----+--------------+--------------+--------------+--------------+--------------+------+----+-+-+--+------+
| BG |   0|  9.501266e-29|  2.649613e-13|  9.501266e-29|  3.144706e-29|  1.664901e-13|     1|   3|0|y|29|  OK  |
neumann fix solution. y[row=0][ncv=1459]=   -4.1795e-14
Calculation_Mf nsd =   0: maximum value of div(momentum) (ncv=     34) =6.4780702062704e-16  
	norm_L2 of div(momentum) =5.6090106246386e-15  
Flow alg-view 0 in phis-view 0 is Neumann (not Phase-change-specific treating)
LOG: Flow rate discrepancy at boundary (corrected):
LOG: number of a-faces with weighted approximations in 0 subdomain: 35.2357 percent
LOG: Rate of a-faces corrected to CUp1st in 0 subdomain: 9.22296 %
nsd =   0 Conv_fw[] is skipped for 3208 w-faces
slv : SolveBL stage
LOG nsd = 0: numb_of_convergent=17, numb_of_divergent=19
Calculation_Mf nsd =   0: maximum value of div(momentum) (ncv=     34) =6.4780702062704e-16  
	norm_L2 of div(momentum) =5.6090106246386e-15  
slv : Solve3M stage
+----+----+--------------+--------------+--------------+--------------+--------------+------+----+-+-+--+------+
|Name|view| Initial res  | Initial resL1| Target res   | Final res    | Final res L1 |Visits|Iter|R|F|CL|Status|
+----+----+--------------+--------------+--------------+--------------+--------------+------+----+-+-+--+------+
| 3M |   0|  4.949548e-30|  5.479852e-14|  9.280402e-34|  1.628025e-60|  2.104542e-29|     1|   3|0|n|29|  OK  |
Velocity (predicted):
        (FIS) sd   0: min(    175)=2.7834716626929e-13  , max(     42)=1.7597139360873e-10  
slv : SolveDvGr stage
Flow alg-view 0 is Neumann (not for Phase Change + Nested Iters)
+----+----+--------------+--------------+--------------+--------------+--------------+------+----+-+-+--+------+
|Name|view| Initial res  | Initial resL1| Target res   | Final res    | Final res L1 |Visits|Iter|R|F|CL|Status|
+----+----+--------------+--------------+--------------+--------------+--------------+------+----+-+-+--+------+
|DVGR|   0|  1.286355e-27|  9.884020e-13|  1.286355e-27|  1.348320e-29|  9.569213e-14|     1|   3|0|y|29|  OK  |
neumann fix solution. y[row=0][ncv=290]=   -2.2723e-14
Calculation_Mf nsd =   0: maximum value of div(momentum) (ncv=    152) =1.1286483937688e-15  
	norm_L2 of div(momentum) =9.7105448530593e-15  
slv : SolveYTd stage
+----+----+--------------+--------------+--------------+--------------+--------------+------+----+-+-+--+------+
|Name|view| Initial res  | Initial resL1| Target res   | Final res    | Final res L1 |Visits|Iter|R|F|CL|Status|
+----+----+--------------+--------------+--------------+--------------+--------------+------+----+-+-+--+------+
| CHT|   0|  1.036642e-30|  1.840740e-14|  1.036642e-30|  3.419060e-40|  3.541000e-19|     1|   3|0|y|29|  OK  |
slv : SolveYTurb stage
slv : Fluid subdom(new) 0
slv : P static (new)                 : min(    740) = 101325.0125631       , max(   1144) = 101325.61646345      
slv : Density (new)                  : min(      0) = 1.233                , max(      0) = 1.233                
slv : Velocity (new)                 : min(    489) = 2.6527197835241e-13  , max(     42) = 1.7287047999421e-10  
slv : Velocity GCS (new)             : min(    740) = 0.14275189472152     , max(   1144) = 0.99997035360746     
slv : Temperature (new)              : min(    105) = 293.2                , max(     42) = 293.2                
slv : Total enthalpy, Y-shifted (new): min(   1144) = -0.49997035166862    , max(    740) = -0.010189049795564   
slv : MASS FLUXES AT OPENINGS: MF=0, AP=0
slv : DvGr statistics: min alpha=0.106785(nfa=8282, geom_slice=0)
slv : +----------------------------------+------------+-------+------------+------------+
slv : |          Collector name          | Total Time | Count |  Avg Time  |  Max Time  |
slv : +----------------------------------+------------+-------+------------+------------+
slv : | CSolver_core_update_BC_1         |       0.041|     10|       0.004|       0.005|
slv : | Calculate_inc                    |       5.464|      9|       0.607|       0.702|
slv : | LiSy_make_portrait               |       0.104|     47|       0.002|       0.006|
slv : | Results_processing               |       1.151|      9|       0.128|       0.359|
slv : | build_sl_ordering_CHT            |       0.055|     10|       0.006|       0.007|
slv : | build_sl_ordering_MDS            |       0.127|     10|       0.013|       0.032|
slv : | build_sl_ordering_fluid          |       0.127|     10|       0.013|       0.032|
slv : | calc_Convolutions_MDS            |       0.330|     10|       0.033|       0.050|
slv : | calc_DivMfWr_MDS                 |       0.105|      2|       0.053|       0.055|
slv : | create_Gr_operators_MDS          |       0.781|     10|       0.078|       0.103|
slv : | create_Gr_operators_portrait_MDS |       0.190|     10|       0.019|       0.022|
slv : | init_Hy_group_MDS                |       0.328|     10|       0.033|       0.062|
slv : | perform_stage_total              |       4.571|    235|       0.019|       0.417|
slv : | precalc_at_start_MDS             |       0.439|      4|       0.110|       0.417|
slv : | solve_3M_MDS                     |       1.429|     10|       0.143|       0.156|
slv : | solve_3M_alg_MDS                 |       0.011|     10|       0.001|       0.001|
slv : | solve_BG_MDS                     |       0.170|     10|       0.017|       0.021|
slv : | solve_BG_alg_MDS                 |       0.013|     10|       0.001|       0.001|
slv : | solve_BL_MDS                     |       0.003|     10|       0.000|       0.000|
slv : | solve_CHT_MDS                    |       0.335|     10|       0.034|       0.038|
slv : | solve_CHT_alg_MDS                |       0.006|     10|       0.001|       0.001|
slv : | solve_DvGr_MDS                   |       0.753|     10|       0.075|       0.102|
slv : | solve_DvGr_alg_MDS               |       0.017|     10|       0.002|       0.004|
slv : | solve_INPR_MDS                   |       0.000|      1|       0.000|       0.000|
slv : | solve_PS+QJ                      |       0.000|      0|       0.000|       0.000|
slv : | solve_PSQJ_MDS_total             |       0.000|     10|       0.000|       0.000|
slv : | solve_YLMA_MDS                   |       0.000|     10|       0.000|       0.000|
slv : | solve_YNOx_MDS                   |       0.000|     10|       0.000|       0.000|
slv : | solve_YTd_MDS                    |       0.001|     10|       0.000|       0.000|
slv : | solve_YTurb_MDS                  |       0.000|     10|       0.000|       0.000|
slv : | update_BC_MDS                    |       0.000|     11|       0.000|       0.000|
slv : | update_VelPressure_MDS           |       0.051|     10|       0.005|       0.008|
slv : +----------------------------------+------------+-------+------------+------------+
Memory Working Set Current = 795.6 Mb, Memory Working Set Peak = 821.0 Mb
Process Threads Number: 11
/************Goal values******************/
GG Max Velocity 1				0.999999998 m/s
GG Max Velocity RRF 1				1.7287048e-10 m/s
/************End of Goal values******************/
/************	Min/Max Parameters	************/
Density (Fluid):		min = 1.233 kg/m^3		max = 1.233 kg/m^3
Pressure:		min = 101325.013 Pa		max = 101325.616 Pa
Temperature (Fluid):		min = 293.2 K		max = 293.2 K
Velocity:		min = 0.142751895 m/s		max = 0.999999998 m/s
Velocity (X):		min = -0.999960525 m/s		max = 0.999960525 m/s
Velocity (Y):		min = -0.999960472 m/s		max = 0.999960472 m/s
Velocity (Z):		min = -1.24472446e-15 m/s		max = 1.24472447e-15 m/s
Velocity RRF:		min = 2.65271978e-13 m/s		max = 1.7287048e-10 m/s
Velocity RRF (X):		min = -6.71664218e-11 m/s		max = 1.72841153e-10 m/s
Velocity RRF (Y):		min = -1.12728531e-10 m/s		max = 6.69547528e-11 m/s
Velocity RRF (Z):		min = -1.24472446e-15 m/s		max = 1.24472447e-15 m/s
/************	End of Min/Max Parameters	************/
Solver finished at	22.2.2017	7:50:9
ENDING PROGRAM...
Estimated fld size=4.67 Mb
Writing fld file "13-ROTATED_FLOWS\00061-RRF-u_R_0_IW_ref_boundary_lev_2\ft_run\1\1.fld"...
FILE SAVED: 1.fld. Total save fld took 0.02 sec.
real fld size=2.44 Mb
FILE RENAMED: r_000000.cfld -> 1.cfld
OK
Depository creating ...
stream_line (0.000 s)
FS triangles count 347 
wall_triangles (0.174 s)
nb_bricks (0.177 s)
Face_aver_on (0.011 s)
size of cv_intrp_f = 1.74 Mb
size of cv_intrp_s = 0.27 Mb
size of cv_intrp_fw = 0.92 Mb
size of cv_intrp_sw = 0.44 Mb
CCVInterp_DepEntry::Calculate duration = 0.879 s
cv_interp (0.960 s)
favorite_params (0.262 s)
Face_aver_off (0.002 s)
Depository creating ...OK (1.587 s)
Solver finished at	22.2.2017	7:50:10
Total CPU time 10 s
Free memory:
slv : +----------------------------------+------------+-------+------------+------------+
slv : |          Collector name          | Total Time | Count |  Avg Time  |  Max Time  |
slv : +----------------------------------+------------+-------+------------+------------+
slv : | CSolver_core_update_BC_1         |       0.041|     10|       0.004|       0.005|
slv : | Calculate_inc                    |       5.986|     10|       0.599|       0.702|
slv : | LiSy_make_portrait               |       0.104|     47|       0.002|       0.006|
slv : | Results_processing               |       1.244|     10|       0.124|       0.359|
slv : | build_sl_ordering_CHT            |       0.055|     10|       0.006|       0.007|
slv : | build_sl_ordering_MDS            |       0.127|     10|       0.013|       0.032|
slv : | build_sl_ordering_fluid          |       0.127|     10|       0.013|       0.032|
slv : | calc_Convolutions_MDS            |       0.330|     10|       0.033|       0.050|
slv : | calc_DivMfWr_MDS                 |       0.105|      2|       0.053|       0.055|
slv : | create_Gr_operators_MDS          |       0.781|     10|       0.078|       0.103|
slv : | create_Gr_operators_portrait_MDS |       0.190|     10|       0.019|       0.022|
slv : | init_Hy_group_MDS                |       0.328|     10|       0.033|       0.062|
slv : | perform_stage_total              |       4.571|    235|       0.019|       0.417|
slv : | precalc_at_start_MDS             |       0.439|      4|       0.110|       0.417|
slv : | solve_3M_MDS                     |       1.429|     10|       0.143|       0.156|
slv : | solve_3M_alg_MDS                 |       0.011|     10|       0.001|       0.001|
slv : | solve_BG_MDS                     |       0.170|     10|       0.017|       0.021|
slv : | solve_BG_alg_MDS                 |       0.013|     10|       0.001|       0.001|
slv : | solve_BL_MDS                     |       0.003|     10|       0.000|       0.000|
slv : | solve_CHT_MDS                    |       0.335|     10|       0.034|       0.038|
slv : | solve_CHT_alg_MDS                |       0.006|     10|       0.001|       0.001|
slv : | solve_DvGr_MDS                   |       0.753|     10|       0.075|       0.102|
slv : | solve_DvGr_alg_MDS               |       0.017|     10|       0.002|       0.004|
slv : | solve_INPR_MDS                   |       0.000|      1|       0.000|       0.000|
slv : | solve_PS+QJ                      |       0.000|      0|       0.000|       0.000|
slv : | solve_PSQJ_MDS_total             |       0.000|     10|       0.000|       0.000|
slv : | solve_YLMA_MDS                   |       0.000|     10|       0.000|       0.000|
slv : | solve_YNOx_MDS                   |       0.000|     10|       0.000|       0.000|
slv : | solve_YTd_MDS                    |       0.001|     10|       0.000|       0.000|
slv : | solve_YTurb_MDS                  |       0.000|     10|       0.000|       0.000|
slv : | update_BC_MDS                    |       0.000|     11|       0.000|       0.000|
slv : | update_VelPressure_MDS           |       0.051|     10|       0.005|       0.008|
slv : +----------------------------------+------------+-------+------------+------------+
alg : 
alg :  size = 1592
alg :  build_fine_select_omega       0.000  10
alg :  build_select_pivot_nonzeros   0.001  10
alg :  build_select_vectors          0.000  10
alg :  calc_residual_LU              0.001  10
alg :  call_MG_solver                0.004  10
alg :  clean_fine_level              0.000  10
alg :  init_RB_fine_nonzeros         0.000  10
alg :  init_fine_level               0.002  10
alg :  mg_cycle                      0.003  10
alg :  run_smoothing                 0.003  10
alg :  smoother_fine                 0.002  30
alg :  solve_MG                      0.006  10
alg :  update_mg_status              0.000  10
alg : 
alg :  size = 1592
alg :  build_fine_select_omega       0.000  10
alg :  build_select_pivot_nonzeros   0.001  10
alg :  build_select_vectors          0.000  10
alg :  calc_residual_LU              0.001  10
alg :  call_MG_solver                0.003  10
alg :  clean_fine_level              0.000  10
alg :  init_RB_fine_nonzeros         0.000  10
alg :  init_fine_level               0.001  10
alg :  mg_cycle                      0.002  10
alg :  run_smoothing                 0.002  10
alg :  smoother_fine                 0.001  30
alg :  solve_MG                      0.004  10
alg :  update_mg_status              0.000  10
alg : 
alg :  size = 1592
alg :  build_fine_select_omega       0.002  10
alg :  build_select_pivot_nonzeros   0.001  10
alg :  build_select_vectors          0.000  10
alg :  calc_residual_LU              0.001  10
alg :  call_MG_solver                0.006  10
alg :  clean_fine_level              0.000  10
alg :  init_RB_fine_nonzeros         0.000  10
alg :  init_fine_level               0.003  10
alg :  mg_cycle                      0.004  10
alg :  run_smoothing                 0.004  10
alg :  smoother_fine                 0.003  30
alg :  solve_MG                      0.010  10
alg :  update_mg_status              0.000  10
alg : 
alg :  size = 1592
alg :  build_fine_select_omega       0.001  10
alg :  build_select_pivot_nonzeros   0.001  10
alg :  build_select_vectors          0.000  10
alg :  calc_residual_LU              0.001  10
alg :  call_MG_solver                0.003  10
alg :  clean_fine_level              0.000  10
alg :  init_RB_fine_nonzeros         0.000  10
alg :  init_fine_level               0.002  10
alg :  mg_cycle                      0.002  10
alg :  run_smoothing                 0.002  10
alg :  smoother_fine                 0.001  30
alg :  solve_MG                      0.005  10
alg :  update_mg_status              0.000  10
Free Geometry DB takes 0.000 s
OK
