Number of used processors (NPROC): 1.
Number of mesh partitions (NPART): 1.
Operating system:	Windows 7 Service Pack 1 (Version 6.1.7601)
Total Physical Memory = 6.00 Gb, Available Physical Memory = 3.07 Gb
Memory Working Set Current = 17.89 Mb, Memory Working Set Peak = 18.22 Mb
CPU:	GenuineIntel, Stepping ID = 2, Model = 13, Family = 6, Extended model = 2, MMX SSE SSE2 Hyper-Threading Technology SSE3
CPU Brand String: Intel(R) Xeon(R) CPU E5-2680 v3 @ 2.50GHz
Cache Line Size = 64, L2 Associativity = 6, Cache Size = 256K
Number of cores: 4, Processor type: 8664, Active processor mask: 15, Page size: 4096 bites
std::thread::hardware_concurrency = 4
OpenMP enabled (spec=200203). max_threads = 4, num_procs = 4, num_threads = 4.

SOLIDWORKS 2016 SP3.0
15-JOULE_HEATING_IN_SOLID\00041-thin_profile_Dirichlet\ft_run\1\1.fld
Configuration name:	Default
Project name:	as3d
/*******************************************/
/*         Project Summary                 */
/*******************************************/
Problem type:						internal
Result resolution:					3
Minimum gap size:					0.1
Minimum wall thickness:				1.72055
Manual refinement:					Off
Solid refinement:					Off
Fluid substances count				0

		Advanced capabilities
Heat transfer						Off
Transient						Off
Gravitation						Off
Laminar flow						Off
Compressibility					Off
Default wall condition				adiabatic wall
Roughness:						0

************************************************

Geometry database loading ...OK
Flow Simulation 2016  x64 / 3688 / SOLVER ver. efd_16_0.3667_12.10.2016+nested_iters_for_phase_change17.5 



STATIONARY

SOLID HEAT TRANSFER ONLY


JOULE HEATING
EXTERNAL=1  CHT=1  FROZEN=0  P_REF=1  RADIATION=0  HVAC_COMFORT_PARAMETERS=0
IT=0   NT=2   NZ=0
US_DIM=2
-----------------------------------------------------------------------
Allocating meshes:
	CPU count: 1
	MESH 0:
		Sub-meshes count: 1
-----------------------------------------------------------------------
Memory Status before reading BCF:
Memory Working Set Current = 21.06 Mb, Memory Working Set Peak = 21.06 Mb

-----------------------------------------------------------------------
BCF CHECKSUM DATA (Mesh 0):

FACE_A Area Sum:   G.Fluid        0.0000000000000000
FACE_A Area Sum:   G.Solid        0.0400000000000000
FACE_W Area Sum:                  8.1319999999999997
FACE_W Nb   Sum:                  64
AV Max Disbalance: G.Fluid        0 (cid=-1, avid=-1, pid=-1)
AV Max Disbalance: G.Solid        8.60558e-018 (cid=2, avid=4, pid=4)
-----------------------------------------------------------------------


-----------------------------------------------------------------------
MESHER TOPOLOGY DATA (Mesh 0):

BRICKS: Total                 4
BRICKS: 2-CV                  4
BRICKS: Bad                   0

AV:     G.Total               8
AV:     G.Fluid               0
AV:     G.Solid               8

AV:     G.Fluid Thin Profile    0.00 % (0)
AV:     G.Solid Thin Profile    0.00 % (0)

AV:     G.Fluid Thin For Mega   0.00 % (0)
AV:     G.Solid Thin For Mega   0.00 % (0)

AV:     G.Fluid Non-Convex      0.00 % (0)
AV:     G.Solid Non-Convex     25.00 % (2)

FACE_A: G.Fluid          (af) 0 (partially opened 0)
FACE_A: G.Solid          (as) 8 (partially opened 8)

FACE_W: G.Total                 32          Brick/Bound
FACE_W: G.Fluid/Solid    (fs_g) 0           0           
FACE_W: G.Fluid/Fluid    (ff_g) 0           0           
FACE_W: G.Solid/Solid    (ss_g) 8           0           
FACE_W: G.Fluid/External (fe_g) 0
FACE_W: G.Solid/External (se_g) 24

AV max fa count:                2
AV max fw count:                7
AV max fw poly count:           7

MEMORY: Total                   0.005 MB
MEMORY: Per Brick               1.320 KB
-----------------------------------------------------------------------

----------------------------------------------------------
BCF --> BCF.GEOMSUBDOM (bridge arrays) (cpu_num=1):
MESH (0):
	Fluid Subdom Constructor: 0 subdom(s).
	Solid Subdom Constructor: 2 subdom(s).
	Net Asm Subdom Constructor: 0 subdom(s).
	GEOMSUBDOM (0): gi=0 solid av=4 cv=4 fa=4 fw=16 V=8.800000e-003
	GEOMSUBDOM (1): gi=1 solid av=4 cv=4 fa=4 fw=24 V=3.120000e-002
	Setting nb of w-faces...OK.

MESH (0) checking:
	GEOMSUBDOM (0):fa_s=0.0114445244647708 fw_s=1.8119999999999978 fw_nb=32
	GEOMSUBDOM (1):fa_s=0.0285554755352292 fw_s=6.3720000000000026 fw_nb=48
MESH (0) checking: OK.
----------------------------------------------------------
Memory Status after reading BCF:
Memory Working Set Current = 21.52 Mb, Memory Working Set Peak = 21.52 Mb
Total read CPT took 0.01 sec.
MESH::Bricks: Total=4 Gas=0 Solid=0 Partial=4 Irregular=0

-----------------------------------------------------------------------
Mesh dimensions:
				I[0 ]=2
				I[1 ]=2
				I[2 ]=1
Solver refinement level	I[47]=0

Comp. domain size:
				a[0  ]=-1
				a[1  ]=1
				a[2  ]=-1
				a[3  ]=1
				a[4  ]=-0.005
				a[5  ]=0.005
Wall thickness		a[231]=0
Gap size			a[232]=1
-----------------------------------------------------------------------
-----------------------------------------------------------------------
Preparing for calculations started at	3.11.2016	12:26:27
slv_max_lev=0
CD X0= -1, X1= 1, Y0= -1, Y1= 1, Z0= -0.005, Z1= 0.005
Collecting Reference Parameters... OK
-----------------------------------------------------------------------
CV statisticks for fluid...
	CV number:         0
	FACE_A max number: 0
	FACE_W max number: 0
-----------------------------------------------------------------------
-----------------------------------------------------------------------
CV statisticks for solid...
	CV number:         4
	FACE_A max number: 2
	FACE_W max number: 5
-----------------------------------------------------------------------
Update time step in solids: STATIONARY IN SOLIDS
Memory allocation for matrix entries in solver is block-wise,
( size of block = 1048576 bytes (1Mb) ).

There is 1 subdomain in solid:
subdomain 0: 4 control volumes

There is 1 subdomain in solid for electric potential:
subdomain 0: 4 control volumes

54 parameter(s) in list of scalar parameters
3 parameter(s) in list of vector parameters
-----------------------------------------------------------------------
Loading mesh settings (global/local/SAR)...
Setting regions...
Setting regions takes 0.000 s
-----------------------------------------------------------------------

CollectIndata: Initialize stored in U[] parameters (pressure,momentum,dens,..)... OK(CPU=0.000318546s)

Collect Body BC...OK
Collect Fans...OK
Collect Surface Sources...OK
Collect Contact resistance BC...OK
Collect Perforated plates BC...OK
Collect Electric contact BC...OK
Collect Surface Goals...
Received 0 wall face(s) and 0 virtual face(s)...
 OK
Total CPU time 0 s
Collect Unused surface area...OK

MWS =0.25
NPROC = 1, nested_parallelization = 0
NPART = 1

/-----------------------------------------------------------/
SOLVER TOPOLOGY DATA:

BRICKS: |level1| sum         0

CV:     Total               4
CV:     Fluid               0
CV:     Solid               4

CV:     G.Fluid Thin Profile    0.00 % (0)
CV:     G.Solid Thin Profile    0.00 % (0)

CV:     G.Fluid Non-Convex      0.00 % (0)
CV:     G.Solid Non-Convex      0.00 % (0)

FACE_A: Fluid          (af) 0
FACE_A: Max number placed on a brick-face in cv: 0
FACE_A: Solid          (as) 8

FACE_W: Total               32
FACE_W: Fluid/Solid    (fs) 0
FACE_W: Fluid/Fluid    (ff) 0
FACE_W: Solid/Solid    (ss) 0
FACE_W: Opening BC               (fo)  0
FACE_W: Fluid/Bound              (fw)  0
FACE_W: Solid/Bound              (sw)  16
FACE_W: Fluid/Bound Real Wall    (frw) 0
FACE_W: Solid/Bound Real Wall    (srw) 8
FACE_W: Fluid/Bound Real Wall  hn(sum) 0.000000e+000
FACE_W: Max number placed in cv: 0
Solid:
CV Max Disbalance:                8.60558e-018 (ncv=2)
/-----------------------------------------------------------/

Create solver core
 MDS: Converting solver problem ...
MDS: OK
slv : Calculations at run start
slv :     Create sub-domains supervisors:
slv :     	1 solid
slv :     OK
slv :     Create sub-domains mesh connectivity supervisors:
slv :     OK
slv :     Slice sub-domains:
slv :     OK
slv :     Collect slices by phenomena...
slv :     	fluid flow slices were created:	0
slv :     	heat transfer slices were created:	1
slv :     	electric current flow slices were created:	1
slv :     	radiation slices were created:	0
slv :     OK
slv :     Creating meshes proxies for multigrid...
slv :         Convert MESH[0] to multigrid mesh proxy...
slv :         4 bricks are accounted by implicit methods(100% of total)
slv :         max tree bricks count = 1
slv :         OK
slv :     OK
alg :     MG: create topological coarsening...
alg :     Mesh 0  OK
slv :     OK
slv :     Building fluid flow views schemes...
slv :     OK
slv :     Building views for heat transfer...
slv :         1 views are created
slv :     Building heat transfer views schemes...
slv :         View 0:
slv :         OK
slv :     OK
slv :     Building views for electric current flow...
slv :         1 views are created
slv :     Building electric current flow views schemes...
slv :         View 0:
slv :         Creating view scheme...
slv :         OK
slv :     OK
slv :     PrecalcAtStart views for fluid flow...
slv :     PrecalcAtStart views for heat transfer...
slvD:         Laplacian approximations statisticks:
slvD:         	Number of open faces        :4
slvD:         	N of computed(stored) approximations:4
slvD:             	2-point approximations    :  0.0 %
slvD:             	Thin profile approximations :100.0 %
slvD:             
slv :         Creating view scheme...
slv :         1 heat transfer algebraic views are created
alg :         mgl = 31 size = 4
alg :         mgl = 30 size = 4
alg :         
slv :         OK
slv :     PrecalcAtStart views for electric current flow...
slvD:         Laplacian approximations statisticks:
slvD:         	Number of open faces        :4
slvD:         	N of computed(stored) approximations:4
slvD:             	2-point approximations    :  0.0 %
slvD:             	Thin profile approximations :100.0 %
slvD:             
alg :         mgl = 31 size = 4
alg :         mgl = 30 size = 4
alg :         
alg :         mgl = 31 size = 4
alg :         mgl = 30 size = 4
alg :         
slv :     PrecalcAtStart views for radiation...
slv : OK
slv : ------------ Start of Preliminary step at Calculation start ------------
slv :     View 0(0) T_solid:min(solid,ncvloc=0,sd_id=0,ncvglob=0)=300                  max(solid,ncvloc=0,sd_id=0,ncvglob=0)=300                  
slv :     Global T_solid:min(solid,ncvloc=0,sd_id=0,ncvglob=0)=300                  max(solid,ncvloc=0,sd_id=0,ncvglob=0)=300                  
slv :     nsd=0  Qj:           min(0,0)=0                    , max(0,0)=0                    
slv :     nsd=0 phi:           min(0,0)=0                    , max(0,0)=0                    
slv :     ------------ End of Preliminary step at Calculation start ------------

----------------------------------------------------------
BCF checking (solver)...
----------------------------------------------------------

Estimated cfld size=0.02 Mb
Writing cfld file "15-JOULE_HEATING_IN_SOLID\00041-thin_profile_Dirichlet\ft_run\1/r_000000.cfld"...
Working in No GDBLight mode
Working in No GDBLight mode
FILE SAVED: r_000000.cfld. Total save cfld took 0.01 sec.
real cfld size=0.00 Mb
OK
Estimated fld size=0.07 Mb
Writing fld file "15-JOULE_HEATING_IN_SOLID\00041-thin_profile_Dirichlet\ft_run\1/r_000000.fld"...
FILE SAVED: r_000000.fld. Total save fld took 0.00 sec.
real fld size=0.01 Mb
OK
Init simple interpolator... OK (0.001 sec)
BC 'Outer Wall T=100' is on 1 faces (AS area=0.004, CAD area=0.004008, difference=-0.2%)
BC 'Outer Wall -4' is on 1 faces (AS area=0.004, CAD area=0.004008, difference=-0.2%)
Electrical BC 'Voltage 1V' is on 1 faces (AS area=0.004, CAD area=0.004008, difference=-0.2%)
Electrical BC 'Current 20A' is on 1 faces (AS area=0.004, CAD area=0.004008, difference=-0.2%)
Thermal resistance BC 'Contact Resistance 1' is on 6 faces (AS area=0.044, CAD area=0.044088, difference=-0.2%)

Preview parameters:
	Density (Solid)
	Temperature (Solid)
	Solid Thermal Conductivity (X)
	Solid Thermal Conductivity (Y)
	Solid Thermal Conductivity (Z)
	Heat Flux
	Heat Flux (X)
	Heat Flux (Y)
	Heat Flux (Z)
	Overheat above Melting Temperature
	Electric Current Density
	Electric Current Density (X)
	Electric Current Density (Y)
	Electric Current Density (Z)
	Specific Volume Joule Heat
	Voltage
16 parameter(s) in preview list of parameters

Calculation started at	3.11.2016	12:26:27
Total CPU time 0 s
//-------------There are no openings in task--------------//

================== Tstep=0 ===================
Boundary layer settings:
	Separation tau    on
	Enable 3D effects off
BL MODEL         	Ignore compressibility  off
	BL on porous body  off
	Separ. tau corr factor 0
	Separ. tau kappa 0.1
	Separ. tau KV0 0.1
------------------------
NumerCore CHT-start settings:
	Min typical size					1
	Zero vel ht factor				0.006
	C_mju_turb_min                   0.01
	Threshold value for K-E filter   0
	C_mju                            0.09
	C_eps1                           1.44
	C_eps2                           1.92
	Sigma_k                          1
	Sigma_eps                        1.3
	Sigma_c                          0.9
	Approx mode                      1st order
-------------
NumCoreFESSettings:
	Maximum possible Mach	0
	Turbulent Prandtl		0.9
-------------
slv : Implicit schemes in fluid settings:
slv :     INPR	: rel_resid=0.00790569
slv :     BACKGROUND	: rel_resid=0.00790569
slv :     DVGR	: rel_resid=0.00790569
slv :     MOMENTUM	: rel_resid=0.00790569
slv :     CHT	: rel_resid=0.00790569
slv :     Y_TD	: rel_resid=0.00790569
slv :     Y_TURB	: rel_resid=0.00790569
slv :     LMA	: rel_resid=0.00790569
slv :     UVGI	: rel_resid=0.00790569
slv :     NOx	: rel_resid=0.00790569
slv :     Disable wall motion impact into H threshold=10
slv :     Relax par ring =0.05
slv :     Isothermal cavitation CF corrector = 1
slv :     Isothermal cavitation pseudo transient corrector = -1
slv :     Isothermal cavitation forced time step in cavitated regions = -1
slv :     ---------------------------------------
------Solid settings---
Approximation mode = 2'nd order && thin_profiles
Solid temperature eps_abs scaling factor: 0.001
number dofs per absorptive face: 9
subgrid ratio: 0.500000
Blink filter: disabled
------------------------------
slv : Iterations settings:
slv :     Max number of outer iter = 1
slv :     Max number of Mass&Energy iter = 1
slv :     Max Courant factor = 10
slv :     Conservation laws tolerance residuals:
slv :         	MASS	0.005
slv :         	MOMENTUM	0.005
slv :         	ENERGY	0.005
slv :         	SPECIES	0.005
slv :         	TURBULENCE	0.005
slv :     ---------------------------------------
slv :     Scheme blocks settings:
slv :         INPR	: stop_crit=residAbs_AND_residRel 
slv :         BACKGROUND	: stop_crit=residAbs_AND_residRel 
slv :         DVGR	: stop_crit=residAbs_AND_residRel 
slv :         MOMENTUM	: stop_crit=residAbs_AND_residRel 
slv :         CHT	: stop_crit=residAbs_AND_residRel 
slv :         Y_TD	: stop_crit=residAbs_AND_residRel 
slv :         Y_TURB	: stop_crit=residAbs_AND_residRel 
slv :         LMA	: stop_crit=residAbs_AND_residRel 
slv :         UVGI	: stop_crit=residAbs_AND_residRel 
slv :         NOx	: stop_crit=residAbs_AND_residRel 
slv :     ---------------------------------------
Accuracy scale coeff =1
slv :     Solving problem for electric potential
alg :     | Initial res  | Target res   | Final res    |Visits|Iter|R|F|CL|Status|
alg :     | 4.871191e+006| 2.206986e-009| 1.377714e-010|     4|  36|0|n|30|  OK  |
slv :     | 2.226987e+003|              | 1.649025e-005|      |    | | |  |      | 
slv :     Smoothing Joule heat
alg :     | Initial res  | Target res   | Final res    |Visits|Iter|R|F|CL|Status|
alg :     | 6.518759e-009| 3.219906e-014| 1.666074e-027|     2|   6|0|n|30|  OK  |
slv : SOLVE HT
slv : 	Heat Transfer physical view 0
alg : | Initial res  | Target res   | Final res    |Visits|Iter|R|F|CL|Status|
alg : | 2.138444e+000| 4.377861e-011| 1.513241e-016|     2|  18|0|n|30|  OK  |
slv : | 1.892779e+000|              | 1.728470e-008|      |    | | |  |      | 
slv :     View 0(0) T_solid:min(solid,ncvloc=3,sd_id=0,ncvglob=3)=190.39986260592      max(solid,ncvloc=0,sd_id=0,ncvglob=0)=307.76138649153      
slv :     Global T_solid:min(solid,ncvloc=3,sd_id=0,ncvglob=3)=190.39986260592      max(solid,ncvloc=0,sd_id=0,ncvglob=0)=307.76138649153      
slv :     nsd=0  Qj:           min(3,3)=99.999859684951      , max(0,0)=99.99992119452       
slv :     nsd=0 phi:           min(3,3)=1.0090621218706      , max(0,0)=1.0334221021269      
Memory Working Set Current = 29.18 Mb, Memory Working Set Peak = 29.18 Mb

================== Tstep=1 ===================
slv :     Solving problem for electric potential
alg :     | Initial res  | Target res   | Final res    |Visits|Iter|R|F|CL|Status|
alg :     | 1.377714e-010| 8.610714e-012| 2.354483e-013|     1|   9|0|n|30|  OK  |
slv :     | 1.649025e-005|              | 6.817033e-007|      |    | | |  |      | 
slv :     Smoothing Joule heat
alg :     | Initial res  | Target res   | Final res    |Visits|Iter|R|F|CL|Status|
alg :     | 1.114042e-011| 5.502754e-017| 4.543839e-028|     2|   6|0|n|30|  OK  |
slv : SOLVE HT
slv : 	Heat Transfer physical view 0
alg : | Initial res  | Target res   | Final res    |Visits|Iter|R|F|CL|Status|
alg : | 3.516222e-013| 2.197639e-014| 1.105632e-018|     1|   9|0|n|30|  OK  |
slv : | 9.311957e-007|              | 1.477451e-009|      |    | | |  |      | 
slv :     View 0(0) T_solid:min(solid,ncvloc=3,sd_id=0,ncvglob=3)=190.3999256771       max(solid,ncvloc=0,sd_id=0,ncvglob=0)=307.76145275283      
slv :     Global T_solid:min(solid,ncvloc=3,sd_id=0,ncvglob=3)=190.3999256771       max(solid,ncvloc=0,sd_id=0,ncvglob=0)=307.76145275283      
slv :     nsd=0  Qj:           min(3,3)=99.999994199404      , max(0,0)=99.999996742198      
slv :     nsd=0 phi:           min(3,3)=1.0090621290335      , max(0,0)=1.0334221249747      
Memory Working Set Current = 29.23 Mb, Memory Working Set Peak = 29.23 Mb

================== Tstep=2 ===================
slv :     Solving problem for electric potential
alg :     | Initial res  | Target res   | Final res    |Visits|Iter|R|F|CL|Status|
alg :     | 2.354482e-013| 1.471551e-014| 4.023757e-016|     1|   9|0|n|30|  OK  |
slv :     | 6.817034e-007|              | 2.818147e-008|      |    | | |  |      | 
slv :     Smoothing Joule heat
alg :     | Initial res  | Target res   | Final res    |Visits|Iter|R|F|CL|Status|
alg :     | 1.903877e-014| 9.404105e-020| 2.877765e-027|     2|   6|0|n|30|  OK  |
slv : SOLVE HT
slv : 	Heat Transfer physical view 0
alg : | Initial res  | Target res   | Final res    |Visits|Iter|R|F|CL|Status|
alg : | 6.167257e-016| 3.854536e-017| 1.954714e-021|     1|   9|0|n|30|  OK  |
slv : | 3.925835e-008|              | 6.212220e-011|      |    | | |  |      | 
slv :     View 0(0) T_solid:min(solid,ncvloc=3,sd_id=0,ncvglob=3)=190.39992831839      max(solid,ncvloc=0,sd_id=0,ncvglob=0)=307.76145557419      
slv :     Global T_solid:min(solid,ncvloc=3,sd_id=0,ncvglob=3)=190.39992831839      max(solid,ncvloc=0,sd_id=0,ncvglob=0)=307.76145557419      
slv :     nsd=0  Qj:           min(3,3)=99.999999760205      , max(0,0)=99.999999865323      
slv :     nsd=0 phi:           min(3,3)=1.0090621293296      , max(0,0)=1.0334221259192      
Memory Working Set Current = 29.23 Mb, Memory Working Set Peak = 29.23 Mb

================== Tstep=3 ===================
slv :     Solving problem for electric potential
alg :     | Initial res  | Target res   | Final res    |Visits|Iter|R|F|CL|Status|
alg :     | 4.023829e-016| 2.514893e-017| 6.876375e-019|     1|   9|0|n|30|  OK  |
slv :     | 2.818180e-008|              | 1.165007e-009|      |    | | |  |      | 
slv :     Smoothing Joule heat
alg :     | Initial res  | Target res   | Final res    |Visits|Iter|R|F|CL|Status|
alg :     | 3.253785e-017| 1.607221e-022| 1.009742e-027|     2|   6|0|n|30|  OK  |
slv : SOLVE HT
slv : 	Heat Transfer physical view 0
alg : | Initial res  | Target res   | Final res    |Visits|Iter|R|F|CL|Status|
alg : | 1.054883e-018| 1.054883e-018| 2.200679e-020|     1|   3|0|y|30|  OK  |
slv : | 1.623977e-009|              | 2.084429e-010|      |    | | |  |      | 
slv :     View 0(0) T_solid:min(solid,ncvloc=3,sd_id=0,ncvglob=3)=190.39992841846      max(solid,ncvloc=0,sd_id=0,ncvglob=0)=307.76145566874      
slv :     Global T_solid:min(solid,ncvloc=3,sd_id=0,ncvglob=3)=190.39992841846      max(solid,ncvloc=0,sd_id=0,ncvglob=0)=307.76145566874      
slv :     nsd=0  Qj:           min(3,3)=99.999999990087      , max(0,0)=99.999999994433      
slv :     nsd=0 phi:           min(3,3)=1.0090621293419      , max(0,0)=1.0334221259583      
Memory Working Set Current = 29.23 Mb, Memory Working Set Peak = 29.23 Mb

================== Tstep=4 ===================
slv :     Solving problem for electric potential
alg :     | Initial res  | Target res   | Final res    |Visits|Iter|R|F|CL|Status|
alg :     | 6.875911e-019| 6.875911e-019| 8.220774e-020|     1|   3|0|y|30|  OK  |
slv :     | 1.165768e-009|              | 4.028134e-010|      |    | | |  |      | 
slv :     Smoothing Joule heat
alg :     | Initial res  | Target res   | Final res    |Visits|Iter|R|F|CL|Status|
alg :     | 3.890428e-018| 1.921706e-023| 8.077936e-028|     2|   6|0|n|30|  OK  |
slv : SOLVE HT
slv : 	Heat Transfer physical view 0
alg : | Initial res  | Target res   | Final res    |Visits|Iter|R|F|CL|Status|
alg : | 2.757302e-020| 2.757302e-020| 4.209559e-022|     1|   3|0|y|30|  OK  |
slv : | 2.525058e-010|              | 2.882872e-011|      |    | | |  |      | 
slv :     View 0(0) T_solid:min(solid,ncvloc=3,sd_id=0,ncvglob=3)=190.39992842946      max(solid,ncvloc=0,sd_id=0,ncvglob=0)=307.76145569122      
slv :     Global T_solid:min(solid,ncvloc=3,sd_id=0,ncvglob=3)=190.39992842946      max(solid,ncvloc=0,sd_id=0,ncvglob=0)=307.76145569122      
slv :     nsd=0  Qj:           min(3,3)=99.999999996573      , max(0,0)=99.999999998075      
slv :     nsd=0 phi:           min(3,3)=1.0090621293422      , max(0,0)=1.0334221259594      
Memory Working Set Current = 29.23 Mb, Memory Working Set Peak = 29.23 Mb
Iteration : time = 0.147014 , count = 5 , time/count = 0.0294028
Calculate_inc() : time = 0.138013 , count = 5 , time/count = 0.0276026
TreatFlowEvolution() : time = 0.008001 , count = 5 , time/count = 0.0016002
SolverPreview : time = 0 , count = 6 , time/count = 0
TreatGoals : time = 0.007001 , count = 5 , time/count = 0.0014002

================== Tstep=5 ===================
slv :     Solving problem for electric potential
alg :     | Initial res  | Target res   | Final res    |Visits|Iter|R|F|CL|Status|
alg :     | 8.218720e-020| 8.218720e-020| 9.825897e-021|     1|   3|0|y|30|  OK  |
slv :     | 4.027770e-010|              | 1.392717e-010|      |    | | |  |      | 
slv :     Smoothing Joule heat
alg :     | Initial res  | Target res   | Final res    |Visits|Iter|R|F|CL|Status|
alg :     | 4.651468e-019| 2.297694e-024| 1.817536e-027|     2|   6|0|n|30|  OK  |
slv : SOLVE HT
slv : 	Heat Transfer physical view 0
alg : | Initial res  | Target res   | Final res    |Visits|Iter|R|F|CL|Status|
alg : | 7.443875e-022| 7.443875e-022| 1.352347e-023|     1|   3|0|y|30|  OK  |
slv : | 4.406464e-011|              | 5.166756e-012|      |    | | |  |      | 
slv :     View 0(0) T_solid:min(solid,ncvloc=3,sd_id=0,ncvglob=3)=190.39992843156      max(solid,ncvloc=0,sd_id=0,ncvglob=0)=307.76145569485      
slv :     Global T_solid:min(solid,ncvloc=3,sd_id=0,ncvglob=3)=190.39992843156      max(solid,ncvloc=0,sd_id=0,ncvglob=0)=307.76145569485      
slv :     nsd=0  Qj:           min(3,3)=99.999999998815      , max(0,0)=99.999999999335      
slv :     nsd=0 phi:           min(3,3)=1.0090621293423      , max(0,0)=1.0334221259598      
Memory Working Set Current = 29.23 Mb, Memory Working Set Peak = 29.23 Mb

================== Tstep=6 ===================
slv :     Solving problem for electric potential
alg :     | Initial res  | Target res   | Final res    |Visits|Iter|R|F|CL|Status|
alg :     | 9.840307e-021| 9.840307e-021| 1.173672e-021|     1|   3|0|y|30|  OK  |
slv :     | 1.395542e-010|              | 4.813616e-011|      |    | | |  |      | 
slv :     Smoothing Joule heat
alg :     | Initial res  | Target res   | Final res    |Visits|Iter|R|F|CL|Status|
alg :     | 5.561175e-020| 2.747597e-025| 1.666074e-027|     2|   6|0|n|30|  OK  |
slv : SOLVE HT
slv : 	Heat Transfer physical view 0
alg : | Initial res  | Target res   | Final res    |Visits|Iter|R|F|CL|Status|
alg : | 3.906547e-023| 3.906547e-023| 7.952609e-025|     1|   3|0|y|30|  OK  |
slv : | 1.043499e-011|              | 1.253442e-012|      |    | | |  |      | 
slv :     View 0(0) T_solid:min(solid,ncvloc=3,sd_id=0,ncvglob=3)=190.39992843209      max(solid,ncvloc=0,sd_id=0,ncvglob=0)=307.76145569564      
slv :     Global T_solid:min(solid,ncvloc=3,sd_id=0,ncvglob=3)=190.39992843209      max(solid,ncvloc=0,sd_id=0,ncvglob=0)=307.76145569564      
slv :     nsd=0  Qj:           min(3,3)=99.999999999591      , max(0,0)=99.99999999977       
slv :     nsd=0 phi:           min(3,3)=1.0090621293424      , max(0,0)=1.0334221259599      
Memory Working Set Current = 29.23 Mb, Memory Working Set Peak = 29.23 Mb

================== Tstep=7 ===================
slv :     Solving problem for electric potential
alg :     | Initial res  | Target res   | Final res    |Visits|Iter|R|F|CL|Status|
alg :     | 1.182803e-021| 1.182803e-021| 1.398313e-022|     1|   3|0|y|30|  OK  |
slv :     | 4.840298e-011|              | 1.661848e-011|      |    | | |  |      | 
slv :     Smoothing Joule heat
alg :     | Initial res  | Target res   | Final res    |Visits|Iter|R|F|CL|Status|
alg :     | 6.647748e-021| 3.284828e-026| 1.716561e-026|     2|   6|0|n|30|  OK  |
slv : SOLVE HT
slv : 	Heat Transfer physical view 0
alg : | Initial res  | Target res   | Final res    |Visits|Iter|R|F|CL|Status|
alg : | 3.345511e-024| 3.345511e-024| 7.081170e-026|     1|   3|0|y|30|  OK  |
slv : | 3.075651e-012|              | 3.750333e-013|      |    | | |  |      | 
slv :     View 0(0) T_solid:min(solid,ncvloc=3,sd_id=0,ncvglob=3)=190.39992843225      max(solid,ncvloc=0,sd_id=0,ncvglob=0)=307.76145569587      
slv :     Global T_solid:min(solid,ncvloc=3,sd_id=0,ncvglob=3)=190.39992843225      max(solid,ncvloc=0,sd_id=0,ncvglob=0)=307.76145569587      
slv :     nsd=0  Qj:           min(3,3)=99.999999999859      , max(0,0)=99.999999999921      
slv :     nsd=0 phi:           min(3,3)=1.0090621293424      , max(0,0)=1.0334221259599      
Memory Working Set Current = 29.23 Mb, Memory Working Set Peak = 29.23 Mb

================== Tstep=8 ===================
slv :     Solving problem for electric potential
alg :     | Initial res  | Target res   | Final res    |Visits|Iter|R|F|CL|Status|
alg :     | 1.426586e-022| 1.426586e-022| 1.664829e-023|     1|   3|0|y|30|  OK  |
slv :     | 1.662176e-011|              | 5.740075e-012|      |    | | |  |      | 
slv :     Smoothing Joule heat
alg :     | Initial res  | Target res   | Final res    |Visits|Iter|R|F|CL|Status|
alg :     | 7.983541e-022| 3.941625e-027| 1.817536e-027|     2|   6|0|n|30|  OK  |
slv : SOLVE HT
slv : 	Heat Transfer physical view 0
alg : | Initial res  | Target res   | Final res    |Visits|Iter|R|F|CL|Status|
alg : | 3.555008e-025| 3.555008e-025| 7.554970e-027|     1|   3|0|y|30|  OK  |
slv : | 1.004197e-012|              | 1.223466e-013|      |    | | |  |      | 
slv :     View 0(0) T_solid:min(solid,ncvloc=3,sd_id=0,ncvglob=3)=190.39992843231      max(solid,ncvloc=0,sd_id=0,ncvglob=0)=307.76145569594      
slv :     Global T_solid:min(solid,ncvloc=3,sd_id=0,ncvglob=3)=190.39992843231      max(solid,ncvloc=0,sd_id=0,ncvglob=0)=307.76145569594      
slv :     nsd=0  Qj:           min(3,3)=99.999999999951      , max(0,0)=99.999999999973      
slv :     nsd=0 phi:           min(3,3)=1.0090621293424      , max(0,0)=1.03342212596        
Memory Working Set Current = 29.23 Mb, Memory Working Set Peak = 29.23 Mb

================== Tstep=9 ===================
slv :     Solving problem for electric potential
alg :     | Initial res  | Target res   | Final res    |Visits|Iter|R|F|CL|Status|
alg :     | 1.718373e-023| 1.718373e-023| 2.017303e-024|     1|   3|0|y|30|  OK  |
slv :     | 5.843825e-012|              | 2.001066e-012|      |    | | |  |      | 
slv :     Smoothing Joule heat
alg :     | Initial res  | Target res   | Final res    |Visits|Iter|R|F|CL|Status|
alg :     | 9.803908e-023| 4.853790e-028| 1.817536e-027|    45| 705|2|n|30|  BAD |
slv : SOLVE HT
slv : 	Heat Transfer physical view 0
alg : | Initial res  | Target res   | Final res    |Visits|Iter|R|F|CL|Status|
alg : | 4.072851e-026| 4.072851e-026| 9.163729e-028|     1|   3|0|y|30|  OK  |
slv : | 3.380629e-013|              | 4.229950e-014|      |    | | |  |      | 
slv :     View 0(0) T_solid:min(solid,ncvloc=3,sd_id=0,ncvglob=3)=190.39992843233      max(solid,ncvloc=0,sd_id=0,ncvglob=0)=307.76145569596      
slv :     Global T_solid:min(solid,ncvloc=3,sd_id=0,ncvglob=3)=190.39992843233      max(solid,ncvloc=0,sd_id=0,ncvglob=0)=307.76145569596      
slv :     nsd=0  Qj:           min(3,3)=99.999999999983      , max(0,0)=99.999999999991      
slv :     nsd=0 phi:           min(3,3)=1.0090621293424      , max(0,0)=1.03342212596        
slv : +--------------------------+------------+-------+------------+------------+
slv : |      Collector name      | Total Time | Count |  Avg Time  |  Max Time  |
slv : +--------------------------+------------+-------+------------+------------+
slv : | CHT_MDS_import_export    |       0.000|      9|       0.000|       0.000|
slv : | CSolver_core_update_BC_1 |       0.000|     10|       0.000|       0.000|
slv : | Calculate_inc            |       0.136|      9|       0.015|       0.124|
slv : | LiSy_make_portrait       |       0.000|     26|       0.000|       0.000|
slv : | Results_processing       |       0.011|      9|       0.001|       0.004|
slv : | apply_sol_PSQJ_MDS       |       0.000|     10|       0.000|       0.000|
slv : | apply_sol_PS_MDS         |       0.000|     10|       0.000|       0.000|
slv : | build_sl_ordering_CHT    |       0.000|     10|       0.000|       0.000|
slv : | create_PSQJ_operator_MDS |       0.000|     10|       0.000|       0.000|
slv : | create_PS_operator_MDS   |       0.000|     10|       0.000|       0.000|
slv : | precalc_at_start_MDS     |       0.002|      4|       0.000|       0.001|
slv : | solve_CHT_MDS            |       0.003|     10|       0.000|       0.001|
slv : | solve_CHT_alg_MDS        |       0.002|     10|       0.000|       0.001|
slv : | solve_PSQJ_MDS           |       0.006|     10|       0.001|       0.003|
slv : | solve_PSQJ_alg_MDS       |       0.005|     10|       0.001|       0.003|
slv : | solve_PS_MDS             |       0.118|     10|       0.012|       0.115|
slv : | solve_PS_alg_MDS         |       0.116|     10|       0.012|       0.115|
slv : +--------------------------+------------+-------+------------+------------+
Memory Working Set Current = 29.23 Mb, Memory Working Set Peak = 29.23 Mb
/************Goal values******************/
GG Joule Heat 1				0.88 W
GG Max Temperature (Solid) 1				307.761456 K
GG Av Temperature (Solid) 1				253.721756 K
/************End of Goal values******************/
/************	Min/Max Parameters	************/
Temperature (Solid):		min = 100 K		max = 307.761456 K
Specific Volume Joule Heat:		min = 100 W/m^3		max = 100 W/m^3
/************	End of Min/Max Parameters	************/
Solver finished at	3.11.2016	12:26:27
ENDING PROGRAM...
Estimated fld size=0.07 Mb
Writing fld file "15-JOULE_HEATING_IN_SOLID\00041-thin_profile_Dirichlet\ft_run\1\1.fld"...
FILE SAVED: 1.fld. Total save fld took 0.00 sec.
real fld size=0.01 Mb
FILE RENAMED: r_000000.cfld -> 1.cfld
OK
Depository creating ...
stream_line (0.000 s)
FS triangles count 8 
wall_triangles (0.001 s)
nb_bricks (0.001 s)
Face_aver_on (0.000 s)
size of cv_intrp_s = 0.02 Mb
size of cv_intrp_fw = 0.00 Mb
size of cv_intrp_sw = 0.02 Mb
CCVInterp_DepEntry::Calculate duration = 0.000 s
cv_interp (0.002 s)
favorite_params (0.008 s)
Face_aver_off (0.000 s)
Depository creating ...OK (0.012 s)
Solver finished at	3.11.2016	12:26:27
Total CPU time 0 s
Free memory:
slv : +--------------------------+------------+-------+------------+------------+
slv : |      Collector name      | Total Time | Count |  Avg Time  |  Max Time  |
slv : +--------------------------+------------+-------+------------+------------+
slv : | CHT_MDS_import_export    |       0.000|     10|       0.000|       0.000|
slv : | CSolver_core_update_BC_1 |       0.000|     10|       0.000|       0.000|
slv : | Calculate_inc            |       0.141|     10|       0.014|       0.124|
slv : | LiSy_make_portrait       |       0.000|     26|       0.000|       0.000|
slv : | Results_processing       |       0.011|     10|       0.001|       0.004|
slv : | apply_sol_PSQJ_MDS       |       0.000|     10|       0.000|       0.000|
slv : | apply_sol_PS_MDS         |       0.000|     10|       0.000|       0.000|
slv : | build_sl_ordering_CHT    |       0.000|     10|       0.000|       0.000|
slv : | create_PSQJ_operator_MDS |       0.000|     10|       0.000|       0.000|
slv : | create_PS_operator_MDS   |       0.000|     10|       0.000|       0.000|
slv : | precalc_at_start_MDS     |       0.002|      4|       0.000|       0.001|
slv : | solve_CHT_MDS            |       0.003|     10|       0.000|       0.001|
slv : | solve_CHT_alg_MDS        |       0.002|     10|       0.000|       0.001|
slv : | solve_PSQJ_MDS           |       0.006|     10|       0.001|       0.003|
slv : | solve_PSQJ_alg_MDS       |       0.005|     10|       0.001|       0.003|
slv : | solve_PS_MDS             |       0.118|     10|       0.012|       0.115|
slv : | solve_PS_alg_MDS         |       0.116|     10|       0.012|       0.115|
slv : +--------------------------+------------+-------+------------+------------+
alg : 
alg :  size = 4
alg :  assembling_nnz_PardisoCholesky   0.000  10
alg :  build_coarse_select_omega        0.000  10
alg :  build_fine_select_omega          0.000  10
alg :  build_select_pivot_nonzeros      0.000  10
alg :  build_select_vectors             0.000  10
alg :  calc_residual_LU                 0.000  64
alg :  call_MG_solver                   0.005  10
alg :  clean_coarse_levels              0.000  10
alg :  clean_fine_level                 0.000  10
alg :  init_RB_coarse_nonzeros          0.000  10
alg :  init_RB_fine_nonzeros            0.000  10
alg :  init_coarse_levels               0.000  10
alg :  init_fine_level                  0.000  10
alg :  mg_cycle                         0.004  12
alg :  numerical_PardisoCholesky        0.000  10
alg :  perform_prolongation             0.000  51
alg :  perform_restriction              0.000  51
alg :  run_smoothing                    0.002  64
alg :  smoother_fine                    0.001  759
alg :  solve_MG                         0.005  10
alg :  solve_PardisoCholesky            0.000  51
alg :  symbolic_PardisoCholesky         0.000  1
alg :  update_mg_status                 0.000  114
alg : 
alg :  size = 4
alg :  assembling_nnz_PardisoCholesky   0.000  1
alg :  build_coarse_select_omega        0.000  1
alg :  build_fine_select_omega          0.000  10
alg :  build_select_pivot_nonzeros      0.000  10
alg :  build_select_vectors             0.000  10
alg :  calc_residual_LU                 0.000  13
alg :  call_MG_solver                   0.115  10
alg :  clean_coarse_levels              0.000  1
alg :  clean_fine_level                 0.000  10
alg :  init_RB_coarse_nonzeros          0.000  1
alg :  init_RB_fine_nonzeros            0.000  10
alg :  init_coarse_levels               0.114  1
alg :  init_fine_level                  0.000  10
alg :  mg_cycle                         0.115  10
alg :  numerical_PardisoCholesky        0.000  1
alg :  perform_prolongation             0.000  3
alg :  perform_restriction              0.000  3
alg :  run_smoothing                    0.000  13
alg :  smoother_fine                    0.000  81
alg :  solve_MG                         0.116  10
alg :  solve_PardisoCholesky            0.000  3
alg :  symbolic_PardisoCholesky         0.114  1
alg :  update_mg_status                 0.000  16
alg : 
alg :  size = 4
alg :  build_coarse_select_omega     0.000  1
alg :  build_fine_select_omega       0.000  10
alg :  build_select_pivot_nonzeros   0.000  10
alg :  build_select_vectors          0.000  10
alg :  calc_residual_LU              0.000  11
alg :  call_MG_solver                0.001  10
alg :  clean_coarse_levels           0.000  1
alg :  clean_fine_level              0.000  10
alg :  init_RB_coarse_nonzeros       0.000  1
alg :  init_RB_fine_nonzeros         0.000  10
alg :  init_coarse_levels            0.000  1
alg :  init_fine_level               0.000  10
alg :  mg_cycle                      0.001  10
alg :  numerical_PardisoLU           0.000  1
alg :  perform_prolongation          0.000  1
alg :  perform_restriction           0.000  1
alg :  run_smoothing                 0.000  11
alg :  smoother_fine                 0.000  57
alg :  solve_MG                      0.002  10
alg :  solve_PardisoLU               0.000  1
alg :  symbolic_PardisoLU            0.000  1
alg :  update_mg_status              0.000  12
Free Geometry DB takes 0.000 s
OK
