Number of used processors (NPROC): 1.
Number of mesh partitions (NPART): 1.
Operating system:	Windows 7 Service Pack 1 (Version 6.1.7601)
Total Physical Memory = 6.00 Gb, Available Physical Memory = 3.96 Gb
Memory Working Set Current = 18.26 Mb, Memory Working Set Peak = 18.26 Mb
CPU:	GenuineIntel, Stepping ID = 2, Model = 13, Family = 6, Extended model = 2, MMX SSE SSE2 Hyper-Threading Technology SSE3
CPU Brand String:        Intel(R) Xeon(R) CPU E5-2680 0 @ 2.70GHz
Cache Line Size = 64, L2 Associativity = 6, Cache Size = 256K
Number of cores: 8, Processor type: 8664, Active processor mask: 255, Page size: 4096 bites
std::thread::hardware_concurrency = 8
OpenMP enabled (spec=200203). max_threads = 8, num_procs = 8, num_threads = 8.

SOLIDWORKS 2016 SP3.0
15-JOULE_HEATING_IN_SOLID\00022-_-1_cond_ss_R_cond_-3\ft_run\1\1.fld
Configuration name:	Default
Project name:	as3d
/*******************************************/
/*         Project Summary                 */
/*******************************************/
Problem type:						internal
Result resolution:					5
Minimum gap size:					0.02
Minimum wall thickness:				0.02
Manual refinement:					Off
Solid refinement:					Off
Fluid substances count				0

		Advanced capabilities
Heat transfer						Off
Transient						Off
Gravitation						Off
Laminar flow						Off
Compressibility					Off
Default wall condition				adiabatic wall
Roughness:						0

************************************************

Geometry database loading ...OK
Flow Simulation 2016  x64 / 3800 / SOLVER ver. efd_17_0.3746_30.12.2016+VOF_GUI_Therm_Slv_Integration_1 



STATIONARY

SOLID HEAT TRANSFER ONLY


JOULE HEATING
EXTERNAL=1  CHT=1  FROZEN=0  P_REF=1  RADIATION=0  HVAC_COMFORT_PARAMETERS=0
IT=0   NT=2   NZ=0
US_DIM=2
-----------------------------------------------------------------------
Allocating meshes:
	CPU count: 1
	MESH 0:
		Sub-meshes count: 1
-----------------------------------------------------------------------
Memory Status before reading BCF:
Memory Working Set Current = 21.94 Mb, Memory Working Set Peak = 21.94 Mb
Process Threads Number: 11

-----------------------------------------------------------------------
BCF CHECKSUM DATA (Mesh 0):

FACE_A Area Sum:   G.Fluid        0.0000000000000000
FACE_A Area Sum:   G.Solid        0.0060200000000000
FACE_W Area Sum:                  0.0205800000000000
FACE_W Nb   Sum:                  218
AV Max Disbalance: G.Fluid        0 (cid=-1, avid=-1, pid=-1)
AV Max Disbalance: G.Solid        0 (cid=-1, avid=-1, pid=-1)
-----------------------------------------------------------------------


-----------------------------------------------------------------------
MESHER TOPOLOGY DATA (Mesh 0):

BRICKS: Total                 22
BRICKS: 1-CV                  16
BRICKS: 2-CV                  6
BRICKS: Bad                   0

AV:     G.Total               28
AV:     G.Fluid               0
AV:     G.Solid               28

AV:     G.Fluid Thin Profile    0.00 % (0)
AV:     G.Solid Thin Profile    0.00 % (0)

AV:     G.Fluid Thin For Mega   0.00 % (0)
AV:     G.Solid Thin For Mega   0.00 % (0)

AV:     G.Fluid Non-Convex      0.00 % (0)
AV:     G.Solid Non-Convex      0.00 % (0)

FACE_A: G.Fluid          (af) 0 (partially opened 0)
FACE_A: G.Solid          (as) 34 (partially opened 6)

FACE_W: G.Total                 94          Brick/Bound
FACE_W: G.Fluid/Solid    (fs_g) 0           0           
FACE_W: G.Fluid/Fluid    (ff_g) 0           0           
FACE_W: G.Solid/Solid    (ss_g) 6           0           
FACE_W: G.Fluid/External (fe_g) 0
FACE_W: G.Solid/External (se_g) 88

AV/CV max fa count (on brick side):1
AV/CV max fw count:                1
AV/CV max fw poly count:           5

MEMORY: Total                   0.016 MB
MEMORY: Per Brick               0.746 KB
-----------------------------------------------------------------------

----------------------------------------------------------
BCF --> BCF.GEOMSUBDOM (bridge arrays) (cpu_num=1):
MESH (0):
	Fluid Subdom Constructor: 0 subdom(s).
	Solid Subdom Constructor: 4 subdom(s).
	Net Asm Subdom Constructor: 0 subdom(s).
	GEOMSUBDOM (0): gi=0 solid av=14 cv=14 fa=19 fw=46 V=3.000000e-05
	GEOMSUBDOM (1): gi=2 solid av=2 cv=2 fa=1 fw=10 V=1.000000e-07
	GEOMSUBDOM (2): gi=1 solid av=10 cv=10 fa=13 fw=34 V=2.000000e-05
	GEOMSUBDOM (3): gi=2 solid av=2 cv=2 fa=1 fw=10 V=1.000000e-07
	Setting nb of w-faces...OK.

MESH (0) checking:
	GEOMSUBDOM (0):fa_s=0.0036000000000000 fw_s=0.0122000000000000 fw_nb=112
	GEOMSUBDOM (1):fa_s=0.0000100000000000 fw_s=0.0002400000000000 fw_nb=16
	GEOMSUBDOM (2):fa_s=0.0024000000000000 fw_s=0.0082000000000000 fw_nb=80
	GEOMSUBDOM (3):fa_s=0.0000100000000000 fw_s=0.0002400000000000 fw_nb=16
MESH (0) checking: OK.
----------------------------------------------------------
Memory Status after reading BCF:
Memory Working Set Current = 22.43 Mb, Memory Working Set Peak = 22.43 Mb
Process Threads Number: 11
Total read CPT took 0.00 sec.
MESH::Bricks: Total=22 Gas=0 Solid=16 Partial=6 Irregular=0

-----------------------------------------------------------------------
Mesh dimensions:
				I[0 ]=11
				I[1 ]=2
				I[2 ]=1
Solver refinement level	I[47]=0

Comp. domain size:
				a[0  ]=-0.001
				a[1  ]=0.501
				a[2  ]=-0.005
				a[3  ]=0.005
				a[4  ]=-0.005
				a[5  ]=0.005
Wall thickness		a[231]=0
Gap size			a[232]=1
-----------------------------------------------------------------------
-----------------------------------------------------------------------
Preparing for calculations started at	22.2.2017	7:50:34
slv_max_lev=0
CD X0= -0.001, X1= 0.501, Y0= -0.005, Y1= 0.005, Z0= -0.005, Z1= 0.005
Collecting Reference Parameters... OK
-----------------------------------------------------------------------
CV statisticks for fluid...
	CV number:         0
	FACE_A max number: 0
	FACE_W max number: 0
-----------------------------------------------------------------------
-----------------------------------------------------------------------
CV statisticks for solid...
	CV number:         24
	FACE_A max number: 3
	FACE_W max number: 4
-----------------------------------------------------------------------
Update time step in solids: STATIONARY IN SOLIDS
Memory allocation for matrix entries in solver is block-wise,
( size of block = 1048576 bytes (1Mb) ).

There is 1 subdomain in solid:
subdomain 0: 24 control volumes

There is 1 subdomain in solid for electric potential:
subdomain 0: 24 control volumes

54 parameter(s) in list of scalar parameters
3 parameter(s) in list of vector parameters
-----------------------------------------------------------------------
Loading mesh settings (global/local/SAR)...
Setting regions...
Setting regions takes 0.000 s
-----------------------------------------------------------------------

CollectIndata: Initialize stored in U[] parameters (pressure,momentum,dens,..)... OK(CPU=4.06476e-05s)

Collect Body BC...OK
Collect Fans...OK
Collect Surface Sources...OK
Collect Contact resistance BC...OK
Collect Perforated plates BC...OK
Collect Electric contact BC...OK
Collect Surface Goals...
Received 0 wall face(s) and 0 virtual face(s)...
 OK
Total CPU time 0 s
Collect Unused surface area...OK

MWS =0.25
NPROC = 1, nested_parallelization = 0
NPART = 1

/-----------------------------------------------------------/
SOLVER TOPOLOGY DATA:

BRICKS: |level1| sum         0

CV:     Total               24
CV:     Fluid               0
CV:     Solid               24

CV:     G.Fluid Thin Profile    0.00 % (0)
CV:     G.Solid Thin Profile    0.00 % (0)

CV:     G.Fluid Non-Convex      0.00 % (0)
CV:     G.Solid Non-Convex      0.00 % (0)

FACE_A: Fluid          (af) 0
FACE_A: Max number placed on a brick-face in cv: 0
FACE_A: Solid          (as) 34

FACE_W: Total               94
FACE_W: Fluid/Solid    (fs) 0
FACE_W: Fluid/Fluid    (ff) 0
FACE_W: Solid/Solid    (ss) 2
FACE_W: Opening BC               (fo)  0
FACE_W: Fluid/Bound              (fw)  0
FACE_W: Solid/Bound              (sw)  76
FACE_W: Fluid/Bound Real Wall    (frw) 0
FACE_W: Solid/Bound Real Wall    (srw) 4
FACE_W: Max number placed in cv: 0
Solid:
CV Max Disbalance:                0 (ncv=23)
/-----------------------------------------------------------/

Create solver core
 MDS: Converting solver problem ...
MDS: OK
slv : Calculations at run start
slv : Create sub-domains supervisors:
slv : 	2 solid
slv : Create sub-domains mesh connectivity supervisors:
slv : 	1 fw one to one
slv : Collect slices by phenomena...
slv : 	fluid flow slices were created:	0
slv : 	heat transfer slices were created:	2
slv : 	electric current flow slices were created:	2
slv : 	radiation slices were created:	0
slv : Creating meshes proxies for multigrid...
slv : Convert MESH[0] to multigrid mesh proxy...
slv : 22 bricks are accounted by implicit methods(100% of total)
slv : max tree bricks count = 1
alg : MG: create topological coarsening...
alg : Mesh 0  OK
slv : Building fluid flow views schemes...
slv : Building views for heat transfer...
slv : 1 views are created
slv : Building heat transfer views schemes...
slv : Building views for electric current flow...
slv : 1 views are created
slv : Building electric current flow views schemes...
slv : PrecalcAtStart views for fluid flow...
slv : PrecalcAtStart views for heat transfer...
Laplacian approximations statisticks:
	Number of open faces        :19
	N of computed(stored) approximations:0
	2-point approximations    :100.0 %
	Thin profile approximations :  0.0 %

Laplacian approximations statisticks:
	Number of open faces        :13
	N of computed(stored) approximations:0
	2-point approximations    :100.0 %
	Thin profile approximations :  0.0 %

Creating view scheme...
1 heat transfer algebraic views are created
mgl = 31 size = 24
mgl = 30 size =  7

slv : PrecalcAtStart views for electric current flow...
Laplacian approximations statisticks:
	Number of open faces        :19
	N of computed(stored) approximations:0
	2-point approximations    :100.0 %
	Thin profile approximations :  0.0 %

Laplacian approximations statisticks:
	Number of open faces        :13
	N of computed(stored) approximations:0
	2-point approximations    :100.0 %
	Thin profile approximations :  0.0 %

mgl = 31 size = 24
mgl = 30 size =  7

mgl = 31 size = 14
mgl = 30 size =  4

mgl = 31 size = 10
mgl = 30 size =  3

slv : PrecalcAtStart views for radiation...
slv : ------------ Start of Preliminary step at Calculation start ------------
slv : View 0(0) T_solid: 
slv : nsd=0 
slv :         Qj:           min(0,0)=0                    , max(0,0)=0                    
slv :        phi:           min(0,0)=0                    , max(0,0)=0                    
slv : nsd=1 
slv :         Qj:           min(13,0)=0                    , max(13,0)=0                    
slv :        phi:           min(13,0)=0                    , max(13,0)=0                    
slv : ------------ End of Preliminary step at Calculation start ------------

----------------------------------------------------------
BCF checking (solver)...
----------------------------------------------------------

Estimated cfld size=0.02 Mb
Writing cfld file "15-JOULE_HEATING_IN_SOLID\00022-_-1_cond_ss_R_cond_-3\ft_run\1/r_000000.cfld"...
Working in No GDBLight mode
Working in No GDBLight mode
FILE SAVED: r_000000.cfld. Total save cfld took 0.05 sec.
real cfld size=0.00 Mb
OK
Estimated fld size=0.07 Mb
Writing fld file "15-JOULE_HEATING_IN_SOLID\00022-_-1_cond_ss_R_cond_-3\ft_run\1/r_000000.fld"...
FILE SAVED: r_000000.fld. Total save fld took 0.00 sec.
real fld size=0.01 Mb
OK
Init simple interpolator... OK (0.000 sec)
Electrical BC 'Voltage 2' is on 2 faces (AS area=0.0001, CAD area=0.0001004, difference=-0.4%)
Electrical BC 'Current 1' is on 2 faces (AS area=0.0001, CAD area=0.0001004, difference=-0.4%)
Electrical BC 'Contact resistance 1' is on 2 faces (AS area=0.0001, CAD area=0.0001004, difference=-0.4%)

Preview parameters:
	Density (Solid)
	Temperature (Solid)
	Solid Thermal Conductivity (X)
	Solid Thermal Conductivity (Y)
	Solid Thermal Conductivity (Z)
	Heat Flux
	Heat Flux (X)
	Heat Flux (Y)
	Heat Flux (Z)
	Overheat above Melting Temperature
	Electric Current Density
	Electric Current Density (X)
	Electric Current Density (Y)
	Electric Current Density (Z)
	Specific Volume Joule Heat
	Voltage
16 parameter(s) in preview list of parameters

Calculation started at	22.2.2017	7:50:34
Total CPU time 0 s
//-------------There are no openings in task--------------//

================== Tstep=0 ===================
Boundary layer settings:
	Separation tau    on
	Enable 3D effects off
BL MODEL         	Ignore compressibility  off
	BL on porous body  off
	Separ. tau corr factor 0
	Separ. tau kappa 0.1
	Separ. tau KV0 0.1
------------------------
NumerCore CHT-start settings:
	Min typical size					1
	Zero vel ht factor				0.006
	C_mju_turb_min                   0.01
	Threshold value for K-E filter   0
	C_mju                            0.09
	C_eps1                           1.44
	C_eps2                           1.92
	Sigma_k                          1
	Sigma_eps                        1.3
	Sigma_c                          0.9
	Approx mode                      1st order
-------------
NumCoreFESSettings:
	Maximum possible Mach	0
	Turbulent Prandtl		0.9
-------------
slv : Implicit schemes in fluid settings:
slv : INPR	: rel_resid=0.00790569
slv : BACKGROUND	: rel_resid=0.00790569
slv : DVGR	: rel_resid=0.00790569
slv : MOMENTUM	: rel_resid=0.00790569
slv : CHT	: rel_resid=0.00790569
slv : Y_TD	: rel_resid=0.00790569
slv : Y_TURB	: rel_resid=0.00790569
slv : LMA	: rel_resid=0.00790569
slv : UVGI	: rel_resid=0.00790569
slv : NOx	: rel_resid=0.00790569
slv : VOL_FRAC_IM_PHASE	: rel_resid=0.00790569
slv : Disable wall motion impact into H threshold=10
slv : Relax par ring =0.05
slv : Isothermal cavitation CF corrector = 1
slv : Isothermal cavitation pseudo transient corrector = -1
slv : Isothermal cavitation forced time step in cavitated regions = -1
slv : force_free_surface_VOF = -1
slv : ---------------------------------------
------Solid settings---
Approximation mode = 2'nd order && thin_profiles
Solid temperature eps_abs scaling factor: 0.001
number dofs per absorptive face: 9
subgrid ratio: 0.500000
Blink filter: disabled
------------------------------
slv : Iterations settings:
slv : Max number of outer iter = 1
slv : Max number of Mass&Energy iter = 1
slv : Max Courant factor = 10
slv : Conservation laws tolerance residuals:
slv : 	MASS	0.005
slv : 	MOMENTUM	0.005
slv : 	ENERGY	0.005
slv : 	SPECIES	0.005
slv : 	TURBULENCE	0.005
slv : ---------------------------------------
slv : Scheme blocks settings:
slv : INPR	: stop_crit=residAbs_AND_residRel 
slv : BACKGROUND	: stop_crit=residAbs_AND_residRel 
slv : DVGR	: stop_crit=residAbs_AND_residRel 
slv : MOMENTUM	: stop_crit=residAbs_AND_residRel 
slv : CHT	: stop_crit=residAbs_AND_residRel 
slv : Y_TD	: stop_crit=residAbs_AND_residRel 
slv : Y_TURB	: stop_crit=residAbs_AND_residRel 
slv : LMA	: stop_crit=residAbs_AND_residRel 
slv : UVGI	: stop_crit=residAbs_AND_residRel 
slv : NOx	: stop_crit=residAbs_AND_residRel 
slv : VOL_FRAC_IM_PHASE	: stop_crit=residAbs_AND_residRel 
slv : ---------------------------------------
Accuracy scale coeff =1
+----+----+----+--------------+--------------+--------------+--------------+--------------+------+----+-+-+--+------+
|Name|view| sd | Initial res  | Initial resL1| Target res   | Final res    | Final res L1 |Visits|Iter|R|F|CL|Status|
+----+----+----+--------------+--------------+--------------+--------------+--------------+------+----+-+-+--+------+
| PS |   0|   0|  2.000000e+02|  2.000000e+01|  3.045845e-12|  2.005858e-12|  3.433890e-06|    36| 594|2|n|30|  OK  |
| QJ |   0|   0|  1.524393e-09|  0.000000e+00|  9.527459e-11|  5.235660e-11|  1.499158e-05|     2|   6|0|n|30|  OK  |
| QJ |   0|   1|  9.622494e-13|  0.000000e+00|  2.261812e-15|  2.032633e-15|  9.781616e-08|     3|   9|0|n|30|  OK  |
+----+----+--------------+--------------+--------------+--------------+--------------+------+----+-+-+--+------+
|Name|view| Initial res  | Initial resL1| Target res   | Final res    | Final res L1 |Visits|Iter|R|F|CL|Status|
+----+----+--------------+--------------+--------------+--------------+--------------+------+----+-+-+--+------+
| CHT|   0|  3.908757e-04|  6.000000e-02|  1.567139e-07|  1.341673e-07|  1.075563e-03|    15| 135|0|n|30|  OK  |
slv : View 0(0) T_solid: 
slv : nsd=0 
slv :         Qj:           min(0,0)=599.99980074708      , max(15,13)=599.99997784749      
slv :        phi:           min(2,2)=6.6976040058946e-05  , max(15,13)=0.0008592486712452   
slv : nsd=1 
slv :         Qj:           min(16,2)=599.99999631573      , max(23,9)=599.99999919775      
slv :        phi:           min(13,0)=0.0024277032110249   , max(23,9)=0.0029330668463104   
Memory Working Set Current = 32.11 Mb, Memory Working Set Peak = 32.11 Mb
Process Threads Number: 11

================== Tstep=1 ===================
+----+----+----+--------------+--------------+--------------+--------------+--------------+------+----+-+-+--+------+
|Name|view| sd | Initial res  | Initial resL1| Target res   | Final res    | Final res L1 |Visits|Iter|R|F|CL|Status|
+----+----+----+--------------+--------------+--------------+--------------+--------------+------+----+-+-+--+------+
| PS |   0|   0|  2.005859e-12|  3.433884e-06|  1.253662e-13|  1.252049e-13|  8.699617e-07|     8|  72|0|n|30|  OK  |
| QJ |   0|   0|  2.758075e-11|  0.000000e+00|  4.456902e-13|  2.547904e-13|  1.574823e-06|     3|   9|0|n|30|  OK  |
| QJ |   0|   1|  1.989447e-15|  0.000000e+00|  2.657225e-18|  8.312884e-19|  2.393790e-09|     3|   9|0|n|30|  OK  |
+----+----+--------------+--------------+--------------+--------------+--------------+------+----+-+-+--+------+
|Name|view| Initial res  | Initial resL1| Target res   | Final res    | Final res L1 |Visits|Iter|R|F|CL|Status|
+----+----+--------------+--------------+--------------+--------------+--------------+------+----+-+-+--+------+
| CHT|   0|  1.341673e-07|  1.075564e-03|  7.163878e-09|  5.056034e-09|  2.072675e-04|     5|  45|0|n|30|  OK  |
slv : View 0(0) T_solid: 
slv : nsd=0 
slv :         Qj:           min(0,0)=599.9999877212       , max(12,12)=599.99999895537      
slv :        phi:           min(2,2)=6.6976050672355e-05  , max(15,13)=0.00085924876523261  
slv : nsd=1 
slv :         Qj:           min(18,4)=599.99999987876      , max(22,8)=599.99999997856      
slv :        phi:           min(13,0)=0.0024277033106371   , max(23,9)=0.0029330669469658   
Memory Working Set Current = 32.11 Mb, Memory Working Set Peak = 32.25 Mb
Process Threads Number: 11

================== Tstep=2 ===================
+----+----+----+--------------+--------------+--------------+--------------+--------------+------+----+-+-+--+------+
|Name|view| sd | Initial res  | Initial resL1| Target res   | Final res    | Final res L1 |Visits|Iter|R|F|CL|Status|
+----+----+----+--------------+--------------+--------------+--------------+--------------+------+----+-+-+--+------+
| PS |   0|   0|  1.252056e-13|  8.699630e-07|  7.825348e-15|  5.353252e-15|  1.804119e-07|     5|  45|0|n|30|  OK  |
| QJ |   0|   0|  1.207922e-12|  0.000000e+00|  1.859603e-14|  1.105407e-14|  3.244531e-07|     3|   9|0|n|30|  OK  |
| QJ |   0|   1|  6.620298e-17|  0.000000e+00|  7.465139e-20|  1.951898e-20|  3.865352e-10|     3|   9|0|n|30|  OK  |
+----+----+--------------+--------------+--------------+--------------+--------------+------+----+-+-+--+------+
|Name|view| Initial res  | Initial resL1| Target res   | Final res    | Final res L1 |Visits|Iter|R|F|CL|Status|
+----+----+--------------+--------------+--------------+--------------+--------------+------+----+-+-+--+------+
| CHT|   0|  5.056034e-09|  2.072675e-04|  3.160021e-10|  1.907228e-10|  4.000206e-05|     5|  45|0|n|30|  OK  |
slv : View 0(0) T_solid: 
slv : nsd=0 
slv :         Qj:           min(0,0)=599.99999748463      , max(12,12)=599.99999977822      
slv :        phi:           min(2,2)=6.6976050999887e-05  , max(15,13)=0.00085924877028195  
slv : nsd=1 
slv :         Qj:           min(18,4)=599.99999997971      , max(22,8)=599.99999999645      
slv :        phi:           min(13,0)=0.0024277033157257   , max(23,9)=0.0029330669520835   
Memory Working Set Current = 32.11 Mb, Memory Working Set Peak = 32.26 Mb
Process Threads Number: 11

================== Tstep=3 ===================
+----+----+----+--------------+--------------+--------------+--------------+--------------+------+----+-+-+--+------+
|Name|view| sd | Initial res  | Initial resL1| Target res   | Final res    | Final res L1 |Visits|Iter|R|F|CL|Status|
+----+----+----+--------------+--------------+--------------+--------------+--------------+------+----+-+-+--+------+
| PS |   0|   0|  5.353248e-15|  1.804156e-07|  3.345780e-16|  2.289907e-16|  3.739979e-08|     5|  45|0|n|30|  OK  |
| QJ |   0|   0|  5.276520e-14|  0.000000e+00|  7.791970e-16|  4.782660e-16|  6.690971e-08|     3|   9|0|n|30|  OK  |
| QJ |   0|   1|  2.312541e-18|  0.000000e+00|  2.099209e-21|  6.923502e-22|  6.457412e-11|     3|   9|0|n|30|  OK  |
+----+----+--------------+--------------+--------------+--------------+--------------+------+----+-+-+--+------+
|Name|view| Initial res  | Initial resL1| Target res   | Final res    | Final res L1 |Visits|Iter|R|F|CL|Status|
+----+----+--------------+--------------+--------------+--------------+--------------+------+----+-+-+--+------+
| CHT|   0|  1.907228e-10|  4.000207e-05|  1.192018e-11|  7.200227e-12|  7.729811e-06|     5|  45|0|n|30|  OK  |
slv : View 0(0) T_solid: 
slv : nsd=0 
slv :         Qj:           min(0,0)=599.99999948394      , max(12,12)=599.99999995323      
slv :        phi:           min(2,2)=6.6976051066949e-05  , max(15,13)=0.00085924877132913  
slv : nsd=1 
slv :         Qj:           min(18,4)=599.99999999664      , max(22,8)=599.99999999944      
slv :        phi:           min(13,0)=0.0024277033167815   , max(23,9)=0.0029330669531442   
Memory Working Set Current = 32.11 Mb, Memory Working Set Peak = 32.26 Mb
Process Threads Number: 11

================== Tstep=4 ===================
+----+----+----+--------------+--------------+--------------+--------------+--------------+------+----+-+-+--+------+
|Name|view| sd | Initial res  | Initial resL1| Target res   | Final res    | Final res L1 |Visits|Iter|R|F|CL|Status|
+----+----+----+--------------+--------------+--------------+--------------+--------------+------+----+-+-+--+------+
| PS |   0|   0|  2.290512e-16|  3.740815e-08|  1.431570e-17|  9.764170e-18|  7.737981e-09|     5|  45|0|n|30|  OK  |
| QJ |   0|   0|  2.285604e-15|  0.000000e+00|  3.264810e-17|  2.067222e-17|  1.376975e-08|     3|   9|0|n|30|  OK  |
| QJ |   0|   1|  1.223524e-19|  0.000000e+00|  6.997032e-23|  4.632211e-23|  1.818989e-11|     3|   9|0|n|30|  OK  |
+----+----+--------------+--------------+--------------+--------------+--------------+------+----+-+-+--+------+
|Name|view| Initial res  | Initial resL1| Target res   | Final res    | Final res L1 |Visits|Iter|R|F|CL|Status|
+----+----+--------------+--------------+--------------+--------------+--------------+------+----+-+-+--+------+
| CHT|   0|  7.200225e-12|  7.729808e-06|  4.500140e-13|  2.720296e-13|  1.495245e-06|     5|  45|0|n|30|  OK  |
slv : View 0(0) T_solid: 
slv : nsd=0 
slv :         Qj:           min(0,0)=599.99999989388      , max(12,12)=599.99999998991      
slv :        phi:           min(2,2)=6.697605108069e-05   , max(15,13)=0.00085924877154613  
slv : nsd=1 
slv :         Qj:           min(18,4)=599.99999999935      , max(22,8)=599.99999999987      
slv :        phi:           min(13,0)=0.0024277033169999   , max(22,8)=0.0029330669533633   
Memory Working Set Current = 32.12 Mb, Memory Working Set Peak = 32.26 Mb
Process Threads Number: 11
/************Goal values******************/
GG Max Voltage 1				0.003 V
GG Joule Heat 1				ERROR: goal invalid
GG Max Temperature (Solid) 1				300.238075 K
/************End of Goal values******************/
/************	Min/Max Parameters	************/
Temperature (Solid):		min = 300 K		max = 300.238075 K
Specific Volume Joule Heat:		min = 600 W/m^3		max = 600 W/m^3
Voltage:		min = 0 V		max = 0.003 V
/************	End of Min/Max Parameters	************/
Solver finished at	22.2.2017	7:50:35
ENDING PROGRAM...
Estimated fld size=0.07 Mb
Writing fld file "15-JOULE_HEATING_IN_SOLID\00022-_-1_cond_ss_R_cond_-3\ft_run\1\1.fld"...
FILE SAVED: 1.fld. Total save fld took 0.00 sec.
real fld size=0.01 Mb
FILE RENAMED: r_000000.cfld -> 1.cfld
OK
Depository creating ...
stream_line (0.001 s)
FS triangles count 4 
wall_triangles (0.001 s)
nb_bricks (0.002 s)
Face_aver_on (0.000 s)
size of cv_intrp_s = 0.03 Mb
size of cv_intrp_fw = 0.00 Mb
size of cv_intrp_sw = 0.03 Mb
CCVInterp_DepEntry::Calculate duration = 0.001 s
cv_interp (0.002 s)
favorite_params (0.010 s)
Face_aver_off (0.000 s)
Depository creating ...OK (0.015 s)
Solver finished at	22.2.2017	7:50:35
Total CPU time 1 s
Free memory:
slv : +--------------------------+------------+-------+------------+------------+
slv : |      Collector name      | Total Time | Count |  Avg Time  |  Max Time  |
slv : +--------------------------+------------+-------+------------+------------+
slv : | CHT_MDS_import_export    |       0.000|      5|       0.000|       0.000|
slv : | CSolver_core_update_BC_1 |       0.000|      5|       0.000|       0.000|
slv : | Calculate_inc            |       0.171|      5|       0.034|       0.155|
slv : | LiSy_make_portrait       |       0.001|     23|       0.000|       0.000|
slv : | Results_processing       |       0.252|      5|       0.050|       0.247|
slv : | apply_sol_PSQJ_MDS       |       0.000|     10|       0.000|       0.000|
slv : | apply_sol_PS_MDS         |       0.001|     10|       0.000|       0.000|
slv : | build_sl_ordering_CHT    |       0.000|      5|       0.000|       0.000|
slv : | create_PSQJ_operator_MDS |       0.000|     10|       0.000|       0.000|
slv : | create_PS_operator_MDS   |       0.000|      5|       0.000|       0.000|
slv : | perform_stage_total      |       0.002|      4|       0.000|       0.001|
slv : | precalc_at_start_MDS     |       0.002|      4|       0.000|       0.001|
slv : | solve_CHT_MDS            |       0.006|      5|       0.001|       0.002|
slv : | solve_CHT_alg_MDS        |       0.005|      5|       0.001|       0.002|
slv : | solve_PSQJ_MDS           |       0.005|      5|       0.001|       0.001|
slv : | solve_PSQJ_MDS_total     |       0.161|      5|       0.032|       0.151|
slv : | solve_PSQJ_alg_MDS       |       0.004|     10|       0.000|       0.001|
slv : | solve_PS_MDS             |       0.155|      5|       0.031|       0.150|
slv : | solve_PS_alg_MDS         |       0.152|      5|       0.030|       0.149|
slv : | update_BC_MDS            |       0.000|      6|       0.000|       0.000|
slv : +--------------------------+------------+-------+------------+------------+
alg : 
alg :  size = 10
alg :  assembling_nnz_PardisoCholesky   0.000  5
alg :  build_coarse_select_omega        0.000  5
alg :  build_fine_select_omega          0.000  5
alg :  build_select_pivot_nonzeros      0.000  5
alg :  build_select_vectors             0.000  5
alg :  calc_residual_LU                 0.000  15
alg :  call_MG_solver                   0.002  5
alg :  clean_coarse_levels              0.000  5
alg :  clean_fine_level                 0.000  5
alg :  init_RB_coarse_nonzeros          0.000  5
alg :  init_RB_fine_nonzeros            0.000  5
alg :  init_coarse_levels               0.000  5
alg :  init_fine_level                  0.000  5
alg :  mg_cycle                         0.001  5
alg :  numerical_PardisoCholesky        0.000  5
alg :  perform_prolongation             0.000  10
alg :  perform_restriction              0.000  10
alg :  run_smoothing                    0.000  15
alg :  smoother_fine                    0.000  45
alg :  solve_MG                         0.002  5
alg :  solve_PardisoCholesky            0.000  10
alg :  symbolic_PardisoCholesky         0.000  1
alg :  update_mg_status                 0.000  25
alg : 
alg :  size = 14
alg :  assembling_nnz_PardisoCholesky   0.000  5
alg :  build_coarse_select_omega        0.000  5
alg :  build_fine_select_omega          0.000  5
alg :  build_select_pivot_nonzeros      0.000  5
alg :  build_select_vectors             0.000  5
alg :  calc_residual_LU                 0.000  14
alg :  call_MG_solver                   0.001  5
alg :  clean_coarse_levels              0.000  5
alg :  clean_fine_level                 0.000  5
alg :  init_RB_coarse_nonzeros          0.000  5
alg :  init_RB_fine_nonzeros            0.000  5
alg :  init_coarse_levels               0.000  5
alg :  init_fine_level                  0.000  5
alg :  mg_cycle                         0.001  5
alg :  numerical_PardisoCholesky        0.000  5
alg :  perform_prolongation             0.000  9
alg :  perform_restriction              0.000  9
alg :  run_smoothing                    0.000  14
alg :  smoother_fine                    0.000  42
alg :  solve_MG                         0.002  5
alg :  solve_PardisoCholesky            0.000  9
alg :  symbolic_PardisoCholesky         0.000  1
alg :  update_mg_status                 0.000  23
alg : 
alg :  size = 24
alg :  assembling_nnz_PardisoCholesky   0.000  5
alg :  build_coarse_select_omega        0.000  5
alg :  build_fine_select_omega          0.000  5
alg :  build_select_pivot_nonzeros      0.000  5
alg :  build_select_vectors             0.000  5
alg :  calc_residual_LU                 0.001  59
alg :  call_MG_solver                   0.152  5
alg :  clean_coarse_levels              0.000  5
alg :  clean_fine_level                 0.000  5
alg :  init_RB_coarse_nonzeros          0.000  5
alg :  init_RB_fine_nonzeros            0.000  5
alg :  init_coarse_levels               0.145  5
alg :  init_fine_level                  0.000  5
alg :  mg_cycle                         0.152  7
alg :  numerical_PardisoCholesky        0.000  5
alg :  perform_prolongation             0.000  52
alg :  perform_restriction              0.000  52
alg :  run_smoothing                    0.005  59
alg :  smoother_fine                    0.003  801
alg :  solve_MG                         0.152  5
alg :  solve_PardisoCholesky            0.001  52
alg :  symbolic_PardisoCholesky         0.144  1
alg :  update_mg_status                 0.000  111
alg : 
alg :  size = 24
alg :  build_coarse_select_omega     0.000  5
alg :  build_fine_select_omega       0.000  5
alg :  build_select_pivot_nonzeros   0.000  5
alg :  build_select_vectors          0.000  5
alg :  calc_residual_LU              0.000  35
alg :  call_MG_solver                0.005  5
alg :  clean_coarse_levels           0.000  5
alg :  clean_fine_level              0.000  5
alg :  init_RB_coarse_nonzeros       0.000  5
alg :  init_RB_fine_nonzeros         0.000  5
alg :  init_coarse_levels            0.001  5
alg :  init_fine_level               0.000  5
alg :  mg_cycle                      0.004  5
alg :  numerical_PardisoLU           0.000  5
alg :  perform_prolongation          0.000  30
alg :  perform_restriction           0.000  30
alg :  run_smoothing                 0.002  35
alg :  smoother_fine                 0.001  315
alg :  solve_MG                      0.005  5
alg :  solve_PardisoLU               0.001  30
alg :  symbolic_PardisoLU            0.000  1
alg :  update_mg_status              0.000  65
Free Geometry DB takes 0.000 s
OK
