Number of used processors (NPROC): 1.
Number of mesh partitions (NPART): 1.
Operating system:	Windows 7 Service Pack 1 (Version 6.1.7601)
Total Physical Memory = 6.00 Gb, Available Physical Memory = 3.99 Gb
Memory Working Set Current = 19.71 Mb, Memory Working Set Peak = 19.71 Mb
CPU:	GenuineIntel, Stepping ID = 2, Model = 13, Family = 6, Extended model = 2, MMX SSE SSE2 Hyper-Threading Technology SSE3
CPU Brand String:        Intel(R) Xeon(R) CPU E5-2680 0 @ 2.70GHz
Cache Line Size = 64, L2 Associativity = 6, Cache Size = 256K
Number of cores: 8, Processor type: 8664, Active processor mask: 255, Page size: 4096 bites
std::thread::hardware_concurrency = 8
OpenMP enabled (spec=200203). max_threads = 8, num_procs = 8, num_threads = 8.

SOLIDWORKS 2016 SP3.0
15-JOULE_HEATING_IN_SOLID\00040-thick_profile_Dirichlet\ft_run\1\1.fld
Configuration name:	Default
Project name:	as3d
/*******************************************/
/*         Project Summary                 */
/*******************************************/
Problem type:						internal
Result resolution:					3
Minimum gap size:					0.1
Minimum wall thickness:				1.72055
Manual refinement:					Off
Solid refinement:					Off
Fluid substances count				0

		Advanced capabilities
Heat transfer						Off
Transient						Off
Gravitation						Off
Laminar flow						Off
Compressibility					Off
Default wall condition				adiabatic wall
Roughness:						0

************************************************

Geometry database loading ...OK
Flow Simulation 2016  x64 / 3800 / SOLVER ver. efd_17_0.3746_30.12.2016+VOF_GUI_Therm_Slv_Integration_1 



STATIONARY

SOLID HEAT TRANSFER ONLY


JOULE HEATING
EXTERNAL=1  CHT=1  FROZEN=0  P_REF=1  RADIATION=0  HVAC_COMFORT_PARAMETERS=0
IT=0   NT=2   NZ=0
US_DIM=2
-----------------------------------------------------------------------
Allocating meshes:
	CPU count: 1
	MESH 0:
		Sub-meshes count: 1
-----------------------------------------------------------------------
Memory Status before reading BCF:
Memory Working Set Current = 23.54 Mb, Memory Working Set Peak = 23.54 Mb
Process Threads Number: 11

-----------------------------------------------------------------------
BCF CHECKSUM DATA (Mesh 0):

FACE_A Area Sum:   G.Fluid        0.0000000000000000
FACE_A Area Sum:   G.Solid        0.1600000000000000
FACE_W Area Sum:                  8.1319999999999997
FACE_W Nb   Sum:                  304
AV Max Disbalance: G.Fluid        0 (cid=-1, avid=-1, pid=-1)
AV Max Disbalance: G.Solid        8.34637e-17 (cid=7, avid=12, pid=9)
-----------------------------------------------------------------------


-----------------------------------------------------------------------
MESHER TOPOLOGY DATA (Mesh 0):

BRICKS: Total                 25
BRICKS: 1-CV                  10
BRICKS: 2-CV                  14
BRICKS: 3-CV                  1
BRICKS: Bad                   0

AV:     G.Total               41
AV:     G.Fluid               0
AV:     G.Solid               41

AV:     G.Fluid Thin Profile    0.00 % (0)
AV:     G.Solid Thin Profile    2.44 % (1)

AV:     G.Fluid Thin For Mega   0.00 % (0)
AV:     G.Solid Thin For Mega   2.44 % (1)

AV:     G.Fluid Non-Convex      0.00 % (0)
AV:     G.Solid Non-Convex      7.32 % (3)

FACE_A: G.Fluid          (af) 0 (partially opened 0)
FACE_A: G.Solid          (as) 56 (partially opened 32)

FACE_W: G.Total                 122         Brick/Bound
FACE_W: G.Fluid/Solid    (fs_g) 0           0           
FACE_W: G.Fluid/Fluid    (ff_g) 0           0           
FACE_W: G.Solid/Solid    (ss_g) 20          0           
FACE_W: G.Fluid/External (fe_g) 0
FACE_W: G.Solid/External (se_g) 102

AV/CV max fa count (on brick side):1
AV/CV max fw count:                1
AV/CV max fw poly count:           7

MEMORY: Total                   0.022 MB
MEMORY: Per Brick               0.919 KB
-----------------------------------------------------------------------

----------------------------------------------------------
BCF --> BCF.GEOMSUBDOM (bridge arrays) (cpu_num=1):
MESH (0):
	Fluid Subdom Constructor: 0 subdom(s).
	Solid Subdom Constructor: 2 subdom(s).
	Net Asm Subdom Constructor: 0 subdom(s).
	GEOMSUBDOM (0): gi=0 solid av=15 cv=15 fa=20 fw=50 V=8.800000e-03
	GEOMSUBDOM (1): gi=1 solid av=26 cv=26 fa=36 fw=92 V=3.120000e-02
	Setting nb of w-faces...OK.

MESH (0) checking:
	GEOMSUBDOM (0):fa_s=0.0424757513807944 fw_s=1.8119999999999981 fw_nb=120
	GEOMSUBDOM (1):fa_s=0.1175242486192056 fw_s=6.3720000000000061 fw_nb=224
MESH (0) checking: OK.
----------------------------------------------------------
Memory Status after reading BCF:
Memory Working Set Current = 24.07 Mb, Memory Working Set Peak = 24.07 Mb
Process Threads Number: 11
Total read CPT took 0.02 sec.
MESH::Bricks: Total=25 Gas=0 Solid=10 Partial=15 Irregular=0

-----------------------------------------------------------------------
Mesh dimensions:
				I[0 ]=5
				I[1 ]=5
				I[2 ]=1
Solver refinement level	I[47]=0

Comp. domain size:
				a[0  ]=-1
				a[1  ]=1
				a[2  ]=-1
				a[3  ]=1
				a[4  ]=-0.005
				a[5  ]=0.005
Wall thickness		a[231]=0
Gap size			a[232]=1
-----------------------------------------------------------------------
-----------------------------------------------------------------------
Preparing for calculations started at	22.2.2017	7:50:36
slv_max_lev=0
CD X0= -1, X1= 1, Y0= -1, Y1= 1, Z0= -0.005, Z1= 0.005
Collecting Reference Parameters... OK
-----------------------------------------------------------------------
CV statisticks for fluid...
	CV number:         0
	FACE_A max number: 0
	FACE_W max number: 0
-----------------------------------------------------------------------
-----------------------------------------------------------------------
CV statisticks for solid...
	CV number:         15
	FACE_A max number: 4
	FACE_W max number: 5
-----------------------------------------------------------------------
Update time step in solids: STATIONARY IN SOLIDS
Memory allocation for matrix entries in solver is block-wise,
( size of block = 1048576 bytes (1Mb) ).

There is 1 subdomain in solid:
subdomain 0: 15 control volumes

There is 1 subdomain in solid for electric potential:
subdomain 0: 15 control volumes

54 parameter(s) in list of scalar parameters
3 parameter(s) in list of vector parameters
-----------------------------------------------------------------------
Loading mesh settings (global/local/SAR)...
Setting regions...
Setting regions takes 0.000 s
-----------------------------------------------------------------------

CollectIndata: Initialize stored in U[] parameters (pressure,momentum,dens,..)... OK(CPU=5.44064e-05s)

Collect Body BC...OK
Collect Fans...OK
Collect Surface Sources...OK
Collect Contact resistance BC...OK
Collect Perforated plates BC...OK
Collect Electric contact BC...OK
Collect Surface Goals...
Received 0 wall face(s) and 0 virtual face(s)...
 OK
Total CPU time 0 s
Collect Unused surface area...OK

MWS =0.25
NPROC = 1, nested_parallelization = 0
NPART = 1

/-----------------------------------------------------------/
SOLVER TOPOLOGY DATA:

BRICKS: |level1| sum         0

CV:     Total               15
CV:     Fluid               0
CV:     Solid               15

CV:     G.Fluid Thin Profile    0.00 % (0)
CV:     G.Solid Thin Profile    6.67 % (1)

CV:     G.Fluid Non-Convex      0.00 % (0)
CV:     G.Solid Non-Convex      0.00 % (0)

FACE_A: Fluid          (af) 0
FACE_A: Max number placed on a brick-face in cv: 0
FACE_A: Solid          (as) 56

FACE_W: Total               122
FACE_W: Fluid/Solid    (fs) 0
FACE_W: Fluid/Fluid    (ff) 0
FACE_W: Solid/Solid    (ss) 0
FACE_W: Opening BC               (fo)  0
FACE_W: Fluid/Bound              (fw)  0
FACE_W: Solid/Bound              (sw)  50
FACE_W: Fluid/Bound Real Wall    (frw) 0
FACE_W: Solid/Bound Real Wall    (srw) 20
FACE_W: Max number placed in cv: 0
Solid:
CV Max Disbalance:                8.34637e-17 (ncv=4)
/-----------------------------------------------------------/

Create solver core
 MDS: Converting solver problem ...
MDS: OK
slv : Calculations at run start
slv : Create sub-domains supervisors:
slv : 	1 solid
slv : Create sub-domains mesh connectivity supervisors:
slv : Collect slices by phenomena...
slv : 	fluid flow slices were created:	0
slv : 	heat transfer slices were created:	1
slv : 	electric current flow slices were created:	1
slv : 	radiation slices were created:	0
slv : Creating meshes proxies for multigrid...
slv : Convert MESH[0] to multigrid mesh proxy...
slv : 25 bricks are accounted by implicit methods(100% of total)
slv : max tree bricks count = 1
alg : MG: create topological coarsening...
alg : Mesh 0  OK
slv : Building fluid flow views schemes...
slv : Building views for heat transfer...
slv : 1 views are created
slv : Building heat transfer views schemes...
slv : Building views for electric current flow...
slv : 1 views are created
slv : Building electric current flow views schemes...
slv : PrecalcAtStart views for fluid flow...
slv : PrecalcAtStart views for heat transfer...
Laplacian approximations statisticks:
	Number of open faces        :20
	N of computed(stored) approximations:19
	2-point approximations    :  5.0 %
	Thin profile approximations : 10.0 %

Creating view scheme...
1 heat transfer algebraic views are created
mgl = 31 size = 15
mgl = 30 size = 15

slv : PrecalcAtStart views for electric current flow...
Laplacian approximations statisticks:
	Number of open faces        :20
	N of computed(stored) approximations:19
	2-point approximations    :  5.0 %
	Thin profile approximations : 10.0 %

mgl = 31 size = 15
mgl = 30 size = 15

mgl = 31 size = 15
mgl = 30 size = 15

slv : PrecalcAtStart views for radiation...
slv : ------------ Start of Preliminary step at Calculation start ------------
slv : View 0(0) T_solid: 
slv : nsd=0 
slv :         Qj:           min(0,0)=0                    , max(0,0)=0                    
slv :        phi:           min(0,0)=0                    , max(0,0)=0                    
slv : ------------ End of Preliminary step at Calculation start ------------

----------------------------------------------------------
BCF checking (solver)...
----------------------------------------------------------

Estimated cfld size=0.02 Mb
Writing cfld file "15-JOULE_HEATING_IN_SOLID\00040-thick_profile_Dirichlet\ft_run\1/r_000000.cfld"...
Working in No GDBLight mode
Working in No GDBLight mode
FILE SAVED: r_000000.cfld. Total save cfld took 0.11 sec.
real cfld size=0.00 Mb
OK
Estimated fld size=0.07 Mb
Writing fld file "15-JOULE_HEATING_IN_SOLID\00040-thick_profile_Dirichlet\ft_run\1/r_000000.fld"...
FILE SAVED: r_000000.fld. Total save fld took 0.00 sec.
real fld size=0.01 Mb
OK
Init simple interpolator... OK (0.000 sec)
BC 'Outer Wall T=100' is on 2 faces (AS area=0.004, CAD area=0.004008, difference=-0.2%)
BC 'Outer Wall -4' is on 1 faces (AS area=0.004, CAD area=0.004008, difference=-0.2%)
Electrical BC 'Voltage 1V' is on 2 faces (AS area=0.004, CAD area=0.004008, difference=-0.2%)
Electrical BC 'Current 20A' is on 1 faces (AS area=0.004, CAD area=0.004008, difference=-0.2%)
Thermal resistance BC 'Contact Resistance 1' is on 17 faces (AS area=0.044, CAD area=0.044088, difference=-0.2%)

Preview parameters:
	Density (Solid)
	Temperature (Solid)
	Solid Thermal Conductivity (X)
	Solid Thermal Conductivity (Y)
	Solid Thermal Conductivity (Z)
	Heat Flux
	Heat Flux (X)
	Heat Flux (Y)
	Heat Flux (Z)
	Overheat above Melting Temperature
	Electric Current Density
	Electric Current Density (X)
	Electric Current Density (Y)
	Electric Current Density (Z)
	Specific Volume Joule Heat
	Voltage
16 parameter(s) in preview list of parameters

Calculation started at	22.2.2017	7:50:36
Total CPU time 0 s
//-------------There are no openings in task--------------//

================== Tstep=0 ===================
Boundary layer settings:
	Separation tau    on
	Enable 3D effects off
BL MODEL         	Ignore compressibility  off
	BL on porous body  off
	Separ. tau corr factor 0
	Separ. tau kappa 0.1
	Separ. tau KV0 0.1
------------------------
NumerCore CHT-start settings:
	Min typical size					1
	Zero vel ht factor				0.006
	C_mju_turb_min                   0.01
	Threshold value for K-E filter   0
	C_mju                            0.09
	C_eps1                           1.44
	C_eps2                           1.92
	Sigma_k                          1
	Sigma_eps                        1.3
	Sigma_c                          0.9
	Approx mode                      1st order
-------------
NumCoreFESSettings:
	Maximum possible Mach	0
	Turbulent Prandtl		0.9
-------------
slv : Implicit schemes in fluid settings:
slv : INPR	: rel_resid=0.00790569
slv : BACKGROUND	: rel_resid=0.00790569
slv : DVGR	: rel_resid=0.00790569
slv : MOMENTUM	: rel_resid=0.00790569
slv : CHT	: rel_resid=0.00790569
slv : Y_TD	: rel_resid=0.00790569
slv : Y_TURB	: rel_resid=0.00790569
slv : LMA	: rel_resid=0.00790569
slv : UVGI	: rel_resid=0.00790569
slv : NOx	: rel_resid=0.00790569
slv : VOL_FRAC_IM_PHASE	: rel_resid=0.00790569
slv : Disable wall motion impact into H threshold=10
slv : Relax par ring =0.05
slv : Isothermal cavitation CF corrector = 1
slv : Isothermal cavitation pseudo transient corrector = -1
slv : Isothermal cavitation forced time step in cavitated regions = -1
slv : force_free_surface_VOF = -1
slv : ---------------------------------------
------Solid settings---
Approximation mode = 2'nd order && thin_profiles
Solid temperature eps_abs scaling factor: 0.001
number dofs per absorptive face: 9
subgrid ratio: 0.500000
Blink filter: disabled
------------------------------
slv : Iterations settings:
slv : Max number of outer iter = 1
slv : Max number of Mass&Energy iter = 1
slv : Max Courant factor = 10
slv : Conservation laws tolerance residuals:
slv : 	MASS	0.005
slv : 	MOMENTUM	0.005
slv : 	ENERGY	0.005
slv : 	SPECIES	0.005
slv : 	TURBULENCE	0.005
slv : ---------------------------------------
slv : Scheme blocks settings:
slv : INPR	: stop_crit=residAbs_AND_residRel 
slv : BACKGROUND	: stop_crit=residAbs_AND_residRel 
slv : DVGR	: stop_crit=residAbs_AND_residRel 
slv : MOMENTUM	: stop_crit=residAbs_AND_residRel 
slv : CHT	: stop_crit=residAbs_AND_residRel 
slv : Y_TD	: stop_crit=residAbs_AND_residRel 
slv : Y_TURB	: stop_crit=residAbs_AND_residRel 
slv : LMA	: stop_crit=residAbs_AND_residRel 
slv : UVGI	: stop_crit=residAbs_AND_residRel 
slv : NOx	: stop_crit=residAbs_AND_residRel 
slv : VOL_FRAC_IM_PHASE	: stop_crit=residAbs_AND_residRel 
slv : ---------------------------------------
Accuracy scale coeff =1
+----+----+----+--------------+--------------+--------------+--------------+--------------+------+----+-+-+--+------+
|Name|view| sd | Initial res  | Initial resL1| Target res   | Final res    | Final res L1 |Visits|Iter|R|F|CL|Status|
+----+----+----+--------------+--------------+--------------+--------------+--------------+------+----+-+-+--+------+
| PS |   0|   0|  5.191408e+07|  9.428913e+03|  4.538426e-09|  8.107561e-10|  6.295048e-05|     9|  81|0|n|30|  OK  |
| QJ |   0|   0|  5.964186e+02|  0.000000e+00|  2.173903e-03|  3.546719e-27|  1.740830e-13|     2|   6|0|n|30|  OK  |
+----+----+--------------+--------------+--------------+--------------+--------------+------+----+-+-+--+------+
|Name|view| Initial res  | Initial resL1| Target res   | Final res    | Final res L1 |Visits|Iter|R|F|CL|Status|
+----+----+--------------+--------------+--------------+--------------+--------------+------+----+-+-+--+------+
| CHT|   0|  3.261546e+01|  8.056193e+00|  5.626620e-10|  2.636391e-10|  4.669468e-05|     4|  36|0|n|30|  OK  |
slv : View 0(0) T_solid: 
slv : nsd=0 
slv :         Qj:           min(4,4)=97.19401642797       , max(0,0)=99.817442842024      
slv :        phi:           min(14,14)=1.0014289494342      , max(0,0)=1.0410422026448      
Memory Working Set Current = 33.08 Mb, Memory Working Set Peak = 33.08 Mb
Process Threads Number: 11

================== Tstep=1 ===================
+----+----+----+--------------+--------------+--------------+--------------+--------------+------+----+-+-+--+------+
|Name|view| sd | Initial res  | Initial resL1| Target res   | Final res    | Final res L1 |Visits|Iter|R|F|CL|Status|
+----+----+----+--------------+--------------+--------------+--------------+--------------+------+----+-+-+--+------+
| PS |   0|   0|  8.107560e-10|  6.295048e-05|  5.067225e-11|  8.166664e-12|  6.458617e-06|     2|  18|0|n|30|  OK  |
| QJ |   0|   0|  5.964254e+02|  0.000000e+00|  2.173934e-03|  4.505973e-27|  1.811884e-13|     2|   6|0|n|30|  OK  |
+----+----+--------------+--------------+--------------+--------------+--------------+------+----+-+-+--+------+
|Name|view| Initial res  | Initial resL1| Target res   | Final res    | Final res L1 |Visits|Iter|R|F|CL|Status|
+----+----+--------------+--------------+--------------+--------------+--------------+------+----+-+-+--+------+
| CHT|   0|  2.342951e-10|  4.358379e-05|  1.464344e-11|  7.869958e-14|  8.094456e-07|     2|  18|0|n|30|  OK  |
slv : View 0(0) T_solid: 
slv : nsd=0 
slv :         Qj:           min(4,4)=97.194490468717      , max(0,0)=99.817638697136      
slv :        phi:           min(14,14)=1.0014289534699      , max(0,0)=1.0410422991295      
Memory Working Set Current = 33.10 Mb, Memory Working Set Peak = 33.23 Mb
Process Threads Number: 11

================== Tstep=2 ===================
+----+----+----+--------------+--------------+--------------+--------------+--------------+------+----+-+-+--+------+
|Name|view| sd | Initial res  | Initial resL1| Target res   | Final res    | Final res L1 |Visits|Iter|R|F|CL|Status|
+----+----+----+--------------+--------------+--------------+--------------+--------------+------+----+-+-+--+------+
| PS |   0|   0|  8.166666e-12|  6.458616e-06|  5.104166e-13|  8.471975e-14|  6.580616e-07|     2|  18|0|n|30|  OK  |
| QJ |   0|   0|  5.964261e+02|  0.000000e+00|  2.173937e-03|  5.705042e-27|  2.344791e-13|     2|   6|0|n|30|  OK  |
+----+----+--------------+--------------+--------------+--------------+--------------+------+----+-+-+--+------+
|Name|view| Initial res  | Initial resL1| Target res   | Final res    | Final res L1 |Visits|Iter|R|F|CL|Status|
+----+----+--------------+--------------+--------------+--------------+--------------+------+----+-+-+--+------+
| CHT|   0|  4.291388e-14|  6.181581e-07|  2.682118e-15|  8.160345e-16|  8.417584e-08|     2|  18|0|n|30|  OK  |
slv : View 0(0) T_solid: 
slv : nsd=0 
slv :         Qj:           min(4,4)=97.194538360346      , max(0,0)=99.817658196195      
slv :        phi:           min(14,14)=1.0014289538843      , max(0,0)=1.0410423089148      
Memory Working Set Current = 33.11 Mb, Memory Working Set Peak = 33.25 Mb
Process Threads Number: 11

================== Tstep=3 ===================
+----+----+----+--------------+--------------+--------------+--------------+--------------+------+----+-+-+--+------+
|Name|view| sd | Initial res  | Initial resL1| Target res   | Final res    | Final res L1 |Visits|Iter|R|F|CL|Status|
+----+----+----+--------------+--------------+--------------+--------------+--------------+------+----+-+-+--+------+
| PS |   0|   0|  8.471967e-14|  6.580628e-07|  5.294979e-15|  8.792933e-16|  6.704148e-08|     2|  18|0|n|30|  OK  |
| QJ |   0|   0|  5.964262e+02|  0.000000e+00|  2.173937e-03|  4.253538e-27|  1.669775e-13|     2|   6|0|n|30|  OK  |
+----+----+--------------+--------------+--------------+--------------+--------------+------+----+-+-+--+------+
|Name|view| Initial res  | Initial resL1| Target res   | Final res    | Final res L1 |Visits|Iter|R|F|CL|Status|
+----+----+--------------+--------------+--------------+--------------+--------------+------+----+-+-+--+------+
| CHT|   0|  4.094843e-16|  6.339533e-08|  4.094843e-16|  1.867572e-16|  3.692938e-08|     1|   3|0|y|30|  OK  |
slv : View 0(0) T_solid: 
slv : nsd=0 
slv :         Qj:           min(4,4)=97.194543238723      , max(0,0)=99.817660181933      
slv :        phi:           min(14,14)=1.0014289539265      , max(0,0)=1.0410423099116      
Memory Working Set Current = 33.11 Mb, Memory Working Set Peak = 33.25 Mb
Process Threads Number: 11

================== Tstep=4 ===================
+----+----+----+--------------+--------------+--------------+--------------+--------------+------+----+-+-+--+------+
|Name|view| sd | Initial res  | Initial resL1| Target res   | Final res    | Final res L1 |Visits|Iter|R|F|CL|Status|
+----+----+----+--------------+--------------+--------------+--------------+--------------+------+----+-+-+--+------+
| PS |   0|   0|  8.792848e-16|  6.704232e-08|  5.495530e-17|  9.126020e-18|  6.829966e-09|     2|  18|0|n|30|  OK  |
| QJ |   0|   0|  5.964262e+02|  0.000000e+00|  2.173937e-03|  7.194411e-28|  6.039613e-14|     2|   6|0|n|30|  OK  |
+----+----+--------------+--------------+--------------+--------------+--------------+------+----+-+-+--+------+
|Name|view| Initial res  | Initial resL1| Target res   | Final res    | Final res L1 |Visits|Iter|R|F|CL|Status|
+----+----+--------------+--------------+--------------+--------------+--------------+------+----+-+-+--+------+
| CHT|   0|  1.641818e-16|  3.443036e-08|  1.641818e-16|  8.145587e-17|  2.523352e-08|     1|   3|0|y|30|  OK  |
slv : View 0(0) T_solid: 
slv : nsd=0 
slv :         Qj:           min(4,4)=97.194543735717      , max(0,0)=99.817660384233      
slv :        phi:           min(14,14)=1.0014289539308      , max(0,0)=1.0410423100132      
Memory Working Set Current = 33.11 Mb, Memory Working Set Peak = 33.25 Mb
Process Threads Number: 11
Iteration : time = 0.140405 , count = 5 , time/count = 0.028081
Calculate_inc() : time = 0.140405 , count = 5 , time/count = 0.028081
TreatFlowEvolution() : time = 0 , count = 5 , time/count = 0
SolverPreview : time = 0 , count = 6 , time/count = 0
TreatGoals : time = 0 , count = 5 , time/count = 0

================== Tstep=5 ===================
+----+----+----+--------------+--------------+--------------+--------------+--------------+------+----+-+-+--+------+
|Name|view| sd | Initial res  | Initial resL1| Target res   | Final res    | Final res L1 |Visits|Iter|R|F|CL|Status|
+----+----+----+--------------+--------------+--------------+--------------+--------------+------+----+-+-+--+------+
| PS |   0|   0|  9.126184e-18|  6.830512e-09|  9.126184e-18|  6.922534e-18|  6.515862e-09|     1|   3|0|y|30|  OK  |
| QJ |   0|   0|  5.964262e+02|  0.000000e+00|  2.173937e-03|  9.794497e-27|  2.842171e-13|     2|   6|0|n|30|  OK  |
+----+----+--------------+--------------+--------------+--------------+--------------+------+----+-+-+--+------+
|Name|view| Initial res  | Initial resL1| Target res   | Final res    | Final res L1 |Visits|Iter|R|F|CL|Status|
+----+----+--------------+--------------+--------------+--------------+--------------+------+----+-+-+--+------+
| CHT|   0|  8.122542e-17|  2.519127e-08|  8.122542e-17|  4.291804e-17|  1.892114e-08|     1|   3|0|y|30|  OK  |
slv : View 0(0) T_solid: 
slv : nsd=0 
slv :         Qj:           min(4,4)=97.194543742101      , max(0,0)=99.817660387866      
slv :        phi:           min(14,14)=1.0014289539308      , max(0,0)=1.0410423100143      
Memory Working Set Current = 33.11 Mb, Memory Working Set Peak = 33.25 Mb
Process Threads Number: 11

================== Tstep=6 ===================
+----+----+----+--------------+--------------+--------------+--------------+--------------+------+----+-+-+--+------+
|Name|view| sd | Initial res  | Initial resL1| Target res   | Final res    | Final res L1 |Visits|Iter|R|F|CL|Status|
+----+----+----+--------------+--------------+--------------+--------------+--------------+------+----+-+-+--+------+
| PS |   0|   0|  6.923006e-18|  6.516432e-09|  6.923006e-18|  5.574420e-18|  6.120141e-09|     1|   3|0|y|30|  OK  |
| QJ |   0|   0|  5.964262e+02|  0.000000e+00|  2.173937e-03|  3.130200e-27|  1.705303e-13|     2|   6|0|n|30|  OK  |
+----+----+--------------+--------------+--------------+--------------+--------------+------+----+-+-+--+------+
|Name|view| Initial res  | Initial resL1| Target res   | Final res    | Final res L1 |Visits|Iter|R|F|CL|Status|
+----+----+--------------+--------------+--------------+--------------+--------------+------+----+-+-+--+------+
| CHT|   0|  4.278602e-17|  1.888650e-08|  4.278602e-17|  2.383166e-17|  1.428236e-08|     1|   3|0|y|30|  OK  |
slv : View 0(0) T_solid: 
slv : nsd=0 
slv :         Qj:           min(4,4)=97.19454374693       , max(0,0)=99.817660390362      
slv :        phi:           min(14,14)=1.0014289539308      , max(0,0)=1.0410423100152      
Memory Working Set Current = 33.11 Mb, Memory Working Set Peak = 33.25 Mb
Process Threads Number: 11

================== Tstep=7 ===================
+----+----+----+--------------+--------------+--------------+--------------+--------------+------+----+-+-+--+------+
|Name|view| sd | Initial res  | Initial resL1| Target res   | Final res    | Final res L1 |Visits|Iter|R|F|CL|Status|
+----+----+----+--------------+--------------+--------------+--------------+--------------+------+----+-+-+--+------+
| PS |   0|   0|  5.575374e-18|  6.121636e-09|  5.575374e-18|  4.628278e-18|  5.703672e-09|     1|   3|0|y|30|  OK  |
| QJ |   0|   0|  5.964262e+02|  0.000000e+00|  2.173937e-03|  1.120814e-26|  2.984279e-13|     2|   6|0|n|30|  OK  |
+----+----+--------------+--------------+--------------+--------------+--------------+------+----+-+-+--+------+
|Name|view| Initial res  | Initial resL1| Target res   | Final res    | Final res L1 |Visits|Iter|R|F|CL|Status|
+----+----+--------------+--------------+--------------+--------------+--------------+------+----+-+-+--+------+
| CHT|   0|  2.374965e-17|  1.425274e-08|  2.374965e-17|  1.365923e-17|  1.086568e-08|     1|   3|0|y|30|  OK  |
slv : View 0(0) T_solid: 
slv : nsd=0 
slv :         Qj:           min(4,4)=97.194543750873      , max(0,0)=99.817660392159      
slv :        phi:           min(14,14)=1.0014289539309      , max(0,0)=1.041042310016       
Memory Working Set Current = 33.11 Mb, Memory Working Set Peak = 33.25 Mb
Process Threads Number: 11

================== Tstep=8 ===================
+----+----+----+--------------+--------------+--------------+--------------+--------------+------+----+-+-+--+------+
|Name|view| sd | Initial res  | Initial resL1| Target res   | Final res    | Final res L1 |Visits|Iter|R|F|CL|Status|
+----+----+----+--------------+--------------+--------------+--------------+--------------+------+----+-+-+--+------+
| PS |   0|   0|  4.628681e-18|  5.704510e-09|  4.628681e-18|  3.897101e-18|  5.293765e-09|     1|   3|0|y|30|  OK  |
| QJ |   0|   0|  5.964262e+02|  0.000000e+00|  2.173937e-03|  1.325286e-27|  7.460699e-14|     2|   6|0|n|30|  OK  |
+----+----+--------------+--------------+--------------+--------------+--------------+------+----+-+-+--+------+
|Name|view| Initial res  | Initial resL1| Target res   | Final res    | Final res L1 |Visits|Iter|R|F|CL|Status|
+----+----+--------------+--------------+--------------+--------------+--------------+------+----+-+-+--+------+
| CHT|   0|  1.360530e-17|  1.083951e-08|  1.360530e-17|  7.942552e-18|  8.301445e-09|     1|   3|0|y|30|  OK  |
slv : View 0(0) T_solid: 
slv : nsd=0 
slv :         Qj:           min(4,4)=97.194543754261      , max(0,0)=99.81766039356       
slv :        phi:           min(14,14)=1.0014289539309      , max(0,0)=1.0410423100166      
Memory Working Set Current = 33.11 Mb, Memory Working Set Peak = 33.25 Mb
Process Threads Number: 11

================== Tstep=9 ===================
+----+----+----+--------------+--------------+--------------+--------------+--------------+------+----+-+-+--+------+
|Name|view| sd | Initial res  | Initial resL1| Target res   | Final res    | Final res L1 |Visits|Iter|R|F|CL|Status|
+----+----+----+--------------+--------------+--------------+--------------+--------------+------+----+-+-+--+------+
| PS |   0|   0|  3.896291e-18|  5.294821e-09|  3.896291e-18|  3.303664e-18|  4.902674e-09|     1|   3|0|y|30|  OK  |
| QJ |   0|   0|  5.964262e+02|  0.000000e+00|  2.173937e-03|  6.575945e-27|  2.451372e-13|     2|   6|0|n|30|  OK  |
+----+----+--------------+--------------+--------------+--------------+--------------+------+----+-+-+--+------+
|Name|view| Initial res  | Initial resL1| Target res   | Final res    | Final res L1 |Visits|Iter|R|F|CL|Status|
+----+----+--------------+--------------+--------------+--------------+--------------+------+----+-+-+--+------+
| CHT|   0|  7.905938e-18|  8.277869e-09|  7.905938e-18|  4.645360e-18|  6.353558e-09|     1|   3|0|y|30|  OK  |
slv : View 0(0) T_solid: 
slv : nsd=0 
slv :         Qj:           min(4,4)=97.194543757264      , max(0,0)=99.817660394724      
slv :        phi:           min(14,14)=1.0014289539309      , max(0,0)=1.0410423100173      
slv : +--------------------------+------------+-------+------------+------------+
slv : |      Collector name      | Total Time | Count |  Avg Time  |  Max Time  |
slv : +--------------------------+------------+-------+------------+------------+
slv : | CHT_MDS_import_export    |       0.000|      9|       0.000|       0.000|
slv : | CSolver_core_update_BC_1 |       0.000|     10|       0.000|       0.000|
slv : | Calculate_inc            |       0.133|      9|       0.015|       0.118|
slv : | LiSy_make_portrait       |       0.001|     26|       0.000|       0.000|
slv : | Results_processing       |       0.013|      9|       0.001|       0.004|
slv : | apply_sol_PSQJ_MDS       |       0.000|     10|       0.000|       0.000|
slv : | apply_sol_PS_MDS         |       0.001|     10|       0.000|       0.000|
slv : | build_sl_ordering_CHT    |       0.000|     10|       0.000|       0.000|
slv : | create_PSQJ_operator_MDS |       0.000|     10|       0.000|       0.000|
slv : | create_PS_operator_MDS   |       0.000|     10|       0.000|       0.000|
slv : | perform_stage_total      |       0.002|      4|       0.000|       0.001|
slv : | precalc_at_start_MDS     |       0.002|      4|       0.000|       0.001|
slv : | solve_CHT_MDS            |       0.004|     10|       0.000|       0.001|
slv : | solve_CHT_alg_MDS        |       0.002|     10|       0.000|       0.001|
slv : | solve_PSQJ_MDS           |       0.005|     10|       0.000|       0.001|
slv : | solve_PSQJ_MDS_total     |       0.126|     10|       0.013|       0.116|
slv : | solve_PSQJ_alg_MDS       |       0.004|     10|       0.000|       0.001|
slv : | solve_PS_MDS             |       0.119|     10|       0.012|       0.115|
slv : | solve_PS_alg_MDS         |       0.116|     10|       0.012|       0.114|
slv : | update_BC_MDS            |       0.000|     11|       0.000|       0.000|
slv : +--------------------------+------------+-------+------------+------------+
Memory Working Set Current = 33.11 Mb, Memory Working Set Peak = 33.25 Mb
Process Threads Number: 11
/************Goal values******************/
GG Joule Heat 1				0.867454392 W
GG Max Temperature (Solid) 1				298.443602 K
GG Av Temperature (Solid) 1				238.404759 K
/************End of Goal values******************/
/************	Min/Max Parameters	************/
Temperature (Solid):		min = 100 K		max = 298.443602 K
Specific Volume Joule Heat:		min = 97.1945438 W/m^3		max = 99.8176604 W/m^3
/************	End of Min/Max Parameters	************/
Solver finished at	22.2.2017	7:50:36
ENDING PROGRAM...
Estimated fld size=0.07 Mb
Writing fld file "15-JOULE_HEATING_IN_SOLID\00040-thick_profile_Dirichlet\ft_run\1\1.fld"...
FILE SAVED: 1.fld. Total save fld took 0.00 sec.
real fld size=0.01 Mb
FILE RENAMED: r_000000.cfld -> 1.cfld
OK
Depository creating ...
stream_line (0.000 s)
FS triangles count 8 
wall_triangles (0.001 s)
nb_bricks (0.001 s)
Face_aver_on (0.000 s)
size of cv_intrp_s = 0.02 Mb
size of cv_intrp_fw = 0.00 Mb
size of cv_intrp_sw = 0.02 Mb
CCVInterp_DepEntry::Calculate duration = 0.001 s
cv_interp (0.002 s)
favorite_params (0.010 s)
Face_aver_off (0.000 s)
Depository creating ...OK (0.015 s)
Solver finished at	22.2.2017	7:50:36
Total CPU time 0 s
Free memory:
slv : +--------------------------+------------+-------+------------+------------+
slv : |      Collector name      | Total Time | Count |  Avg Time  |  Max Time  |
slv : +--------------------------+------------+-------+------------+------------+
slv : | CHT_MDS_import_export    |       0.000|     10|       0.000|       0.000|
slv : | CSolver_core_update_BC_1 |       0.000|     10|       0.000|       0.000|
slv : | Calculate_inc            |       0.135|     10|       0.014|       0.118|
slv : | LiSy_make_portrait       |       0.001|     26|       0.000|       0.000|
slv : | Results_processing       |       0.015|     10|       0.001|       0.004|
slv : | apply_sol_PSQJ_MDS       |       0.000|     10|       0.000|       0.000|
slv : | apply_sol_PS_MDS         |       0.001|     10|       0.000|       0.000|
slv : | build_sl_ordering_CHT    |       0.000|     10|       0.000|       0.000|
slv : | create_PSQJ_operator_MDS |       0.000|     10|       0.000|       0.000|
slv : | create_PS_operator_MDS   |       0.000|     10|       0.000|       0.000|
slv : | perform_stage_total      |       0.002|      4|       0.000|       0.001|
slv : | precalc_at_start_MDS     |       0.002|      4|       0.000|       0.001|
slv : | solve_CHT_MDS            |       0.004|     10|       0.000|       0.001|
slv : | solve_CHT_alg_MDS        |       0.002|     10|       0.000|       0.001|
slv : | solve_PSQJ_MDS           |       0.005|     10|       0.000|       0.001|
slv : | solve_PSQJ_MDS_total     |       0.126|     10|       0.013|       0.116|
slv : | solve_PSQJ_alg_MDS       |       0.004|     10|       0.000|       0.001|
slv : | solve_PS_MDS             |       0.119|     10|       0.012|       0.115|
slv : | solve_PS_alg_MDS         |       0.116|     10|       0.012|       0.114|
slv : | update_BC_MDS            |       0.000|     11|       0.000|       0.000|
slv : +--------------------------+------------+-------+------------+------------+
alg : 
alg :  size = 15
alg :  assembling_nnz_PardisoCholesky   0.000  10
alg :  build_coarse_select_omega        0.000  10
alg :  build_fine_select_omega          0.000  10
alg :  build_select_pivot_nonzeros      0.000  10
alg :  build_select_vectors             0.000  10
alg :  calc_residual_LU                 0.000  20
alg :  call_MG_solver                   0.003  10
alg :  clean_coarse_levels              0.000  10
alg :  clean_fine_level                 0.000  10
alg :  init_RB_coarse_nonzeros          0.000  10
alg :  init_RB_fine_nonzeros            0.000  10
alg :  init_coarse_levels               0.001  10
alg :  init_fine_level                  0.000  10
alg :  mg_cycle                         0.002  10
alg :  numerical_PardisoCholesky        0.000  10
alg :  perform_prolongation             0.000  10
alg :  perform_restriction              0.000  10
alg :  run_smoothing                    0.001  20
alg :  smoother_fine                    0.000  60
alg :  solve_MG                         0.003  10
alg :  solve_PardisoCholesky            0.000  10
alg :  symbolic_PardisoCholesky         0.000  1
alg :  update_mg_status                 0.000  30
alg : 
alg :  size = 15
alg :  assembling_nnz_PardisoCholesky   0.000  5
alg :  build_coarse_select_omega        0.000  5
alg :  build_fine_select_omega          0.000  10
alg :  build_select_pivot_nonzeros      0.000  10
alg :  build_select_vectors             0.000  10
alg :  calc_residual_LU                 0.000  22
alg :  call_MG_solver                   0.116  10
alg :  clean_coarse_levels              0.000  5
alg :  clean_fine_level                 0.000  10
alg :  init_RB_coarse_nonzeros          0.000  5
alg :  init_RB_fine_nonzeros            0.000  10
alg :  init_coarse_levels               0.113  5
alg :  init_fine_level                  0.000  10
alg :  mg_cycle                         0.115  10
alg :  numerical_PardisoCholesky        0.000  5
alg :  perform_prolongation             0.000  12
alg :  perform_restriction              0.000  12
alg :  run_smoothing                    0.001  22
alg :  smoother_fine                    0.001  168
alg :  solve_MG                         0.116  10
alg :  solve_PardisoCholesky            0.000  12
alg :  symbolic_PardisoCholesky         0.113  1
alg :  update_mg_status                 0.000  34
alg : 
alg :  size = 15
alg :  build_coarse_select_omega     0.000  2
alg :  build_fine_select_omega       0.000  10
alg :  build_select_pivot_nonzeros   0.000  10
alg :  build_select_vectors          0.000  10
alg :  calc_residual_LU              0.000  15
alg :  call_MG_solver                0.002  10
alg :  clean_coarse_levels           0.000  2
alg :  clean_fine_level              0.000  10
alg :  init_RB_coarse_nonzeros       0.000  2
alg :  init_RB_fine_nonzeros         0.000  10
alg :  init_coarse_levels            0.000  2
alg :  init_fine_level               0.000  10
alg :  mg_cycle                      0.001  10
alg :  numerical_PardisoLU           0.000  2
alg :  perform_prolongation          0.000  4
alg :  perform_restriction           0.000  4
alg :  run_smoothing                 0.001  15
alg :  smoother_fine                 0.000  93
alg :  solve_MG                      0.002  10
alg :  solve_PardisoLU               0.000  4
alg :  symbolic_PardisoLU            0.000  1
alg :  update_mg_status              0.000  19
Free Geometry DB takes 0.000 s
OK
