Number of used processors (NPROC): 1.
Number of mesh partitions (NPART): 1.
Operating system:	Windows 7 Service Pack 1 (Version 6.1.7601)
Total Physical Memory = 6.00 Gb, Available Physical Memory = 3.84 Gb
Memory Working Set Current = 17.60 Mb, Memory Working Set Peak = 17.60 Mb
CPU:	GenuineIntel, Stepping ID = 2, Model = 13, Family = 6, Extended model = 2, MMX SSE SSE2 Hyper-Threading Technology SSE3
CPU Brand String:        Intel(R) Xeon(R) CPU E5-2680 0 @ 2.70GHz
Cache Line Size = 64, L2 Associativity = 6, Cache Size = 256K
Number of cores: 8, Processor type: 8664, Active processor mask: 255, Page size: 4096 bites
std::thread::hardware_concurrency = 8
OpenMP enabled (spec=200203). max_threads = 8, num_procs = 8, num_threads = 8.

SOLIDWORKS 2016 SP3.0
14-HEAT_TRANSFER_IN_SOLID\00011-insulated_cv_aniso\ft_run\1\1.fld
Configuration name:	Default
Project name:	as3d
/*******************************************/
/*         Project Summary                 */
/*******************************************/
Problem type:						internal
Result resolution:					5
Minimum gap size:					1
Minimum wall thickness:				1
Manual refinement:					Off
Solid refinement:					Off
Fluid substances count				0

		Advanced capabilities
Heat transfer						Off
Transient						Off
Gravitation						Off
Laminar flow						Off
Compressibility					Off
Default wall condition				adiabatic wall
Roughness:						0

************************************************

Geometry database loading ...OK
Flow Simulation 2016  x64 / 3800 / SOLVER ver. efd_17_0.3746_30.12.2016+VOF_GUI_Therm_Slv_Integration_1 



STATIONARY

SOLID HEAT TRANSFER ONLY

EXTERNAL=1  CHT=1  FROZEN=0  P_REF=1  RADIATION=0  HVAC_COMFORT_PARAMETERS=0
IT=0   NT=2   NZ=0
US_DIM=1
-----------------------------------------------------------------------
Allocating meshes:
	CPU count: 1
	MESH 0:
		Sub-meshes count: 1
-----------------------------------------------------------------------
Memory Status before reading BCF:
Memory Working Set Current = 20.64 Mb, Memory Working Set Peak = 20.64 Mb
Process Threads Number: 11

-----------------------------------------------------------------------
BCF CHECKSUM DATA (Mesh 0):

FACE_A Area Sum:   G.Fluid        0.0000000000000000
FACE_A Area Sum:   G.Solid        0.5010000000000001
FACE_W Area Sum:                  7.6256240000000011
FACE_W Nb   Sum:                  96
AV Max Disbalance: G.Fluid        0 (cid=-1, avid=-1, pid=-1)
AV Max Disbalance: G.Solid        8.54815e-17 (cid=1, avid=2, pid=2)
-----------------------------------------------------------------------


-----------------------------------------------------------------------
MESHER TOPOLOGY DATA (Mesh 0):

BRICKS: Total                 6
BRICKS: 1-CV                  1
BRICKS: 2-CV                  4
BRICKS: 3-CV                  1
BRICKS: Bad                   0

AV:     G.Total               12
AV:     G.Fluid               0
AV:     G.Solid               12

AV:     G.Fluid Thin Profile    0.00 % (0)
AV:     G.Solid Thin Profile    8.33 % (1)

AV:     G.Fluid Thin For Mega   0.00 % (0)
AV:     G.Solid Thin For Mega   0.00 % (0)

AV:     G.Fluid Non-Convex      0.00 % (0)
AV:     G.Solid Non-Convex     41.67 % (5)

FACE_A: G.Fluid          (af) 0 (partially opened 0)
FACE_A: G.Solid          (as) 13 (partially opened 11)

FACE_W: G.Total                 46          Brick/Bound
FACE_W: G.Fluid/Solid    (fs_g) 0           0           
FACE_W: G.Fluid/Fluid    (ff_g) 0           0           
FACE_W: G.Solid/Solid    (ss_g) 12          0           
FACE_W: G.Fluid/External (fe_g) 0
FACE_W: G.Solid/External (se_g) 34

AV/CV max fa count (on brick side):1
AV/CV max fw count:                1
AV/CV max fw poly count:           7

MEMORY: Total                   0.008 MB
MEMORY: Per Brick               1.290 KB
-----------------------------------------------------------------------

----------------------------------------------------------
BCF --> BCF.GEOMSUBDOM (bridge arrays) (cpu_num=1):
MESH (0):
	Fluid Subdom Constructor: 0 subdom(s).
	Solid Subdom Constructor: 2 subdom(s).
	Net Asm Subdom Constructor: 0 subdom(s).
	GEOMSUBDOM (0): gi=0 solid av=5 cv=5 fa=5 fw=22 V=2.250000e-01
	GEOMSUBDOM (1): gi=1 solid av=7 cv=7 fa=8 fw=36 V=7.620120e-02
	Setting nb of w-faces...OK.

MESH (0) checking:
	GEOMSUBDOM (0):fa_s=0.3000000000000000 fw_s=5.3000000000000016 fw_nb=44
	GEOMSUBDOM (1):fa_s=0.2010000000000000 fw_s=3.1256239999999993 fw_nb=76
MESH (0) checking: OK.
----------------------------------------------------------
Memory Status after reading BCF:
Memory Working Set Current = 21.11 Mb, Memory Working Set Peak = 21.11 Mb
Process Threads Number: 11
Total read CPT took 0.00 sec.
MESH::Bricks: Total=6 Gas=0 Solid=1 Partial=5 Irregular=0

-----------------------------------------------------------------------
Mesh dimensions:
				I[0 ]=3
				I[1 ]=2
				I[2 ]=1
Solver refinement level	I[47]=0

Comp. domain size:
				a[0  ]=-1.503
				a[1  ]=1.503
				a[2  ]=-0.501
				a[3  ]=0.501
				a[4  ]=-0.05
				a[5  ]=0.05
Wall thickness		a[231]=0
Gap size			a[232]=1
-----------------------------------------------------------------------
-----------------------------------------------------------------------
Preparing for calculations started at	22.2.2017	7:50:10
slv_max_lev=0
CD X0= -1.503, X1= 1.503, Y0= -0.501, Y1= 0.501, Z0= -0.05, Z1= 0.05
Collecting Reference Parameters... OK
-----------------------------------------------------------------------
CV statisticks for fluid...
	CV number:         0
	FACE_A max number: 0
	FACE_W max number: 0
-----------------------------------------------------------------------
-----------------------------------------------------------------------
CV statisticks for solid...
	CV number:         5
	FACE_A max number: 3
	FACE_W max number: 5
-----------------------------------------------------------------------
Update time step in solids: STATIONARY IN SOLIDS
Memory allocation for matrix entries in solver is block-wise,
( size of block = 1048576 bytes (1Mb) ).

There are 3 subdomains in solid:
subdomain 0: 2 control volumes
subdomain 1: 2 control volumes
subdomain 2: 1 control volumes

43 parameter(s) in list of scalar parameters
2 parameter(s) in list of vector parameters
-----------------------------------------------------------------------
Loading mesh settings (global/local/SAR)...
Setting regions...
Setting regions takes 0.000 s
-----------------------------------------------------------------------

CollectIndata: Initialize stored in U[] parameters (pressure,momentum,dens,..)... OK(CPU=5.48254e-05s)

Collect Body BC...OK
Collect Fans...OK
Collect Surface Sources...OK
Collect Contact resistance BC...OK
Collect Perforated plates BC...OK
Collect Electric contact BC...OK
Collect Surface Goals...
Received 0 wall face(s) and 0 virtual face(s)...
 OK
Total CPU time 0 s
Collect Unused surface area...OK

MWS =0.25
NPROC = 1, nested_parallelization = 0
NPART = 1

/-----------------------------------------------------------/
SOLVER TOPOLOGY DATA:

BRICKS: |level1| sum         0

CV:     Total               5
CV:     Fluid               0
CV:     Solid               5

CV:     G.Fluid Thin Profile    0.00 % (0)
CV:     G.Solid Thin Profile   20.00 % (1)

CV:     G.Fluid Non-Convex      0.00 % (0)
CV:     G.Solid Non-Convex     20.00 % (1)

FACE_A: Fluid          (af) 0
FACE_A: Max number placed on a brick-face in cv: 0
FACE_A: Solid          (as) 13

FACE_W: Total               46
FACE_W: Fluid/Solid    (fs) 0
FACE_W: Fluid/Fluid    (ff) 0
FACE_W: Solid/Solid    (ss) 0
FACE_W: Opening BC               (fo)  0
FACE_W: Fluid/Bound              (fw)  0
FACE_W: Solid/Bound              (sw)  22
FACE_W: Fluid/Bound Real Wall    (frw) 0
FACE_W: Solid/Bound Real Wall    (srw) 12
FACE_W: Max number placed in cv: 0
Solid:
CV Max Disbalance:                8.54815e-17 (ncv=2)
/-----------------------------------------------------------/

Create solver core
 MDS: Converting solver problem ...
MDS: OK
slv : Calculations at run start
slv : Create sub-domains supervisors:
slv : 	1 solid
slv : Create sub-domains mesh connectivity supervisors:
slv : Collect slices by phenomena...
slv : 	fluid flow slices were created:	0
slv : 	heat transfer slices were created:	3
slv : 	electric current flow slices were created:	0
slv : 	radiation slices were created:	0
slv : Creating meshes proxies for multigrid...
slv : Convert MESH[0] to multigrid mesh proxy...
slv : 6 bricks are accounted by implicit methods(100% of total)
slv : max tree bricks count = 1
alg : MG: create topological coarsening...
alg : Mesh 0  OK
slv : Building fluid flow views schemes...
slv : Building views for heat transfer...
slv : 3 views are created
slv : Building heat transfer views schemes...
slv : Building electric current flow views schemes...
slv : PrecalcAtStart views for fluid flow...
slv : PrecalcAtStart views for heat transfer...
Laplacian approximations statisticks:
	Number of open faces        :1
	N of computed(stored) approximations:0
	2-point approximations    :100.0 %
	Thin profile approximations :  0.0 %

Creating view scheme...
1 heat transfer algebraic views are created
mgl = 31 size = 2
mgl = 30 size = 1

Laplacian approximations statisticks:
	Number of open faces        :1
	N of computed(stored) approximations:0
	2-point approximations    :100.0 %
	Thin profile approximations :  0.0 %

Creating view scheme...
1 heat transfer algebraic views are created
mgl = 31 size = 2
mgl = 30 size = 1

Laplacian approximations statisticks:
	Number of open faces        :0
	N of computed(stored) approximations:0
Creating view scheme...
1 heat transfer algebraic views are created
mgl = 31 size = 1
mgl = 30 size = 1

slv : PrecalcAtStart views for electric current flow...
slv : PrecalcAtStart views for radiation...
slv : ------------ Start of Preliminary step at Calculation start ------------
slv : View 0(0) T_solid: 
slv : View 1(0) T_solid: 
slv : View 2(0) T_solid: 
slv : nsd=0 
slv : ------------ End of Preliminary step at Calculation start ------------

----------------------------------------------------------
BCF checking (solver)...
----------------------------------------------------------

Estimated cfld size=0.02 Mb
Writing cfld file "14-HEAT_TRANSFER_IN_SOLID\00011-insulated_cv_aniso\ft_run\1/r_000000.cfld"...
Working in No GDBLight mode
Working in No GDBLight mode
FILE SAVED: r_000000.cfld. Total save cfld took 0.02 sec.
real cfld size=0.00 Mb
OK
Estimated fld size=0.07 Mb
Writing fld file "14-HEAT_TRANSFER_IN_SOLID\00011-insulated_cv_aniso\ft_run\1/r_000000.fld"...
FILE SAVED: r_000000.fld. Total save fld took 0.00 sec.
real fld size=0.01 Mb
OK
Init simple interpolator... OK (0.000 sec)

Preview parameters:
	Density (Solid)
	Temperature (Solid)
	Solid Thermal Conductivity (X)
	Solid Thermal Conductivity (Y)
	Solid Thermal Conductivity (Z)
	Heat Flux
	Heat Flux (X)
	Heat Flux (Y)
	Heat Flux (Z)
	Overheat above Melting Temperature
10 parameter(s) in preview list of parameters

Calculation started at	22.2.2017	7:50:10
Total CPU time 0 s
//-------------There are no openings in task--------------//

================== Tstep=0 ===================
Boundary layer settings:
	Separation tau    on
	Enable 3D effects off
BL MODEL         	Ignore compressibility  off
	BL on porous body  off
	Separ. tau corr factor 0
	Separ. tau kappa 0.1
	Separ. tau KV0 0.1
------------------------
NumerCore CHT-start settings:
	Min typical size					1
	Zero vel ht factor				0.006
	C_mju_turb_min                   0.01
	Threshold value for K-E filter   0
	C_mju                            0.09
	C_eps1                           1.44
	C_eps2                           1.92
	Sigma_k                          1
	Sigma_eps                        1.3
	Sigma_c                          0.9
	Approx mode                      1st order
-------------
NumCoreFESSettings:
	Maximum possible Mach	0
	Turbulent Prandtl		0.9
-------------
slv : Implicit schemes in fluid settings:
slv : INPR	: rel_resid=0.00790569
slv : BACKGROUND	: rel_resid=0.00790569
slv : DVGR	: rel_resid=0.00790569
slv : MOMENTUM	: rel_resid=0.00790569
slv : CHT	: rel_resid=0.00790569
slv : Y_TD	: rel_resid=0.00790569
slv : Y_TURB	: rel_resid=0.00790569
slv : LMA	: rel_resid=0.00790569
slv : UVGI	: rel_resid=0.00790569
slv : NOx	: rel_resid=0.00790569
slv : VOL_FRAC_IM_PHASE	: rel_resid=0.00790569
slv : Disable wall motion impact into H threshold=10
slv : Relax par ring =0.05
slv : Isothermal cavitation CF corrector = 1
slv : Isothermal cavitation pseudo transient corrector = -1
slv : Isothermal cavitation forced time step in cavitated regions = -1
slv : force_free_surface_VOF = -1
slv : ---------------------------------------
------Solid settings---
Approximation mode = 2'nd order && thin_profiles
Solid temperature eps_abs scaling factor: 0.001
number dofs per absorptive face: 9
subgrid ratio: 0.500000
Blink filter: disabled
------------------------------
slv : Iterations settings:
slv : Max number of outer iter = 1
slv : Max number of Mass&Energy iter = 1
slv : Max Courant factor = 10
slv : Conservation laws tolerance residuals:
slv : 	MASS	0.005
slv : 	MOMENTUM	0.005
slv : 	ENERGY	0.005
slv : 	SPECIES	0.005
slv : 	TURBULENCE	0.005
slv : ---------------------------------------
slv : Scheme blocks settings:
slv : INPR	: stop_crit=residAbs_AND_residRel 
slv : BACKGROUND	: stop_crit=residAbs_AND_residRel 
slv : DVGR	: stop_crit=residAbs_AND_residRel 
slv : MOMENTUM	: stop_crit=residAbs_AND_residRel 
slv : CHT	: stop_crit=residAbs_AND_residRel 
slv : Y_TD	: stop_crit=residAbs_AND_residRel 
slv : Y_TURB	: stop_crit=residAbs_AND_residRel 
slv : LMA	: stop_crit=residAbs_AND_residRel 
slv : UVGI	: stop_crit=residAbs_AND_residRel 
slv : NOx	: stop_crit=residAbs_AND_residRel 
slv : VOL_FRAC_IM_PHASE	: stop_crit=residAbs_AND_residRel 
slv : ---------------------------------------
Accuracy scale coeff =1
+----+----+--------------+--------------+--------------+--------------+--------------+------+----+-+-+--+------+
|Name|view| Initial res  | Initial resL1| Target res   | Final res    | Final res L1 |Visits|Iter|R|F|CL|Status|
+----+----+--------------+--------------+--------------+--------------+--------------+------+----+-+-+--+------+
| CHT|   0|  0.000000e+00|  0.000000e+00|  0.000000e+00|  0.000000e+00|  0.000000e+00|     1|   3|0|y|30|  OK  |
neumann fix solution. y[row=0][ncv=0]=    3.0000e+02
| CHT|   1|  0.000000e+00|  0.000000e+00|  0.000000e+00|  0.000000e+00|  0.000000e+00|     1|   3|0|y|30|  OK  |
neumann fix solution. y[row=0][ncv=0]=    3.0000e+02
| CHT|   2|  0.000000e+00|  0.000000e+00|  0.000000e+00|  0.000000e+00|  0.000000e+00|     1|   3|0|y|30|  OK  |
neumann fix solution. y[row=0][ncv=0]=    5.0000e+02
slv : View 0(0) T_solid: 
slv : View 1(0) T_solid: 
slv : View 2(0) T_solid: 
slv : nsd=0 
Memory Working Set Current = 26.16 Mb, Memory Working Set Peak = 26.16 Mb
Process Threads Number: 11

================== Tstep=1 ===================
+----+----+--------------+--------------+--------------+--------------+--------------+------+----+-+-+--+------+
|Name|view| Initial res  | Initial resL1| Target res   | Final res    | Final res L1 |Visits|Iter|R|F|CL|Status|
+----+----+--------------+--------------+--------------+--------------+--------------+------+----+-+-+--+------+
| CHT|   0|  0.000000e+00|  0.000000e+00|  0.000000e+00|  0.000000e+00|  0.000000e+00|     1|   3|0|y|30|  OK  |
neumann fix solution. y[row=0][ncv=0]=    3.0000e+02
| CHT|   1|  0.000000e+00|  0.000000e+00|  0.000000e+00|  0.000000e+00|  0.000000e+00|     1|   3|0|y|30|  OK  |
neumann fix solution. y[row=0][ncv=0]=    3.0000e+02
| CHT|   2|  0.000000e+00|  0.000000e+00|  0.000000e+00|  0.000000e+00|  0.000000e+00|     1|   3|0|y|30|  OK  |
neumann fix solution. y[row=0][ncv=0]=    5.0000e+02
slv : View 0(0) T_solid: 
slv : View 1(0) T_solid: 
slv : View 2(0) T_solid: 
slv : nsd=0 
Memory Working Set Current = 26.18 Mb, Memory Working Set Peak = 26.30 Mb
Process Threads Number: 11

================== Tstep=2 ===================
+----+----+--------------+--------------+--------------+--------------+--------------+------+----+-+-+--+------+
|Name|view| Initial res  | Initial resL1| Target res   | Final res    | Final res L1 |Visits|Iter|R|F|CL|Status|
+----+----+--------------+--------------+--------------+--------------+--------------+------+----+-+-+--+------+
| CHT|   0|  0.000000e+00|  0.000000e+00|  0.000000e+00|  0.000000e+00|  0.000000e+00|     1|   3|0|y|30|  OK  |
neumann fix solution. y[row=0][ncv=0]=    3.0000e+02
| CHT|   1|  0.000000e+00|  0.000000e+00|  0.000000e+00|  0.000000e+00|  0.000000e+00|     1|   3|0|y|30|  OK  |
neumann fix solution. y[row=0][ncv=0]=    3.0000e+02
| CHT|   2|  0.000000e+00|  0.000000e+00|  0.000000e+00|  0.000000e+00|  0.000000e+00|     1|   3|0|y|30|  OK  |
neumann fix solution. y[row=0][ncv=0]=    5.0000e+02
slv : View 0(0) T_solid: 
slv : View 1(0) T_solid: 
slv : View 2(0) T_solid: 
slv : nsd=0 
Memory Working Set Current = 26.18 Mb, Memory Working Set Peak = 26.33 Mb
Process Threads Number: 11

================== Tstep=3 ===================
+----+----+--------------+--------------+--------------+--------------+--------------+------+----+-+-+--+------+
|Name|view| Initial res  | Initial resL1| Target res   | Final res    | Final res L1 |Visits|Iter|R|F|CL|Status|
+----+----+--------------+--------------+--------------+--------------+--------------+------+----+-+-+--+------+
| CHT|   0|  0.000000e+00|  0.000000e+00|  0.000000e+00|  0.000000e+00|  0.000000e+00|     1|   3|0|y|30|  OK  |
neumann fix solution. y[row=0][ncv=0]=    3.0000e+02
| CHT|   1|  0.000000e+00|  0.000000e+00|  0.000000e+00|  0.000000e+00|  0.000000e+00|     1|   3|0|y|30|  OK  |
neumann fix solution. y[row=0][ncv=0]=    3.0000e+02
| CHT|   2|  0.000000e+00|  0.000000e+00|  0.000000e+00|  0.000000e+00|  0.000000e+00|     1|   3|0|y|30|  OK  |
neumann fix solution. y[row=0][ncv=0]=    5.0000e+02
slv : View 0(0) T_solid: 
slv : View 1(0) T_solid: 
slv : View 2(0) T_solid: 
slv : nsd=0 
Memory Working Set Current = 26.18 Mb, Memory Working Set Peak = 26.33 Mb
Process Threads Number: 11

================== Tstep=4 ===================
+----+----+--------------+--------------+--------------+--------------+--------------+------+----+-+-+--+------+
|Name|view| Initial res  | Initial resL1| Target res   | Final res    | Final res L1 |Visits|Iter|R|F|CL|Status|
+----+----+--------------+--------------+--------------+--------------+--------------+------+----+-+-+--+------+
| CHT|   0|  0.000000e+00|  0.000000e+00|  0.000000e+00|  0.000000e+00|  0.000000e+00|     1|   3|0|y|30|  OK  |
neumann fix solution. y[row=0][ncv=0]=    3.0000e+02
| CHT|   1|  0.000000e+00|  0.000000e+00|  0.000000e+00|  0.000000e+00|  0.000000e+00|     1|   3|0|y|30|  OK  |
neumann fix solution. y[row=0][ncv=0]=    3.0000e+02
| CHT|   2|  0.000000e+00|  0.000000e+00|  0.000000e+00|  0.000000e+00|  0.000000e+00|     1|   3|0|y|30|  OK  |
neumann fix solution. y[row=0][ncv=0]=    5.0000e+02
slv : View 0(0) T_solid: 
slv : View 1(0) T_solid: 
slv : View 2(0) T_solid: 
slv : nsd=0 
Memory Working Set Current = 26.18 Mb, Memory Working Set Peak = 26.33 Mb
Process Threads Number: 11
Iteration : time = 0.031201 , count = 5 , time/count = 0.0062402
Calculate_inc() : time = 0.0156 , count = 5 , time/count = 0.00312
TreatFlowEvolution() : time = 0.015601 , count = 5 , time/count = 0.0031202
SolverPreview : time = 0 , count = 6 , time/count = 0
TreatGoals : time = 0.015601 , count = 5 , time/count = 0.0031202

================== Tstep=5 ===================
+----+----+--------------+--------------+--------------+--------------+--------------+------+----+-+-+--+------+
|Name|view| Initial res  | Initial resL1| Target res   | Final res    | Final res L1 |Visits|Iter|R|F|CL|Status|
+----+----+--------------+--------------+--------------+--------------+--------------+------+----+-+-+--+------+
| CHT|   0|  0.000000e+00|  0.000000e+00|  0.000000e+00|  0.000000e+00|  0.000000e+00|     1|   3|0|y|30|  OK  |
neumann fix solution. y[row=0][ncv=0]=    3.0000e+02
| CHT|   1|  0.000000e+00|  0.000000e+00|  0.000000e+00|  0.000000e+00|  0.000000e+00|     1|   3|0|y|30|  OK  |
neumann fix solution. y[row=0][ncv=0]=    3.0000e+02
| CHT|   2|  0.000000e+00|  0.000000e+00|  0.000000e+00|  0.000000e+00|  0.000000e+00|     1|   3|0|y|30|  OK  |
neumann fix solution. y[row=0][ncv=0]=    5.0000e+02
slv : View 0(0) T_solid: 
slv : View 1(0) T_solid: 
slv : View 2(0) T_solid: 
slv : nsd=0 
Memory Working Set Current = 26.19 Mb, Memory Working Set Peak = 26.33 Mb
Process Threads Number: 11

================== Tstep=6 ===================
+----+----+--------------+--------------+--------------+--------------+--------------+------+----+-+-+--+------+
|Name|view| Initial res  | Initial resL1| Target res   | Final res    | Final res L1 |Visits|Iter|R|F|CL|Status|
+----+----+--------------+--------------+--------------+--------------+--------------+------+----+-+-+--+------+
| CHT|   0|  0.000000e+00|  0.000000e+00|  0.000000e+00|  0.000000e+00|  0.000000e+00|     1|   3|0|y|30|  OK  |
neumann fix solution. y[row=0][ncv=0]=    3.0000e+02
| CHT|   1|  0.000000e+00|  0.000000e+00|  0.000000e+00|  0.000000e+00|  0.000000e+00|     1|   3|0|y|30|  OK  |
neumann fix solution. y[row=0][ncv=0]=    3.0000e+02
| CHT|   2|  0.000000e+00|  0.000000e+00|  0.000000e+00|  0.000000e+00|  0.000000e+00|     1|   3|0|y|30|  OK  |
neumann fix solution. y[row=0][ncv=0]=    5.0000e+02
slv : View 0(0) T_solid: 
slv : View 1(0) T_solid: 
slv : View 2(0) T_solid: 
slv : nsd=0 
Memory Working Set Current = 26.20 Mb, Memory Working Set Peak = 26.34 Mb
Process Threads Number: 11

================== Tstep=7 ===================
+----+----+--------------+--------------+--------------+--------------+--------------+------+----+-+-+--+------+
|Name|view| Initial res  | Initial resL1| Target res   | Final res    | Final res L1 |Visits|Iter|R|F|CL|Status|
+----+----+--------------+--------------+--------------+--------------+--------------+------+----+-+-+--+------+
| CHT|   0|  0.000000e+00|  0.000000e+00|  0.000000e+00|  0.000000e+00|  0.000000e+00|     1|   3|0|y|30|  OK  |
neumann fix solution. y[row=0][ncv=0]=    3.0000e+02
| CHT|   1|  0.000000e+00|  0.000000e+00|  0.000000e+00|  0.000000e+00|  0.000000e+00|     1|   3|0|y|30|  OK  |
neumann fix solution. y[row=0][ncv=0]=    3.0000e+02
| CHT|   2|  0.000000e+00|  0.000000e+00|  0.000000e+00|  0.000000e+00|  0.000000e+00|     1|   3|0|y|30|  OK  |
neumann fix solution. y[row=0][ncv=0]=    5.0000e+02
slv : View 0(0) T_solid: 
slv : View 1(0) T_solid: 
slv : View 2(0) T_solid: 
slv : nsd=0 
Memory Working Set Current = 26.20 Mb, Memory Working Set Peak = 26.34 Mb
Process Threads Number: 11

================== Tstep=8 ===================
+----+----+--------------+--------------+--------------+--------------+--------------+------+----+-+-+--+------+
|Name|view| Initial res  | Initial resL1| Target res   | Final res    | Final res L1 |Visits|Iter|R|F|CL|Status|
+----+----+--------------+--------------+--------------+--------------+--------------+------+----+-+-+--+------+
| CHT|   0|  0.000000e+00|  0.000000e+00|  0.000000e+00|  0.000000e+00|  0.000000e+00|     1|   3|0|y|30|  OK  |
neumann fix solution. y[row=0][ncv=0]=    3.0000e+02
| CHT|   1|  0.000000e+00|  0.000000e+00|  0.000000e+00|  0.000000e+00|  0.000000e+00|     1|   3|0|y|30|  OK  |
neumann fix solution. y[row=0][ncv=0]=    3.0000e+02
| CHT|   2|  0.000000e+00|  0.000000e+00|  0.000000e+00|  0.000000e+00|  0.000000e+00|     1|   3|0|y|30|  OK  |
neumann fix solution. y[row=0][ncv=0]=    5.0000e+02
slv : View 0(0) T_solid: 
slv : View 1(0) T_solid: 
slv : View 2(0) T_solid: 
slv : nsd=0 
Memory Working Set Current = 26.20 Mb, Memory Working Set Peak = 26.34 Mb
Process Threads Number: 11

================== Tstep=9 ===================
+----+----+--------------+--------------+--------------+--------------+--------------+------+----+-+-+--+------+
|Name|view| Initial res  | Initial resL1| Target res   | Final res    | Final res L1 |Visits|Iter|R|F|CL|Status|
+----+----+--------------+--------------+--------------+--------------+--------------+------+----+-+-+--+------+
| CHT|   0|  0.000000e+00|  0.000000e+00|  0.000000e+00|  0.000000e+00|  0.000000e+00|     1|   3|0|y|30|  OK  |
neumann fix solution. y[row=0][ncv=0]=    3.0000e+02
| CHT|   1|  0.000000e+00|  0.000000e+00|  0.000000e+00|  0.000000e+00|  0.000000e+00|     1|   3|0|y|30|  OK  |
neumann fix solution. y[row=0][ncv=0]=    3.0000e+02
| CHT|   2|  0.000000e+00|  0.000000e+00|  0.000000e+00|  0.000000e+00|  0.000000e+00|     1|   3|0|y|30|  OK  |
neumann fix solution. y[row=0][ncv=0]=    5.0000e+02
slv : View 0(0) T_solid: 
slv : View 1(0) T_solid: 
slv : View 2(0) T_solid: 
slv : nsd=0 
slv : +--------------------------+------------+-------+------------+------------+
slv : |      Collector name      | Total Time | Count |  Avg Time  |  Max Time  |
slv : +--------------------------+------------+-------+------------+------------+
slv : | CHT_MDS_import_export    |       0.000|      9|       0.000|       0.000|
slv : | CSolver_core_update_BC_1 |       0.000|     10|       0.000|       0.000|
slv : | Calculate_inc            |       0.010|      9|       0.001|       0.002|
slv : | LiSy_make_portrait       |       0.000|      6|       0.000|       0.000|
slv : | Results_processing       |       0.013|      9|       0.001|       0.005|
slv : | build_sl_ordering_CHT    |       0.000|     30|       0.000|       0.000|
slv : | perform_stage_total      |       0.001|      4|       0.000|       0.001|
slv : | precalc_at_start_MDS     |       0.001|      4|       0.000|       0.001|
slv : | solve_CHT_MDS            |       0.007|     30|       0.000|       0.000|
slv : | solve_CHT_alg_MDS        |       0.003|     30|       0.000|       0.000|
slv : | solve_PSQJ_MDS_total     |       0.000|     10|       0.000|       0.000|
slv : | update_BC_MDS            |       0.000|     11|       0.000|       0.000|
slv : +--------------------------+------------+-------+------------+------------+
Memory Working Set Current = 26.20 Mb, Memory Working Set Peak = 26.34 Mb
Process Threads Number: 11
/************Goal values******************/
GG Min Temperature (Solid) 1				300 K
GG Av Temperature (Solid) 1				344.386014 K
GG Max Temperature (Solid) 1				500 K
/************End of Goal values******************/
/************	Min/Max Parameters	************/
Temperature (Solid):		min = 300 K		max = 500 K
/************	End of Min/Max Parameters	************/
Solver finished at	22.2.2017	7:50:10
ENDING PROGRAM...
Estimated fld size=0.07 Mb
Writing fld file "14-HEAT_TRANSFER_IN_SOLID\00011-insulated_cv_aniso\ft_run\1\1.fld"...
FILE SAVED: 1.fld. Total save fld took 0.00 sec.
real fld size=0.01 Mb
FILE RENAMED: r_000000.cfld -> 1.cfld
OK
Depository creating ...
stream_line (0.001 s)
FS triangles count 12 
wall_triangles (0.001 s)
nb_bricks (0.003 s)
Face_aver_on (0.000 s)
size of cv_intrp_s = 0.02 Mb
size of cv_intrp_fw = 0.00 Mb
size of cv_intrp_sw = 0.02 Mb
CCVInterp_DepEntry::Calculate duration = 0.001 s
cv_interp (0.004 s)
favorite_params (0.012 s)
Face_aver_off (0.000 s)
Depository creating ...OK (0.021 s)
Solver finished at	22.2.2017	7:50:10
Total CPU time 0 s
Free memory:
slv : +--------------------------+------------+-------+------------+------------+
slv : |      Collector name      | Total Time | Count |  Avg Time  |  Max Time  |
slv : +--------------------------+------------+-------+------------+------------+
slv : | CHT_MDS_import_export    |       0.000|     10|       0.000|       0.000|
slv : | CSolver_core_update_BC_1 |       0.000|     10|       0.000|       0.000|
slv : | Calculate_inc            |       0.011|     10|       0.001|       0.002|
slv : | LiSy_make_portrait       |       0.000|      6|       0.000|       0.000|
slv : | Results_processing       |       0.015|     10|       0.001|       0.005|
slv : | build_sl_ordering_CHT    |       0.000|     30|       0.000|       0.000|
slv : | perform_stage_total      |       0.001|      4|       0.000|       0.001|
slv : | precalc_at_start_MDS     |       0.001|      4|       0.000|       0.001|
slv : | solve_CHT_MDS            |       0.007|     30|       0.000|       0.000|
slv : | solve_CHT_alg_MDS        |       0.003|     30|       0.000|       0.000|
slv : | solve_PSQJ_MDS_total     |       0.000|     10|       0.000|       0.000|
slv : | update_BC_MDS            |       0.000|     11|       0.000|       0.000|
slv : +--------------------------+------------+-------+------------+------------+
alg : 
alg :  size = 1
alg :  build_fine_select_omega       0.000  10
alg :  build_select_pivot_nonzeros   0.000  10
alg :  build_select_vectors          0.000  10
alg :  calc_residual_LU              0.000  10
alg :  call_MG_solver                0.000  10
alg :  clean_fine_level              0.000  10
alg :  init_RB_fine_nonzeros         0.000  10
alg :  init_fine_level               0.000  10
alg :  mg_cycle                      0.000  10
alg :  run_smoothing                 0.000  10
alg :  smoother_fine                 0.000  30
alg :  solve_MG                      0.001  10
alg :  update_mg_status              0.000  10
alg : 
alg :  size = 2
alg :  build_fine_select_omega       0.000  10
alg :  build_select_pivot_nonzeros   0.000  10
alg :  build_select_vectors          0.000  10
alg :  calc_residual_LU              0.000  10
alg :  call_MG_solver                0.000  10
alg :  clean_fine_level              0.000  10
alg :  init_RB_fine_nonzeros         0.000  10
alg :  init_fine_level               0.000  10
alg :  mg_cycle                      0.000  10
alg :  run_smoothing                 0.000  10
alg :  smoother_fine                 0.000  30
alg :  solve_MG                      0.001  10
alg :  update_mg_status              0.000  10
alg : 
alg :  size = 2
alg :  build_fine_select_omega       0.000  10
alg :  build_select_pivot_nonzeros   0.000  10
alg :  build_select_vectors          0.000  10
alg :  calc_residual_LU              0.000  10
alg :  call_MG_solver                0.001  10
alg :  clean_fine_level              0.000  10
alg :  init_RB_fine_nonzeros         0.000  10
alg :  init_fine_level               0.000  10
alg :  mg_cycle                      0.000  10
alg :  run_smoothing                 0.000  10
alg :  smoother_fine                 0.000  30
alg :  solve_MG                      0.001  10
alg :  update_mg_status              0.000  10
Free Geometry DB takes 0.000 s
OK
