Number of used processors (NPROC): 1.
Number of mesh partitions (NPART): 1.
Operating system:	Windows 7 Service Pack 1 (Version 6.1.7601)
Total Physical Memory = 6.00 Gb, Available Physical Memory = 3.99 Gb
Memory Working Set Current = 19.71 Mb, Memory Working Set Peak = 19.71 Mb
CPU:	GenuineIntel, Stepping ID = 2, Model = 13, Family = 6, Extended model = 2, MMX SSE SSE2 Hyper-Threading Technology SSE3
CPU Brand String:        Intel(R) Xeon(R) CPU E5-2680 0 @ 2.70GHz
Cache Line Size = 64, L2 Associativity = 6, Cache Size = 256K
Number of cores: 8, Processor type: 8664, Active processor mask: 255, Page size: 4096 bites
std::thread::hardware_concurrency = 8
OpenMP enabled (spec=200203). max_threads = 8, num_procs = 8, num_threads = 8.

SOLIDWORKS 2016 SP3.0
15-JOULE_HEATING_IN_SOLID\00041-thin_profile_Dirichlet\ft_run\1\1.fld
Configuration name:	Default
Project name:	as3d
/*******************************************/
/*         Project Summary                 */
/*******************************************/
Problem type:						internal
Result resolution:					3
Minimum gap size:					0.1
Minimum wall thickness:				1.72055
Manual refinement:					Off
Solid refinement:					Off
Fluid substances count				0

		Advanced capabilities
Heat transfer						Off
Transient						Off
Gravitation						Off
Laminar flow						Off
Compressibility					Off
Default wall condition				adiabatic wall
Roughness:						0

************************************************

Geometry database loading ...OK
Flow Simulation 2016  x64 / 3800 / SOLVER ver. efd_17_0.3746_30.12.2016+VOF_GUI_Therm_Slv_Integration_1 



STATIONARY

SOLID HEAT TRANSFER ONLY


JOULE HEATING
EXTERNAL=1  CHT=1  FROZEN=0  P_REF=1  RADIATION=0  HVAC_COMFORT_PARAMETERS=0
IT=0   NT=2   NZ=0
US_DIM=2
-----------------------------------------------------------------------
Allocating meshes:
	CPU count: 1
	MESH 0:
		Sub-meshes count: 1
-----------------------------------------------------------------------
Memory Status before reading BCF:
Memory Working Set Current = 23.69 Mb, Memory Working Set Peak = 23.69 Mb
Process Threads Number: 11

-----------------------------------------------------------------------
BCF CHECKSUM DATA (Mesh 0):

FACE_A Area Sum:   G.Fluid        0.0000000000000000
FACE_A Area Sum:   G.Solid        0.0400000000000000
FACE_W Area Sum:                  8.1319999999999997
FACE_W Nb   Sum:                  64
AV Max Disbalance: G.Fluid        0 (cid=-1, avid=-1, pid=-1)
AV Max Disbalance: G.Solid        8.60558e-18 (cid=2, avid=4, pid=4)
-----------------------------------------------------------------------


-----------------------------------------------------------------------
MESHER TOPOLOGY DATA (Mesh 0):

BRICKS: Total                 4
BRICKS: 2-CV                  4
BRICKS: Bad                   0

AV:     G.Total               8
AV:     G.Fluid               0
AV:     G.Solid               8

AV:     G.Fluid Thin Profile    0.00 % (0)
AV:     G.Solid Thin Profile    0.00 % (0)

AV:     G.Fluid Thin For Mega   0.00 % (0)
AV:     G.Solid Thin For Mega   0.00 % (0)

AV:     G.Fluid Non-Convex      0.00 % (0)
AV:     G.Solid Non-Convex     25.00 % (2)

FACE_A: G.Fluid          (af) 0 (partially opened 0)
FACE_A: G.Solid          (as) 8 (partially opened 8)

FACE_W: G.Total                 32          Brick/Bound
FACE_W: G.Fluid/Solid    (fs_g) 0           0           
FACE_W: G.Fluid/Fluid    (ff_g) 0           0           
FACE_W: G.Solid/Solid    (ss_g) 8           0           
FACE_W: G.Fluid/External (fe_g) 0
FACE_W: G.Solid/External (se_g) 24

AV/CV max fa count (on brick side):1
AV/CV max fw count:                1
AV/CV max fw poly count:           7

MEMORY: Total                   0.005 MB
MEMORY: Per Brick               1.320 KB
-----------------------------------------------------------------------

----------------------------------------------------------
BCF --> BCF.GEOMSUBDOM (bridge arrays) (cpu_num=1):
MESH (0):
	Fluid Subdom Constructor: 0 subdom(s).
	Solid Subdom Constructor: 2 subdom(s).
	Net Asm Subdom Constructor: 0 subdom(s).
	GEOMSUBDOM (0): gi=0 solid av=4 cv=4 fa=4 fw=16 V=8.800000e-03
	GEOMSUBDOM (1): gi=1 solid av=4 cv=4 fa=4 fw=24 V=3.120000e-02
	Setting nb of w-faces...OK.

MESH (0) checking:
	GEOMSUBDOM (0):fa_s=0.0114445244647708 fw_s=1.8119999999999978 fw_nb=32
	GEOMSUBDOM (1):fa_s=0.0285554755352292 fw_s=6.3720000000000026 fw_nb=48
MESH (0) checking: OK.
----------------------------------------------------------
Memory Status after reading BCF:
Memory Working Set Current = 24.16 Mb, Memory Working Set Peak = 24.16 Mb
Process Threads Number: 11
Total read CPT took 0.02 sec.
MESH::Bricks: Total=4 Gas=0 Solid=0 Partial=4 Irregular=0

-----------------------------------------------------------------------
Mesh dimensions:
				I[0 ]=2
				I[1 ]=2
				I[2 ]=1
Solver refinement level	I[47]=0

Comp. domain size:
				a[0  ]=-1
				a[1  ]=1
				a[2  ]=-1
				a[3  ]=1
				a[4  ]=-0.005
				a[5  ]=0.005
Wall thickness		a[231]=0
Gap size			a[232]=1
-----------------------------------------------------------------------
-----------------------------------------------------------------------
Preparing for calculations started at	22.2.2017	7:50:36
slv_max_lev=0
CD X0= -1, X1= 1, Y0= -1, Y1= 1, Z0= -0.005, Z1= 0.005
Collecting Reference Parameters... OK
-----------------------------------------------------------------------
CV statisticks for fluid...
	CV number:         0
	FACE_A max number: 0
	FACE_W max number: 0
-----------------------------------------------------------------------
-----------------------------------------------------------------------
CV statisticks for solid...
	CV number:         4
	FACE_A max number: 2
	FACE_W max number: 5
-----------------------------------------------------------------------
Update time step in solids: STATIONARY IN SOLIDS
Memory allocation for matrix entries in solver is block-wise,
( size of block = 1048576 bytes (1Mb) ).

There is 1 subdomain in solid:
subdomain 0: 4 control volumes

There is 1 subdomain in solid for electric potential:
subdomain 0: 4 control volumes

54 parameter(s) in list of scalar parameters
3 parameter(s) in list of vector parameters
-----------------------------------------------------------------------
Loading mesh settings (global/local/SAR)...
Setting regions...
Setting regions takes 0.000 s
-----------------------------------------------------------------------

CollectIndata: Initialize stored in U[] parameters (pressure,momentum,dens,..)... OK(CPU=3.58984e-05s)

Collect Body BC...OK
Collect Fans...OK
Collect Surface Sources...OK
Collect Contact resistance BC...OK
Collect Perforated plates BC...OK
Collect Electric contact BC...OK
Collect Surface Goals...
Received 0 wall face(s) and 0 virtual face(s)...
 OK
Total CPU time 0 s
Collect Unused surface area...OK

MWS =0.25
NPROC = 1, nested_parallelization = 0
NPART = 1

/-----------------------------------------------------------/
SOLVER TOPOLOGY DATA:

BRICKS: |level1| sum         0

CV:     Total               4
CV:     Fluid               0
CV:     Solid               4

CV:     G.Fluid Thin Profile    0.00 % (0)
CV:     G.Solid Thin Profile    0.00 % (0)

CV:     G.Fluid Non-Convex      0.00 % (0)
CV:     G.Solid Non-Convex      0.00 % (0)

FACE_A: Fluid          (af) 0
FACE_A: Max number placed on a brick-face in cv: 0
FACE_A: Solid          (as) 8

FACE_W: Total               32
FACE_W: Fluid/Solid    (fs) 0
FACE_W: Fluid/Fluid    (ff) 0
FACE_W: Solid/Solid    (ss) 0
FACE_W: Opening BC               (fo)  0
FACE_W: Fluid/Bound              (fw)  0
FACE_W: Solid/Bound              (sw)  16
FACE_W: Fluid/Bound Real Wall    (frw) 0
FACE_W: Solid/Bound Real Wall    (srw) 8
FACE_W: Max number placed in cv: 0
Solid:
CV Max Disbalance:                8.60558e-18 (ncv=2)
/-----------------------------------------------------------/

Create solver core
 MDS: Converting solver problem ...
MDS: OK
slv : Calculations at run start
slv : Create sub-domains supervisors:
slv : 	1 solid
slv : Create sub-domains mesh connectivity supervisors:
slv : Collect slices by phenomena...
slv : 	fluid flow slices were created:	0
slv : 	heat transfer slices were created:	1
slv : 	electric current flow slices were created:	1
slv : 	radiation slices were created:	0
slv : Creating meshes proxies for multigrid...
slv : Convert MESH[0] to multigrid mesh proxy...
slv : 4 bricks are accounted by implicit methods(100% of total)
slv : max tree bricks count = 1
alg : MG: create topological coarsening...
alg : Mesh 0  OK
slv : Building fluid flow views schemes...
slv : Building views for heat transfer...
slv : 1 views are created
slv : Building heat transfer views schemes...
slv : Building views for electric current flow...
slv : 1 views are created
slv : Building electric current flow views schemes...
slv : PrecalcAtStart views for fluid flow...
slv : PrecalcAtStart views for heat transfer...
Laplacian approximations statisticks:
	Number of open faces        :4
	N of computed(stored) approximations:4
	2-point approximations    :  0.0 %
	Thin profile approximations :100.0 %

Creating view scheme...
1 heat transfer algebraic views are created
mgl = 31 size = 4
mgl = 30 size = 4

slv : PrecalcAtStart views for electric current flow...
Laplacian approximations statisticks:
	Number of open faces        :4
	N of computed(stored) approximations:4
	2-point approximations    :  0.0 %
	Thin profile approximations :100.0 %

mgl = 31 size = 4
mgl = 30 size = 4

mgl = 31 size = 4
mgl = 30 size = 4

slv : PrecalcAtStart views for radiation...
slv : ------------ Start of Preliminary step at Calculation start ------------
slv : View 0(0) T_solid: 
slv : nsd=0 
slv :         Qj:           min(0,0)=0                    , max(0,0)=0                    
slv :        phi:           min(0,0)=0                    , max(0,0)=0                    
slv : ------------ End of Preliminary step at Calculation start ------------

----------------------------------------------------------
BCF checking (solver)...
----------------------------------------------------------

Estimated cfld size=0.02 Mb
Writing cfld file "15-JOULE_HEATING_IN_SOLID\00041-thin_profile_Dirichlet\ft_run\1/r_000000.cfld"...
Working in No GDBLight mode
Working in No GDBLight mode
FILE SAVED: r_000000.cfld. Total save cfld took 0.16 sec.
real cfld size=0.00 Mb
OK
Estimated fld size=0.07 Mb
Writing fld file "15-JOULE_HEATING_IN_SOLID\00041-thin_profile_Dirichlet\ft_run\1/r_000000.fld"...
FILE SAVED: r_000000.fld. Total save fld took 0.00 sec.
real fld size=0.01 Mb
OK
Init simple interpolator... OK (0.000 sec)
BC 'Outer Wall T=100' is on 1 faces (AS area=0.004, CAD area=0.004008, difference=-0.2%)
BC 'Outer Wall -4' is on 1 faces (AS area=0.004, CAD area=0.004008, difference=-0.2%)
Electrical BC 'Voltage 1V' is on 1 faces (AS area=0.004, CAD area=0.004008, difference=-0.2%)
Electrical BC 'Current 20A' is on 1 faces (AS area=0.004, CAD area=0.004008, difference=-0.2%)
Thermal resistance BC 'Contact Resistance 1' is on 6 faces (AS area=0.044, CAD area=0.044088, difference=-0.2%)

Preview parameters:
	Density (Solid)
	Temperature (Solid)
	Solid Thermal Conductivity (X)
	Solid Thermal Conductivity (Y)
	Solid Thermal Conductivity (Z)
	Heat Flux
	Heat Flux (X)
	Heat Flux (Y)
	Heat Flux (Z)
	Overheat above Melting Temperature
	Electric Current Density
	Electric Current Density (X)
	Electric Current Density (Y)
	Electric Current Density (Z)
	Specific Volume Joule Heat
	Voltage
16 parameter(s) in preview list of parameters

Calculation started at	22.2.2017	7:50:36
Total CPU time 0 s
//-------------There are no openings in task--------------//

================== Tstep=0 ===================
Boundary layer settings:
	Separation tau    on
	Enable 3D effects off
BL MODEL         	Ignore compressibility  off
	BL on porous body  off
	Separ. tau corr factor 0
	Separ. tau kappa 0.1
	Separ. tau KV0 0.1
------------------------
NumerCore CHT-start settings:
	Min typical size					1
	Zero vel ht factor				0.006
	C_mju_turb_min                   0.01
	Threshold value for K-E filter   0
	C_mju                            0.09
	C_eps1                           1.44
	C_eps2                           1.92
	Sigma_k                          1
	Sigma_eps                        1.3
	Sigma_c                          0.9
	Approx mode                      1st order
-------------
NumCoreFESSettings:
	Maximum possible Mach	0
	Turbulent Prandtl		0.9
-------------
slv : Implicit schemes in fluid settings:
slv : INPR	: rel_resid=0.00790569
slv : BACKGROUND	: rel_resid=0.00790569
slv : DVGR	: rel_resid=0.00790569
slv : MOMENTUM	: rel_resid=0.00790569
slv : CHT	: rel_resid=0.00790569
slv : Y_TD	: rel_resid=0.00790569
slv : Y_TURB	: rel_resid=0.00790569
slv : LMA	: rel_resid=0.00790569
slv : UVGI	: rel_resid=0.00790569
slv : NOx	: rel_resid=0.00790569
slv : VOL_FRAC_IM_PHASE	: rel_resid=0.00790569
slv : Disable wall motion impact into H threshold=10
slv : Relax par ring =0.05
slv : Isothermal cavitation CF corrector = 1
slv : Isothermal cavitation pseudo transient corrector = -1
slv : Isothermal cavitation forced time step in cavitated regions = -1
slv : force_free_surface_VOF = -1
slv : ---------------------------------------
------Solid settings---
Approximation mode = 2'nd order && thin_profiles
Solid temperature eps_abs scaling factor: 0.001
number dofs per absorptive face: 9
subgrid ratio: 0.500000
Blink filter: disabled
------------------------------
slv : Iterations settings:
slv : Max number of outer iter = 1
slv : Max number of Mass&Energy iter = 1
slv : Max Courant factor = 10
slv : Conservation laws tolerance residuals:
slv : 	MASS	0.005
slv : 	MOMENTUM	0.005
slv : 	ENERGY	0.005
slv : 	SPECIES	0.005
slv : 	TURBULENCE	0.005
slv : ---------------------------------------
slv : Scheme blocks settings:
slv : INPR	: stop_crit=residAbs_AND_residRel 
slv : BACKGROUND	: stop_crit=residAbs_AND_residRel 
slv : DVGR	: stop_crit=residAbs_AND_residRel 
slv : MOMENTUM	: stop_crit=residAbs_AND_residRel 
slv : CHT	: stop_crit=residAbs_AND_residRel 
slv : Y_TD	: stop_crit=residAbs_AND_residRel 
slv : Y_TURB	: stop_crit=residAbs_AND_residRel 
slv : LMA	: stop_crit=residAbs_AND_residRel 
slv : UVGI	: stop_crit=residAbs_AND_residRel 
slv : NOx	: stop_crit=residAbs_AND_residRel 
slv : VOL_FRAC_IM_PHASE	: stop_crit=residAbs_AND_residRel 
slv : ---------------------------------------
Accuracy scale coeff =1
+----+----+----+--------------+--------------+--------------+--------------+--------------+------+----+-+-+--+------+
|Name|view| sd | Initial res  | Initial resL1| Target res   | Final res    | Final res L1 |Visits|Iter|R|F|CL|Status|
+----+----+----+--------------+--------------+--------------+--------------+--------------+------+----+-+-+--+------+
| PS |   0|   0|  4.871191e+06|  2.226987e+03|  2.206986e-09|  1.377714e-10|  1.649025e-05|     4|  36|0|n|30|  OK  |
| QJ |   0|   0|  6.518759e-09|  0.000000e+00|  3.219906e-14|  1.666074e-27|  6.394885e-14|     2|   6|0|n|30|  OK  |
+----+----+--------------+--------------+--------------+--------------+--------------+------+----+-+-+--+------+
|Name|view| Initial res  | Initial resL1| Target res   | Final res    | Final res L1 |Visits|Iter|R|F|CL|Status|
+----+----+--------------+--------------+--------------+--------------+--------------+------+----+-+-+--+------+
| CHT|   0|  2.138444e+00|  1.892779e+00|  4.377861e-11|  1.513241e-16|  1.728470e-08|     2|  18|0|n|30|  OK  |
slv : View 0(0) T_solid: 
slv : nsd=0 
slv :         Qj:           min(3,3)=99.999859684951      , max(0,0)=99.99992119452       
slv :        phi:           min(3,3)=1.0090621218706      , max(0,0)=1.0334221021269      
Memory Working Set Current = 33.07 Mb, Memory Working Set Peak = 33.07 Mb
Process Threads Number: 11

================== Tstep=1 ===================
+----+----+----+--------------+--------------+--------------+--------------+--------------+------+----+-+-+--+------+
|Name|view| sd | Initial res  | Initial resL1| Target res   | Final res    | Final res L1 |Visits|Iter|R|F|CL|Status|
+----+----+----+--------------+--------------+--------------+--------------+--------------+------+----+-+-+--+------+
| PS |   0|   0|  1.377714e-10|  1.649025e-05|  8.610714e-12|  2.354483e-13|  6.817033e-07|     1|   9|0|n|30|  OK  |
| QJ |   0|   0|  1.114042e-11|  0.000000e+00|  5.502754e-17|  4.543839e-28|  2.131628e-14|     2|   6|0|n|30|  OK  |
+----+----+--------------+--------------+--------------+--------------+--------------+------+----+-+-+--+------+
|Name|view| Initial res  | Initial resL1| Target res   | Final res    | Final res L1 |Visits|Iter|R|F|CL|Status|
+----+----+--------------+--------------+--------------+--------------+--------------+------+----+-+-+--+------+
| CHT|   0|  3.516222e-13|  9.311957e-07|  2.197639e-14|  1.105632e-18|  1.477451e-09|     1|   9|0|n|30|  OK  |
slv : View 0(0) T_solid: 
slv : nsd=0 
slv :         Qj:           min(3,3)=99.999994199404      , max(0,0)=99.999996742198      
slv :        phi:           min(3,3)=1.0090621290335      , max(0,0)=1.0334221249747      
Memory Working Set Current = 33.10 Mb, Memory Working Set Peak = 33.21 Mb
Process Threads Number: 11

================== Tstep=2 ===================
+----+----+----+--------------+--------------+--------------+--------------+--------------+------+----+-+-+--+------+
|Name|view| sd | Initial res  | Initial resL1| Target res   | Final res    | Final res L1 |Visits|Iter|R|F|CL|Status|
+----+----+----+--------------+--------------+--------------+--------------+--------------+------+----+-+-+--+------+
| PS |   0|   0|  2.354482e-13|  6.817034e-07|  1.471551e-14|  4.023757e-16|  2.818146e-08|     1|   9|0|n|30|  OK  |
| QJ |   0|   0|  1.903877e-14|  0.000000e+00|  9.404105e-20|  2.877765e-27|  1.065814e-13|     2|   6|0|n|30|  OK  |
+----+----+--------------+--------------+--------------+--------------+--------------+------+----+-+-+--+------+
|Name|view| Initial res  | Initial resL1| Target res   | Final res    | Final res L1 |Visits|Iter|R|F|CL|Status|
+----+----+--------------+--------------+--------------+--------------+--------------+------+----+-+-+--+------+
| CHT|   0|  6.167257e-16|  3.925835e-08|  3.854536e-17|  1.954714e-21|  6.212220e-11|     1|   9|0|n|30|  OK  |
slv : View 0(0) T_solid: 
slv : nsd=0 
slv :         Qj:           min(3,3)=99.999999760205      , max(0,0)=99.999999865323      
slv :        phi:           min(3,3)=1.0090621293296      , max(0,0)=1.0334221259192      
Memory Working Set Current = 33.11 Mb, Memory Working Set Peak = 33.25 Mb
Process Threads Number: 11

================== Tstep=3 ===================
+----+----+----+--------------+--------------+--------------+--------------+--------------+------+----+-+-+--+------+
|Name|view| sd | Initial res  | Initial resL1| Target res   | Final res    | Final res L1 |Visits|Iter|R|F|CL|Status|
+----+----+----+--------------+--------------+--------------+--------------+--------------+------+----+-+-+--+------+
| PS |   0|   0|  4.023829e-16|  2.818180e-08|  2.514893e-17|  6.876375e-19|  1.165011e-09|     1|   9|0|n|30|  OK  |
| QJ |   0|   0|  3.253785e-17|  0.000000e+00|  1.607221e-22|  1.009742e-27|  4.263256e-14|     2|   6|0|n|30|  OK  |
+----+----+--------------+--------------+--------------+--------------+--------------+------+----+-+-+--+------+
|Name|view| Initial res  | Initial resL1| Target res   | Final res    | Final res L1 |Visits|Iter|R|F|CL|Status|
+----+----+--------------+--------------+--------------+--------------+--------------+------+----+-+-+--+------+
| CHT|   0|  1.054883e-18|  1.623977e-09|  1.054883e-18|  2.200679e-20|  2.084429e-10|     1|   3|0|y|30|  OK  |
slv : View 0(0) T_solid: 
slv : nsd=0 
slv :         Qj:           min(3,3)=99.999999990087      , max(0,0)=99.999999994433      
slv :        phi:           min(3,3)=1.0090621293419      , max(0,0)=1.0334221259583      
Memory Working Set Current = 33.11 Mb, Memory Working Set Peak = 33.25 Mb
Process Threads Number: 11

================== Tstep=4 ===================
+----+----+----+--------------+--------------+--------------+--------------+--------------+------+----+-+-+--+------+
|Name|view| sd | Initial res  | Initial resL1| Target res   | Final res    | Final res L1 |Visits|Iter|R|F|CL|Status|
+----+----+----+--------------+--------------+--------------+--------------+--------------+------+----+-+-+--+------+
| PS |   0|   0|  6.875911e-19|  1.165768e-09|  6.875911e-19|  8.220774e-20|  4.028125e-10|     1|   3|0|y|30|  OK  |
| QJ |   0|   0|  3.890428e-18|  0.000000e+00|  1.921706e-23|  8.077936e-28|  2.842171e-14|     2|   6|0|n|30|  OK  |
+----+----+--------------+--------------+--------------+--------------+--------------+------+----+-+-+--+------+
|Name|view| Initial res  | Initial resL1| Target res   | Final res    | Final res L1 |Visits|Iter|R|F|CL|Status|
+----+----+--------------+--------------+--------------+--------------+--------------+------+----+-+-+--+------+
| CHT|   0|  2.757302e-20|  2.525058e-10|  2.757302e-20|  4.209559e-22|  2.882872e-11|     1|   3|0|y|30|  OK  |
slv : View 0(0) T_solid: 
slv : nsd=0 
slv :         Qj:           min(3,3)=99.999999996573      , max(0,0)=99.999999998075      
slv :        phi:           min(3,3)=1.0090621293422      , max(0,0)=1.0334221259594      
Memory Working Set Current = 33.11 Mb, Memory Working Set Peak = 33.25 Mb
Process Threads Number: 11
Iteration : time = 0.234007 , count = 5 , time/count = 0.0468014
Calculate_inc() : time = 0.218407 , count = 5 , time/count = 0.0436814
TreatFlowEvolution() : time = 0 , count = 5 , time/count = 0
SolverPreview : time = 0 , count = 6 , time/count = 0
TreatGoals : time = 0 , count = 5 , time/count = 0

================== Tstep=5 ===================
+----+----+----+--------------+--------------+--------------+--------------+--------------+------+----+-+-+--+------+
|Name|view| sd | Initial res  | Initial resL1| Target res   | Final res    | Final res L1 |Visits|Iter|R|F|CL|Status|
+----+----+----+--------------+--------------+--------------+--------------+--------------+------+----+-+-+--+------+
| PS |   0|   0|  8.218720e-20|  4.027770e-10|  8.218720e-20|  9.825897e-21|  1.392715e-10|     1|   3|0|y|30|  OK  |
| QJ |   0|   0|  4.651468e-19|  0.000000e+00|  2.297694e-24|  1.817536e-27|  7.105427e-14|     2|   6|0|n|30|  OK  |
+----+----+--------------+--------------+--------------+--------------+--------------+------+----+-+-+--+------+
|Name|view| Initial res  | Initial resL1| Target res   | Final res    | Final res L1 |Visits|Iter|R|F|CL|Status|
+----+----+--------------+--------------+--------------+--------------+--------------+------+----+-+-+--+------+
| CHT|   0|  7.443875e-22|  4.406464e-11|  7.443875e-22|  1.352347e-23|  5.166978e-12|     1|   3|0|y|30|  OK  |
slv : View 0(0) T_solid: 
slv : nsd=0 
slv :         Qj:           min(3,3)=99.999999998815      , max(0,0)=99.999999999335      
slv :        phi:           min(3,3)=1.0090621293423      , max(0,0)=1.0334221259598      
Memory Working Set Current = 33.11 Mb, Memory Working Set Peak = 33.25 Mb
Process Threads Number: 11

================== Tstep=6 ===================
+----+----+----+--------------+--------------+--------------+--------------+--------------+------+----+-+-+--+------+
|Name|view| sd | Initial res  | Initial resL1| Target res   | Final res    | Final res L1 |Visits|Iter|R|F|CL|Status|
+----+----+----+--------------+--------------+--------------+--------------+--------------+------+----+-+-+--+------+
| PS |   0|   0|  9.840307e-21|  1.395542e-10|  9.840307e-21|  1.173672e-21|  4.813905e-11|     1|   3|0|y|30|  OK  |
| QJ |   0|   0|  5.561175e-20|  0.000000e+00|  2.747597e-25|  1.666074e-27|  6.394885e-14|     2|   6|0|n|30|  OK  |
+----+----+--------------+--------------+--------------+--------------+--------------+------+----+-+-+--+------+
|Name|view| Initial res  | Initial resL1| Target res   | Final res    | Final res L1 |Visits|Iter|R|F|CL|Status|
+----+----+--------------+--------------+--------------+--------------+--------------+------+----+-+-+--+------+
| CHT|   0|  3.906547e-23|  1.043499e-11|  3.906547e-23|  7.952609e-25|  1.253220e-12|     1|   3|0|y|30|  OK  |
slv : View 0(0) T_solid: 
slv : nsd=0 
slv :         Qj:           min(3,3)=99.999999999591      , max(0,0)=99.99999999977       
slv :        phi:           min(3,3)=1.0090621293424      , max(0,0)=1.0334221259599      
Memory Working Set Current = 33.11 Mb, Memory Working Set Peak = 33.26 Mb
Process Threads Number: 11

================== Tstep=7 ===================
+----+----+----+--------------+--------------+--------------+--------------+--------------+------+----+-+-+--+------+
|Name|view| sd | Initial res  | Initial resL1| Target res   | Final res    | Final res L1 |Visits|Iter|R|F|CL|Status|
+----+----+----+--------------+--------------+--------------+--------------+--------------+------+----+-+-+--+------+
| PS |   0|   0|  1.182803e-21|  4.840298e-11|  1.182803e-21|  1.398313e-22|  1.661471e-11|     1|   3|0|y|30|  OK  |
| QJ |   0|   0|  6.647748e-21|  0.000000e+00|  3.284828e-26|  1.716561e-26|  2.131628e-13|     2|   6|0|n|30|  OK  |
+----+----+--------------+--------------+--------------+--------------+--------------+------+----+-+-+--+------+
|Name|view| Initial res  | Initial resL1| Target res   | Final res    | Final res L1 |Visits|Iter|R|F|CL|Status|
+----+----+--------------+--------------+--------------+--------------+--------------+------+----+-+-+--+------+
| CHT|   0|  3.345511e-24|  3.075651e-12|  3.345511e-24|  7.081170e-26|  3.748113e-13|     1|   3|0|y|30|  OK  |
slv : View 0(0) T_solid: 
slv : nsd=0 
slv :         Qj:           min(3,3)=99.999999999859      , max(0,0)=99.999999999921      
slv :        phi:           min(3,3)=1.0090621293424      , max(0,0)=1.0334221259599      
Memory Working Set Current = 33.11 Mb, Memory Working Set Peak = 33.26 Mb
Process Threads Number: 11

================== Tstep=8 ===================
+----+----+----+--------------+--------------+--------------+--------------+--------------+------+----+-+-+--+------+
|Name|view| sd | Initial res  | Initial resL1| Target res   | Final res    | Final res L1 |Visits|Iter|R|F|CL|Status|
+----+----+----+--------------+--------------+--------------+--------------+--------------+------+----+-+-+--+------+
| PS |   0|   0|  1.426586e-22|  1.662176e-11|  1.426586e-22|  1.664829e-23|  5.735190e-12|     1|   3|0|y|30|  OK  |
| QJ |   0|   0|  7.983541e-22|  0.000000e+00|  3.941625e-27|  1.817536e-27|  7.105427e-14|     2|   6|0|n|30|  OK  |
+----+----+--------------+--------------+--------------+--------------+--------------+------+----+-+-+--+------+
|Name|view| Initial res  | Initial resL1| Target res   | Final res    | Final res L1 |Visits|Iter|R|F|CL|Status|
+----+----+--------------+--------------+--------------+--------------+--------------+------+----+-+-+--+------+
| CHT|   0|  3.555008e-25|  1.004197e-12|  3.555008e-25|  7.554970e-27|  1.219025e-13|     1|   3|0|y|30|  OK  |
slv : View 0(0) T_solid: 
slv : nsd=0 
slv :         Qj:           min(3,3)=99.999999999951      , max(0,0)=99.999999999973      
slv :        phi:           min(3,3)=1.0090621293424      , max(0,0)=1.03342212596        
Memory Working Set Current = 33.11 Mb, Memory Working Set Peak = 33.26 Mb
Process Threads Number: 11

================== Tstep=9 ===================
+----+----+----+--------------+--------------+--------------+--------------+--------------+------+----+-+-+--+------+
|Name|view| sd | Initial res  | Initial resL1| Target res   | Final res    | Final res L1 |Visits|Iter|R|F|CL|Status|
+----+----+----+--------------+--------------+--------------+--------------+--------------+------+----+-+-+--+------+
| PS |   0|   0|  1.718373e-23|  5.843825e-12|  1.718373e-23|  2.017303e-24|  2.001288e-12|     1|   3|0|y|30|  OK  |
| QJ |   0|   0|  9.803908e-23|  0.000000e+00|  4.853790e-28|  1.817536e-27|  7.105427e-14|    45| 705|2|n|30|  BAD |
+----+----+--------------+--------------+--------------+--------------+--------------+------+----+-+-+--+------+
|Name|view| Initial res  | Initial resL1| Target res   | Final res    | Final res L1 |Visits|Iter|R|F|CL|Status|
+----+----+--------------+--------------+--------------+--------------+--------------+------+----+-+-+--+------+
| CHT|   0|  4.072851e-26|  3.380629e-13|  4.072851e-26|  9.163729e-28|  4.229950e-14|     1|   3|0|y|30|  OK  |
slv : View 0(0) T_solid: 
slv : nsd=0 
slv :         Qj:           min(3,3)=99.999999999983      , max(0,0)=99.999999999991      
slv :        phi:           min(3,3)=1.0090621293424      , max(0,0)=1.03342212596        
slv : +--------------------------+------------+-------+------------+------------+
slv : |      Collector name      | Total Time | Count |  Avg Time  |  Max Time  |
slv : +--------------------------+------------+-------+------------+------------+
slv : | CHT_MDS_import_export    |       0.000|      9|       0.000|       0.000|
slv : | CSolver_core_update_BC_1 |       0.000|     10|       0.000|       0.000|
slv : | Calculate_inc            |       0.225|      9|       0.025|       0.214|
slv : | LiSy_make_portrait       |       0.000|     26|       0.000|       0.000|
slv : | Results_processing       |       0.013|      9|       0.001|       0.004|
slv : | apply_sol_PSQJ_MDS       |       0.000|     10|       0.000|       0.000|
slv : | apply_sol_PS_MDS         |       0.001|     10|       0.000|       0.000|
slv : | build_sl_ordering_CHT    |       0.000|     10|       0.000|       0.000|
slv : | create_PSQJ_operator_MDS |       0.000|     10|       0.000|       0.000|
slv : | create_PS_operator_MDS   |       0.000|     10|       0.000|       0.000|
slv : | perform_stage_total      |       0.002|      4|       0.000|       0.001|
slv : | precalc_at_start_MDS     |       0.002|      4|       0.000|       0.001|
slv : | solve_CHT_MDS            |       0.003|     10|       0.000|       0.001|
slv : | solve_CHT_alg_MDS        |       0.001|     10|       0.000|       0.001|
slv : | solve_PSQJ_MDS           |       0.008|     10|       0.001|       0.004|
slv : | solve_PSQJ_MDS_total     |       0.222|     10|       0.022|       0.211|
slv : | solve_PSQJ_alg_MDS       |       0.007|     10|       0.001|       0.004|
slv : | solve_PS_MDS             |       0.213|     10|       0.021|       0.210|
slv : | solve_PS_alg_MDS         |       0.211|     10|       0.021|       0.210|
slv : | update_BC_MDS            |       0.000|     11|       0.000|       0.000|
slv : +--------------------------+------------+-------+------------+------------+
Memory Working Set Current = 33.12 Mb, Memory Working Set Peak = 33.26 Mb
Process Threads Number: 11
/************Goal values******************/
GG Joule Heat 1				0.88 W
GG Max Temperature (Solid) 1				307.761456 K
GG Av Temperature (Solid) 1				253.721756 K
/************End of Goal values******************/
/************	Min/Max Parameters	************/
Temperature (Solid):		min = 100 K		max = 307.761456 K
Specific Volume Joule Heat:		min = 100 W/m^3		max = 100 W/m^3
/************	End of Min/Max Parameters	************/
Solver finished at	22.2.2017	7:50:36
ENDING PROGRAM...
Estimated fld size=0.07 Mb
Writing fld file "15-JOULE_HEATING_IN_SOLID\00041-thin_profile_Dirichlet\ft_run\1\1.fld"...
FILE SAVED: 1.fld. Total save fld took 0.00 sec.
real fld size=0.01 Mb
FILE RENAMED: r_000000.cfld -> 1.cfld
OK
Depository creating ...
stream_line (0.000 s)
FS triangles count 8 
wall_triangles (0.001 s)
nb_bricks (0.003 s)
Face_aver_on (0.000 s)
size of cv_intrp_s = 0.02 Mb
size of cv_intrp_fw = 0.00 Mb
size of cv_intrp_sw = 0.02 Mb
CCVInterp_DepEntry::Calculate duration = 0.001 s
cv_interp (0.001 s)
favorite_params (0.009 s)
Face_aver_off (0.000 s)
Depository creating ...OK (0.014 s)
Solver finished at	22.2.2017	7:50:36
Total CPU time 0 s
Free memory:
slv : +--------------------------+------------+-------+------------+------------+
slv : |      Collector name      | Total Time | Count |  Avg Time  |  Max Time  |
slv : +--------------------------+------------+-------+------------+------------+
slv : | CHT_MDS_import_export    |       0.000|     10|       0.000|       0.000|
slv : | CSolver_core_update_BC_1 |       0.000|     10|       0.000|       0.000|
slv : | Calculate_inc            |       0.230|     10|       0.023|       0.214|
slv : | LiSy_make_portrait       |       0.000|     26|       0.000|       0.000|
slv : | Results_processing       |       0.014|     10|       0.001|       0.004|
slv : | apply_sol_PSQJ_MDS       |       0.000|     10|       0.000|       0.000|
slv : | apply_sol_PS_MDS         |       0.001|     10|       0.000|       0.000|
slv : | build_sl_ordering_CHT    |       0.000|     10|       0.000|       0.000|
slv : | create_PSQJ_operator_MDS |       0.000|     10|       0.000|       0.000|
slv : | create_PS_operator_MDS   |       0.000|     10|       0.000|       0.000|
slv : | perform_stage_total      |       0.002|      4|       0.000|       0.001|
slv : | precalc_at_start_MDS     |       0.002|      4|       0.000|       0.001|
slv : | solve_CHT_MDS            |       0.003|     10|       0.000|       0.001|
slv : | solve_CHT_alg_MDS        |       0.001|     10|       0.000|       0.001|
slv : | solve_PSQJ_MDS           |       0.008|     10|       0.001|       0.004|
slv : | solve_PSQJ_MDS_total     |       0.222|     10|       0.022|       0.211|
slv : | solve_PSQJ_alg_MDS       |       0.007|     10|       0.001|       0.004|
slv : | solve_PS_MDS             |       0.213|     10|       0.021|       0.210|
slv : | solve_PS_alg_MDS         |       0.211|     10|       0.021|       0.210|
slv : | update_BC_MDS            |       0.000|     11|       0.000|       0.000|
slv : +--------------------------+------------+-------+------------+------------+
alg : 
alg :  size = 4
alg :  assembling_nnz_PardisoCholesky   0.000  10
alg :  build_coarse_select_omega        0.000  10
alg :  build_fine_select_omega          0.000  10
alg :  build_select_pivot_nonzeros      0.000  10
alg :  build_select_vectors             0.000  10
alg :  calc_residual_LU                 0.000  64
alg :  call_MG_solver                   0.006  10
alg :  clean_coarse_levels              0.000  10
alg :  clean_fine_level                 0.000  10
alg :  init_RB_coarse_nonzeros          0.000  10
alg :  init_RB_fine_nonzeros            0.000  10
alg :  init_coarse_levels               0.001  10
alg :  init_fine_level                  0.000  10
alg :  mg_cycle                         0.006  12
alg :  numerical_PardisoCholesky        0.000  10
alg :  perform_prolongation             0.000  51
alg :  perform_restriction              0.000  51
alg :  run_smoothing                    0.003  64
alg :  smoother_fine                    0.001  759
alg :  solve_MG                         0.006  10
alg :  solve_PardisoCholesky            0.001  51
alg :  symbolic_PardisoCholesky         0.000  1
alg :  update_mg_status                 0.000  114
alg : 
alg :  size = 4
alg :  assembling_nnz_PardisoCholesky   0.000  1
alg :  build_coarse_select_omega        0.000  1
alg :  build_fine_select_omega          0.000  10
alg :  build_select_pivot_nonzeros      0.000  10
alg :  build_select_vectors             0.000  10
alg :  calc_residual_LU                 0.000  13
alg :  call_MG_solver                   0.211  10
alg :  clean_coarse_levels              0.000  1
alg :  clean_fine_level                 0.000  10
alg :  init_RB_coarse_nonzeros          0.000  1
alg :  init_RB_fine_nonzeros            0.000  10
alg :  init_coarse_levels               0.210  1
alg :  init_fine_level                  0.000  10
alg :  mg_cycle                         0.210  10
alg :  numerical_PardisoCholesky        0.000  1
alg :  perform_prolongation             0.000  3
alg :  perform_restriction              0.000  3
alg :  run_smoothing                    0.000  13
alg :  smoother_fine                    0.000  81
alg :  solve_MG                         0.211  10
alg :  solve_PardisoCholesky            0.000  3
alg :  symbolic_PardisoCholesky         0.209  1
alg :  update_mg_status                 0.000  16
alg : 
alg :  size = 4
alg :  build_coarse_select_omega     0.000  1
alg :  build_fine_select_omega       0.000  10
alg :  build_select_pivot_nonzeros   0.000  10
alg :  build_select_vectors          0.000  10
alg :  calc_residual_LU              0.000  11
alg :  call_MG_solver                0.001  10
alg :  clean_coarse_levels           0.000  1
alg :  clean_fine_level              0.000  10
alg :  init_RB_coarse_nonzeros       0.000  1
alg :  init_RB_fine_nonzeros         0.000  10
alg :  init_coarse_levels            0.000  1
alg :  init_fine_level               0.000  10
alg :  mg_cycle                      0.001  10
alg :  numerical_PardisoLU           0.000  1
alg :  perform_prolongation          0.000  1
alg :  perform_restriction           0.000  1
alg :  run_smoothing                 0.000  11
alg :  smoother_fine                 0.000  57
alg :  solve_MG                      0.001  10
alg :  solve_PardisoLU               0.000  1
alg :  symbolic_PardisoLU            0.000  1
alg :  update_mg_status              0.000  12
Free Geometry DB takes 0.000 s
OK
