Number of used processors (NPROC): 1.
Number of mesh partitions (NPART): 1.
Operating system:	Windows 7 Service Pack 1 (Version 6.1.7601)
Total Physical Memory = 6.00 Gb, Available Physical Memory = 3.94 Gb
Memory Working Set Current = 18.38 Mb, Memory Working Set Peak = 18.38 Mb
CPU:	GenuineIntel, Stepping ID = 2, Model = 13, Family = 6, Extended model = 2, MMX SSE SSE2 Hyper-Threading Technology SSE3
CPU Brand String:        Intel(R) Xeon(R) CPU E5-2680 0 @ 2.70GHz
Cache Line Size = 64, L2 Associativity = 6, Cache Size = 256K
Number of cores: 8, Processor type: 8664, Active processor mask: 255, Page size: 4096 bites
std::thread::hardware_concurrency = 8
OpenMP enabled (spec=200203). max_threads = 8, num_procs = 8, num_threads = 8.

SOLIDWORKS 2016 SP3.0
15-JOULE_HEATING_IN_SOLID\00020-_-1_cond_ss_cond_-3\ft_run\1\1.fld
Configuration name:	Default
Project name:	as3d
/*******************************************/
/*         Project Summary                 */
/*******************************************/
Problem type:						internal
Result resolution:					5
Minimum gap size:					0.24
Minimum wall thickness:				0.1
Manual refinement:					Off
Solid refinement:					Off
Fluid substances count				0

		Advanced capabilities
Heat transfer						Off
Transient						Off
Gravitation						Off
Laminar flow						Off
Compressibility					Off
Default wall condition				adiabatic wall
Roughness:						0

************************************************

Geometry database loading ...OK
Flow Simulation 2016  x64 / 3800 / SOLVER ver. efd_17_0.3746_30.12.2016+VOF_GUI_Therm_Slv_Integration_1 



STATIONARY

SOLID HEAT TRANSFER ONLY


JOULE HEATING
EXTERNAL=1  CHT=1  FROZEN=0  P_REF=1  RADIATION=0  HVAC_COMFORT_PARAMETERS=0
IT=0   NT=2   NZ=0
US_DIM=2
-----------------------------------------------------------------------
Allocating meshes:
	CPU count: 1
	MESH 0:
		Sub-meshes count: 1
-----------------------------------------------------------------------
Memory Status before reading BCF:
Memory Working Set Current = 21.47 Mb, Memory Working Set Peak = 21.47 Mb
Process Threads Number: 11

-----------------------------------------------------------------------
BCF CHECKSUM DATA (Mesh 0):

WARNING! 4 w-face(s) without fw-neigbours.
FACE_A Area Sum:   G.Fluid        0.0000000000000000
FACE_A Area Sum:   G.Solid        0.0440000000000000
FACE_W Area Sum:                  0.4719200000000001
FACE_W Nb   Sum:                  192
AV Max Disbalance: G.Fluid        0 (cid=-1, avid=-1, pid=-1)
AV Max Disbalance: G.Solid        0 (cid=-1, avid=-1, pid=-1)
-----------------------------------------------------------------------


-----------------------------------------------------------------------
MESHER TOPOLOGY DATA (Mesh 0):

BRICKS: Total                 21
BRICKS: 1-CV                  18
BRICKS: 2-CV                  3
BRICKS: Bad                   0

AV:     G.Total               24
AV:     G.Fluid               0
AV:     G.Solid               24

AV:     G.Fluid Thin Profile    0.00 % (0)
AV:     G.Solid Thin Profile    0.00 % (0)

AV:     G.Fluid Thin For Mega   0.00 % (0)
AV:     G.Solid Thin For Mega   0.00 % (0)

AV:     G.Fluid Non-Convex      0.00 % (0)
AV:     G.Solid Non-Convex      0.00 % (0)

FACE_A: G.Fluid          (af) 0 (partially opened 0)
FACE_A: G.Solid          (as) 20 (partially opened 0)

FACE_W: G.Total                 101         Brick/Bound
FACE_W: G.Fluid/Solid    (fs_g) 0           0           
FACE_W: G.Fluid/Fluid    (ff_g) 0           0           
FACE_W: G.Solid/Solid    (ss_g) 3           0           
FACE_W: G.Fluid/External (fe_g) 0
FACE_W: G.Solid/External (se_g) 98

AV/CV max fa count (on brick side):1
AV/CV max fw count:                1
AV/CV max fw poly count:           6

MEMORY: Total                   0.015 MB
MEMORY: Per Brick               0.741 KB
-----------------------------------------------------------------------

----------------------------------------------------------
BCF --> BCF.GEOMSUBDOM (bridge arrays) (cpu_num=1):
MESH (0):
	Fluid Subdom Constructor: 0 subdom(s).
	Solid Subdom Constructor: 4 subdom(s).
	Net Asm Subdom Constructor: 0 subdom(s).
	GEOMSUBDOM (0): gi=0 solid av=7 cv=7 fa=6 fw=30 V=6.600000e-04
	GEOMSUBDOM (1): gi=2 solid av=1 cv=1 fa=0 fw=6 V=2.200000e-06
	GEOMSUBDOM (2): gi=1 solid av=15 cv=15 fa=14 fw=62 V=1.540000e-03
	GEOMSUBDOM (3): gi=2 solid av=1 cv=1 fa=0 fw=6 V=2.200000e-06
	Setting nb of w-faces...OK.

MESH (0) checking:
	GEOMSUBDOM (0):fa_s=0.0132000000000000 fw_s=0.1424000000000000 fw_nb=56
	GEOMSUBDOM (1):fa_s=0.0000000000000000 fw_s=0.0048600000000000 fw_nb=8
		WARNING! 2 w-face(s) without fw-neighbors.
	GEOMSUBDOM (2):fa_s=0.0308000000000000 fw_s=0.3264000000000000 fw_nb=120
	GEOMSUBDOM (3):fa_s=0.0000000000000000 fw_s=0.0048599999999999 fw_nb=8
		WARNING! 2 w-face(s) without fw-neighbors.
MESH (0) checking: OK.
----------------------------------------------------------
Memory Status after reading BCF:
Memory Working Set Current = 21.97 Mb, Memory Working Set Peak = 21.97 Mb
Process Threads Number: 11
Total read CPT took 0.00 sec.
MESH::Bricks: Total=15 Gas=0 Solid=18 Partial=3 Irregular=0

-----------------------------------------------------------------------
Mesh dimensions:
				I[0 ]=21
				I[1 ]=1
				I[2 ]=1
Solver refinement level	I[47]=0

Comp. domain size:
				a[0  ]=-0.001
				a[1  ]=1.001
				a[2  ]=-0.11
				a[3  ]=0.11
				a[4  ]=-0.005
				a[5  ]=0.005
Wall thickness		a[231]=0
Gap size			a[232]=1
-----------------------------------------------------------------------
-----------------------------------------------------------------------
Preparing for calculations started at	22.2.2017	7:50:35
slv_max_lev=0
CD X0= -0.001, X1= 1.001, Y0= -0.11, Y1= 0.11, Z0= -0.005, Z1= 0.005
Collecting Reference Parameters... OK
-----------------------------------------------------------------------
CV statisticks for fluid...
	CV number:         0
	FACE_A max number: 0
	FACE_W max number: 0
-----------------------------------------------------------------------
-----------------------------------------------------------------------
CV statisticks for solid...
	CV number:         22
	FACE_A max number: 2
	FACE_W max number: 5
-----------------------------------------------------------------------
Update time step in solids: STATIONARY IN SOLIDS
Memory allocation for matrix entries in solver is block-wise,
( size of block = 1048576 bytes (1Mb) ).

There is 1 subdomain in solid:
subdomain 0: 22 control volumes

There is 1 subdomain in solid for electric potential:
subdomain 0: 22 control volumes

54 parameter(s) in list of scalar parameters
3 parameter(s) in list of vector parameters
-----------------------------------------------------------------------
Loading mesh settings (global/local/SAR)...
Setting regions...
Setting regions takes 0.000 s
-----------------------------------------------------------------------
Collect volumetric sources...Body has 12 triangles
Body has 12 triangles
	Algorithm takes 0.00122306 sec
Ok

CollectIndata: Initialize stored in U[] parameters (pressure,momentum,dens,..)... OK(CPU=4.20444e-05s)

Collect Body BC...OK
Collect Fans...OK
Collect Surface Sources...OK
Collect Contact resistance BC...OK
Collect Perforated plates BC...OK
Collect Electric contact BC...OK
Collect Surface Goals...
Received 0 wall face(s) and 0 virtual face(s)...
 OK
Total CPU time 0 s
Collect Unused surface area...OK

MWS =0.25
NPROC = 1, nested_parallelization = 0
NPART = 1
BC's on 2 sw w-faces are redefined
BC's on 1 ss w-faces are redefined

/-----------------------------------------------------------/
SOLVER TOPOLOGY DATA:

BRICKS: |level1| sum         0

CV:     Total               22
CV:     Fluid               0
CV:     Solid               22

CV:     G.Fluid Thin Profile    0.00 % (0)
CV:     G.Solid Thin Profile    0.00 % (0)

CV:     G.Fluid Non-Convex      0.00 % (0)
CV:     G.Solid Non-Convex      0.00 % (0)

FACE_A: Fluid          (af) 0
FACE_A: Max number placed on a brick-face in cv: 0
FACE_A: Solid          (as) 20

FACE_W: Total               101
FACE_W: Fluid/Solid    (fs) 0
FACE_W: Fluid/Fluid    (ff) 0
FACE_W: Solid/Solid    (ss) 1
FACE_W: Opening BC               (fo)  0
FACE_W: Fluid/Bound              (fw)  0
FACE_W: Solid/Bound              (sw)  90
FACE_W: Fluid/Bound Real Wall    (frw) 0
FACE_W: Solid/Bound Real Wall    (srw) 2
FACE_W: Max number placed in cv: 0
Solid:
CV Max Disbalance:                0 (ncv=21)
/-----------------------------------------------------------/

Create solver core
 MDS: Converting solver problem ...
MDS: OK
slv : Calculations at run start
slv : Create sub-domains supervisors:
slv : 	2 solid
slv : Create sub-domains mesh connectivity supervisors:
slv : 	1 fw one to one
slv : Collect slices by phenomena...
slv : 	fluid flow slices were created:	0
slv : 	heat transfer slices were created:	2
slv : 	electric current flow slices were created:	2
slv : 	radiation slices were created:	0
slv : Creating meshes proxies for multigrid...
slv : Convert MESH[0] to multigrid mesh proxy...
slv : 21 bricks are accounted by implicit methods(100% of total)
slv : max tree bricks count = 1
alg : MG: create topological coarsening...
alg : Mesh 0  OK
slv : Building fluid flow views schemes...
slv : Building views for heat transfer...
slv : 1 views are created
slv : Building heat transfer views schemes...
slv : Building views for electric current flow...
slv : 1 views are created
slv : Building electric current flow views schemes...
slv : PrecalcAtStart views for fluid flow...
slv : PrecalcAtStart views for heat transfer...
Laplacian approximations statisticks:
	Number of open faces        :6
	N of computed(stored) approximations:0
	2-point approximations    :100.0 %
	Thin profile approximations :  0.0 %

Laplacian approximations statisticks:
	Number of open faces        :14
	N of computed(stored) approximations:0
	2-point approximations    :100.0 %
	Thin profile approximations :  0.0 %

Creating view scheme...
1 heat transfer algebraic views are created
mgl = 31 size = 22
mgl = 30 size = 12

slv : PrecalcAtStart views for electric current flow...
Laplacian approximations statisticks:
	Number of open faces        :6
	N of computed(stored) approximations:0
	2-point approximations    :100.0 %
	Thin profile approximations :  0.0 %

Laplacian approximations statisticks:
	Number of open faces        :14
	N of computed(stored) approximations:0
	2-point approximations    :100.0 %
	Thin profile approximations :  0.0 %

mgl = 31 size = 22
mgl = 30 size = 12

mgl = 31 size = 7
mgl = 30 size = 4

mgl = 31 size = 15
mgl = 30 size =  8

slv : PrecalcAtStart views for radiation...
slv : ------------ Start of Preliminary step at Calculation start ------------
slv : View 0(0) T_solid: 
slv : nsd=0 
slv :         Qj:           min(0,0)=0                    , max(0,0)=0                    
slv :        phi:           min(0,0)=0                    , max(0,0)=0                    
slv : nsd=1 
slv :         Qj:           min(7,0)=0                    , max(7,0)=0                    
slv :        phi:           min(7,0)=0                    , max(7,0)=0                    
slv : ------------ End of Preliminary step at Calculation start ------------

----------------------------------------------------------
BCF checking (solver)...
----------------------------------------------------------

Estimated cfld size=0.02 Mb
Writing cfld file "15-JOULE_HEATING_IN_SOLID\00020-_-1_cond_ss_cond_-3\ft_run\1/r_000000.cfld"...
Working in No GDBLight mode
Working in No GDBLight mode
FILE SAVED: r_000000.cfld. Total save cfld took 0.05 sec.
real cfld size=0.00 Mb
OK
Estimated fld size=0.07 Mb
Writing fld file "15-JOULE_HEATING_IN_SOLID\00020-_-1_cond_ss_cond_-3\ft_run\1/r_000000.fld"...
FILE SAVED: r_000000.fld. Total save fld took 0.00 sec.
real fld size=0.01 Mb
OK
Init simple interpolator... OK (0.000 sec)
Electrical BC 'Voltage 2' is on 1 faces (AS area=0.0022, CAD area=0.00220881, difference=-0.4%)
Electrical BC 'Current 1' is on 1 faces (AS area=0.0022, CAD area=0.00220881, difference=-0.4%)
Volume Source 'VS Temperature 1' is in 22 CVs (volume=0.00219998)

Preview parameters:
	Density (Solid)
	Temperature (Solid)
	Solid Thermal Conductivity (X)
	Solid Thermal Conductivity (Y)
	Solid Thermal Conductivity (Z)
	Heat Flux
	Heat Flux (X)
	Heat Flux (Y)
	Heat Flux (Z)
	Overheat above Melting Temperature
	Electric Current Density
	Electric Current Density (X)
	Electric Current Density (Y)
	Electric Current Density (Z)
	Specific Volume Joule Heat
	Voltage
16 parameter(s) in preview list of parameters

Calculation started at	22.2.2017	7:50:35
Total CPU time 0 s
//-------------There are no openings in task--------------//

================== Tstep=0 ===================
Boundary layer settings:
	Separation tau    on
	Enable 3D effects off
BL MODEL         	Ignore compressibility  off
	BL on porous body  off
	Separ. tau corr factor 0
	Separ. tau kappa 0.1
	Separ. tau KV0 0.1
------------------------
NumerCore CHT-start settings:
	Min typical size					1
	Zero vel ht factor				0.006
	C_mju_turb_min                   0.01
	Threshold value for K-E filter   0
	C_mju                            0.09
	C_eps1                           1.44
	C_eps2                           1.92
	Sigma_k                          1
	Sigma_eps                        1.3
	Sigma_c                          0.9
	Approx mode                      1st order
-------------
NumCoreFESSettings:
	Maximum possible Mach	0
	Turbulent Prandtl		0.9
-------------
slv : Implicit schemes in fluid settings:
slv : INPR	: rel_resid=0.00790569
slv : BACKGROUND	: rel_resid=0.00790569
slv : DVGR	: rel_resid=0.00790569
slv : MOMENTUM	: rel_resid=0.00790569
slv : CHT	: rel_resid=0.00790569
slv : Y_TD	: rel_resid=0.00790569
slv : Y_TURB	: rel_resid=0.00790569
slv : LMA	: rel_resid=0.00790569
slv : UVGI	: rel_resid=0.00790569
slv : NOx	: rel_resid=0.00790569
slv : VOL_FRAC_IM_PHASE	: rel_resid=0.00790569
slv : Disable wall motion impact into H threshold=10
slv : Relax par ring =0.05
slv : Isothermal cavitation CF corrector = 1
slv : Isothermal cavitation pseudo transient corrector = -1
slv : Isothermal cavitation forced time step in cavitated regions = -1
slv : force_free_surface_VOF = -1
slv : ---------------------------------------
------Solid settings---
Approximation mode = 2'nd order && thin_profiles
Solid temperature eps_abs scaling factor: 0.001
number dofs per absorptive face: 9
subgrid ratio: 0.500000
Blink filter: disabled
------------------------------
slv : Iterations settings:
slv : Max number of outer iter = 1
slv : Max number of Mass&Energy iter = 1
slv : Max Courant factor = 10
slv : Conservation laws tolerance residuals:
slv : 	MASS	0.005
slv : 	MOMENTUM	0.005
slv : 	ENERGY	0.005
slv : 	SPECIES	0.005
slv : 	TURBULENCE	0.005
slv : ---------------------------------------
slv : Scheme blocks settings:
slv : INPR	: stop_crit=residAbs_AND_residRel 
slv : BACKGROUND	: stop_crit=residAbs_AND_residRel 
slv : DVGR	: stop_crit=residAbs_AND_residRel 
slv : MOMENTUM	: stop_crit=residAbs_AND_residRel 
slv : CHT	: stop_crit=residAbs_AND_residRel 
slv : Y_TD	: stop_crit=residAbs_AND_residRel 
slv : Y_TURB	: stop_crit=residAbs_AND_residRel 
slv : LMA	: stop_crit=residAbs_AND_residRel 
slv : UVGI	: stop_crit=residAbs_AND_residRel 
slv : NOx	: stop_crit=residAbs_AND_residRel 
slv : VOL_FRAC_IM_PHASE	: stop_crit=residAbs_AND_residRel 
slv : ---------------------------------------
Accuracy scale coeff =1
+----+----+----+--------------+--------------+--------------+--------------+--------------+------+----+-+-+--+------+
|Name|view| sd | Initial res  | Initial resL1| Target res   | Final res    | Final res L1 |Visits|Iter|R|F|CL|Status|
+----+----+----+--------------+--------------+--------------+--------------+--------------+------+----+-+-+--+------+
| PS |   0|   0|  4.000000e+00|  2.000000e+00|  1.283545e-11|  1.019005e-11|  1.299301e-05|    18| 180|1|n|30|  OK  |
| QJ |   0|   0|  1.015465e-07|  0.000000e+00|  6.292746e-14|  1.841923e-14|  3.043976e-07|     6|  18|0|n|30|  OK  |
| QJ |   0|   1|  6.052384e-11|  0.000000e+00|  5.446716e-14|  1.629462e-14|  3.445396e-07|     6|  18|0|n|30|  OK  |
+----+----+--------------+--------------+--------------+--------------+--------------+------+----+-+-+--+------+
|Name|view| Initial res  | Initial resL1| Target res   | Final res    | Final res L1 |Visits|Iter|R|F|CL|Status|
+----+----+--------------+--------------+--------------+--------------+--------------+------+----+-+-+--+------+
| CHT|   0|  0.000000e+00|  0.000000e+00|  0.000000e+00|  0.000000e+00|  0.000000e+00|     1|   3|0|y|30|  OK  |
slv : View 0(0) T_solid: 
slv : nsd=0 
slv :         Qj:           min(0,0)=1.8181583187877      , max(6,6)=1.8181593742656      
slv :        phi:           min(0,0)=4.6728972022358e-05  , max(6,6)=0.00058529698405233  
slv : nsd=1 
slv :         Qj:           min(7,0)=0.3636325003879      , max(21,14)=0.36363624752471     
slv :        phi:           min(7,0)=0.00060659915796454  , max(21,14)=0.00087065557629231  
Memory Working Set Current = 31.61 Mb, Memory Working Set Peak = 31.61 Mb
Process Threads Number: 11

================== Tstep=1 ===================
+----+----+----+--------------+--------------+--------------+--------------+--------------+------+----+-+-+--+------+
|Name|view| sd | Initial res  | Initial resL1| Target res   | Final res    | Final res L1 |Visits|Iter|R|F|CL|Status|
+----+----+----+--------------+--------------+--------------+--------------+--------------+------+----+-+-+--+------+
| PS |   0|   0|  1.019005e-11|  1.299301e-05|  6.368780e-13|  4.887663e-13|  2.917461e-06|     3|  27|0|n|30|  OK  |
| QJ |   0|   0|  5.128246e-09|  0.000000e+00|  5.658828e-15|  9.293651e-16|  6.861673e-08|     6|  18|0|n|30|  OK  |
| QJ |   0|   1|  2.851493e-12|  0.000000e+00|  2.569784e-15|  8.154333e-16|  7.708482e-08|     6|  18|0|n|30|  OK  |
+----+----+--------------+--------------+--------------+--------------+--------------+------+----+-+-+--+------+
|Name|view| Initial res  | Initial resL1| Target res   | Final res    | Final res L1 |Visits|Iter|R|F|CL|Status|
+----+----+--------------+--------------+--------------+--------------+--------------+------+----+-+-+--+------+
| CHT|   0|  0.000000e+00|  0.000000e+00|  0.000000e+00|  0.000000e+00|  0.000000e+00|     1|   3|0|y|30|  OK  |
slv : View 0(0) T_solid: 
slv : nsd=0 
slv :         Qj:           min(0,0)=1.8181765757082      , max(6,6)=1.8181769311638      
slv :        phi:           min(0,0)=4.6729207433806e-05  , max(6,6)=0.00058529988163993  
slv : nsd=1 
slv :         Qj:           min(7,0)=0.36363552348779     , max(21,14)=0.36363633762769     
slv :        phi:           min(7,0)=0.00060660215236038  , max(21,14)=0.00087065913569149  
Memory Working Set Current = 31.61 Mb, Memory Working Set Peak = 31.75 Mb
Process Threads Number: 11

================== Tstep=2 ===================
+----+----+----+--------------+--------------+--------------+--------------+--------------+------+----+-+-+--+------+
|Name|view| sd | Initial res  | Initial resL1| Target res   | Final res    | Final res L1 |Visits|Iter|R|F|CL|Status|
+----+----+----+--------------+--------------+--------------+--------------+--------------+------+----+-+-+--+------+
| PS |   0|   0|  4.887664e-13|  2.917461e-06|  3.054790e-14|  2.365631e-14|  6.418156e-07|     3|  27|0|n|30|  OK  |
| QJ |   0|   0|  2.478768e-10|  0.000000e+00|  2.739556e-16|  4.492175e-17|  1.508585e-08|     6|  18|0|n|30|  OK  |
| QJ |   0|   1|  1.379278e-13|  0.000000e+00|  1.243747e-16|  3.955561e-17|  1.697779e-08|     6|  18|0|n|30|  OK  |
+----+----+--------------+--------------+--------------+--------------+--------------+------+----+-+-+--+------+
|Name|view| Initial res  | Initial resL1| Target res   | Final res    | Final res L1 |Visits|Iter|R|F|CL|Status|
+----+----+--------------+--------------+--------------+--------------+--------------+------+----+-+-+--+------+
| CHT|   0|  0.000000e+00|  0.000000e+00|  0.000000e+00|  0.000000e+00|  0.000000e+00|     1|   3|0|y|30|  OK  |
slv : View 0(0) T_solid: 
slv : nsd=0 
slv :         Qj:           min(0,0)=1.8181806648966      , max(6,6)=1.818180743127       
slv :        phi:           min(0,0)=4.6729260603443e-05  , max(6,6)=0.00058530051955508  
slv : nsd=1 
slv :         Qj:           min(7,0)=0.36363617879546     , max(21,14)=0.36363635790777     
slv :        phi:           min(7,0)=0.00060660281122042  , max(21,14)=0.00087065991896379  
Memory Working Set Current = 31.61 Mb, Memory Working Set Peak = 31.75 Mb
Process Threads Number: 11

================== Tstep=3 ===================
+----+----+----+--------------+--------------+--------------+--------------+--------------+------+----+-+-+--+------+
|Name|view| sd | Initial res  | Initial resL1| Target res   | Final res    | Final res L1 |Visits|Iter|R|F|CL|Status|
+----+----+----+--------------+--------------+--------------+--------------+--------------+------+----+-+-+--+------+
| PS |   0|   0|  2.365631e-14|  6.418156e-07|  1.478519e-15|  1.144940e-15|  1.411918e-07|     3|  27|0|n|30|  OK  |
| QJ |   0|   0|  1.198474e-11|  0.000000e+00|  1.324905e-17|  2.171887e-18|  3.316970e-09|     6|  18|0|n|30|  OK  |
| QJ |   0|   1|  6.672627e-15|  0.000000e+00|  6.019997e-18|  1.915602e-18|  3.736197e-09|     6|  18|0|n|30|  OK  |
+----+----+--------------+--------------+--------------+--------------+--------------+------+----+-+-+--+------+
|Name|view| Initial res  | Initial resL1| Target res   | Final res    | Final res L1 |Visits|Iter|R|F|CL|Status|
+----+----+--------------+--------------+--------------+--------------+--------------+------+----+-+-+--+------+
| CHT|   0|  0.000000e+00|  0.000000e+00|  0.000000e+00|  0.000000e+00|  0.000000e+00|     1|   3|0|y|30|  OK  |
slv : View 0(0) T_solid: 
slv : nsd=0 
slv :         Qj:           min(0,0)=1.8181815644721      , max(6,6)=1.8181815816768      
slv :        phi:           min(0,0)=4.6729272300336e-05  , max(6,6)=0.00058530065988494  
slv : nsd=1 
slv :         Qj:           min(7,0)=0.36363632296955     , max(21,14)=0.3636363623757      
slv :        phi:           min(7,0)=0.00060660295615787  , max(21,14)=0.00087066009128867  
Memory Working Set Current = 31.61 Mb, Memory Working Set Peak = 31.76 Mb
Process Threads Number: 11

================== Tstep=4 ===================
+----+----+----+--------------+--------------+--------------+--------------+--------------+------+----+-+-+--+------+
|Name|view| sd | Initial res  | Initial resL1| Target res   | Final res    | Final res L1 |Visits|Iter|R|F|CL|Status|
+----+----+----+--------------+--------------+--------------+--------------+--------------+------+----+-+-+--+------+
| PS |   0|   0|  1.144940e-15|  1.411919e-07|  7.155875e-17|  5.541294e-17|  3.106114e-08|     3|  27|0|n|30|  OK  |
| QJ |   0|   0|  5.798311e-13|  0.000000e+00|  6.410545e-19|  1.050763e-19|  7.296137e-10|     6|  18|0|n|30|  OK  |
| QJ |   0|   1|  3.228929e-16|  0.000000e+00|  2.913644e-19|  9.273347e-20|  8.220393e-10|     6|  18|0|n|30|  OK  |
+----+----+--------------+--------------+--------------+--------------+--------------+------+----+-+-+--+------+
|Name|view| Initial res  | Initial resL1| Target res   | Final res    | Final res L1 |Visits|Iter|R|F|CL|Status|
+----+----+--------------+--------------+--------------+--------------+--------------+------+----+-+-+--+------+
| CHT|   0|  0.000000e+00|  0.000000e+00|  0.000000e+00|  0.000000e+00|  0.000000e+00|     1|   3|0|y|30|  OK  |
slv : View 0(0) T_solid: 
slv : nsd=0 
slv :         Qj:           min(0,0)=1.8181817623675      , max(6,6)=1.818181766152       
slv :        phi:           min(0,0)=4.6729274873499e-05  , max(6,6)=0.00058530069075602  
slv : nsd=1 
slv :         Qj:           min(7,0)=0.36363635468964     , max(21,14)=0.36363636335899     
slv :        phi:           min(7,0)=0.00060660298804263  , max(21,14)=0.00087066012919991  
Memory Working Set Current = 31.61 Mb, Memory Working Set Peak = 10.76 Mb
Process Threads Number: 11
/************Goal values******************/
GG Max Voltage 1				0.000879999989 V
GG Joule Heat 1				0.00175999996 W
/************End of Goal values******************/
/************	Min/Max Parameters	************/
Temperature (Solid):		min = 300 K		max = 300 K
Specific Volume Joule Heat:		min = 0.363636355 W/m^3		max = 1.81818177 W/m^3
Voltage:		min = -5.42101086e-20 V		max = 0.000879999989 V
/************	End of Min/Max Parameters	************/
Solver finished at	22.2.2017	7:50:35
ENDING PROGRAM...
Estimated fld size=0.07 Mb
Writing fld file "15-JOULE_HEATING_IN_SOLID\00020-_-1_cond_ss_cond_-3\ft_run\1\1.fld"...
FILE SAVED: 1.fld. Total save fld took 0.00 sec.
real fld size=0.01 Mb
FILE RENAMED: r_000000.cfld -> 1.cfld
OK
Depository creating ...
stream_line (0.000 s)
FS triangles count 4 
wall_triangles (0.001 s)
nb_bricks (0.003 s)
Face_aver_on (0.000 s)
size of cv_intrp_s = 0.03 Mb
size of cv_intrp_fw = 0.00 Mb
size of cv_intrp_sw = 0.03 Mb
CCVInterp_DepEntry::Calculate duration = 0.001 s
cv_interp (0.002 s)
favorite_params (0.009 s)
Face_aver_off (0.000 s)
Depository creating ...OK (0.015 s)
Solver finished at	22.2.2017	7:50:35
Total CPU time 0 s
Free memory:
slv : +--------------------------+------------+-------+------------+------------+
slv : |      Collector name      | Total Time | Count |  Avg Time  |  Max Time  |
slv : +--------------------------+------------+-------+------------+------------+
slv : | CHT_MDS_import_export    |       0.000|      5|       0.000|       0.000|
slv : | CSolver_core_update_BC_1 |       0.000|      5|       0.000|       0.000|
slv : | Calculate_inc            |       0.136|      5|       0.027|       0.120|
slv : | LiSy_make_portrait       |       0.001|     23|       0.000|       0.000|
slv : | Results_processing       |       0.011|      5|       0.002|       0.005|
slv : | apply_sol_PSQJ_MDS       |       0.000|     10|       0.000|       0.000|
slv : | apply_sol_PS_MDS         |       0.001|     10|       0.000|       0.000|
slv : | build_sl_ordering_CHT    |       0.000|      5|       0.000|       0.000|
slv : | create_PSQJ_operator_MDS |       0.000|     10|       0.000|       0.000|
slv : | create_PS_operator_MDS   |       0.000|      5|       0.000|       0.000|
slv : | perform_stage_total      |       0.002|      4|       0.000|       0.001|
slv : | precalc_at_start_MDS     |       0.002|      4|       0.000|       0.001|
slv : | solve_CHT_MDS            |       0.002|      5|       0.000|       0.001|
slv : | solve_CHT_alg_MDS        |       0.001|      5|       0.000|       0.000|
slv : | solve_PSQJ_MDS           |       0.008|      5|       0.002|       0.002|
slv : | solve_PSQJ_MDS_total     |       0.130|      5|       0.026|       0.118|
slv : | solve_PSQJ_alg_MDS       |       0.006|     10|       0.001|       0.001|
slv : | solve_PS_MDS             |       0.120|      5|       0.024|       0.116|
slv : | solve_PS_alg_MDS         |       0.118|      5|       0.024|       0.115|
slv : | update_BC_MDS            |       0.000|      6|       0.000|       0.000|
slv : +--------------------------+------------+-------+------------+------------+
alg : 
alg :  size = 15
alg :  assembling_nnz_PardisoCholesky   0.000  5
alg :  build_coarse_select_omega        0.000  5
alg :  build_fine_select_omega          0.000  5
alg :  build_select_pivot_nonzeros      0.000  5
alg :  build_select_vectors             0.000  5
alg :  calc_residual_LU                 0.000  30
alg :  call_MG_solver                   0.003  5
alg :  clean_coarse_levels              0.000  5
alg :  clean_fine_level                 0.000  5
alg :  init_RB_coarse_nonzeros          0.000  5
alg :  init_RB_fine_nonzeros            0.000  5
alg :  init_coarse_levels               0.001  5
alg :  init_fine_level                  0.000  5
alg :  mg_cycle                         0.003  5
alg :  numerical_PardisoCholesky        0.000  5
alg :  perform_prolongation             0.000  25
alg :  perform_restriction              0.000  25
alg :  run_smoothing                    0.001  30
alg :  smoother_fine                    0.000  90
alg :  solve_MG                         0.003  5
alg :  solve_PardisoCholesky            0.001  25
alg :  symbolic_PardisoCholesky         0.000  1
alg :  update_mg_status                 0.000  55
alg : 
alg :  size = 7
alg :  assembling_nnz_PardisoCholesky   0.000  5
alg :  build_coarse_select_omega        0.000  5
alg :  build_fine_select_omega          0.000  5
alg :  build_select_pivot_nonzeros      0.000  5
alg :  build_select_vectors             0.000  5
alg :  calc_residual_LU                 0.000  30
alg :  call_MG_solver                   0.003  5
alg :  clean_coarse_levels              0.000  5
alg :  clean_fine_level                 0.000  5
alg :  init_RB_coarse_nonzeros          0.000  5
alg :  init_RB_fine_nonzeros            0.000  5
alg :  init_coarse_levels               0.001  5
alg :  init_fine_level                  0.000  5
alg :  mg_cycle                         0.003  5
alg :  numerical_PardisoCholesky        0.000  5
alg :  perform_prolongation             0.000  25
alg :  perform_restriction              0.000  25
alg :  run_smoothing                    0.001  30
alg :  smoother_fine                    0.000  90
alg :  solve_MG                         0.003  5
alg :  solve_PardisoCholesky            0.001  25
alg :  symbolic_PardisoCholesky         0.000  1
alg :  update_mg_status                 0.000  55
alg : 
alg :  size = 22
alg :  assembling_nnz_PardisoCholesky   0.000  5
alg :  build_coarse_select_omega        0.000  5
alg :  build_fine_select_omega          0.000  5
alg :  build_select_pivot_nonzeros      0.000  5
alg :  build_select_vectors             0.000  5
alg :  calc_residual_LU                 0.000  30
alg :  call_MG_solver                   0.117  5
alg :  clean_coarse_levels              0.000  5
alg :  clean_fine_level                 0.000  5
alg :  init_RB_coarse_nonzeros          0.000  5
alg :  init_RB_fine_nonzeros            0.000  5
alg :  init_coarse_levels               0.114  5
alg :  init_fine_level                  0.000  5
alg :  mg_cycle                         0.117  6
alg :  numerical_PardisoCholesky        0.000  5
alg :  perform_prolongation             0.000  24
alg :  perform_restriction              0.000  24
alg :  run_smoothing                    0.002  30
alg :  smoother_fine                    0.001  288
alg :  solve_MG                         0.118  5
alg :  solve_PardisoCholesky            0.001  24
alg :  symbolic_PardisoCholesky         0.113  1
alg :  update_mg_status                 0.000  54
alg : 
alg :  size = 22
alg :  build_fine_select_omega       0.000  5
alg :  build_select_pivot_nonzeros   0.000  5
alg :  build_select_vectors          0.000  5
alg :  calc_residual_LU              0.000  5
alg :  call_MG_solver                0.000  5
alg :  clean_fine_level              0.000  5
alg :  init_RB_fine_nonzeros         0.000  5
alg :  init_fine_level               0.000  5
alg :  mg_cycle                      0.000  5
alg :  run_smoothing                 0.000  5
alg :  smoother_fine                 0.000  15
alg :  solve_MG                      0.001  5
alg :  update_mg_status              0.000  5
Free Geometry DB takes 0.000 s
OK
