Number of used processors (NPROC): 1.
Number of mesh partitions (NPART): 1.
Operating system:	Windows 7 Service Pack 1 (Version 6.1.7601)
Total Physical Memory = 6.00 Gb, Available Physical Memory = 3.14 Gb
Memory Working Set Current = 15.97 Mb, Memory Working Set Peak = 16.16 Mb
CPU:	GenuineIntel, Stepping ID = 2, Model = 13, Family = 6, Extended model = 2, MMX SSE SSE2 Hyper-Threading Technology SSE3
CPU Brand String: Intel(R) Xeon(R) CPU E5-2680 v3 @ 2.50GHz
Cache Line Size = 64, L2 Associativity = 6, Cache Size = 256K
Number of cores: 4, Processor type: 8664, Active processor mask: 15, Page size: 4096 bites
std::thread::hardware_concurrency = 4
OpenMP enabled (spec=200203). max_threads = 4, num_procs = 4, num_threads = 4.

SOLIDWORKS 2016 SP3.0
14-HEAT_TRANSFER_IN_SOLID\00014-HWF_on_ins_ss\ft_run\1\1.fld
Configuration name:	Default
Project name:	as3d
/*******************************************/
/*         Project Summary                 */
/*******************************************/
Problem type:						internal
Result resolution:					5
Minimum gap size:					0.44
Minimum wall thickness:				0.44
Manual refinement:					Off
Solid refinement:					Off
Fluid substances count				0

		Advanced capabilities
Heat transfer						Off
Transient						Off
Gravitation						Off
Laminar flow						Off
Compressibility					Off
Default wall condition				adiabatic wall
Roughness:						0

************************************************

Geometry database loading ...OK
Flow Simulation 2016  x64 / 3688 / SOLVER ver. efd_16_0.3667_12.10.2016+nested_iters_for_phase_change17.5 



STATIONARY

SOLID HEAT TRANSFER ONLY

EXTERNAL=1  CHT=1  FROZEN=0  P_REF=1  RADIATION=0  HVAC_COMFORT_PARAMETERS=0
IT=0   NT=2   NZ=0
US_DIM=1
-----------------------------------------------------------------------
Allocating meshes:
	CPU count: 1
	MESH 0:
		Sub-meshes count: 1
-----------------------------------------------------------------------
Memory Status before reading BCF:
Memory Working Set Current = 18.94 Mb, Memory Working Set Peak = 18.94 Mb

-----------------------------------------------------------------------
BCF CHECKSUM DATA (Mesh 0):

WARNING! 4 w-face(s) without fw-neigbours.
FACE_A Area Sum:   G.Fluid        0.0000000000000000
FACE_A Area Sum:   G.Solid        0.0220000000000000
FACE_W Area Sum:                  0.9328399999999998
FACE_W Nb   Sum:                  112
AV Max Disbalance: G.Fluid        0 (cid=-1, avid=-1, pid=-1)
AV Max Disbalance: G.Solid        0 (cid=-1, avid=-1, pid=-1)
-----------------------------------------------------------------------


-----------------------------------------------------------------------
MESHER TOPOLOGY DATA (Mesh 0):

BRICKS: Total                 11
BRICKS: 1-CV                  8
BRICKS: 2-CV                  3
BRICKS: Bad                   0

AV:     G.Total               14
AV:     G.Fluid               0
AV:     G.Solid               14

AV:     G.Fluid Thin Profile    0.00 % (0)
AV:     G.Solid Thin Profile    0.00 % (0)

AV:     G.Fluid Thin For Mega   0.00 % (0)
AV:     G.Solid Thin For Mega   0.00 % (0)

AV:     G.Fluid Non-Convex      0.00 % (0)
AV:     G.Solid Non-Convex      0.00 % (0)

FACE_A: G.Fluid          (af) 0 (partially opened 0)
FACE_A: G.Solid          (as) 10 (partially opened 0)

FACE_W: G.Total                 61          Brick/Bound
FACE_W: G.Fluid/Solid    (fs_g) 0           0           
FACE_W: G.Fluid/Fluid    (ff_g) 0           0           
FACE_W: G.Solid/Solid    (ss_g) 3           0           
FACE_W: G.Fluid/External (fe_g) 0
FACE_W: G.Solid/External (se_g) 58

AV max fa count:                2
AV max fw count:                6
AV max fw poly count:           6

MEMORY: Total                   0.009 MB
MEMORY: Per Brick               0.836 KB
-----------------------------------------------------------------------

----------------------------------------------------------
BCF --> BCF.GEOMSUBDOM (bridge arrays) (cpu_num=1):
MESH (0):
	Fluid Subdom Constructor: 0 subdom(s).
	Solid Subdom Constructor: 4 subdom(s).
	Net Asm Subdom Constructor: 0 subdom(s).
	GEOMSUBDOM (0): gi=1 solid av=6 cv=6 fa=5 fw=26 V=2.200000e-003
	GEOMSUBDOM (1): gi=2 solid av=1 cv=1 fa=0 fw=6 V=4.400000e-006
	GEOMSUBDOM (2): gi=0 solid av=6 cv=6 fa=5 fw=26 V=2.200000e-003
	GEOMSUBDOM (3): gi=2 solid av=1 cv=1 fa=0 fw=6 V=4.400000e-006
	Setting nb of w-faces...OK.

MESH (0) checking:
	GEOMSUBDOM (0):fa_s=0.0110000000000000 fw_s=0.4644000000000000 fw_nb=48
	GEOMSUBDOM (1):fa_s=0.0000000000000000 fw_s=0.0053200000000000 fw_nb=8
		WARNING! 2 w-face(s) without fw-neighbors.
	GEOMSUBDOM (2):fa_s=0.0110000000000000 fw_s=0.4644000000000000 fw_nb=48
	GEOMSUBDOM (3):fa_s=0.0000000000000000 fw_s=0.0053199999999999 fw_nb=8
		WARNING! 2 w-face(s) without fw-neighbors.
MESH (0) checking: OK.
----------------------------------------------------------
Memory Status after reading BCF:
Memory Working Set Current = 19.43 Mb, Memory Working Set Peak = 19.43 Mb
Total read CPT took 0.00 sec.
MESH::Bricks: Total=11 Gas=0 Solid=8 Partial=3 Irregular=0

-----------------------------------------------------------------------
Mesh dimensions:
				I[0 ]=11
				I[1 ]=1
				I[2 ]=1
Solver refinement level	I[47]=0

Comp. domain size:
				a[0  ]=-0.002
				a[1  ]=2.002
				a[2  ]=-0.11
				a[3  ]=0.11
				a[4  ]=-0.005
				a[5  ]=0.005
Wall thickness		a[231]=0
Gap size			a[232]=1
-----------------------------------------------------------------------
-----------------------------------------------------------------------
Preparing for calculations started at	3.11.2016	12:25:55
slv_max_lev=0
CD X0= -0.002, X1= 2.002, Y0= -0.11, Y1= 0.11, Z0= -0.005, Z1= 0.005
Collecting Reference Parameters... OK
-----------------------------------------------------------------------
CV statisticks for fluid...
	CV number:         0
	FACE_A max number: 0
	FACE_W max number: 0
-----------------------------------------------------------------------
-----------------------------------------------------------------------
CV statisticks for solid...
	CV number:         6
	FACE_A max number: 2
	FACE_W max number: 5
-----------------------------------------------------------------------
Update time step in solids: STATIONARY IN SOLIDS
Memory allocation for matrix entries in solver is block-wise,
( size of block = 1048576 bytes (1Mb) ).

There is 1 subdomain in solid:
subdomain 0: 6 control volumes

43 parameter(s) in list of scalar parameters
2 parameter(s) in list of vector parameters
-----------------------------------------------------------------------
Loading mesh settings (global/local/SAR)...
Setting regions...
Setting regions takes 0.000 s
-----------------------------------------------------------------------

CollectIndata: Initialize stored in U[] parameters (pressure,momentum,dens,..)... OK(CPU=4.80508e-005s)

Collect Body BC...OK
Collect Fans...OK
Collect Surface Sources...OK
Collect Contact resistance BC...OK
Collect Perforated plates BC...OK
Collect Electric contact BC...OK
Collect Surface Goals...
Received 0 wall face(s) and 0 virtual face(s)...
 OK
Total CPU time 0 s
Collect Unused surface area...OK

MWS =0.25
NPROC = 1, nested_parallelization = 0
NPART = 1

/-----------------------------------------------------------/
SOLVER TOPOLOGY DATA:

BRICKS: |level1| sum         0

CV:     Total               6
CV:     Fluid               0
CV:     Solid               6

CV:     G.Fluid Thin Profile    0.00 % (0)
CV:     G.Solid Thin Profile    0.00 % (0)

CV:     G.Fluid Non-Convex      0.00 % (0)
CV:     G.Solid Non-Convex      0.00 % (0)

FACE_A: Fluid          (af) 0
FACE_A: Max number placed on a brick-face in cv: 0
FACE_A: Solid          (as) 10

FACE_W: Total               61
FACE_W: Fluid/Solid    (fs) 0
FACE_W: Fluid/Fluid    (ff) 0
FACE_W: Solid/Solid    (ss) 0
FACE_W: Opening BC               (fo)  0
FACE_W: Fluid/Bound              (fw)  0
FACE_W: Solid/Bound              (sw)  26
FACE_W: Fluid/Bound Real Wall    (frw) 0
FACE_W: Solid/Bound Real Wall    (srw) 2
FACE_W: Fluid/Bound Real Wall  hn(sum) 0.000000e+000
FACE_W: Max number placed in cv: 0
Solid:
CV Max Disbalance:                0 (ncv=5)
/-----------------------------------------------------------/

Create solver core
 MDS: Converting solver problem ...
MDS: OK
slv : Calculations at run start
slv :     Create sub-domains supervisors:
slv :     	1 solid
slv :     OK
slv :     Create sub-domains mesh connectivity supervisors:
slv :     OK
slv :     Slice sub-domains:
slv :     OK
slv :     Collect slices by phenomena...
slv :     	fluid flow slices were created:	0
slv :     	heat transfer slices were created:	1
slv :     	electric current flow slices were created:	0
slv :     	radiation slices were created:	0
slv :     OK
slv :     Creating meshes proxies for multigrid...
slv :         Convert MESH[0] to multigrid mesh proxy...
slv :         11 bricks are accounted by implicit methods(100% of total)
slv :         max tree bricks count = 1
slv :         OK
slv :     OK
alg :     MG: create topological coarsening...
alg :     Mesh 0  OK
slv :     OK
slv :     Building fluid flow views schemes...
slv :     OK
slv :     Building views for heat transfer...
slv :         1 views are created
slv :     Building heat transfer views schemes...
slv :         View 0:
slv :         OK
slv :     OK
slv :     Building electric current flow views schemes...
slv :     OK
slv :     PrecalcAtStart views for fluid flow...
slv :     PrecalcAtStart views for heat transfer...
slvD:         Laplacian approximations statisticks:
slvD:         	Number of open faces        :5
slvD:         	N of computed(stored) approximations:0
slvD:             	2-point approximations    :100.0 %
slvD:             	Thin profile approximations :  0.0 %
slvD:             
slv :         Creating view scheme...
slv :         1 heat transfer algebraic views are created
alg :         mgl = 31 size = 6
alg :         mgl = 30 size = 3
alg :         
slv :         OK
slv :     PrecalcAtStart views for electric current flow...
slv :     PrecalcAtStart views for radiation...
slv : OK
slv : ------------ Start of Preliminary step at Calculation start ------------
slv :     View 0(0) T_solid:min(solid,ncvloc=0,sd_id=0,ncvglob=0)=200                  max(solid,ncvloc=0,sd_id=0,ncvglob=0)=200                  
slv :     Global T_solid:min(solid,ncvloc=0,sd_id=0,ncvglob=0)=200                  max(solid,ncvloc=0,sd_id=0,ncvglob=0)=200                  
slv :     ------------ End of Preliminary step at Calculation start ------------

----------------------------------------------------------
BCF checking (solver)...
----------------------------------------------------------

Estimated cfld size=0.02 Mb
Writing cfld file "14-HEAT_TRANSFER_IN_SOLID\00014-HWF_on_ins_ss\ft_run\1/r_000000.cfld"...
Working in No GDBLight mode
Working in No GDBLight mode
FILE SAVED: r_000000.cfld. Total save cfld took 0.00 sec.
real cfld size=0.00 Mb
OK
Estimated fld size=0.07 Mb
Writing fld file "14-HEAT_TRANSFER_IN_SOLID\00014-HWF_on_ins_ss\ft_run\1/r_000000.fld"...
FILE SAVED: r_000000.fld. Total save fld took 0.00 sec.
real fld size=0.01 Mb
OK
Init simple interpolator... OK (0.000 sec)
Surface Source 'SS Surface Heat Generation Rate 1' is on 1 faces (AS area=0.0022, CAD area=0.00220881, difference=-0.4%)

Preview parameters:
	Density (Solid)
	Temperature (Solid)
	Solid Thermal Conductivity (X)
	Solid Thermal Conductivity (Y)
	Solid Thermal Conductivity (Z)
	Heat Flux
	Heat Flux (X)
	Heat Flux (Y)
	Heat Flux (Z)
	Overheat above Melting Temperature
10 parameter(s) in preview list of parameters

Calculation started at	3.11.2016	12:25:55
Total CPU time 0 s
//-------------There are no openings in task--------------//

================== Tstep=0 ===================
Boundary layer settings:
	Separation tau    on
	Enable 3D effects off
BL MODEL         	Ignore compressibility  off
	BL on porous body  off
	Separ. tau corr factor 0
	Separ. tau kappa 0.1
	Separ. tau KV0 0.1
------------------------
NumerCore CHT-start settings:
	Min typical size					1
	Zero vel ht factor				0.006
	C_mju_turb_min                   0.01
	Threshold value for K-E filter   0
	C_mju                            0.09
	C_eps1                           1.44
	C_eps2                           1.92
	Sigma_k                          1
	Sigma_eps                        1.3
	Sigma_c                          0.9
	Approx mode                      1st order
-------------
NumCoreFESSettings:
	Maximum possible Mach	0
	Turbulent Prandtl		0.9
-------------
slv : Implicit schemes in fluid settings:
slv :     INPR	: rel_resid=0.00790569
slv :     BACKGROUND	: rel_resid=0.00790569
slv :     DVGR	: rel_resid=0.00790569
slv :     MOMENTUM	: rel_resid=0.00790569
slv :     CHT	: rel_resid=0.00790569
slv :     Y_TD	: rel_resid=0.00790569
slv :     Y_TURB	: rel_resid=0.00790569
slv :     LMA	: rel_resid=0.00790569
slv :     UVGI	: rel_resid=0.00790569
slv :     NOx	: rel_resid=0.00790569
slv :     Disable wall motion impact into H threshold=10
slv :     Relax par ring =0.05
slv :     Isothermal cavitation CF corrector = 1
slv :     Isothermal cavitation pseudo transient corrector = -1
slv :     Isothermal cavitation forced time step in cavitated regions = -1
slv :     ---------------------------------------
------Solid settings---
Approximation mode = 2'nd order && thin_profiles
Solid temperature eps_abs scaling factor: 0.001
number dofs per absorptive face: 9
subgrid ratio: 0.500000
Blink filter: disabled
------------------------------
slv : Iterations settings:
slv :     Max number of outer iter = 1
slv :     Max number of Mass&Energy iter = 1
slv :     Max Courant factor = 10
slv :     Conservation laws tolerance residuals:
slv :         	MASS	0.005
slv :         	MOMENTUM	0.005
slv :         	ENERGY	0.005
slv :         	SPECIES	0.005
slv :         	TURBULENCE	0.005
slv :     ---------------------------------------
slv :     Scheme blocks settings:
slv :         INPR	: stop_crit=residAbs_AND_residRel 
slv :         BACKGROUND	: stop_crit=residAbs_AND_residRel 
slv :         DVGR	: stop_crit=residAbs_AND_residRel 
slv :         MOMENTUM	: stop_crit=residAbs_AND_residRel 
slv :         CHT	: stop_crit=residAbs_AND_residRel 
slv :         Y_TD	: stop_crit=residAbs_AND_residRel 
slv :         Y_TURB	: stop_crit=residAbs_AND_residRel 
slv :         LMA	: stop_crit=residAbs_AND_residRel 
slv :         UVGI	: stop_crit=residAbs_AND_residRel 
slv :         NOx	: stop_crit=residAbs_AND_residRel 
slv :     ---------------------------------------
Accuracy scale coeff =1
slv : SOLVE HT
slv : 	Heat Transfer physical view 0
alg : | Initial res  | Target res   | Final res    |Visits|Iter|R|F|CL|Status|
alg : | 5.959953e+004| 4.618578e-006| 5.242716e-007|     8|  72|0|n|30|  OK  |
slv : | 2.463202e+002|              | 1.540393e-003|      |    | | |  |      | 
slv :     View 0(0) T_solid:min(solid,ncvloc=0,sd_id=0,ncvglob=0)=300.9005642639       max(solid,ncvloc=5,sd_id=0,ncvglob=5)=309.54107948935      
slv :     Global T_solid:min(solid,ncvloc=0,sd_id=0,ncvglob=0)=300.9005642639       max(solid,ncvloc=5,sd_id=0,ncvglob=5)=309.54107948935      
Memory Working Set Current = 26.80 Mb, Memory Working Set Peak = 26.80 Mb

================== Tstep=1 ===================
slv : SOLVE HT
slv : 	Heat Transfer physical view 0
alg : | Initial res  | Target res   | Final res    |Visits|Iter|R|F|CL|Status|
alg : | 5.242716e-007| 3.276698e-008| 8.720591e-009|     2|  18|0|n|30|  OK  |
slv : | 1.540393e-003|              | 1.986671e-004|      |    | | |  |      | 
slv :     View 0(0) T_solid:min(solid,ncvloc=0,sd_id=0,ncvglob=0)=300.90111388059      max(solid,ncvloc=5,sd_id=0,ncvglob=5)=309.54434762688      
slv :     Global T_solid:min(solid,ncvloc=0,sd_id=0,ncvglob=0)=300.90111388059      max(solid,ncvloc=5,sd_id=0,ncvglob=5)=309.54434762688      
Memory Working Set Current = 26.83 Mb, Memory Working Set Peak = 26.83 Mb

================== Tstep=2 ===================
slv : SOLVE HT
slv : 	Heat Transfer physical view 0
alg : | Initial res  | Target res   | Final res    |Visits|Iter|R|F|CL|Status|
alg : | 8.720591e-009| 5.450369e-010| 1.450560e-010|     2|  18|0|n|30|  OK  |
slv : | 1.986671e-004|              | 2.562247e-005|      |    | | |  |      | 
slv :     View 0(0) T_solid:min(solid,ncvloc=0,sd_id=0,ncvglob=0)=300.9011847656       max(solid,ncvloc=5,sd_id=0,ncvglob=5)=309.54476912465      
slv :     Global T_solid:min(solid,ncvloc=0,sd_id=0,ncvglob=0)=300.9011847656       max(solid,ncvloc=5,sd_id=0,ncvglob=5)=309.54476912465      
Memory Working Set Current = 26.84 Mb, Memory Working Set Peak = 26.84 Mb

================== Tstep=3 ===================
slv : SOLVE HT
slv : 	Heat Transfer physical view 0
alg : | Initial res  | Target res   | Final res    |Visits|Iter|R|F|CL|Status|
alg : | 1.450560e-010| 9.066002e-012| 2.412824e-012|     2|  18|0|n|30|  OK  |
slv : | 2.562247e-005|              | 3.304577e-006|      |    | | |  |      | 
slv :     View 0(0) T_solid:min(solid,ncvloc=0,sd_id=0,ncvglob=0)=300.90119390777      max(solid,ncvloc=5,sd_id=0,ncvglob=5)=309.544823486        
slv :     Global T_solid:min(solid,ncvloc=0,sd_id=0,ncvglob=0)=300.90119390777      max(solid,ncvloc=5,sd_id=0,ncvglob=5)=309.544823486        
Memory Working Set Current = 26.84 Mb, Memory Working Set Peak = 26.84 Mb

================== Tstep=4 ===================
slv : SOLVE HT
slv : 	Heat Transfer physical view 0
alg : | Initial res  | Target res   | Final res    |Visits|Iter|R|F|CL|Status|
alg : | 2.412824e-012| 1.508015e-013| 4.013429e-014|     2|  18|0|n|30|  OK  |
slv : | 3.304577e-006|              | 4.261976e-007|      |    | | |  |      | 
slv :     View 0(0) T_solid:min(solid,ncvloc=0,sd_id=0,ncvglob=0)=300.90119508685      max(solid,ncvloc=5,sd_id=0,ncvglob=5)=309.54483049708      
slv :     Global T_solid:min(solid,ncvloc=0,sd_id=0,ncvglob=0)=300.90119508685      max(solid,ncvloc=5,sd_id=0,ncvglob=5)=309.54483049708      
Memory Working Set Current = 26.84 Mb, Memory Working Set Peak = 26.84 Mb
Iteration : time = 0.124802 , count = 5 , time/count = 0.0249604
Calculate_inc() : time = 0.124802 , count = 5 , time/count = 0.0249604
TreatFlowEvolution() : time = 0 , count = 5 , time/count = 0
SolverPreview : time = 0 , count = 6 , time/count = 0
TreatGoals : time = 0 , count = 5 , time/count = 0

================== Tstep=5 ===================
slv : SOLVE HT
slv : 	Heat Transfer physical view 0
alg : | Initial res  | Target res   | Final res    |Visits|Iter|R|F|CL|Status|
alg : | 4.013428e-014| 2.508393e-015| 6.675890e-016|     2|  18|0|n|30|  OK  |
slv : | 4.261976e-007|              | 5.496776e-008|      |    | | |  |      | 
slv :     View 0(0) T_solid:min(solid,ncvloc=0,sd_id=0,ncvglob=0)=300.90119523892      max(solid,ncvloc=5,sd_id=0,ncvglob=5)=309.54483140131      
slv :     Global T_solid:min(solid,ncvloc=0,sd_id=0,ncvglob=0)=300.90119523892      max(solid,ncvloc=5,sd_id=0,ncvglob=5)=309.54483140131      
Memory Working Set Current = 26.84 Mb, Memory Working Set Peak = 26.84 Mb

================== Tstep=6 ===================
slv : SOLVE HT
slv : 	Heat Transfer physical view 0
alg : | Initial res  | Target res   | Final res    |Visits|Iter|R|F|CL|Status|
alg : | 6.675897e-016| 6.675897e-016| 4.279946e-016|     1|   3|0|y|30|  OK  |
slv : | 5.496776e-008|              | 4.399863e-008|      |    | | |  |      | 
slv :     View 0(0) T_solid:min(solid,ncvloc=0,sd_id=0,ncvglob=0)=300.90119524342      max(solid,ncvloc=5,sd_id=0,ncvglob=5)=309.54483142798      
slv :     Global T_solid:min(solid,ncvloc=0,sd_id=0,ncvglob=0)=300.90119524342      max(solid,ncvloc=5,sd_id=0,ncvglob=5)=309.54483142798      
Memory Working Set Current = 26.84 Mb, Memory Working Set Peak = 26.84 Mb

================== Tstep=7 ===================
slv : SOLVE HT
slv : 	Heat Transfer physical view 0
alg : | Initial res  | Target res   | Final res    |Visits|Iter|R|F|CL|Status|
alg : | 4.279935e-016| 4.279935e-016| 2.744755e-016|     1|   3|0|y|30|  OK  |
slv : | 4.399863e-008|              | 3.523331e-008|      |    | | |  |      | 
slv :     View 0(0) T_solid:min(solid,ncvloc=0,sd_id=0,ncvglob=0)=300.90119524701      max(solid,ncvloc=5,sd_id=0,ncvglob=5)=309.54483144933      
slv :     Global T_solid:min(solid,ncvloc=0,sd_id=0,ncvglob=0)=300.90119524701      max(solid,ncvloc=5,sd_id=0,ncvglob=5)=309.54483144933      
Memory Working Set Current = 26.84 Mb, Memory Working Set Peak = 26.84 Mb

================== Tstep=8 ===================
slv : SOLVE HT
slv : 	Heat Transfer physical view 0
alg : | Initial res  | Target res   | Final res    |Visits|Iter|R|F|CL|Status|
alg : | 2.744759e-016| 2.744759e-016| 1.760340e-016|     1|   3|0|y|30|  OK  |
slv : | 3.523331e-008|              | 2.821628e-008|      |    | | |  |      | 
slv :     View 0(0) T_solid:min(solid,ncvloc=0,sd_id=0,ncvglob=0)=300.90119524988      max(solid,ncvloc=5,sd_id=0,ncvglob=5)=309.54483146643      
slv :     Global T_solid:min(solid,ncvloc=0,sd_id=0,ncvglob=0)=300.90119524988      max(solid,ncvloc=5,sd_id=0,ncvglob=5)=309.54483146643      
Memory Working Set Current = 26.84 Mb, Memory Working Set Peak = 26.84 Mb

================== Tstep=9 ===================
slv : SOLVE HT
slv : 	Heat Transfer physical view 0
alg : | Initial res  | Target res   | Final res    |Visits|Iter|R|F|CL|Status|
alg : | 1.760337e-016| 1.760337e-016| 1.128988e-016|     1|   3|0|y|30|  OK  |
slv : | 2.821628e-008|              | 2.259685e-008|      |    | | |  |      | 
slv :     View 0(0) T_solid:min(solid,ncvloc=0,sd_id=0,ncvglob=0)=300.90119525218      max(solid,ncvloc=5,sd_id=0,ncvglob=5)=309.54483148013      
slv :     Global T_solid:min(solid,ncvloc=0,sd_id=0,ncvglob=0)=300.90119525218      max(solid,ncvloc=5,sd_id=0,ncvglob=5)=309.54483148013      
slv : +--------------------------+------------+-------+------------+------------+
slv : |      Collector name      | Total Time | Count |  Avg Time  |  Max Time  |
slv : +--------------------------+------------+-------+------------+------------+
slv : | CHT_MDS_import_export    |       0.000|      9|       0.000|       0.000|
slv : | CSolver_core_update_BC_1 |       0.000|     10|       0.000|       0.000|
slv : | Calculate_inc            |       0.120|      9|       0.013|       0.114|
slv : | LiSy_make_portrait       |       0.000|      2|       0.000|       0.000|
slv : | Results_processing       |       0.008|      9|       0.001|       0.002|
slv : | build_sl_ordering_CHT    |       0.000|     10|       0.000|       0.000|
slv : | precalc_at_start_MDS     |       0.001|      4|       0.000|       0.001|
slv : | solve_CHT_MDS            |       0.116|     10|       0.012|       0.112|
slv : | solve_CHT_alg_MDS        |       0.114|     10|       0.011|       0.112|
slv : +--------------------------+------------+-------+------------+------------+
Memory Working Set Current = 26.84 Mb, Memory Working Set Peak = 26.84 Mb
/************Goal values******************/
GG Min Temperature (Solid) 1				300 K
GG Max Temperature (Solid) 1				310 K
GG Av Temperature (Solid) 1				305 K
/************End of Goal values******************/
/************	Min/Max Parameters	************/
Temperature (Solid):		min = 300 K		max = 310 K
/************	End of Min/Max Parameters	************/
Solver finished at	3.11.2016	12:25:55
ENDING PROGRAM...
Estimated fld size=0.07 Mb
Writing fld file "14-HEAT_TRANSFER_IN_SOLID\00014-HWF_on_ins_ss\ft_run\1\1.fld"...
FILE SAVED: 1.fld. Total save fld took 0.00 sec.
real fld size=0.01 Mb
FILE RENAMED: r_000000.cfld -> 1.cfld
OK
Depository creating ...
stream_line (0.000 s)
FS triangles count 4 
wall_triangles (0.001 s)
nb_bricks (0.001 s)
Face_aver_on (0.000 s)
size of cv_intrp_s = 0.02 Mb
size of cv_intrp_fw = 0.00 Mb
size of cv_intrp_sw = 0.02 Mb
CCVInterp_DepEntry::Calculate duration = 0.000 s
cv_interp (0.002 s)
favorite_params (0.006 s)
Face_aver_off (0.000 s)
Depository creating ...OK (0.018 s)
Solver finished at	3.11.2016	12:25:55
Total CPU time 0 s
Free memory:
slv : +--------------------------+------------+-------+------------+------------+
slv : |      Collector name      | Total Time | Count |  Avg Time  |  Max Time  |
slv : +--------------------------+------------+-------+------------+------------+
slv : | CHT_MDS_import_export    |       0.000|     10|       0.000|       0.000|
slv : | CSolver_core_update_BC_1 |       0.000|     10|       0.000|       0.000|
slv : | Calculate_inc            |       0.121|     10|       0.012|       0.114|
slv : | LiSy_make_portrait       |       0.000|      2|       0.000|       0.000|
slv : | Results_processing       |       0.009|     10|       0.001|       0.002|
slv : | build_sl_ordering_CHT    |       0.000|     10|       0.000|       0.000|
slv : | precalc_at_start_MDS     |       0.001|      4|       0.000|       0.001|
slv : | solve_CHT_MDS            |       0.116|     10|       0.012|       0.112|
slv : | solve_CHT_alg_MDS        |       0.114|     10|       0.011|       0.112|
slv : +--------------------------+------------+-------+------------+------------+
alg : 
alg :  size = 6
alg :  build_coarse_select_omega     0.000  6
alg :  build_fine_select_omega       0.000  10
alg :  build_select_pivot_nonzeros   0.000  10
alg :  build_select_vectors          0.000  10
alg :  calc_residual_LU              0.000  22
alg :  call_MG_solver                0.114  10
alg :  clean_coarse_levels           0.000  6
alg :  clean_fine_level              0.000  10
alg :  init_RB_coarse_nonzeros       0.000  6
alg :  init_RB_fine_nonzeros         0.000  10
alg :  init_coarse_levels            0.112  6
alg :  init_fine_level               0.000  10
alg :  mg_cycle                      0.113  10
alg :  numerical_PardisoLU           0.001  6
alg :  perform_prolongation          0.000  12
alg :  perform_restriction           0.000  12
alg :  run_smoothing                 0.001  22
alg :  smoother_fine                 0.000  174
alg :  solve_MG                      0.114  10
alg :  solve_PardisoLU               0.000  12
alg :  symbolic_PardisoLU            0.110  1
alg :  update_mg_status              0.000  34
Free Geometry DB takes 0.000 s
OK
