Number of used processors (NPROC): 1.
Number of mesh partitions (NPART): 1.
Operating system:	Windows 7 Service Pack 1 (Version 6.1.7601)
Total Physical Memory = 6.00 Gb, Available Physical Memory = 3.96 Gb
Memory Working Set Current = 18.41 Mb, Memory Working Set Peak = 18.41 Mb
CPU:	GenuineIntel, Stepping ID = 2, Model = 13, Family = 6, Extended model = 2, MMX SSE SSE2 Hyper-Threading Technology SSE3
CPU Brand String:        Intel(R) Xeon(R) CPU E5-2680 0 @ 2.70GHz
Cache Line Size = 64, L2 Associativity = 6, Cache Size = 256K
Number of cores: 8, Processor type: 8664, Active processor mask: 255, Page size: 4096 bites
std::thread::hardware_concurrency = 8
OpenMP enabled (spec=200203). max_threads = 8, num_procs = 8, num_threads = 8.

SOLIDWORKS 2016 SP3.0
13-ROTATED_FLOWS\00050-RRF-u_G_0_IW\ft_run\1\1.fld
Configuration name:	Default
Project name:	as3d
/*******************************************/
/*         Project Summary                 */
/*******************************************/
Problem type:						internal
Result resolution:					5
Minimum gap size:					0.2
Minimum wall thickness:				0.202
Manual refinement:					Off
Solid refinement:					Off
Fluid substances count				1

		Advanced capabilities
Heat transfer						On
Transient						Off
Gravitation						Off
Laminar flow						On
Compressibility					Off
Number of solid substances			0
Roughness:						0

************************************************

Geometry database loading ...OK
Flow Simulation 2016  x64 / 3800 / SOLVER ver. efd_17_0.3746_30.12.2016+VOF_GUI_Therm_Slv_Integration_1 



STATIONARY

ROTATIONAL COORDINATES SYSTEM:
OMEGA 10   AXIS:  NORMAL VECTOR (0 0 1)  REFERENCE POINT: (0 0 0)

LAM-BREMHORST K-EPSILON TURBULENCE MODEL
EXTERNAL=1  CHT=0  FROZEN=0  P_REF=1  RADIATION=0  HVAC_COMFORT_PARAMETERS=0
-----------------------------------------------------------------------
Allocating meshes:
	CPU count: 1
	MESH 0:
		Sub-meshes count: 1
-----------------------------------------------------------------------
Memory Status before reading BCF:
Memory Working Set Current = 21.74 Mb, Memory Working Set Peak = 21.74 Mb
Process Threads Number: 11

-----------------------------------------------------------------------
BCF CHECKSUM DATA (Mesh 0):

FACE_A Area Sum:   G.Fluid        0.0953134502638120
FACE_A Area Sum:   G.Solid        0.0210385497361878
FACE_W Area Sum:                  0.1160626095842816
FACE_W Nb   Sum:                  1640
FACE_W min curvatures sum:        -480.02611637
FACE_W max curvatures sum:        0.00000000
AV Max Disbalance: G.Fluid        1.05018e-16 (cid=145, avid=132, pid=36)
AV Max Disbalance: G.Solid        8.98529e-17 (cid=40, avid=175, pid=16)
-----------------------------------------------------------------------


-----------------------------------------------------------------------
MESHER TOPOLOGY DATA (Mesh 0):

BRICKS: Total                 169
BRICKS: 1-CV                  121
BRICKS: 2-CV                  48
BRICKS: Bad                   0

AV:     G.Total               217
AV:     G.Fluid               149
AV:     G.Solid               68

AV:     G.Fluid Thin Profile    0.00 % (0)
AV:     G.Solid Thin Profile    0.00 % (0)

AV:     G.Fluid Thin For Mega   0.00 % (0)
AV:     G.Solid Thin For Mega   0.00 % (0)

AV:     G.Fluid Non-Convex      0.00 % (0)
AV:     G.Solid Non-Convex      0.00 % (0)

FACE_A: G.Fluid          (af) 272 (partially opened 48)
FACE_A: G.Solid          (as) 88 (partially opened 48)

FACE_W: G.Total                 534         Brick/Bound
FACE_W: G.Fluid/Solid    (fs_g) 48          0           
FACE_W: G.Fluid/Fluid    (ff_g) 0           0           
FACE_W: G.Solid/Solid    (ss_g) 0           0           
FACE_W: G.Fluid/External (fe_g) 298
FACE_W: G.Solid/External (se_g) 188

AV/CV max fa count (on brick side):2
AV/CV max fw count:                2
AV/CV max fw poly count:           6

MEMORY: Total                   0.112 MB
MEMORY: Per Brick               0.676 KB
-----------------------------------------------------------------------

----------------------------------------------------------
BCF --> BCF.GEOMSUBDOM (bridge arrays) (cpu_num=1):
MESH (0):
	Fluid Subdom Constructor: 1 subdom(s).
	Solid Subdom Constructor: 1 subdom(s).
	Net Asm Subdom Constructor: 0 subdom(s).
	GEOMSUBDOM (0): gi=0 fluid av=149 cv=145 fa=272 fw=346 V=7.505792e-04
	GEOMSUBDOM (1): gi=1 solid av=68 cv=68 fa=88 fw=236 V=2.287168e-04
	Setting nb of w-faces...OK.

MESH (0) checking:
	GEOMSUBDOM (0):fa_s=0.0953134502638120 fw_s=0.0776108784707682 fw_nb=1184
	GEOMSUBDOM (1):fa_s=0.0210385497361878 fw_s=0.0535143406977946 fw_nb=552
MESH (0) checking: OK.
----------------------------------------------------------
Memory Status after reading BCF:
Memory Working Set Current = 22.43 Mb, Memory Working Set Peak = 22.43 Mb
Process Threads Number: 11
Total read CPT took 0.00 sec.
MESH::Bricks: Total=169 Gas=101 Solid=20 Partial=48 Irregular=0

-----------------------------------------------------------------------
Mesh dimensions:
				I[0 ]=13
				I[1 ]=13
				I[2 ]=1
Solver refinement level	I[47]=0

Comp. domain size:
				a[0  ]=-0.101
				a[1  ]=0.101
				a[2  ]=-0.101
				a[3  ]=0.101
				a[4  ]=-0.012
				a[5  ]=0.012
Wall thickness		a[231]=0
Gap size			a[232]=1
-----------------------------------------------------------------------
-----------------------------------------------------------------------
Preparing for calculations started at	22.2.2017	7:49:49
slv_max_lev=0
CD X0= -0.101, X1= 0.101, Y0= -0.101, Y1= 0.101, Z0= -0.012, Z1= 0.012
Collecting Reference Parameters... OK
-----------------------------------------------------------------------
CV statisticks for fluid...
	CV number:         145
	FACE_A max number: 4
	FACE_W max number: 6
-----------------------------------------------------------------------
-----------------------------------------------------------------------
CV statisticks for solid...
	CV number:         0
	FACE_A max number: 0
	FACE_W max number: 0
-----------------------------------------------------------------------
Update time step in solids: STATIONARY IN SOLIDS
FLUID SUBDOMAIN   0 LC =0 LAMTURB=-1 NONNEWTON=0  STEAM=0  CAVITATION=0 IT=6 NT=0 NC=1 U_DIM_EXT=11

===ThermodynamicsHolder:===
Subdom 0 Incompressible liquid thermodynamics
	substance 0 type=fwLiquid, guid=6b2c6742-3f07-41fd-8be2-0a38e439e1ce, name=air-incompressible
===ThermodynamicsHolder:===
Memory allocation for matrix entries in solver is block-wise,
( size of block = 1048576 bytes (1Mb) ).

132 parameter(s) in list of scalar parameters
5 parameter(s) in list of vector parameters
-----------------------------------------------------------------------
Loading mesh settings (global/local/SAR)...
Setting regions...
Setting regions takes 0.000 s
-----------------------------------------------------------------------

CollectIndata: Initialize stored in U[] parameters (pressure,momentum,dens,..)... OK(CPU=0.000195625s)

THERMODYNAMICS: Initialize stored in U[] parameters (T,Cp,Pr,..)
                and switch to Y-shifted Total Enthalpy:
Total Enthalpy:                    (FIS, old) sd   0: min(    142,    142)=304722.28216201      , max(     54,     54)=304722.76            
Total Enthalpy, Y-shifted:         (FIS, old) sd   0: min(    142,    142)=-0.47783798690914    , max(     54,     54)=-2.0771590269202e-09 
OK: U[] is initialized.

Collect Body BC...OK
Collect Fans...OK
Collect Surface Sources...OK
Collect Contact resistance BC...OK
Collect Perforated plates BC...OK
Collect Electric contact BC...OK
Collect Surface Goals...
Received 0 wall face(s) and 0 virtual face(s)...
 OK
Total CPU time 0 s
Collect Unused surface area...OK
MWS estimation...
Subdomain number =   0 V_indata_max =          0, v_max_from_mf_on_BC =           0, v_max_from_pressure_opening =           0, MWS =       0.25 Ref. Pressure =  101325

There is 1 subdomain in fluid:
subdomain   0: INCOMPRESSIBLE,   MONOTONIC T,     145 CVs, LAMINAR ONLY
             ROTATIONAL COORDINATES SYSTEM:
             OMEGA=10;  AXIS: n=(0 0 1) X0=(0 0 0)
NPROC = 1, nested_parallelization = 0
NPART = 1
Calculate wall distance: initialization -> real wall faces = 0 OK(CPU=0s)
	geomsd(0) min=1.768449e-01 (nav=0), max=1.768449e-01 (nav=0) (CPU=0s)

/-----------------------------------------------------------/
SOLVER TOPOLOGY DATA:

BRICKS: |level1| sum         0

CV:     Total               145
CV:     Fluid               145
CV:     Solid               0

CV:     G.Fluid Thin Profile    0.00 % (0)
CV:     G.Solid Thin Profile    0.00 % (0)

CV:     G.Fluid Non-Convex      0.00 % (0)
CV:     G.Solid Non-Convex      0.00 % (0)

FACE_A: Fluid          (af) 272
FACE_A: Max number placed on a brick-face in cv: 2
FACE_A: Solid          (as) 88

FACE_W: Total               534
FACE_W: Fluid/Solid    (fs) 48
FACE_W: Fluid/Fluid    (ff) 0
FACE_W: Solid/Solid    (ss) 0
FACE_W: Opening BC               (fo)  0
FACE_W: Fluid/Bound              (fw)  346
FACE_W: Solid/Bound              (sw)  0
FACE_W: Fluid/Bound Real Wall    (frw) 0
FACE_W: Solid/Bound Real Wall    (srw) 0
FACE_W: Max number placed in cv: 6
Fluid:
CV Max Disbalance:                1.05018e-16 (ncv=103)
/-----------------------------------------------------------/

LOG: Subdom[0] has no Openings
LOG: EQN_3M[0]=1 
LOG: HYBRID[0]=0 
  nsd=  0: min rho=1.233, var Kin E=7.70625
Create solver core
 MDS: Converting solver problem ...
MDS: OK
slv : Calculations at run start
slv : Create sub-domains supervisors:
slv : 	1 fluid
slv : Create sub-domains mesh connectivity supervisors:
slv : Collect slices by phenomena...
slv : 	fluid flow slices were created:	1
slv : 	heat transfer slices were created:	1
slv : 	electric current flow slices were created:	0
slv : 	radiation slices were created:	0
slv : Creating meshes proxies for multigrid...
slv : Convert MESH[0] to multigrid mesh proxy...
slv : 169 bricks are accounted by implicit methods(100% of total)
slv : max tree bricks count = 1
alg : MG: create topological coarsening...
alg : Mesh 0  OK
slv : Building views for fluid flow...
slv : 1 views are created
slv : Building fluid flow views schemes...
slv : View   0: Implicit scheme in fluid
slv : Building views for heat transfer...
slv : 1 views are created
slv : Building heat transfer views schemes...
slv : Building electric current flow views schemes...
slv : PrecalcAtStart views for fluid flow...
=== Fluid sub-domain nsd=0 ========================
Pre-calculations at run start, Implicit Scheme:
Mass is predefined in this sub-domain

MARK CVs and A-FACEs WITH/NEAR GEOMETRICAL PECULIARITIES:

  Skip the artificial force suppressing Un (Ksi_wall) on w-faces = 12 (3.46821% of w-faces),
  A-faces placed opposite External boundary with Symmetry BC: N_face_ns=0 (0%)
BC re-definition: Real Wall to Ideal Wall: 0 w-faces
mgl = 31 size = 145
mgl = 30 size =  44

mgl = 31 size = 145
mgl = 30 size =  44

mgl = 31 size = 145
mgl = 30 size =  44

slv : PrecalcAtStart views for heat transfer...
Creating view scheme...
1 heat transfer algebraic views are created
mgl = 31 size = 145
mgl = 30 size =  44

slv : PrecalcAtStart views for electric current flow...
slv : PrecalcAtStart views for radiation...

Re-define MWS=max(mws_sd) and P_ref=averaged(P_ref_sd) over fluid-flow sub-domains in view:
nsd=  0: mws=0.25                 , P_ref=101325.30447887      
slv : ------------ Start of Preliminary step at Calculation start ------------
slv : Fluid subdom(new) 0
slv : P static (new)                 : min(     54) = 101325               , max(    142) = 101325.58917424      
slv : Density (new)                  : min(      0) = 1.233                , max(      0) = 1.233                
slv : Velocity (new)                 : min(      0) = 0                    , max(      0) = 0                    
slv : Velocity GCS (new)             : min(     54) = 6.4533172010936e-05  , max(    142) = 0.97758681138253     
slv : Temperature (new)              : min(      0) = 293.2                , max(      0) = 293.2                
slv : Total enthalpy, Y-shifted (new): min(    142) = -0.47783798690914    , max(     54) = -2.0771590269202e-09 
slv : ------------ End of Preliminary step at Calculation start ------------

----------------------------------------------------------
BCF checking (solver)...
----------------------------------------------------------

Estimated cfld size=0.02 Mb
Writing cfld file "13-ROTATED_FLOWS\00050-RRF-u_G_0_IW\ft_run\1/r_000000.cfld"...
Working in No GDBLight mode
Working in No GDBLight mode
FILE SAVED: r_000000.cfld. Total save cfld took 0.02 sec.
real cfld size=0.01 Mb
OK
Estimated fld size=0.07 Mb
Writing fld file "13-ROTATED_FLOWS\00050-RRF-u_G_0_IW\ft_run\1/r_000000.fld"...
FILE SAVED: r_000000.fld. Total save fld took 0.00 sec.
real fld size=0.03 Mb
OK
Init simple interpolator... OK (0.000 sec)
BC 'Ideal Wall 1' is on 48 faces (AS area=0.0150626, CAD area=0.0151098, difference=-0.3%)

Preview parameters:
	Density (Fluid)
	Pressure
	Temperature
	Temperature (Fluid)
	Velocity
	Velocity (X)
	Velocity (Y)
	Velocity (Z)
	Axial Velocity
	Circumferential Velocity
	Circumferential Velocity RRF
	Peripheral Velocity
	Radial Velocity
	Velocity RRF
	Velocity RRF (X)
	Velocity RRF (Y)
	Velocity RRF (Z)
	Dynamic Pressure
	Thermodynamic Pressure
	Total Pressure
	Dynamic Viscosity
	Prandtl Number
	Specific Heat (Cp)
	Total Enthalpy
	Total Viscosity
25 parameter(s) in preview list of parameters

Calculation started at	22.2.2017	7:49:49
Total CPU time 0 s
//-------------------------Fast mass flow--------------------//
//-------------There are no openings in task--------------//
//-------------------------Using size criteria--------------//

================== Tstep=0 ===================
Boundary layer settings:
	Separation tau    on
	Enable 3D effects off
BL MODEL         	Ignore compressibility  off
	BL on porous body  off
	Separ. tau corr factor 0
	Separ. tau kappa 0.1
	Separ. tau KV0 0.1
------------------------
NumerCore CHT-start settings:
	Min typical size					1
	Zero vel ht factor				0.006
	C_mju_turb_min                   0.01
	Threshold value for K-E filter   0.000908794
	C_mju                            0.09
	C_eps1                           1.44
	C_eps2                           1.92
	Sigma_k                          1
	Sigma_eps                        1.3
	Sigma_c                          0.9
	Approx mode                      1st order
-------------
NumCoreFESSettings:
	Maximum possible Mach	0
	Turbulent Prandtl		0.9
-------------
slv : Implicit schemes in fluid settings:
slv : INPR	: rel_resid=0.00790569
slv : BACKGROUND	: rel_resid=0.00790569
slv : DVGR	: rel_resid=0.00790569
slv : MOMENTUM	: rel_resid=0.00790569
slv : CHT	: rel_resid=0.00790569
slv : Y_TD	: rel_resid=0.00790569
slv : Y_TURB	: rel_resid=0.00790569
slv : LMA	: rel_resid=0.00790569
slv : UVGI	: rel_resid=0.00790569
slv : NOx	: rel_resid=0.00790569
slv : VOL_FRAC_IM_PHASE	: rel_resid=0.00790569
slv : Disable wall motion impact into H threshold=10
slv : Relax par ring =0.05
slv : Isothermal cavitation CF corrector = 1
slv : Isothermal cavitation pseudo transient corrector = -1
slv : Isothermal cavitation forced time step in cavitated regions = -1
slv : force_free_surface_VOF = -1
slv : ---------------------------------------
------Solid settings---
Approximation mode = 2'nd order && thin_profiles
Solid temperature eps_abs scaling factor: 0.001
number dofs per absorptive face: 9
subgrid ratio: 0.500000
Blink filter: disabled
------------------------------
slv : Iterations settings:
slv : Max number of outer iter = 1
slv : Max number of Mass&Energy iter = 1
slv : Max Courant factor = 10
slv : Conservation laws tolerance residuals:
slv : 	MASS	0.005
slv : 	MOMENTUM	0.005
slv : 	ENERGY	0.005
slv : 	SPECIES	0.005
slv : 	TURBULENCE	0.005
slv : ---------------------------------------
slv : Scheme blocks settings:
slv : INPR	: stop_crit=residAbs_AND_residRel 
slv : BACKGROUND	: stop_crit=residAbs_AND_residRel 
slv : DVGR	: stop_crit=residAbs_AND_residRel 
slv : MOMENTUM	: stop_crit=residAbs_AND_residRel 
slv : CHT	: stop_crit=residAbs_AND_residRel 
slv : Y_TD	: stop_crit=residAbs_AND_residRel 
slv : Y_TURB	: stop_crit=residAbs_AND_residRel 
slv : LMA	: stop_crit=residAbs_AND_residRel 
slv : UVGI	: stop_crit=residAbs_AND_residRel 
slv : NOx	: stop_crit=residAbs_AND_residRel 
slv : VOL_FRAC_IM_PHASE	: stop_crit=residAbs_AND_residRel 
slv : ---------------------------------------
Accuracy scale coeff =1
  MWS[  0]=0.249994
dt: nsd =   0 min dt/dtG(nCV=      0)=1.00 , max dt/dtG(nCV=      0)=1.0    , dtG=0.0155364
Flow alg-view 0 in phis-view 0 is Neumann (not Phase-change-specific treating)
LOG: Flow rate discrepancy at boundary (corrected):
ROTATION: weight_WR[nsd=0]= 0.00772024
slvD: ROTATION(nsd=0): max div_Mf(rho_av*[W x r])=1.44415e-05  at ncv=2
slv : SolveBG stage
Calculation_Mf nsd =   0: maximum value of div(momentum) (ncv=      2) =1.1149197187784e-07  
Flow alg-view 0 is Neumann (not for Phase Change + Nested Iters)
+----+----+--------------+--------------+--------------+--------------+--------------+------+----+-+-+--+------+
|Name|view| Initial res  | Initial resL1| Target res   | Final res    | Final res L1 |Visits|Iter|R|F|CL|Status|
+----+----+--------------+--------------+--------------+--------------+--------------+------+----+-+-+--+------+
| BG |   0|  1.821865e-13|  2.740999e-06|  1.138666e-17|  2.923361e-18|  1.328925e-08|     7|  21|0|n|30|  OK  |
neumann fix solution. y[row=0][ncv=138]=    3.1236e-05
Calculation_Mf nsd =   0: maximum value of div(momentum) (ncv=      0) =5.6942456199246e-10  
	norm_L2 of div(momentum) =1.7088154829217e-09  
Flow alg-view 0 in phis-view 0 is Neumann (not Phase-change-specific treating)
LOG: Flow rate discrepancy at boundary (corrected):
LOG: number of a-faces with weighted approximations in 0 subdomain: 58.8235 percent
LOG: Rate of a-faces corrected to CUp1st in 0 subdomain: 13.6064 %
slvD: ROTATION(nsd=0): max div_Mf(rho_av*[W x r])=1.44415e-05  at ncv=2
nsd =   0 Conv_fw[] is skipped for 298 w-faces
slv : SolveBL stage
LOG nsd = 0: numb_of_convergent=14, numb_of_divergent=12
Calculation_Mf nsd =   0: maximum value of div(momentum) (ncv=     70) =2.2291171054947e-07  
	norm_L2 of div(momentum) =8.6665084978049e-07  
slv : Solve3M stage
+----+----+--------------+--------------+--------------+--------------+--------------+------+----+-+-+--+------+
|Name|view| Initial res  | Initial resL1| Target res   | Final res    | Final res L1 |Visits|Iter|R|F|CL|Status|
+----+----+--------------+--------------+--------------+--------------+--------------+------+----+-+-+--+------+
| 3M |   0|  6.178344e-12|  2.119584e-05|  1.158440e-15|  1.177948e-39|  1.771658e-19|     1|   3|0|n|30|  OK  |
Velocity (predicted):
        (FIS) sd   0: min(     51)=2.5931075125318e-11  , max(     90)=0.0013638893585803   
slv : 
slv : NUMBER OF INNER ITERATIONS = 1
slv : 
slv : SolveDvGr stage
Flow alg-view 0 is Neumann (not for Phase Change + Nested Iters)
+----+----+--------------+--------------+--------------+--------------+--------------+------+----+-+-+--+------+
|Name|view| Initial res  | Initial resL1| Target res   | Final res    | Final res L1 |Visits|Iter|R|F|CL|Status|
+----+----+--------------+--------------+--------------+--------------+--------------+------+----+-+-+--+------+
|DVGR|   0|  8.659990e-12|  2.338580e-05|  5.412494e-16|  1.505919e-16|  1.130973e-07|     3|   9|0|n|30|  OK  |
neumann fix solution. y[row=0][ncv=16]=    3.2293e-04
Calculation_Mf nsd =   0: maximum value of div(momentum) (ncv=     78) =2.2054691671271e-07  
	norm_L2 of div(momentum) =5.503417113365e-07   
slv : SolveYTd stage
+----+----+--------------+--------------+--------------+--------------+--------------+------+----+-+-+--+------+
|Name|view| Initial res  | Initial resL1| Target res   | Final res    | Final res L1 |Visits|Iter|R|F|CL|Status|
+----+----+--------------+--------------+--------------+--------------+--------------+------+----+-+-+--+------+
| CHT|   0|  1.005137e-14|  7.287499e-07|  6.282107e-19|  2.100593e-38|  9.385125e-19|     1|   9|0|n|30|  OK  |
slv : SolveYTurb stage
slv : Fluid subdom(new) 0
slv : P static (new)                 : min(     54) = 101325.00006829      , max(     59) = 101325.5892506       
slv : Density (new)                  : min(      0) = 1.233                , max(      0) = 1.233                
slv : Velocity (new)                 : min(     55) = 6.7175616441703e-06  , max(    140) = 0.00057518154618269  
slv : Velocity GCS (new)             : min(     54) = 6.987074508516e-05   , max(    144) = 0.97764009128735     
slv : Temperature (new)              : min(     17) = 293.19999994553      , max(     95) = 293.2000000485       
slv : Total enthalpy, Y-shifted (new): min(    144) = -0.47782567306325    , max(     54) = -2.2634151022917e-08 
slv : MASS FLUXES AT OPENINGS: MF=0, AP=0
slv : DvGr statistics: min alpha=0.212621(nfa=148, geom_slice=0)
Memory Working Set Current = 34.02 Mb, Memory Working Set Peak = 34.02 Mb
Process Threads Number: 11

================== Tstep=1 ===================
  MWS[  0]=0.249958
dt: nsd =   0 min dt/dtG(nCV=      0)=1.00 , max dt/dtG(nCV=      0)=1.0    , dtG=0.015516
Flow alg-view 0 in phis-view 0 is Neumann (not Phase-change-specific treating)
LOG: Flow rate discrepancy at boundary (corrected):
ROTATION: weight_WR[nsd=0]= 0.00772024
slv : SolveBG stage
Calculation_Mf nsd =   0: maximum value of div(momentum) (ncv=     78) =2.2368663069345e-07  
Flow alg-view 0 is Neumann (not for Phase Change + Nested Iters)
+----+----+--------------+--------------+--------------+--------------+--------------+------+----+-+-+--+------+
|Name|view| Initial res  | Initial resL1| Target res   | Final res    | Final res L1 |Visits|Iter|R|F|CL|Status|
+----+----+--------------+--------------+--------------+--------------+--------------+------+----+-+-+--+------+
| BG |   0|  5.407329e-13|  5.543467e-06|  3.379580e-17|  3.990772e-18|  1.559922e-08|     7|  21|0|n|30|  OK  |
neumann fix solution. y[row=0][ncv=138]=   -3.0040e-06
Calculation_Mf nsd =   0: maximum value of div(momentum) (ncv=     26) =6.7451671906198e-10  
	norm_L2 of div(momentum) =1.9965272056441e-09  
Flow alg-view 0 in phis-view 0 is Neumann (not Phase-change-specific treating)
LOG: Flow rate discrepancy at boundary (corrected):
LOG: number of a-faces with weighted approximations in 0 subdomain: 55.1471 percent
LOG: Rate of a-faces corrected to CUp1st in 0 subdomain: 10.0975 %
nsd =   0 Conv_fw[] is skipped for 298 w-faces
slv : SolveBL stage
Calculation_Mf nsd =   0: maximum value of div(momentum) (ncv=      2) =2.2300274262586e-07  
	norm_L2 of div(momentum) =8.6660123853499e-07  
slv : Solve3M stage
+----+----+--------------+--------------+--------------+--------------+--------------+------+----+-+-+--+------+
|Name|view| Initial res  | Initial resL1| Target res   | Final res    | Final res L1 |Visits|Iter|R|F|CL|Status|
+----+----+--------------+--------------+--------------+--------------+--------------+------+----+-+-+--+------+
| 3M |   0|  1.189449e-12|  1.322312e-05|  2.230217e-16|  4.424610e-38|  8.709265e-19|     1|   3|0|n|30|  OK  |
Velocity (predicted):
        (FIS) sd   0: min(     74)=9.5561354175667e-06  , max(     89)=0.00086532569321451  
slv : SolveDvGr stage
Flow alg-view 0 is Neumann (not for Phase Change + Nested Iters)
+----+----+--------------+--------------+--------------+--------------+--------------+------+----+-+-+--+------+
|Name|view| Initial res  | Initial resL1| Target res   | Final res    | Final res L1 |Visits|Iter|R|F|CL|Status|
+----+----+--------------+--------------+--------------+--------------+--------------+------+----+-+-+--+------+
|DVGR|   0|  2.152711e-12|  1.353611e-05|  1.345444e-16|  3.599526e-17|  5.415502e-08|     3|   9|0|n|30|  OK  |
neumann fix solution. y[row=0][ncv=56]=    1.1144e-04
Calculation_Mf nsd =   0: maximum value of div(momentum) (ncv=      2) =1.2596173178167e-07  
	norm_L2 of div(momentum) =4.40891540807e-07    
slv : SolveYTd stage
+----+----+--------------+--------------+--------------+--------------+--------------+------+----+-+-+--+------+
|Name|view| Initial res  | Initial resL1| Target res   | Final res    | Final res L1 |Visits|Iter|R|F|CL|Status|
+----+----+--------------+--------------+--------------+--------------+--------------+------+----+-+-+--+------+
| CHT|   0|  1.577427e-14|  8.687105e-07|  9.858919e-19|  2.524759e-38|  1.063873e-18|     1|   9|0|n|30|  OK  |
slv : SolveYTurb stage
slv : Fluid subdom(new) 0
slv : P static (new)                 : min(     54) = 101325.00014737      , max(      4) = 101325.5889968       
slv : Density (new)                  : min(      0) = 1.233                , max(      0) = 1.233                
slv : Velocity (new)                 : min(     80) = 5.7791437966598e-06  , max(     11) = 0.0010151566203244   
slv : Velocity GCS (new)             : min(     54) = 4.2364670731032e-05  , max(    144) = 0.97767801754461     
slv : Temperature (new)              : min(     17) = 293.19999987732      , max(     95) = 293.20000011866      
slv : Total enthalpy, Y-shifted (new): min(    144) = -0.47780684773862    , max(     54) = -2.2638228071305e-08 
slv : MASS FLUXES AT OPENINGS: MF=0, AP=0
slv : DvGr statistics: min alpha=0.211027(nfa=197, geom_slice=0)
Memory Working Set Current = 34.12 Mb, Memory Working Set Peak = 34.16 Mb
Process Threads Number: 11

================== Tstep=2 ===================
  MWS[  0]=0.2496
dt: nsd =   0 min dt/dtG(nCV=      0)=1.00 , max dt/dtG(nCV=      0)=1.0    , dtG=0.0155184
Flow alg-view 0 in phis-view 0 is Neumann (not Phase-change-specific treating)
LOG: Flow rate discrepancy at boundary (corrected):
ROTATION: weight_WR[nsd=0]= 0.00772024
slv : SolveBG stage
Calculation_Mf nsd =   0: maximum value of div(momentum) (ncv=    133) =1.000092878433e-07   
Flow alg-view 0 is Neumann (not for Phase Change + Nested Iters)
+----+----+--------------+--------------+--------------+--------------+--------------+------+----+-+-+--+------+
|Name|view| Initial res  | Initial resL1| Target res   | Final res    | Final res L1 |Visits|Iter|R|F|CL|Status|
+----+----+--------------+--------------+--------------+--------------+--------------+------+----+-+-+--+------+
| BG |   0|  1.306539e-13|  2.797308e-06|  8.165868e-18|  1.281838e-18|  9.195875e-09|     7|  21|0|n|30|  OK  |
neumann fix solution. y[row=0][ncv=138]=    5.5781e-06
Calculation_Mf nsd =   0: maximum value of div(momentum) (ncv=     28) =2.7789865734685e-10  
	norm_L2 of div(momentum) =1.1319799867837e-09  
Flow alg-view 0 in phis-view 0 is Neumann (not Phase-change-specific treating)
LOG: Flow rate discrepancy at boundary (corrected):
LOG: number of a-faces with weighted approximations in 0 subdomain: 59.1912 percent
LOG: Rate of a-faces corrected to CUp1st in 0 subdomain: 10.247 %
nsd =   0 Conv_fw[] is skipped for 298 w-faces
slv : SolveBL stage
Calculation_Mf nsd =   0: maximum value of div(momentum) (ncv=      2) =2.2321179503225e-07  
	norm_L2 of div(momentum) =8.6660115428213e-07  
slv : Solve3M stage
+----+----+--------------+--------------+--------------+--------------+--------------+------+----+-+-+--+------+
|Name|view| Initial res  | Initial resL1| Target res   | Final res    | Final res L1 |Visits|Iter|R|F|CL|Status|
+----+----+--------------+--------------+--------------+--------------+--------------+------+----+-+-+--+------+
| 3M |   0|  1.105696e-12|  1.355998e-05|  2.073179e-16|  1.714576e-37|  2.210096e-18|     1|   3|0|n|30|  OK  |
Velocity (predicted):
        (FIS) sd   0: min(     54)=8.7342506439379e-06  , max(     11)=0.0015071025285063   
slv : SolveDvGr stage
Flow alg-view 0 is Neumann (not for Phase Change + Nested Iters)
+----+----+--------------+--------------+--------------+--------------+--------------+------+----+-+-+--+------+
|Name|view| Initial res  | Initial resL1| Target res   | Final res    | Final res L1 |Visits|Iter|R|F|CL|Status|
+----+----+--------------+--------------+--------------+--------------+--------------+------+----+-+-+--+------+
|DVGR|   0|  1.524934e-12|  1.156942e-05|  9.530840e-17|  9.224110e-18|  2.835687e-08|     3|   9|0|n|30|  OK  |
neumann fix solution. y[row=0][ncv=12]=    6.4019e-05
Calculation_Mf nsd =   0: maximum value of div(momentum) (ncv=     95) =1.1141382573257e-07  
	norm_L2 of div(momentum) =5.3286954101382e-07  
slv : SolveYTd stage
+----+----+--------------+--------------+--------------+--------------+--------------+------+----+-+-+--+------+
|Name|view| Initial res  | Initial resL1| Target res   | Final res    | Final res L1 |Visits|Iter|R|F|CL|Status|
+----+----+--------------+--------------+--------------+--------------+--------------+------+----+-+-+--+------+
| CHT|   0|  2.681701e-14|  1.100741e-06|  1.676063e-18|  2.711587e-38|  1.140106e-18|     1|   9|0|n|30|  OK  |
slv : SolveYTurb stage
slv : Fluid subdom(new) 0
slv : P static (new)                 : min(     54) = 101325.00016358      , max(     59) = 101325.58886444      
slv : Density (new)                  : min(      0) = 1.233                , max(      0) = 1.233                
slv : Velocity (new)                 : min(     32) = 2.0294732833848e-05  , max(     11) = 0.0013901486332215   
slv : Velocity GCS (new)             : min(     54) = 8.6304689570289e-05  , max(    144) = 0.97774457076298     
slv : Temperature (new)              : min(     29) = 293.19999980583      , max(     95) = 293.20000020242      
slv : Total enthalpy, Y-shifted (new): min(    144) = -0.47778396115942    , max(     54) = -3.6512870251899e-07 
slv : MASS FLUXES AT OPENINGS: MF=0, AP=0
slv : DvGr statistics: min alpha=0.210572(nfa=219, geom_slice=0)
Memory Working Set Current = 34.12 Mb, Memory Working Set Peak = 34.27 Mb
Process Threads Number: 11

================== Tstep=3 ===================
  MWS[  0]=0.246125
dt: nsd =   0 min dt/dtG(nCV=      0)=1.00 , max dt/dtG(nCV=      0)=1.0    , dtG=0.0157203
Flow alg-view 0 in phis-view 0 is Neumann (not Phase-change-specific treating)
LOG: Flow rate discrepancy at boundary (corrected):
ROTATION: weight_WR[nsd=0]= 0.00772024
slv : SolveBG stage
Calculation_Mf nsd =   0: maximum value of div(momentum) (ncv=     83) =8.8505086543727e-08  
Flow alg-view 0 is Neumann (not for Phase Change + Nested Iters)
+----+----+--------------+--------------+--------------+--------------+--------------+------+----+-+-+--+------+
|Name|view| Initial res  | Initial resL1| Target res   | Final res    | Final res L1 |Visits|Iter|R|F|CL|Status|
+----+----+--------------+--------------+--------------+--------------+--------------+------+----+-+-+--+------+
| BG |   0|  9.084425e-14|  2.373096e-06|  5.677765e-18|  3.393324e-18|  1.354346e-08|     6|  18|0|n|30|  OK  |
neumann fix solution. y[row=0][ncv=138]=    1.6915e-05
Calculation_Mf nsd =   0: maximum value of div(momentum) (ncv=     27) =6.6680001442628e-10  
	norm_L2 of div(momentum) =1.8420760225636e-09  
Flow alg-view 0 in phis-view 0 is Neumann (not Phase-change-specific treating)
LOG: Flow rate discrepancy at boundary (corrected):
LOG: number of a-faces with weighted approximations in 0 subdomain: 60.6618 percent
LOG: Rate of a-faces corrected to CUp1st in 0 subdomain: 10.1663 %
nsd =   0 Conv_fw[] is skipped for 298 w-faces
slv : SolveBL stage
Calculation_Mf nsd =   0: maximum value of div(momentum) (ncv=      2) =2.229250909254e-07   
	norm_L2 of div(momentum) =8.6654349872217e-07  
slv : Solve3M stage
+----+----+--------------+--------------+--------------+--------------+--------------+------+----+-+-+--+------+
|Name|view| Initial res  | Initial resL1| Target res   | Final res    | Final res L1 |Visits|Iter|R|F|CL|Status|
+----+----+--------------+--------------+--------------+--------------+--------------+------+----+-+-+--+------+
| 3M |   0|  1.065339e-12|  1.317492e-05|  1.997511e-16|  8.889534e-38|  1.682539e-18|     1|   3|0|n|30|  OK  |
Velocity (predicted):
        (FIS) sd   0: min(     55)=2.2180895619727e-05  , max(     11)=0.0017624674632328   
slv : SolveDvGr stage
Flow alg-view 0 is Neumann (not for Phase Change + Nested Iters)
+----+----+--------------+--------------+--------------+--------------+--------------+------+----+-+-+--+------+
|Name|view| Initial res  | Initial resL1| Target res   | Final res    | Final res L1 |Visits|Iter|R|F|CL|Status|
+----+----+--------------+--------------+--------------+--------------+--------------+------+----+-+-+--+------+
|DVGR|   0|  1.719136e-12|  1.096956e-05|  1.074460e-16|  1.861960e-17|  4.196042e-08|     3|   9|0|n|30|  OK  |
neumann fix solution. y[row=0][ncv=93]=    2.1828e-05
Calculation_Mf nsd =   0: maximum value of div(momentum) (ncv=     70) =1.1232285745529e-07  
	norm_L2 of div(momentum) =4.8314894009246e-07  
slv : SolveYTd stage
+----+----+--------------+--------------+--------------+--------------+--------------+------+----+-+-+--+------+
|Name|view| Initial res  | Initial resL1| Target res   | Final res    | Final res L1 |Visits|Iter|R|F|CL|Status|
+----+----+--------------+--------------+--------------+--------------+--------------+------+----+-+-+--+------+
| CHT|   0|  3.844299e-14|  1.273312e-06|  2.402687e-18|  2.546283e-38|  9.842523e-19|     1|   9|0|n|30|  OK  |
slv : SolveYTurb stage
slv : Fluid subdom(new) 0
slv : P static (new)                 : min(     54) = 101325.00001729      , max(     59) = 101325.58896648      
slv : Density (new)                  : min(      0) = 1.233                , max(      0) = 1.233                
slv : Velocity (new)                 : min(     54) = 1.9095816677428e-05  , max(     11) = 0.0017360053665058   
slv : Velocity GCS (new)             : min(     54) = 5.4946449781802e-05  , max(    144) = 0.97785532890867     
slv : Temperature (new)              : min(    138) = 293.19999971299      , max(     95) = 293.20000029838      
slv : Total enthalpy, Y-shifted (new): min(    144) = -0.47775559298345    , max(     54) = -6.57018079038e-07   
slv : MASS FLUXES AT OPENINGS: MF=0, AP=0
slv : DvGr statistics: min alpha=0.214443(nfa=219, geom_slice=0)
Memory Working Set Current = 34.12 Mb, Memory Working Set Peak = 34.27 Mb
Process Threads Number: 11

================== Tstep=4 ===================
  MWS[  0]=0.22432
dt: nsd =   0 min dt/dtG(nCV=      0)=1.00 , max dt/dtG(nCV=      0)=1.0    , dtG=0.017222
Flow alg-view 0 in phis-view 0 is Neumann (not Phase-change-specific treating)
LOG: Flow rate discrepancy at boundary (corrected):
ROTATION: weight_WR[nsd=0]= 0.00772024
slv : SolveBG stage
Calculation_Mf nsd =   0: maximum value of div(momentum) (ncv=     40) =7.1106815355232e-08  
Flow alg-view 0 is Neumann (not for Phase Change + Nested Iters)
+----+----+--------------+--------------+--------------+--------------+--------------+------+----+-+-+--+------+
|Name|view| Initial res  | Initial resL1| Target res   | Final res    | Final res L1 |Visits|Iter|R|F|CL|Status|
+----+----+--------------+--------------+--------------+--------------+--------------+------+----+-+-+--+------+
| BG |   0|  7.256658e-14|  2.199452e-06|  4.535412e-18|  2.343411e-18|  1.259910e-08|     6|  18|0|n|30|  OK  |
neumann fix solution. y[row=0][ncv=138]=    1.0790e-05
Calculation_Mf nsd =   0: maximum value of div(momentum) (ncv=      4) =5.58324087524e-10    
	norm_L2 of div(momentum) =1.5308310860377e-09  
Flow alg-view 0 in phis-view 0 is Neumann (not Phase-change-specific treating)
LOG: Flow rate discrepancy at boundary (corrected):
LOG: number of a-faces with weighted approximations in 0 subdomain: 52.5735 percent
LOG: Rate of a-faces corrected to CUp1st in 0 subdomain: 8.8795 %
nsd =   0 Conv_fw[] is skipped for 298 w-faces
slv : SolveBL stage
Calculation_Mf nsd =   0: maximum value of div(momentum) (ncv=     70) =2.229064171491e-07   
	norm_L2 of div(momentum) =8.6673192637746e-07  
slv : Solve3M stage
+----+----+--------------+--------------+--------------+--------------+--------------+------+----+-+-+--+------+
|Name|view| Initial res  | Initial resL1| Target res   | Final res    | Final res L1 |Visits|Iter|R|F|CL|Status|
+----+----+--------------+--------------+--------------+--------------+--------------+------+----+-+-+--+------+
| 3M |   0|  9.973994e-13|  1.319320e-05|  1.870124e-16|  4.130778e-37|  4.109228e-18|     1|   3|0|n|30|  OK  |
Velocity (predicted):
        (FIS) sd   0: min(    127)=4.0856403419577e-06  , max(    140)=0.0021029815242826   
slv : SolveDvGr stage
Flow alg-view 0 is Neumann (not for Phase Change + Nested Iters)
+----+----+--------------+--------------+--------------+--------------+--------------+------+----+-+-+--+------+
|Name|view| Initial res  | Initial resL1| Target res   | Final res    | Final res L1 |Visits|Iter|R|F|CL|Status|
+----+----+--------------+--------------+--------------+--------------+--------------+------+----+-+-+--+------+
|DVGR|   0|  2.036865e-12|  1.158051e-05|  1.273040e-16|  5.663764e-17|  6.655986e-08|     3|   9|0|n|30|  OK  |
neumann fix solution. y[row=0][ncv=77]=    1.4202e-05
Calculation_Mf nsd =   0: maximum value of div(momentum) (ncv=     23) =1.2841446106445e-07  
	norm_L2 of div(momentum) =5.7324944892473e-07  
slv : SolveYTd stage
+----+----+--------------+--------------+--------------+--------------+--------------+------+----+-+-+--+------+
|Name|view| Initial res  | Initial resL1| Target res   | Final res    | Final res L1 |Visits|Iter|R|F|CL|Status|
+----+----+--------------+--------------+--------------+--------------+--------------+------+----+-+-+--+------+
| CHT|   0|  5.578154e-14|  1.554007e-06|  3.486347e-18|  2.051160e-38|  9.139486e-19|     1|   9|0|n|30|  OK  |
slv : SolveYTurb stage
slv : Fluid subdom(new) 0
slv : P static (new)                 : min(     54) = 101325.00020499      , max(    142) = 101325.58902994      
slv : Density (new)                  : min(      0) = 1.233                , max(      0) = 1.233                
slv : Velocity (new)                 : min(     56) = 1.9580434100602e-05  , max(    140) = 0.0021297081578382   
slv : Velocity GCS (new)             : min(     54) = 8.6077023974364e-05  , max(    144) = 0.97802432054598     
slv : Temperature (new)              : min(    138) = 293.19999959446      , max(    137) = 293.20000042034      
slv : Total enthalpy, Y-shifted (new): min(    144) = -0.47771648536872    , max(     54) = -8.1266949282812e-07 
slv : MASS FLUXES AT OPENINGS: MF=0, AP=0
slv : DvGr statistics: min alpha=0.20987(nfa=51, geom_slice=0)
Memory Working Set Current = 34.12 Mb, Memory Working Set Peak = 34.27 Mb
Process Threads Number: 11
Iteration : time = 0.358811 , count = 5 , time/count = 0.0717622
Calculate_inc() : time = 0.140404 , count = 5 , time/count = 0.0280808
TreatFlowEvolution() : time = 0.202807 , count = 5 , time/count = 0.0405614
SolverPreview : time = 0 , count = 6 , time/count = 0
TreatGoals : time = 0.202807 , count = 5 , time/count = 0.0405614

================== Tstep=5 ===================
  MWS[  0]=0.142289
dt: nsd =   0 min dt/dtG(nCV=      0)=1.00 , max dt/dtG(nCV=      0)=1.0    , dtG=0.040534
Flow alg-view 0 in phis-view 0 is Neumann (not Phase-change-specific treating)
LOG: Flow rate discrepancy at boundary (corrected):
ROTATION: weight_WR[nsd=0]= 0.00772024
slv : SolveBG stage
Calculation_Mf nsd =   0: maximum value of div(momentum) (ncv=     23) =1.2841446106445e-07  
Flow alg-view 0 is Neumann (not for Phase Change + Nested Iters)
+----+----+--------------+--------------+--------------+--------------+--------------+------+----+-+-+--+------+
|Name|view| Initial res  | Initial resL1| Target res   | Final res    | Final res L1 |Visits|Iter|R|F|CL|Status|
+----+----+--------------+--------------+--------------+--------------+--------------+------+----+-+-+--+------+
| BG |   0|  1.495860e-13|  2.859499e-06|  9.349122e-18|  6.194942e-18|  1.741310e-08|     6|  18|0|n|30|  OK  |
neumann fix solution. y[row=0][ncv=138]=    4.4495e-06
Calculation_Mf nsd =   0: maximum value of div(momentum) (ncv=     26) =1.1747824188521e-09  
	norm_L2 of div(momentum) =2.4886421236894e-09  
Flow alg-view 0 in phis-view 0 is Neumann (not Phase-change-specific treating)
LOG: Flow rate discrepancy at boundary (corrected):
LOG: number of a-faces with weighted approximations in 0 subdomain: 53.3088 percent
LOG: Rate of a-faces corrected to CUp1st in 0 subdomain: 9.33905 %
nsd =   0 Conv_fw[] is skipped for 298 w-faces
slv : SolveBL stage
Calculation_Mf nsd =   0: maximum value of div(momentum) (ncv=      2) =2.2329308663176e-07  
	norm_L2 of div(momentum) =8.6678575401018e-07  
slv : Solve3M stage
+----+----+--------------+--------------+--------------+--------------+--------------+------+----+-+-+--+------+
|Name|view| Initial res  | Initial resL1| Target res   | Final res    | Final res L1 |Visits|Iter|R|F|CL|Status|
+----+----+--------------+--------------+--------------+--------------+--------------+------+----+-+-+--+------+
| 3M |   0|  9.951759e-13|  1.337860e-05|  3.595821e-18|  1.765257e-34|  5.939503e-17|     1|   3|0|n|30|  OK  |
Velocity (predicted):
        (FIS) sd   0: min(    117)=2.0460324030518e-05  , max(    140)=0.0031730891950399   
slv : SolveDvGr stage
Flow alg-view 0 is Neumann (not for Phase Change + Nested Iters)
+----+----+--------------+--------------+--------------+--------------+--------------+------+----+-+-+--+------+
|Name|view| Initial res  | Initial resL1| Target res   | Final res    | Final res L1 |Visits|Iter|R|F|CL|Status|
+----+----+--------------+--------------+--------------+--------------+--------------+------+----+-+-+--+------+
|DVGR|   0|  4.334438e-12|  1.901737e-05|  2.709024e-16|  5.417452e-17|  6.647635e-08|     3|   9|0|n|30|  OK  |
neumann fix solution. y[row=0][ncv=93]=    1.8195e-05
Calculation_Mf nsd =   0: maximum value of div(momentum) (ncv=     21) =1.7669560738704e-07  
	norm_L2 of div(momentum) =6.5234456708068e-07  
slv : SolveYTd stage
+----+----+--------------+--------------+--------------+--------------+--------------+------+----+-+-+--+------+
|Name|view| Initial res  | Initial resL1| Target res   | Final res    | Final res L1 |Visits|Iter|R|F|CL|Status|
+----+----+--------------+--------------+--------------+--------------+--------------+------+----+-+-+--+------+
| CHT|   0|  9.302597e-14|  2.170601e-06|  5.814123e-18|  3.574768e-39|  3.870942e-19|     1|   9|0|n|30|  OK  |
slv : SolveYTurb stage
slv : Fluid subdom(new) 0
slv : P static (new)                 : min(     54) = 101325.00018291      , max(    142) = 101325.58912854      
slv : Density (new)                  : min(      0) = 1.233                , max(      0) = 1.233                
slv : Velocity (new)                 : min(     74) = 6.4838440431437e-05  , max(    140) = 0.0032446358403076   
slv : Velocity GCS (new)             : min(     54) = 0.00018062614131008  , max(    144) = 0.97848498097716     
slv : Temperature (new)              : min(     35) = 293.19999920004      , max(      2) = 293.20000078514      
slv : Total enthalpy, Y-shifted (new): min(    142) = -0.47760298977777    , max(     54) = -8.1370834731163e-07 
slv : MASS FLUXES AT OPENINGS: MF=0, AP=0
slv : DvGr statistics: min alpha=0.21242(nfa=51, geom_slice=0)
Memory Working Set Current = 34.24 Mb, Memory Working Set Peak = 34.27 Mb
Process Threads Number: 11

================== Tstep=6 ===================
  MWS[  0]=0.0602716
dt: nsd =   0 min dt/dtG(nCV=      0)=1.00 , max dt/dtG(nCV=      0)=1.0    , dtG=0.0938015
Flow alg-view 0 in phis-view 0 is Neumann (not Phase-change-specific treating)
LOG: Flow rate discrepancy at boundary (corrected):
ROTATION: weight_WR[nsd=0]= 0.00772024
slv : SolveBG stage
Calculation_Mf nsd =   0: maximum value of div(momentum) (ncv=     21) =1.7669560738704e-07  
Flow alg-view 0 is Neumann (not for Phase Change + Nested Iters)
+----+----+--------------+--------------+--------------+--------------+--------------+------+----+-+-+--+------+
|Name|view| Initial res  | Initial resL1| Target res   | Final res    | Final res L1 |Visits|Iter|R|F|CL|Status|
+----+----+--------------+--------------+--------------+--------------+--------------+------+----+-+-+--+------+
| BG |   0|  2.278666e-13|  3.630143e-06|  1.424166e-17|  5.359284e-18|  1.926666e-08|     6|  18|0|n|30|  OK  |
neumann fix solution. y[row=0][ncv=138]=   -3.8843e-07
Calculation_Mf nsd =   0: maximum value of div(momentum) (ncv=     12) =8.2037995661292e-10  
	norm_L2 of div(momentum) =2.3141054253994e-09  
Flow alg-view 0 in phis-view 0 is Neumann (not Phase-change-specific treating)
LOG: Flow rate discrepancy at boundary (corrected):
LOG: number of a-faces with weighted approximations in 0 subdomain: 50.7353 percent
LOG: Rate of a-faces corrected to CUp1st in 0 subdomain: 8.31573 %
nsd =   0 Conv_fw[] is skipped for 298 w-faces
slv : SolveBL stage
Calculation_Mf nsd =   0: maximum value of div(momentum) (ncv=      2) =2.2340328933342e-07  
	norm_L2 of div(momentum) =8.6689930895724e-07  
slv : Solve3M stage
+----+----+--------------+--------------+--------------+--------------+--------------+------+----+-+-+--+------+
|Name|view| Initial res  | Initial resL1| Target res   | Final res    | Final res L1 |Visits|Iter|R|F|CL|Status|
+----+----+--------------+--------------+--------------+--------------+--------------+------+----+-+-+--+------+
| 3M |   0|  9.080411e-13|  1.227154e-05|  9.244366e-20|  2.260313e-33|  2.264112e-16|     1|   3|0|n|30|  OK  |
Velocity (predicted):
        (FIS) sd   0: min(     54)=1.3172732755197e-05  , max(    140)=0.0047956793108061   
slv : SolveDvGr stage
Flow alg-view 0 is Neumann (not for Phase Change + Nested Iters)
+----+----+--------------+--------------+--------------+--------------+--------------+------+----+-+-+--+------+
|Name|view| Initial res  | Initial resL1| Target res   | Final res    | Final res L1 |Visits|Iter|R|F|CL|Status|
+----+----+--------------+--------------+--------------+--------------+--------------+------+----+-+-+--+------+
|DVGR|   0|  1.233543e-11|  3.207930e-05|  7.709646e-16|  4.744029e-17|  6.158324e-08|     3|   9|0|n|30|  OK  |
neumann fix solution. y[row=0][ncv=106]=   -1.6203e-05
Calculation_Mf nsd =   0: maximum value of div(momentum) (ncv=      9) =3.0792560517449e-07  
	norm_L2 of div(momentum) =9.2185936117238e-07  
slv : SolveYTd stage
+----+----+--------------+--------------+--------------+--------------+--------------+------+----+-+-+--+------+
|Name|view| Initial res  | Initial resL1| Target res   | Final res    | Final res L1 |Visits|Iter|R|F|CL|Status|
+----+----+--------------+--------------+--------------+--------------+--------------+------+----+-+-+--+------+
| CHT|   0|  1.282506e-13|  2.679664e-06|  8.015661e-18|  7.375426e-40|  1.860298e-19|     1|   9|0|n|30|  OK  |
slv : SolveYTurb stage
slv : Fluid subdom(new) 0
slv : P static (new)                 : min(     54) = 101325.00019111      , max(    142) = 101325.58907179      
slv : Density (new)                  : min(      0) = 1.233                , max(      0) = 1.233                
slv : Velocity (new)                 : min(     72) = 3.4199285789024e-05  , max(    140) = 0.0048181186157745   
slv : Velocity GCS (new)             : min(     54) = 8.3638689028112e-05  , max(    144) = 0.97952198188994     
slv : Temperature (new)              : min(     16) = 293.1999982217       , max(     12) = 293.20000181279      
slv : Total enthalpy, Y-shifted (new): min(    142) = -0.47723410991518    , max(     54) = -3.496196545489e-06  
slv : MASS FLUXES AT OPENINGS: MF=0, AP=0
slv : DvGr statistics: min alpha=0.209274(nfa=13, geom_slice=0)
Memory Working Set Current = 34.25 Mb, Memory Working Set Peak = 34.39 Mb
Process Threads Number: 11

================== Tstep=7 ===================
  MWS[  0]=0.038505
dt: nsd =   0 min dt/dtG(nCV=      0)=1.00 , max dt/dtG(nCV=      0)=1.0    , dtG=0.142254
Flow alg-view 0 in phis-view 0 is Neumann (not Phase-change-specific treating)
LOG: Flow rate discrepancy at boundary (corrected):
ROTATION: weight_WR[nsd=0]= 0.00772024
slv : SolveBG stage
Calculation_Mf nsd =   0: maximum value of div(momentum) (ncv=      9) =3.0727798699341e-07  
Flow alg-view 0 is Neumann (not for Phase Change + Nested Iters)
+----+----+--------------+--------------+--------------+--------------+--------------+------+----+-+-+--+------+
|Name|view| Initial res  | Initial resL1| Target res   | Final res    | Final res L1 |Visits|Iter|R|F|CL|Status|
+----+----+--------------+--------------+--------------+--------------+--------------+------+----+-+-+--+------+
| BG |   0|  7.140063e-13|  6.621083e-06|  4.462539e-17|  2.740775e-17|  3.786907e-08|     6|  18|0|n|30|  OK  |
neumann fix solution. y[row=0][ncv=138]=   -3.1249e-07
Calculation_Mf nsd =   0: maximum value of div(momentum) (ncv=      5) =1.8276661440766e-09  
	norm_L2 of div(momentum) =5.234720122977e-09   
Flow alg-view 0 in phis-view 0 is Neumann (not Phase-change-specific treating)
LOG: Flow rate discrepancy at boundary (corrected):
LOG: number of a-faces with weighted approximations in 0 subdomain: 54.7794 percent
LOG: Rate of a-faces corrected to CUp1st in 0 subdomain: 9.04987 %
nsd =   0 Conv_fw[] is skipped for 298 w-faces
slv : SolveBL stage
Calculation_Mf nsd =   0: maximum value of div(momentum) (ncv=     70) =2.2280373884191e-07  
	norm_L2 of div(momentum) =8.6545522740074e-07  
slv : Solve3M stage
+----+----+--------------+--------------+--------------+--------------+--------------+------+----+-+-+--+------+
|Name|view| Initial res  | Initial resL1| Target res   | Final res    | Final res L1 |Visits|Iter|R|F|CL|Status|
+----+----+--------------+--------------+--------------+--------------+--------------+------+----+-+-+--+------+
| 3M |   0|  8.510462e-13|  1.154992e-05|  8.942327e-20|  4.488561e-32|  1.243217e-15|     1|   3|0|n|30|  OK  |
Velocity (predicted):
        (FIS) sd   0: min(    128)=2.2068757326709e-05  , max(    140)=0.0061382476037682   
slv : SolveDvGr stage
Flow alg-view 0 is Neumann (not for Phase Change + Nested Iters)
+----+----+--------------+--------------+--------------+--------------+--------------+------+----+-+-+--+------+
|Name|view| Initial res  | Initial resL1| Target res   | Final res    | Final res L1 |Visits|Iter|R|F|CL|Status|
+----+----+--------------+--------------+--------------+--------------+--------------+------+----+-+-+--+------+
|DVGR|   0|  2.241424e-11|  4.206194e-05|  1.400890e-15|  1.111240e-15|  2.762586e-07|     2|   6|0|n|30|  OK  |
neumann fix solution. y[row=0][ncv=46]=   -4.1153e-06
Calculation_Mf nsd =   0: maximum value of div(momentum) (ncv=     98) =2.0944160436432e-07  
	norm_L2 of div(momentum) =8.2105007354273e-07  
slv : SolveYTd stage
+----+----+--------------+--------------+--------------+--------------+--------------+------+----+-+-+--+------+
|Name|view| Initial res  | Initial resL1| Target res   | Final res    | Final res L1 |Visits|Iter|R|F|CL|Status|
+----+----+--------------+--------------+--------------+--------------+--------------+------+----+-+-+--+------+
| CHT|   0|  9.845830e-14|  2.406604e-06|  6.153644e-18|  3.217381e-40|  1.323489e-19|     1|   9|0|n|30|  OK  |
slv : SolveYTurb stage
slv : Fluid subdom(new) 0
slv : P static (new)                 : min(     54) = 101325.00021298      , max(    142) = 101325.58905627      
slv : Density (new)                  : min(      0) = 1.233                , max(      0) = 1.233                
slv : Velocity (new)                 : min(     54) = 5.3837029529516e-05  , max(    140) = 0.0059325232438193   
slv : Velocity GCS (new)             : min(     54) = 0.00011766294169406  , max(    144) = 0.98051381782607     
slv : Temperature (new)              : min(     35) = 293.19999666473      , max(     77) = 293.20000324094      
slv : Total enthalpy, Y-shifted (new): min(    142) = -0.47697631298834    , max(     54) = -5.8736537417366e-06 
slv : MASS FLUXES AT OPENINGS: MF=0, AP=0
slv : DvGr statistics: min alpha=0.209598(nfa=122, geom_slice=0)
Memory Working Set Current = 34.25 Mb, Memory Working Set Peak = 34.40 Mb
Process Threads Number: 11

================== Tstep=8 ===================
  MWS[  0]=0.0351988
dt: nsd =   0 min dt/dtG(nCV=      0)=1.00 , max dt/dtG(nCV=      0)=1.0    , dtG=0.15148
Flow alg-view 0 in phis-view 0 is Neumann (not Phase-change-specific treating)
LOG: Flow rate discrepancy at boundary (corrected):
ROTATION: weight_WR[nsd=0]= 0.00772024
slv : SolveBG stage
Calculation_Mf nsd =   0: maximum value of div(momentum) (ncv=     98) =2.5840861816474e-07  
Flow alg-view 0 is Neumann (not for Phase Change + Nested Iters)
+----+----+--------------+--------------+--------------+--------------+--------------+------+----+-+-+--+------+
|Name|view| Initial res  | Initial resL1| Target res   | Final res    | Final res L1 |Visits|Iter|R|F|CL|Status|
+----+----+--------------+--------------+--------------+--------------+--------------+------+----+-+-+--+------+
| BG |   0|  7.636550e-13|  7.070269e-06|  4.772844e-17|  9.556810e-18|  2.180341e-08|     7|  21|0|n|30|  OK  |
neumann fix solution. y[row=0][ncv=138]=    4.2315e-06
Calculation_Mf nsd =   0: maximum value of div(momentum) (ncv=      8) =1.0844703090436e-09  
	norm_L2 of div(momentum) =3.0906705477061e-09  
Flow alg-view 0 in phis-view 0 is Neumann (not Phase-change-specific treating)
LOG: Flow rate discrepancy at boundary (corrected):
LOG: number of a-faces with weighted approximations in 0 subdomain: 55.8824 percent
LOG: Rate of a-faces corrected to CUp1st in 0 subdomain: 9.9724 %
nsd =   0 Conv_fw[] is skipped for 298 w-faces
slv : SolveBL stage
Calculation_Mf nsd =   0: maximum value of div(momentum) (ncv=     70) =2.2284168419967e-07  
	norm_L2 of div(momentum) =8.6650153898975e-07  
slv : Solve3M stage
+----+----+--------------+--------------+--------------+--------------+--------------+------+----+-+-+--+------+
|Name|view| Initial res  | Initial resL1| Target res   | Final res    | Final res L1 |Visits|Iter|R|F|CL|Status|
+----+----+--------------+--------------+--------------+--------------+--------------+------+----+-+-+--+------+
| 3M |   0|  9.916815e-13|  1.195352e-05|  1.195539e-19|  1.565643e-31|  1.658965e-15|     1|   3|0|n|30|  OK  |
Velocity (predicted):
        (FIS) sd   0: min(    106)=3.2473037147218e-05  , max(    140)=0.0062664147585866   
slv : SolveDvGr stage
Flow alg-view 0 is Neumann (not for Phase Change + Nested Iters)
+----+----+--------------+--------------+--------------+--------------+--------------+------+----+-+-+--+------+
|Name|view| Initial res  | Initial resL1| Target res   | Final res    | Final res L1 |Visits|Iter|R|F|CL|Status|
+----+----+--------------+--------------+--------------+--------------+--------------+------+----+-+-+--+------+
|DVGR|   0|  2.450590e-11|  4.423926e-05|  1.531618e-15|  1.957399e-16|  1.219124e-07|     3|   9|0|n|30|  OK  |
neumann fix solution. y[row=0][ncv=77]=   -3.6242e-06
Calculation_Mf nsd =   0: maximum value of div(momentum) (ncv=     95) =2.6987735148777e-07  
	norm_L2 of div(momentum) =9.8744600601025e-07  
slv : SolveYTd stage
+----+----+--------------+--------------+--------------+--------------+--------------+------+----+-+-+--+------+
|Name|view| Initial res  | Initial resL1| Target res   | Final res    | Final res L1 |Visits|Iter|R|F|CL|Status|
+----+----+--------------+--------------+--------------+--------------+--------------+------+----+-+-+--+------+
| CHT|   0|  1.077903e-13|  2.501719e-06|  6.736894e-18|  3.010438e-40|  1.096908e-19|     1|   9|0|n|30|  OK  |
slv : SolveYTurb stage
slv : Fluid subdom(new) 0
slv : P static (new)                 : min(     54) = 101325.00019989      , max(    142) = 101325.58908243      
slv : Density (new)                  : min(      0) = 1.233                , max(      0) = 1.233                
slv : Velocity (new)                 : min(     80) = 4.9496034506253e-05  , max(    140) = 0.0055578518801986   
slv : Velocity GCS (new)             : min(     54) = 2.3012808603807e-05  , max(    144) = 0.98085837386277     
slv : Temperature (new)              : min(     16) = 293.19999491024      , max(     12) = 293.20000496134      
slv : Total enthalpy, Y-shifted (new): min(    142) = -0.47694335265876    , max(     54) = -3.1252731424377e-05 
slv : MASS FLUXES AT OPENINGS: MF=0, AP=0
slv : DvGr statistics: min alpha=0.219084(nfa=215, geom_slice=0)
Memory Working Set Current = 34.25 Mb, Memory Working Set Peak = 34.40 Mb
Process Threads Number: 11

================== Tstep=9 ===================
  MWS[  0]=0.0347508
dt: nsd =   0 min dt/dtG(nCV=      0)=1.00 , max dt/dtG(nCV=      0)=1.0    , dtG=0.150654
Flow alg-view 0 in phis-view 0 is Neumann (not Phase-change-specific treating)
LOG: Flow rate discrepancy at boundary (corrected):
ROTATION: weight_WR[nsd=0]= 0.00772024
slv : SolveBG stage
Calculation_Mf nsd =   0: maximum value of div(momentum) (ncv=    115) =2.9241142540218e-07  
Flow alg-view 0 is Neumann (not for Phase Change + Nested Iters)
+----+----+--------------+--------------+--------------+--------------+--------------+------+----+-+-+--+------+
|Name|view| Initial res  | Initial resL1| Target res   | Final res    | Final res L1 |Visits|Iter|R|F|CL|Status|
+----+----+--------------+--------------+--------------+--------------+--------------+------+----+-+-+--+------+
| BG |   0|  8.629412e-13|  7.534802e-06|  5.393383e-17|  4.197004e-17|  5.027401e-08|     6|  18|0|n|30|  OK  |
neumann fix solution. y[row=0][ncv=138]=    4.0633e-06
Calculation_Mf nsd =   0: maximum value of div(momentum) (ncv=      6) =2.243253794532e-09   
	norm_L2 of div(momentum) =6.4780128874667e-09  
Flow alg-view 0 in phis-view 0 is Neumann (not Phase-change-specific treating)
LOG: Flow rate discrepancy at boundary (corrected):
LOG: number of a-faces with weighted approximations in 0 subdomain: 53.3088 percent
LOG: Rate of a-faces corrected to CUp1st in 0 subdomain: 9.61868 %
nsd =   0 Conv_fw[] is skipped for 298 w-faces
slv : SolveBL stage
Calculation_Mf nsd =   0: maximum value of div(momentum) (ncv=     70) =2.2302115103153e-07  
	norm_L2 of div(momentum) =8.6696189941028e-07  
slv : Solve3M stage
+----+----+--------------+--------------+--------------+--------------+--------------+------+----+-+-+--+------+
|Name|view| Initial res  | Initial resL1| Target res   | Final res    | Final res L1 |Visits|Iter|R|F|CL|Status|
+----+----+--------------+--------------+--------------+--------------+--------------+------+----+-+-+--+------+
| 3M |   0|  7.914579e-13|  1.116627e-05|  1.061386e-19|  2.041436e-31|  1.803075e-15|     1|   3|0|n|30|  OK  |
Velocity (predicted):
        (FIS) sd   0: min(     21)=2.1567450339257e-05  , max(     68)=0.0053989188754675   
slv : SolveDvGr stage
Flow alg-view 0 is Neumann (not for Phase Change + Nested Iters)
+----+----+--------------+--------------+--------------+--------------+--------------+------+----+-+-+--+------+
|Name|view| Initial res  | Initial resL1| Target res   | Final res    | Final res L1 |Visits|Iter|R|F|CL|Status|
+----+----+--------------+--------------+--------------+--------------+--------------+------+----+-+-+--+------+
|DVGR|   0|  2.229529e-11|  4.071844e-05|  1.393456e-15|  1.264072e-15|  3.121228e-07|     2|   6|0|n|30|  OK  |
neumann fix solution. y[row=0][ncv=77]=    3.1723e-05
Calculation_Mf nsd =   0: maximum value of div(momentum) (ncv=     95) =4.8634528918464e-07  
	norm_L2 of div(momentum) =1.2081213111184e-06  
slv : SolveYTd stage
+----+----+--------------+--------------+--------------+--------------+--------------+------+----+-+-+--+------+
|Name|view| Initial res  | Initial resL1| Target res   | Final res    | Final res L1 |Visits|Iter|R|F|CL|Status|
+----+----+--------------+--------------+--------------+--------------+--------------+------+----+-+-+--+------+
| CHT|   0|  1.261397e-13|  2.729274e-06|  7.883733e-18|  3.344395e-40|  1.360551e-19|     1|   9|0|n|30|  OK  |
slv : SolveYTurb stage
slv : Fluid subdom(new) 0
slv : P static (new)                 : min(     54) = 101325.00021215      , max(    142) = 101325.58915885      
slv : Density (new)                  : min(      0) = 1.233                , max(      0) = 1.233                
slv : Velocity (new)                 : min(     45) = 1.8126248276589e-05  , max(    142) = 0.0047590466618139   
slv : Velocity GCS (new)             : min(     54) = 0.00025967149135406  , max(    142) = 0.98087590266039     
slv : Temperature (new)              : min(     16) = 293.19999288195      , max(     12) = 293.20000672216      
slv : Total enthalpy, Y-shifted (new): min(    142) = -0.47687558651483    , max(     54) = -4.8560289164724e-05 
slv : MASS FLUXES AT OPENINGS: MF=0, AP=0
slv : DvGr statistics: min alpha=0.210725(nfa=156, geom_slice=0)
slv : +----------------------------------+------------+-------+------------+------------+
slv : |          Collector name          | Total Time | Count |  Avg Time  |  Max Time  |
slv : +----------------------------------+------------+-------+------------+------------+
slv : | CSolver_core_update_BC_1         |       0.001|     10|       0.000|       0.000|
slv : | Calculate_inc                    |       0.264|      9|       0.029|       0.140|
slv : | LiSy_make_portrait               |       0.002|     46|       0.000|       0.000|
slv : | Results_processing               |       0.338|      9|       0.038|       0.160|
slv : | build_sl_ordering_CHT            |       0.001|     10|       0.000|       0.000|
slv : | build_sl_ordering_MDS            |       0.002|     10|       0.000|       0.000|
slv : | build_sl_ordering_fluid          |       0.001|     10|       0.000|       0.000|
slv : | calc_Convolutions_MDS            |       0.003|     10|       0.000|       0.001|
slv : | calc_DivMfWr_MDS                 |       0.001|      2|       0.000|       0.000|
slv : | create_Gr_operators_MDS          |       0.007|     10|       0.001|       0.001|
slv : | create_Gr_operators_portrait_MDS |       0.001|     10|       0.000|       0.000|
slv : | init_Hy_group_MDS                |       0.002|     10|       0.000|       0.000|
slv : | perform_stage_total              |       0.247|    235|       0.001|       0.129|
slv : | precalc_at_start_MDS             |       0.003|      4|       0.001|       0.002|
slv : | solve_3M_MDS                     |       0.015|     10|       0.002|       0.002|
slv : | solve_3M_alg_MDS                 |       0.003|     10|       0.000|       0.000|
slv : | solve_BG_MDS                     |       0.142|     10|       0.014|       0.129|
slv : | solve_BG_alg_MDS                 |       0.138|     10|       0.014|       0.129|
slv : | solve_BL_MDS                     |       0.001|     10|       0.000|       0.000|
slv : | solve_CHT_MDS                    |       0.008|     10|       0.001|       0.001|
slv : | solve_CHT_alg_MDS                |       0.003|     10|       0.000|       0.000|
slv : | solve_DvGr_MDS                   |       0.063|     10|       0.006|       0.050|
slv : | solve_DvGr_alg_MDS               |       0.007|     10|       0.001|       0.001|
slv : | solve_INPR_MDS                   |       0.000|      1|       0.000|       0.000|
slv : | solve_PS+QJ                      |       0.000|      0|       0.000|       0.000|
slv : | solve_PSQJ_MDS_total             |       0.000|     10|       0.000|       0.000|
slv : | solve_YLMA_MDS                   |       0.000|     10|       0.000|       0.000|
slv : | solve_YNOx_MDS                   |       0.000|     10|       0.000|       0.000|
slv : | solve_YTd_MDS                    |       0.000|     10|       0.000|       0.000|
slv : | solve_YTurb_MDS                  |       0.000|     10|       0.000|       0.000|
slv : | update_BC_MDS                    |       0.000|     11|       0.000|       0.000|
slv : | update_VelPressure_MDS           |       0.001|     10|       0.000|       0.000|
slv : +----------------------------------+------------+-------+------------+------------+
Memory Working Set Current = 34.29 Mb, Memory Working Set Peak = 34.40 Mb
Process Threads Number: 11
/************Goal values******************/
GG Max Velocity 1				1.00376311 m/s
/************End of Goal values******************/
/************	Min/Max Parameters	************/
Density (Fluid):		min = 1.233 kg/m^3		max = 1.233 kg/m^3
Pressure:		min = 101325 Pa		max = 101325.589 Pa
Temperature (Fluid):		min = 293.199993 K		max = 293.200007 K
Velocity:		min = 0.000259671491 m/s		max = 1.00376311 m/s
Velocity (X):		min = -0.998389736 m/s		max = 0.998336811 m/s
Velocity (Y):		min = -0.998222503 m/s		max = 0.99831551 m/s
Velocity (Z):		min = -3.58142848e-16 m/s		max = 7.19068914e-16 m/s
/************	End of Min/Max Parameters	************/
Solver finished at	22.2.2017	7:49:50
ENDING PROGRAM...
Estimated fld size=0.07 Mb
Writing fld file "13-ROTATED_FLOWS\00050-RRF-u_G_0_IW\ft_run\1\1.fld"...
FILE SAVED: 1.fld. Total save fld took 0.00 sec.
real fld size=0.04 Mb
FILE RENAMED: r_000000.cfld -> 1.cfld
OK
Depository creating ...
stream_line (0.001 s)
FS triangles count 347 
wall_triangles (0.002 s)
nb_bricks (0.128 s)
Face_aver_on (0.000 s)
size of cv_intrp_f = 0.02 Mb
size of cv_intrp_s = 0.00 Mb
size of cv_intrp_fw = 0.03 Mb
size of cv_intrp_sw = 0.01 Mb
CCVInterp_DepEntry::Calculate duration = 0.002 s
cv_interp (0.024 s)
favorite_params (0.030 s)
Face_aver_off (0.000 s)
Depository creating ...OK (0.185 s)
Solver finished at	22.2.2017	7:49:50
Total CPU time 1 s
Free memory:
slv : +----------------------------------+------------+-------+------------+------------+
slv : |          Collector name          | Total Time | Count |  Avg Time  |  Max Time  |
slv : +----------------------------------+------------+-------+------------+------------+
slv : | CSolver_core_update_BC_1         |       0.001|     10|       0.000|       0.000|
slv : | Calculate_inc                    |       0.275|     10|       0.028|       0.140|
slv : | LiSy_make_portrait               |       0.002|     46|       0.000|       0.000|
slv : | Results_processing               |       0.340|     10|       0.034|       0.160|
slv : | build_sl_ordering_CHT            |       0.001|     10|       0.000|       0.000|
slv : | build_sl_ordering_MDS            |       0.002|     10|       0.000|       0.000|
slv : | build_sl_ordering_fluid          |       0.001|     10|       0.000|       0.000|
slv : | calc_Convolutions_MDS            |       0.003|     10|       0.000|       0.001|
slv : | calc_DivMfWr_MDS                 |       0.001|      2|       0.000|       0.000|
slv : | create_Gr_operators_MDS          |       0.007|     10|       0.001|       0.001|
slv : | create_Gr_operators_portrait_MDS |       0.001|     10|       0.000|       0.000|
slv : | init_Hy_group_MDS                |       0.002|     10|       0.000|       0.000|
slv : | perform_stage_total              |       0.247|    235|       0.001|       0.129|
slv : | precalc_at_start_MDS             |       0.003|      4|       0.001|       0.002|
slv : | solve_3M_MDS                     |       0.015|     10|       0.002|       0.002|
slv : | solve_3M_alg_MDS                 |       0.003|     10|       0.000|       0.000|
slv : | solve_BG_MDS                     |       0.142|     10|       0.014|       0.129|
slv : | solve_BG_alg_MDS                 |       0.138|     10|       0.014|       0.129|
slv : | solve_BL_MDS                     |       0.001|     10|       0.000|       0.000|
slv : | solve_CHT_MDS                    |       0.008|     10|       0.001|       0.001|
slv : | solve_CHT_alg_MDS                |       0.003|     10|       0.000|       0.000|
slv : | solve_DvGr_MDS                   |       0.063|     10|       0.006|       0.050|
slv : | solve_DvGr_alg_MDS               |       0.007|     10|       0.001|       0.001|
slv : | solve_INPR_MDS                   |       0.000|      1|       0.000|       0.000|
slv : | solve_PS+QJ                      |       0.000|      0|       0.000|       0.000|
slv : | solve_PSQJ_MDS_total             |       0.000|     10|       0.000|       0.000|
slv : | solve_YLMA_MDS                   |       0.000|     10|       0.000|       0.000|
slv : | solve_YNOx_MDS                   |       0.000|     10|       0.000|       0.000|
slv : | solve_YTd_MDS                    |       0.000|     10|       0.000|       0.000|
slv : | solve_YTurb_MDS                  |       0.000|     10|       0.000|       0.000|
slv : | update_BC_MDS                    |       0.000|     11|       0.000|       0.000|
slv : | update_VelPressure_MDS           |       0.001|     10|       0.000|       0.000|
slv : +----------------------------------+------------+-------+------------+------------+
alg : 
alg :  size = 145
alg :  assembling_nnz_PardisoCholesky   0.000  10
alg :  build_coarse_select_omega        0.000  10
alg :  build_fine_select_omega          0.000  10
alg :  build_select_pivot_nonzeros      0.000  10
alg :  build_select_vectors             0.000  10
alg :  calc_residual_LU                 0.001  28
alg :  call_MG_solver                   0.006  10
alg :  clean_coarse_levels              0.000  10
alg :  clean_fine_level                 0.000  10
alg :  init_RB_coarse_nonzeros          0.000  10
alg :  init_RB_fine_nonzeros            0.000  10
alg :  init_coarse_levels               0.002  10
alg :  init_fine_level                  0.001  10
alg :  mg_cycle                         0.005  10
alg :  numerical_PardisoCholesky        0.001  10
alg :  perform_prolongation             0.000  18
alg :  perform_restriction              0.000  18
alg :  run_smoothing                    0.002  28
alg :  smoother_fine                    0.001  84
alg :  solve_MG                         0.007  10
alg :  solve_PardisoCholesky            0.001  18
alg :  symbolic_PardisoCholesky         0.000  1
alg :  update_mg_status                 0.000  46
alg : 
alg :  size = 145
alg :  assembling_nnz_PardisoCholesky   0.000  10
alg :  build_coarse_select_omega        0.000  10
alg :  build_fine_select_omega          0.000  10
alg :  build_select_pivot_nonzeros      0.000  10
alg :  build_select_vectors             0.000  10
alg :  calc_residual_LU                 0.002  64
alg :  call_MG_solver                   0.137  10
alg :  clean_coarse_levels              0.000  10
alg :  clean_fine_level                 0.000  10
alg :  init_RB_coarse_nonzeros          0.000  10
alg :  init_RB_fine_nonzeros            0.000  10
alg :  init_coarse_levels               0.129  10
alg :  init_fine_level                  0.001  10
alg :  mg_cycle                         0.136  10
alg :  numerical_PardisoCholesky        0.001  10
alg :  perform_prolongation             0.000  54
alg :  perform_restriction              0.000  54
alg :  run_smoothing                    0.004  64
alg :  smoother_fine                    0.002  192
alg :  solve_MG                         0.138  10
alg :  solve_PardisoCholesky            0.002  54
alg :  symbolic_PardisoCholesky         0.127  1
alg :  update_mg_status                 0.000  118
alg : 
alg :  size = 145
alg :  build_fine_select_omega       0.000  10
alg :  build_select_pivot_nonzeros   0.000  10
alg :  build_select_vectors          0.000  10
alg :  calc_residual_LU              0.000  10
alg :  call_MG_solver                0.002  10
alg :  clean_fine_level              0.000  10
alg :  init_RB_fine_nonzeros         0.000  10
alg :  init_fine_level               0.001  10
alg :  mg_cycle                      0.001  10
alg :  run_smoothing                 0.001  10
alg :  smoother_fine                 0.000  30
alg :  solve_MG                      0.002  10
alg :  update_mg_status              0.000  10
alg : 
alg :  size = 145
alg :  build_fine_select_omega       0.000  10
alg :  build_select_pivot_nonzeros   0.000  10
alg :  build_select_vectors          0.000  10
alg :  calc_residual_LU              0.000  10
alg :  call_MG_solver                0.002  10
alg :  clean_fine_level              0.000  10
alg :  init_RB_fine_nonzeros         0.000  10
alg :  init_fine_level               0.001  10
alg :  mg_cycle                      0.001  10
alg :  run_smoothing                 0.001  10
alg :  smoother_fine                 0.001  90
alg :  solve_MG                      0.003  10
alg :  update_mg_status              0.000  10
Free Geometry DB takes 0.000 s
OK
