Number of used processors (NPROC): 1.
Number of mesh partitions (NPART): 1.
Operating system:	Windows 7 Service Pack 1 (Version 6.1.7601)
Total Physical Memory = 6.00 Gb, Available Physical Memory = 3.75 Gb
Memory Working Set Current = 19.69 Mb, Memory Working Set Peak = 20.09 Mb
CPU:	GenuineIntel, Stepping ID = 2, Model = 13, Family = 6, Extended model = 2, MMX SSE SSE2 Hyper-Threading Technology SSE3
CPU Brand String:        Intel(R) Xeon(R) CPU E5-2680 0 @ 2.70GHz
Cache Line Size = 64, L2 Associativity = 6, Cache Size = 256K
Number of cores: 8, Processor type: 8664, Active processor mask: 255, Page size: 4096 bites
std::thread::hardware_concurrency = 8
OpenMP enabled (spec=200203). max_threads = 8, num_procs = 8, num_threads = 8.

SOLIDWORKS 2016 SP3.0
14-HEAT_TRANSFER_IN_SOLID\00701-PCB_sandwich_along_arbitrary_Dirichlet\ft_run\1\1.fld
Configuration name:	Default
Project name:	as3d
/*******************************************/
/*         Project Summary                 */
/*******************************************/
Problem type:						internal
Result resolution:					5
Minimum gap size:					0.1
Minimum wall thickness:				0.1
Manual refinement:					Off
Solid refinement:					Off
Fluid substances count				0

		Advanced capabilities
Heat transfer						Off
Transient						Off
Gravitation						Off
Laminar flow						Off
Compressibility					Off
Default wall condition				adiabatic wall
Roughness:						0

************************************************

Geometry database loading ...OK
Flow Simulation 2016  x64 / 3800 / SOLVER ver. efd_17_0.3746_30.12.2016+VOF_GUI_Therm_Slv_Integration_1 



STATIONARY

SOLID HEAT TRANSFER ONLY

EXTERNAL=1  CHT=1  FROZEN=0  P_REF=1  RADIATION=0  HVAC_COMFORT_PARAMETERS=0
IT=0   NT=2   NZ=0
US_DIM=1
-----------------------------------------------------------------------
Allocating meshes:
	CPU count: 1
	MESH 0:
		Sub-meshes count: 1
-----------------------------------------------------------------------
Memory Status before reading BCF:
Memory Working Set Current = 23.84 Mb, Memory Working Set Peak = 23.84 Mb
Process Threads Number: 11

-----------------------------------------------------------------------
BCF CHECKSUM DATA (Mesh 0):

FACE_A Area Sum:   G.Fluid        0.0000000000000000
FACE_A Area Sum:   G.Solid        4.6800000000001152
FACE_W Area Sum:                  72.3680000000004355
FACE_W Nb   Sum:                  13420
AV Max Disbalance: G.Fluid        0 (cid=-1, avid=-1, pid=-1)
AV Max Disbalance: G.Solid        1.31476e-16 (cid=646, avid=646, pid=0)
-----------------------------------------------------------------------


-----------------------------------------------------------------------
MESHER TOPOLOGY DATA (Mesh 0):

BRICKS: Total                 1600
BRICKS: 1-CV                  1501
BRICKS: 2-CV                  97
BRICKS: 3-CV                  2
BRICKS: Bad                   0

AV:     G.Total               1701
AV:     G.Fluid               0
AV:     G.Solid               1701

AV:     G.Fluid Thin Profile    0.00 % (0)
AV:     G.Solid Thin Profile    0.00 % (0)

AV:     G.Fluid Thin For Mega   0.00 % (0)
AV:     G.Solid Thin For Mega   0.00 % (0)

AV:     G.Fluid Non-Convex      0.00 % (0)
AV:     G.Solid Non-Convex      0.24 % (4)

FACE_A: G.Fluid          (af) 0 (partially opened 0)
FACE_A: G.Solid          (as) 3220 (partially opened 200)

FACE_W: G.Total                 3669        Brick/Bound
FACE_W: G.Fluid/Solid    (fs_g) 0           0           
FACE_W: G.Fluid/Fluid    (ff_g) 0           0           
FACE_W: G.Solid/Solid    (ss_g) 107         0           
FACE_W: G.Fluid/External (fe_g) 0
FACE_W: G.Solid/External (se_g) 3562

AV/CV max fa count (on brick side):3
AV/CV max fw count:                3
AV/CV max fw poly count:           14

MEMORY: Total                   0.840 MB
MEMORY: Per Brick               0.538 KB
-----------------------------------------------------------------------

----------------------------------------------------------
BCF --> BCF.GEOMSUBDOM (bridge arrays) (cpu_num=1):
MESH (0):
	Fluid Subdom Constructor: 0 subdom(s).
	Solid Subdom Constructor: 3 subdom(s).
	Net Asm Subdom Constructor: 0 subdom(s).
	GEOMSUBDOM (0): gi=2 solid av=1558 cv=1558 fa=3004 fw=3350 V=3.440000e-01
	GEOMSUBDOM (1): gi=1 solid av=71 cv=27 fa=107 fw=212 V=8.000000e-03
	GEOMSUBDOM (2): gi=0 solid av=72 cv=27 fa=109 fw=214 V=8.000000e-03
	Setting nb of w-faces...OK.

MESH (0) checking:
	GEOMSUBDOM (0):fa_s=4.4634061496421147 fw_s=69.1280000000007533 fw_nb=12484
	GEOMSUBDOM (1):fa_s=0.1082996799342864 fw_s=1.6840000000000031 fw_nb=568
	GEOMSUBDOM (2):fa_s=0.1082941704236958 fw_s=1.6840000000000044 fw_nb=576
MESH (0) checking: OK.
----------------------------------------------------------
Memory Status after reading BCF:
Memory Working Set Current = 25.63 Mb, Memory Working Set Peak = 25.63 Mb
Process Threads Number: 11
Total read CPT took 0.03 sec.
MESH::Bricks: Total=1600 Gas=0 Solid=1501 Partial=99 Irregular=0

-----------------------------------------------------------------------
Mesh dimensions:
				I[0 ]=40
				I[1 ]=40
				I[2 ]=1
Solver refinement level	I[47]=0

Comp. domain size:
				a[0  ]=-3
				a[1  ]=3
				a[2  ]=-3
				a[3  ]=3
				a[4  ]=-0.005
				a[5  ]=0.005
Wall thickness		a[231]=0
Gap size			a[232]=1
-----------------------------------------------------------------------
-----------------------------------------------------------------------
Preparing for calculations started at	22.2.2017	7:50:23
slv_max_lev=0
CD X0= -3, X1= 3, Y0= -3, Y1= 3, Z0= -0.005, Z1= 0.005
Collecting Reference Parameters... OK

Define PCB cv's parameters...OK

-----------------------------------------------------------------------
CV statisticks for fluid...
	CV number:         0
	FACE_A max number: 0
	FACE_W max number: 0
-----------------------------------------------------------------------
-----------------------------------------------------------------------
CV statisticks for solid...
	CV number:         54
	FACE_A max number: 6
	FACE_W max number: 14
-----------------------------------------------------------------------
Update time step in solids: STATIONARY IN SOLIDS
Memory allocation for matrix entries in solver is block-wise,
( size of block = 1048576 bytes (1Mb) ).

There is 1 subdomain in solid:
subdomain 0: 54 control volumes

43 parameter(s) in list of scalar parameters
2 parameter(s) in list of vector parameters
-----------------------------------------------------------------------
Loading mesh settings (global/local/SAR)...
Setting regions...
Setting regions takes 0.000 s
-----------------------------------------------------------------------

CollectIndata: Initialize stored in U[] parameters (pressure,momentum,dens,..)... OK(CPU=0.000602591s)

Collect Body BC...OK
Collect Fans...OK
Collect Surface Sources...OK
Collect Contact resistance BC...OK
Collect Perforated plates BC...OK
Collect Electric contact BC...OK
Collect Surface Goals...
Received 2 wall face(s) and 0 virtual face(s)...
 OK
Total CPU time 0 s
Collect Unused surface area...OK

MWS =0.25
NPROC = 1, nested_parallelization = 0
NPART = 1

/-----------------------------------------------------------/
SOLVER TOPOLOGY DATA:

BRICKS: |level1| sum         0

CV:     Total               54
CV:     Fluid               0
CV:     Solid               54

CV:     G.Fluid Thin Profile    0.00 % (0)
CV:     G.Solid Thin Profile   92.59 % (50)

CV:     G.Fluid Non-Convex      0.00 % (0)
CV:     G.Solid Non-Convex      0.00 % (0)

FACE_A: Fluid          (af) 0
FACE_A: Max number placed on a brick-face in cv: 0
FACE_A: Solid          (as) 3220

FACE_W: Total               3669
FACE_W: Fluid/Solid    (fs) 0
FACE_W: Fluid/Fluid    (ff) 0
FACE_W: Solid/Solid    (ss) 33
FACE_W: Opening BC               (fo)  0
FACE_W: Fluid/Bound              (fw)  0
FACE_W: Solid/Bound              (sw)  360
FACE_W: Fluid/Bound Real Wall    (frw) 0
FACE_W: Solid/Bound Real Wall    (srw) 74
FACE_W: Max number placed in cv: 0
Solid:
CV Max Disbalance:                5.10956e-17 (ncv=33)
/-----------------------------------------------------------/

Create solver core
 MDS: Converting solver problem ...
MDS: OK
slv : Calculations at run start
slv : Create sub-domains supervisors:
slv : 	2 solid
slv : Create sub-domains mesh connectivity supervisors:
slv : 	1 fw one to one
slv : Collect slices by phenomena...
slv : 	fluid flow slices were created:	0
slv : 	heat transfer slices were created:	2
slv : 	electric current flow slices were created:	0
slv : 	radiation slices were created:	0
slv : Creating meshes proxies for multigrid...
slv : Convert MESH[0] to multigrid mesh proxy...
slv : 1600 bricks are accounted by implicit methods(100% of total)
slv : max tree bricks count = 1
alg : MG: create topological coarsening...
alg : Mesh 0  OK
slv : Building fluid flow views schemes...
slv : Building views for heat transfer...
slv : 1 views are created
slv : Building heat transfer views schemes...
slv : Building electric current flow views schemes...
slv : PrecalcAtStart views for fluid flow...
slv : PrecalcAtStart views for heat transfer...
Laplacian approximations statisticks:
	Number of open faces        :62
	N of computed(stored) approximations:62
	PCB-type     approximations :100.0 %

Laplacian approximations statisticks:
	Number of open faces        :63
	N of computed(stored) approximations:63
	PCB-type     approximations :100.0 %

Creating view scheme...
1 heat transfer algebraic views are created
mgl = 31 size = 54
mgl = 30 size = 31

slv : PrecalcAtStart views for electric current flow...
slv : PrecalcAtStart views for radiation...
slv : ------------ Start of Preliminary step at Calculation start ------------
slv : View 0(0) T_solid: 
slv : nsd=0 
slv : nsd=1 
slv : ------------ End of Preliminary step at Calculation start ------------

----------------------------------------------------------
BCF checking (solver)...
----------------------------------------------------------

Estimated cfld size=0.08 Mb
Writing cfld file "14-HEAT_TRANSFER_IN_SOLID\00701-PCB_sandwich_along_arbitrary_Dirichlet\ft_run\1/r_000000.cfld"...
Working in No GDBLight mode
Working in No GDBLight mode
FILE SAVED: r_000000.cfld. Total save cfld took 0.09 sec.
real cfld size=0.01 Mb
OK
Estimated fld size=0.23 Mb
Writing fld file "14-HEAT_TRANSFER_IN_SOLID\00701-PCB_sandwich_along_arbitrary_Dirichlet\ft_run\1/r_000000.fld"...
FILE SAVED: r_000000.fld. Total save fld took 0.00 sec.
real fld size=0.02 Mb
OK
Init simple interpolator... OK (0.000 sec)
BC 'adiabatic wall' is on 64 faces (AS area=0.08, CAD area=0.08016, difference=-0.2%)
BC 'Outer Wall T=100' is on 5 faces (AS area=0.004, CAD area=0.004008, difference=-0.2%)
Thermal resistance BC 'zero' is on 33 faces (AS area=0.04, CAD area=0.04008, difference=-0.2%)
Surface goal 'SG Av Temperature (Solid) 1' is on 5 faces

Preview parameters:
	Density (Solid)
	Temperature (Solid)
	Solid Thermal Conductivity (X)
	Solid Thermal Conductivity (Y)
	Solid Thermal Conductivity (Z)
	Heat Flux
	Heat Flux (X)
	Heat Flux (Y)
	Heat Flux (Z)
	Overheat above Melting Temperature
10 parameter(s) in preview list of parameters

Calculation started at	22.2.2017	7:50:23
Total CPU time 0 s
//-------------There are no openings in task--------------//

================== Tstep=0 ===================
Boundary layer settings:
	Separation tau    on
	Enable 3D effects off
BL MODEL         	Ignore compressibility  off
	BL on porous body  off
	Separ. tau corr factor 0
	Separ. tau kappa 0.1
	Separ. tau KV0 0.1
------------------------
NumerCore CHT-start settings:
	Min typical size					1
	Zero vel ht factor				0.006
	C_mju_turb_min                   0.01
	Threshold value for K-E filter   0
	C_mju                            0.09
	C_eps1                           1.44
	C_eps2                           1.92
	Sigma_k                          1
	Sigma_eps                        1.3
	Sigma_c                          0.9
	Approx mode                      1st order
-------------
NumCoreFESSettings:
	Maximum possible Mach	0
	Turbulent Prandtl		0.9
-------------
slv : Implicit schemes in fluid settings:
slv : INPR	: rel_resid=0.00790569
slv : BACKGROUND	: rel_resid=0.00790569
slv : DVGR	: rel_resid=0.00790569
slv : MOMENTUM	: rel_resid=0.00790569
slv : CHT	: rel_resid=0.00790569
slv : Y_TD	: rel_resid=0.00790569
slv : Y_TURB	: rel_resid=0.00790569
slv : LMA	: rel_resid=0.00790569
slv : UVGI	: rel_resid=0.00790569
slv : NOx	: rel_resid=0.00790569
slv : VOL_FRAC_IM_PHASE	: rel_resid=0.00790569
slv : Disable wall motion impact into H threshold=10
slv : Relax par ring =0.05
slv : Isothermal cavitation CF corrector = 1
slv : Isothermal cavitation pseudo transient corrector = -1
slv : Isothermal cavitation forced time step in cavitated regions = -1
slv : force_free_surface_VOF = -1
slv : ---------------------------------------
------Solid settings---
Approximation mode = 2'nd order && thin_profiles
Solid temperature eps_abs scaling factor: 0.001
number dofs per absorptive face: 9
subgrid ratio: 0.500000
Blink filter: disabled
------------------------------
slv : Iterations settings:
slv : Max number of outer iter = 1
slv : Max number of Mass&Energy iter = 1
slv : Max Courant factor = 10
slv : Conservation laws tolerance residuals:
slv : 	MASS	0.005
slv : 	MOMENTUM	0.005
slv : 	ENERGY	0.005
slv : 	SPECIES	0.005
slv : 	TURBULENCE	0.005
slv : ---------------------------------------
slv : Scheme blocks settings:
slv : INPR	: stop_crit=residAbs_AND_residRel 
slv : BACKGROUND	: stop_crit=residAbs_AND_residRel 
slv : DVGR	: stop_crit=residAbs_AND_residRel 
slv : MOMENTUM	: stop_crit=residAbs_AND_residRel 
slv : CHT	: stop_crit=residAbs_AND_residRel 
slv : Y_TD	: stop_crit=residAbs_AND_residRel 
slv : Y_TURB	: stop_crit=residAbs_AND_residRel 
slv : LMA	: stop_crit=residAbs_AND_residRel 
slv : UVGI	: stop_crit=residAbs_AND_residRel 
slv : NOx	: stop_crit=residAbs_AND_residRel 
slv : VOL_FRAC_IM_PHASE	: stop_crit=residAbs_AND_residRel 
slv : ---------------------------------------
Accuracy scale coeff =1
+----+----+--------------+--------------+--------------+--------------+--------------+------+----+-+-+--+------+
|Name|view| Initial res  | Initial resL1| Target res   | Final res    | Final res L1 |Visits|Iter|R|F|CL|Status|
+----+----+--------------+--------------+--------------+--------------+--------------+------+----+-+-+--+------+
| CHT|   0|  2.783639e+08|  2.094274e+04|  3.673095e-11|  2.707959e-11|  3.106670e-05|    22| 240|1|n|30|  OK  |
slv : View 0(0) T_solid: 
slv : nsd=0 
slv : nsd=1 
Memory Working Set Current = 34.67 Mb, Memory Working Set Peak = 34.67 Mb
Process Threads Number: 11

================== Tstep=1 ===================
+----+----+--------------+--------------+--------------+--------------+--------------+------+----+-+-+--+------+
|Name|view| Initial res  | Initial resL1| Target res   | Final res    | Final res L1 |Visits|Iter|R|F|CL|Status|
+----+----+--------------+--------------+--------------+--------------+--------------+------+----+-+-+--+------+
| CHT|   0|  2.707959e-11|  3.106671e-05|  1.692474e-12|  1.098064e-12|  6.235079e-06|     3|  27|0|n|30|  OK  |
slv : View 0(0) T_solid: 
slv : nsd=0 
slv : nsd=1 
Memory Working Set Current = 34.69 Mb, Memory Working Set Peak = 34.82 Mb
Process Threads Number: 11

================== Tstep=2 ===================
+----+----+--------------+--------------+--------------+--------------+--------------+------+----+-+-+--+------+
|Name|view| Initial res  | Initial resL1| Target res   | Final res    | Final res L1 |Visits|Iter|R|F|CL|Status|
+----+----+--------------+--------------+--------------+--------------+--------------+------+----+-+-+--+------+
| CHT|   0|  1.098063e-12|  6.235077e-06|  6.862894e-14|  4.164987e-14|  1.209673e-06|     3|  27|0|n|30|  OK  |
slv : View 0(0) T_solid: 
slv : nsd=0 
slv : nsd=1 
Memory Working Set Current = 34.70 Mb, Memory Working Set Peak = 34.84 Mb
Process Threads Number: 11

================== Tstep=3 ===================
+----+----+--------------+--------------+--------------+--------------+--------------+------+----+-+-+--+------+
|Name|view| Initial res  | Initial resL1| Target res   | Final res    | Final res L1 |Visits|Iter|R|F|CL|Status|
+----+----+--------------+--------------+--------------+--------------+--------------+------+----+-+-+--+------+
| CHT|   0|  4.164980e-14|  1.209671e-06|  2.603113e-15|  1.564208e-15|  2.340773e-07|     3|  27|0|n|30|  OK  |
slv : View 0(0) T_solid: 
slv : nsd=0 
slv : nsd=1 
Memory Working Set Current = 34.70 Mb, Memory Working Set Peak = 34.84 Mb
Process Threads Number: 11

================== Tstep=4 ===================
+----+----+--------------+--------------+--------------+--------------+--------------+------+----+-+-+--+------+
|Name|view| Initial res  | Initial resL1| Target res   | Final res    | Final res L1 |Visits|Iter|R|F|CL|Status|
+----+----+--------------+--------------+--------------+--------------+--------------+------+----+-+-+--+------+
| CHT|   0|  1.564192e-15|  2.340760e-07|  9.776202e-17|  5.855313e-17|  4.525759e-08|     3|  27|0|n|30|  OK  |
slv : View 0(0) T_solid: 
slv : nsd=0 
slv : nsd=1 
Memory Working Set Current = 34.70 Mb, Memory Working Set Peak = 34.84 Mb
Process Threads Number: 11
Iteration : time = 0.327611 , count = 5 , time/count = 0.0655222
Calculate_inc() : time = 0.202807 , count = 5 , time/count = 0.0405614
TreatFlowEvolution() : time = 0.109203 , count = 5 , time/count = 0.0218406
SolverPreview : time = 0 , count = 6 , time/count = 0
TreatGoals : time = 0.109203 , count = 5 , time/count = 0.0218406

================== Tstep=5 ===================
+----+----+--------------+--------------+--------------+--------------+--------------+------+----+-+-+--+------+
|Name|view| Initial res  | Initial resL1| Target res   | Final res    | Final res L1 |Visits|Iter|R|F|CL|Status|
+----+----+--------------+--------------+--------------+--------------+--------------+------+----+-+-+--+------+
| CHT|   0|  5.855756e-17|  4.525828e-08|  3.659847e-18|  2.189108e-18|  8.752750e-09|     3|  27|0|n|30|  OK  |
slv : View 0(0) T_solid: 
slv : nsd=0 
slv : nsd=1 
Memory Working Set Current = 34.70 Mb, Memory Working Set Peak = 34.84 Mb
Process Threads Number: 11

================== Tstep=6 ===================
+----+----+--------------+--------------+--------------+--------------+--------------+------+----+-+-+--+------+
|Name|view| Initial res  | Initial resL1| Target res   | Final res    | Final res L1 |Visits|Iter|R|F|CL|Status|
+----+----+--------------+--------------+--------------+--------------+--------------+------+----+-+-+--+------+
| CHT|   0|  2.189441e-18|  8.751999e-09|  2.189441e-18|  2.023936e-18|  8.405323e-09|     1|   3|0|y|30|  OK  |
slv : View 0(0) T_solid: 
slv : nsd=0 
slv : nsd=1 
Memory Working Set Current = 34.70 Mb, Memory Working Set Peak = 34.85 Mb
Process Threads Number: 11

================== Tstep=7 ===================
+----+----+--------------+--------------+--------------+--------------+--------------+------+----+-+-+--+------+
|Name|view| Initial res  | Initial resL1| Target res   | Final res    | Final res L1 |Visits|Iter|R|F|CL|Status|
+----+----+--------------+--------------+--------------+--------------+--------------+------+----+-+-+--+------+
| CHT|   0|  2.024938e-18|  8.407793e-09|  2.024938e-18|  1.908836e-18|  8.196821e-09|     1|   3|0|y|30|  OK  |
slv : View 0(0) T_solid: 
slv : nsd=0 
slv : nsd=1 
Memory Working Set Current = 34.70 Mb, Memory Working Set Peak = 34.85 Mb
Process Threads Number: 11

================== Tstep=8 ===================
+----+----+--------------+--------------+--------------+--------------+--------------+------+----+-+-+--+------+
|Name|view| Initial res  | Initial resL1| Target res   | Final res    | Final res L1 |Visits|Iter|R|F|CL|Status|
+----+----+--------------+--------------+--------------+--------------+--------------+------+----+-+-+--+------+
| CHT|   0|  1.909092e-18|  8.197853e-09|  1.909092e-18|  1.817345e-18|  8.082679e-09|     1|   3|0|y|30|  OK  |
slv : View 0(0) T_solid: 
slv : nsd=0 
slv : nsd=1 
Memory Working Set Current = 34.70 Mb, Memory Working Set Peak = 34.85 Mb
Process Threads Number: 11

================== Tstep=9 ===================
+----+----+--------------+--------------+--------------+--------------+--------------+------+----+-+-+--+------+
|Name|view| Initial res  | Initial resL1| Target res   | Final res    | Final res L1 |Visits|Iter|R|F|CL|Status|
+----+----+--------------+--------------+--------------+--------------+--------------+------+----+-+-+--+------+
| CHT|   0|  1.817727e-18|  8.084066e-09|  1.817727e-18|  1.739304e-18|  7.964218e-09|     1|   3|0|y|30|  OK  |
slv : View 0(0) T_solid: 
slv : nsd=0 
slv : nsd=1 
slv : +--------------------------+------------+-------+------------+------------+
slv : |      Collector name      | Total Time | Count |  Avg Time  |  Max Time  |
slv : +--------------------------+------------+-------+------------+------------+
slv : | CHT_MDS_import_export    |       0.001|      9|       0.000|       0.000|
slv : | CSolver_core_update_BC_1 |       0.001|     10|       0.000|       0.000|
slv : | Calculate_inc            |       0.225|      9|       0.025|       0.209|
slv : | LiSy_make_portrait       |       0.000|      2|       0.000|       0.000|
slv : | Results_processing       |       0.121|      9|       0.013|       0.104|
slv : | build_sl_ordering_CHT    |       0.000|     10|       0.000|       0.000|
slv : | perform_stage_total      |       0.002|      4|       0.001|       0.002|
slv : | precalc_at_start_MDS     |       0.002|      4|       0.001|       0.002|
slv : | solve_CHT_MDS            |       0.220|     10|       0.022|       0.208|
slv : | solve_CHT_alg_MDS        |       0.211|     10|       0.021|       0.207|
slv : | solve_PSQJ_MDS_total     |       0.000|     10|       0.000|       0.000|
slv : | update_BC_MDS            |       0.002|     11|       0.000|       0.000|
slv : +--------------------------+------------+-------+------------+------------+
Memory Working Set Current = 34.70 Mb, Memory Working Set Peak = 34.85 Mb
Process Threads Number: 11
/************Goal values******************/
SG Av Temperature (Solid) 1				140.644808 K
/************End of Goal values******************/
/************	Min/Max Parameters	************/
Temperature (Solid):		min = 100 K		max = 140.937041 K
/************	End of Min/Max Parameters	************/
Solver finished at	22.2.2017	7:50:23
ENDING PROGRAM...
Estimated fld size=0.23 Mb
Writing fld file "14-HEAT_TRANSFER_IN_SOLID\00701-PCB_sandwich_along_arbitrary_Dirichlet\ft_run\1\1.fld"...
FILE SAVED: 1.fld. Total save fld took 0.00 sec.
real fld size=0.04 Mb
FILE RENAMED: r_000000.cfld -> 1.cfld
OK
Depository creating ...
stream_line (0.001 s)
FS triangles count 12 
wall_triangles (0.031 s)
nb_bricks (0.066 s)
Face_aver_on (0.000 s)
size of cv_intrp_s = 0.06 Mb
size of cv_intrp_fw = 0.06 Mb
size of cv_intrp_sw = 0.10 Mb
CCVInterp_DepEntry::Calculate duration = 0.008 s
cv_interp (0.010 s)
favorite_params (0.013 s)
Face_aver_off (0.000 s)
Depository creating ...OK (0.121 s)
Solver finished at	22.2.2017	7:50:23
Total CPU time 0 s
Free memory:
slv : +--------------------------+------------+-------+------------+------------+
slv : |      Collector name      | Total Time | Count |  Avg Time  |  Max Time  |
slv : +--------------------------+------------+-------+------------+------------+
slv : | CHT_MDS_import_export    |       0.001|     10|       0.000|       0.000|
slv : | CSolver_core_update_BC_1 |       0.001|     10|       0.000|       0.000|
slv : | Calculate_inc            |       0.227|     10|       0.023|       0.209|
slv : | LiSy_make_portrait       |       0.000|      2|       0.000|       0.000|
slv : | Results_processing       |       0.122|     10|       0.012|       0.104|
slv : | build_sl_ordering_CHT    |       0.000|     10|       0.000|       0.000|
slv : | perform_stage_total      |       0.002|      4|       0.001|       0.002|
slv : | precalc_at_start_MDS     |       0.002|      4|       0.001|       0.002|
slv : | solve_CHT_MDS            |       0.220|     10|       0.022|       0.208|
slv : | solve_CHT_alg_MDS        |       0.211|     10|       0.021|       0.207|
slv : | solve_PSQJ_MDS_total     |       0.000|     10|       0.000|       0.000|
slv : | update_BC_MDS            |       0.002|     11|       0.000|       0.000|
slv : +--------------------------+------------+-------+------------+------------+
alg : 
alg :  size = 54
alg :  build_coarse_select_omega     0.000  6
alg :  build_fine_select_omega       0.000  10
alg :  build_select_pivot_nonzeros   0.000  10
alg :  build_select_vectors          0.000  10
alg :  calc_residual_LU              0.001  41
alg :  call_MG_solver                0.210  10
alg :  clean_coarse_levels           0.000  6
alg :  clean_fine_level              0.000  10
alg :  init_RB_coarse_nonzeros       0.000  6
alg :  init_RB_fine_nonzeros         0.000  10
alg :  init_coarse_levels            0.203  6
alg :  init_fine_level               0.001  10
alg :  mg_cycle                      0.209  11
alg :  numerical_PardisoLU           0.001  6
alg :  perform_prolongation          0.000  30
alg :  perform_restriction           0.000  30
alg :  run_smoothing                 0.004  41
alg :  smoother_fine                 0.002  387
alg :  solve_MG                      0.211  10
alg :  solve_PardisoLU               0.001  30
alg :  symbolic_PardisoLU            0.202  1
alg :  update_mg_status              0.000  71
Free Geometry DB takes 0.000 s
OK
