Number of used processors (NPROC): 1.
Number of mesh partitions (NPART): 1.
Operating system:	Windows 7 Service Pack 1 (Version 6.1.7601)
Total Physical Memory = 6.00 Gb, Available Physical Memory = 4.01 Gb
Memory Working Set Current = 18.20 Mb, Memory Working Set Peak = 18.20 Mb
CPU:	GenuineIntel, Stepping ID = 2, Model = 13, Family = 6, Extended model = 2, MMX SSE SSE2 Hyper-Threading Technology SSE3
CPU Brand String:        Intel(R) Xeon(R) CPU E5-2680 0 @ 2.70GHz
Cache Line Size = 64, L2 Associativity = 6, Cache Size = 256K
Number of cores: 8, Processor type: 8664, Active processor mask: 255, Page size: 4096 bites
std::thread::hardware_concurrency = 8
OpenMP enabled (spec=200203). max_threads = 8, num_procs = 8, num_threads = 8.

SOLIDWORKS 2016 SP3.0
14-HEAT_TRANSFER_IN_SOLID\00812-Net_asm_thin_T_across_BC_eq_-1_-3_ss_MODIFIED\ft_run\1\1.fld
Configuration name:	Default
Project name:	as3d
/*******************************************/
/*         Project Summary                 */
/*******************************************/
Problem type:						internal
Result resolution:					5
Minimum gap size:					0.25
Minimum wall thickness:				1.44753
Manual refinement:					Off
Solid refinement:					Off
Fluid substances count				0

		Advanced capabilities
Heat transfer						Off
Transient						Off
Gravitation						Off
Laminar flow						Off
Compressibility					Off
Default wall condition				adiabatic wall
Roughness:						0

************************************************

Geometry database loading ...OK
Flow Simulation 2016  x64 / 3800 / SOLVER ver. efd_17_0.3746_30.12.2016+VOF_GUI_Therm_Slv_Integration_1 



STATIONARY

SOLID HEAT TRANSFER ONLY

EXTERNAL=1  CHT=1  FROZEN=0  P_REF=1  RADIATION=0  HVAC_COMFORT_PARAMETERS=0
IT=0   NT=2   NZ=0
US_DIM=1
-----------------------------------------------------------------------
Allocating meshes:
	CPU count: 1
	MESH 0:
		Sub-meshes count: 1
-----------------------------------------------------------------------
Memory Status before reading BCF:
Memory Working Set Current = 21.71 Mb, Memory Working Set Peak = 21.71 Mb
Process Threads Number: 11

-----------------------------------------------------------------------
BCF CHECKSUM DATA (Mesh 0):

WARNING! 8 w-face(s) without fw-neigbours.
FACE_A Area Sum:   G.Fluid        0.0000000000000000
FACE_A Area Sum:   G.Solid        0.0000000000000000
FACE_W Area Sum:                  8.7464101615137757
FACE_W Nb   Sum:                  32
AV Max Disbalance: G.Fluid        0 (cid=-1, avid=-1, pid=-1)
AV Max Disbalance: G.Solid        3.55192e-17 (cid=0, avid=0, pid=0)
-----------------------------------------------------------------------


-----------------------------------------------------------------------
MESHER TOPOLOGY DATA (Mesh 0):

BRICKS: Total                 1
BRICKS: 4-CV                  1
BRICKS: Bad                   0

AV:     G.Total               4
AV:     G.Fluid               0
AV:     G.Solid               4

AV:     G.Fluid Thin Profile    0.00 % (0)
AV:     G.Solid Thin Profile   50.00 % (2)

AV:     G.Fluid Thin For Mega   0.00 % (0)
AV:     G.Solid Thin For Mega  50.00 % (2)

AV:     G.Fluid Non-Convex      0.00 % (0)
AV:     G.Solid Non-Convex      0.00 % (0)

FACE_A: G.Fluid          (af) 0 (partially opened 0)
FACE_A: G.Solid          (as) 0 (partially opened 0)

FACE_W: G.Total                 21          Brick/Bound
FACE_W: G.Fluid/Solid    (fs_g) 0           0           
FACE_W: G.Fluid/Fluid    (ff_g) 0           0           
FACE_W: G.Solid/Solid    (ss_g) 3           0           
FACE_W: G.Fluid/External (fe_g) 0
FACE_W: G.Solid/External (se_g) 18

AV/CV max fa count (on brick side):0
AV/CV max fw count:                0
AV/CV max fw poly count:           6

MEMORY: Total                   0.003 MB
MEMORY: Per Brick               2.766 KB
-----------------------------------------------------------------------

----------------------------------------------------------
BCF --> BCF.GEOMSUBDOM (bridge arrays) (cpu_num=1):
MESH (0):
	Fluid Subdom Constructor: 0 subdom(s).
	Solid Subdom Constructor: 3 subdom(s).
	Net Asm Subdom Constructor: 1 subdom(s).
	GEOMSUBDOM (0): gi=0 solid av=1 cv=1 fa=0 fw=6 V=1.154701e-02
	GEOMSUBDOM (1): gi=2 solid av=1 cv=1 fa=0 fw=6 V=8.845299e-02
	GEOMSUBDOM (2): gi=2 solid av=1 cv=1 fa=0 fw=6 V=8.845299e-02
	GEOMSUBDOM (3): gi=1 netasm av=1 cv=1 fa=0 fw=6 V=1.154701e-02
	Setting nb of w-faces...OK.

MESH (0) checking:
	GEOMSUBDOM (0):fa_s=0.0000000000000000 fw_s=0.7043673284113419 fw_nb=8
		WARNING! 2 w-face(s) without fw-neighbors.
	GEOMSUBDOM (1):fa_s=0.0000000000000000 fw_s=3.8420428331024339 fw_nb=8
		WARNING! 2 w-face(s) without fw-neighbors.
	GEOMSUBDOM (2):fa_s=0.0000000000000000 fw_s=3.8420428331024343 fw_nb=8
		WARNING! 2 w-face(s) without fw-neighbors.
	GEOMSUBDOM (3):fa_s=0.0000000000000000 fw_s=0.7043673284113423 fw_nb=8
		WARNING! 2 w-face(s) without fw-neighbors.
MESH (0) checking: OK.
----------------------------------------------------------
Memory Status after reading BCF:
Memory Working Set Current = 22.18 Mb, Memory Working Set Peak = 22.18 Mb
Process Threads Number: 11
Total read CPT took 0.00 sec.
MESH::Bricks: Total=1 Gas=0 Solid=0 Partial=1 Irregular=0

-----------------------------------------------------------------------
Mesh dimensions:
				I[0 ]=1
				I[1 ]=1
				I[2 ]=1
Solver refinement level	I[47]=0

Comp. domain size:
				a[0  ]=-1
				a[1  ]=1
				a[2  ]=-1
				a[3  ]=1
				a[4  ]=-0.025
				a[5  ]=0.025
Wall thickness		a[231]=0
Gap size			a[232]=1
-----------------------------------------------------------------------
-----------------------------------------------------------------------
Preparing for calculations started at	22.2.2017	7:50:28
slv_max_lev=0
CD X0= -1, X1= 1, Y0= -1, Y1= 1, Z0= -0.025, Z1= 0.025
Collecting Reference Parameters... OK
-----------------------------------------------------------------------
CV statisticks for fluid...
	CV number:         0
	FACE_A max number: 0
	FACE_W max number: 0
-----------------------------------------------------------------------
-----------------------------------------------------------------------
CV statisticks for solid...
	CV number:         1
	FACE_A max number: 0
	FACE_W max number: 6
-----------------------------------------------------------------------
Update time step in solids: STATIONARY IN SOLIDS
Memory allocation for matrix entries in solver is block-wise,
( size of block = 1048576 bytes (1Mb) ).

There is 1 subdomain in solid:
subdomain 0: 1 control volumes

43 parameter(s) in list of scalar parameters
2 parameter(s) in list of vector parameters
-----------------------------------------------------------------------
Loading mesh settings (global/local/SAR)...
Setting regions...
Setting regions takes 0.000 s
-----------------------------------------------------------------------

CollectIndata: Initialize stored in U[] parameters (pressure,momentum,dens,..)... OK(CPU=3.01016e-05s)

Collect Body BC...OK
Collect Fans...OK
Collect Surface Sources...OK
Collect Contact resistance BC...OK
Collect Perforated plates BC...OK
Collect Electric contact BC...OK
Collect Surface Goals...
Received 0 wall face(s) and 0 virtual face(s)...
 OK

Collecting data for fictitious medium Network Assembly...
N_obj = 1
	Object 0         -----------------------
	Number of nodes=3
		node 0	inner
		node 1	surface (is lying on 1 w-faces)
		node 2	surface (is lying on 1 w-faces)
OK
Surface node area:
n_obj= 0 n_node= 0 Area= 0 
n_obj= 0 n_node= 1 Area= 0.11547 
n_obj= 0 n_node= 2 Area= 0.11547 
Total CPU time 0 s
Collect Unused surface area...OK

MWS =0.25
NPROC = 1, nested_parallelization = 0
NPART = 1
BC's on 4 sw w-faces are redefined
BC's on 1 ss w-faces are redefined

/-----------------------------------------------------------/
SOLVER TOPOLOGY DATA:

BRICKS: |level1| sum         0

CV:     Total               1
CV:     Fluid               0
CV:     Solid               1

CV:     G.Fluid Thin Profile    0.00 % (0)
CV:     G.Solid Thin Profile  100.00 % (1)

CV:     G.Fluid Non-Convex      0.00 % (0)
CV:     G.Solid Non-Convex      0.00 % (0)

FACE_A: Fluid          (af) 0
FACE_A: Max number placed on a brick-face in cv: 0
FACE_A: Solid          (as) 0

FACE_W: Total               21
FACE_W: Fluid/Solid    (fs) 0
FACE_W: Fluid/Fluid    (ff) 0
FACE_W: Solid/Solid    (ss) 1
FACE_W: Opening BC               (fo)  0
FACE_W: Fluid/Bound              (fw)  0
FACE_W: Solid/Bound              (sw)  10
FACE_W: Fluid/Bound Real Wall    (frw) 0
FACE_W: Solid/Bound Real Wall    (srw) 6
FACE_W: Max number placed in cv: 0
Solid:
CV Max Disbalance:                3.55192e-17 (ncv=0)
/-----------------------------------------------------------/

Create solver core
 MDS: Converting solver problem ...
MDS: OK
slv : Calculations at run start
slv : Create sub-domains supervisors:
slv : 	1 solid
slv : 	1 heat network
slv : Create sub-domains mesh connectivity supervisors:
slv : 	1 fw mesh to EMT
slv : Collect slices by phenomena...
slv : 	fluid flow slices were created:	0
slv : 	heat transfer slices were created:	2
slv : 	electric current flow slices were created:	0
slv : 	radiation slices were created:	0
slv : Creating meshes proxies for multigrid...
slv : Convert MESH[0] to multigrid mesh proxy...
slv : 1 bricks are accounted by implicit methods(100% of total)
slv : max tree bricks count = 1
alg : MG: create topological coarsening...
alg : Mesh 0  OK
slv : Building fluid flow views schemes...
slv : Building views for heat transfer...
slv : 1 views are created
slv : Building heat transfer views schemes...
slv : Building electric current flow views schemes...
slv : PrecalcAtStart views for fluid flow...
slv : PrecalcAtStart views for heat transfer...
Laplacian approximations statisticks:
	Number of open faces        :0
	N of computed(stored) approximations:0
Creating view scheme...
1 heat transfer algebraic views are created
mgl = 31 size = 4
mgl = 30 size = 4

slv : PrecalcAtStart views for electric current flow...
slv : PrecalcAtStart views for radiation...
slv : ------------ Start of Preliminary step at Calculation start ------------
slv : View 0(0) T_solid: 
slv : nsd=0 
slv : Net asm 0 T (new): min(      0) = 293.2                , max(      0) = 293.2                
slv : ------------ End of Preliminary step at Calculation start ------------

----------------------------------------------------------
BCF checking (solver)...
----------------------------------------------------------

Estimated cfld size=0.02 Mb
Writing cfld file "14-HEAT_TRANSFER_IN_SOLID\00812-Net_asm_thin_T_across_BC_eq_-1_-3_ss_MODIFIED\ft_run\1/r_000000.cfld"...
Working in No GDBLight mode
Working in No GDBLight mode
FILE SAVED: r_000000.cfld. Total save cfld took 0.06 sec.
real cfld size=0.00 Mb
OK
Estimated fld size=0.07 Mb
Writing fld file "14-HEAT_TRANSFER_IN_SOLID\00812-Net_asm_thin_T_across_BC_eq_-1_-3_ss_MODIFIED\ft_run\1/r_000000.fld"...
FILE SAVED: r_000000.fld. Total save fld took 0.00 sec.
real fld size=0.01 Mb
OK
Init simple interpolator... OK (0.000 sec)
BC 'Outer Wall 1' is on 1 faces (AS area=0.11547, CAD area=0.115932, difference=-0.4%)
BC 'Two-Resistor Component 1'
node 1 is on 1 faces (AS area/CAD area=0.996012)
node 2 is on 1 faces (AS area/CAD area=0.996012)

Preview parameters:
	Density (Solid)
	Temperature (Solid)
	Solid Thermal Conductivity (X)
	Solid Thermal Conductivity (Y)
	Solid Thermal Conductivity (Z)
	Heat Flux
	Heat Flux (X)
	Heat Flux (Y)
	Heat Flux (Z)
	Overheat above Melting Temperature
10 parameter(s) in preview list of parameters

Calculation started at	22.2.2017	7:50:28
Total CPU time 0 s
//-------------There are no openings in task--------------//

================== Tstep=0 ===================
Boundary layer settings:
	Separation tau    on
	Enable 3D effects off
BL MODEL         	Ignore compressibility  off
	BL on porous body  off
	Separ. tau corr factor 0
	Separ. tau kappa 0.1
	Separ. tau KV0 0.1
------------------------
NumerCore CHT-start settings:
	Min typical size					1
	Zero vel ht factor				0.006
	C_mju_turb_min                   0.01
	Threshold value for K-E filter   0
	C_mju                            0.09
	C_eps1                           1.44
	C_eps2                           1.92
	Sigma_k                          1
	Sigma_eps                        1.3
	Sigma_c                          0.9
	Approx mode                      1st order
-------------
NumCoreFESSettings:
	Maximum possible Mach	0
	Turbulent Prandtl		0.9
-------------
slv : Implicit schemes in fluid settings:
slv : INPR	: rel_resid=0.00790569
slv : BACKGROUND	: rel_resid=0.00790569
slv : DVGR	: rel_resid=0.00790569
slv : MOMENTUM	: rel_resid=0.00790569
slv : CHT	: rel_resid=0.00790569
slv : Y_TD	: rel_resid=0.00790569
slv : Y_TURB	: rel_resid=0.00790569
slv : LMA	: rel_resid=0.00790569
slv : UVGI	: rel_resid=0.00790569
slv : NOx	: rel_resid=0.00790569
slv : VOL_FRAC_IM_PHASE	: rel_resid=0.00790569
slv : Disable wall motion impact into H threshold=10
slv : Relax par ring =0.05
slv : Isothermal cavitation CF corrector = 1
slv : Isothermal cavitation pseudo transient corrector = -1
slv : Isothermal cavitation forced time step in cavitated regions = -1
slv : force_free_surface_VOF = -1
slv : ---------------------------------------
------Solid settings---
Approximation mode = 2'nd order && thin_profiles
Solid temperature eps_abs scaling factor: 0.001
number dofs per absorptive face: 9
subgrid ratio: 0.500000
Blink filter: disabled
------------------------------
slv : Iterations settings:
slv : Max number of outer iter = 1
slv : Max number of Mass&Energy iter = 1
slv : Max Courant factor = 10
slv : Conservation laws tolerance residuals:
slv : 	MASS	0.005
slv : 	MOMENTUM	0.005
slv : 	ENERGY	0.005
slv : 	SPECIES	0.005
slv : 	TURBULENCE	0.005
slv : ---------------------------------------
slv : Scheme blocks settings:
slv : INPR	: stop_crit=residAbs_AND_residRel 
slv : BACKGROUND	: stop_crit=residAbs_AND_residRel 
slv : DVGR	: stop_crit=residAbs_AND_residRel 
slv : MOMENTUM	: stop_crit=residAbs_AND_residRel 
slv : CHT	: stop_crit=residAbs_AND_residRel 
slv : Y_TD	: stop_crit=residAbs_AND_residRel 
slv : Y_TURB	: stop_crit=residAbs_AND_residRel 
slv : LMA	: stop_crit=residAbs_AND_residRel 
slv : UVGI	: stop_crit=residAbs_AND_residRel 
slv : NOx	: stop_crit=residAbs_AND_residRel 
slv : VOL_FRAC_IM_PHASE	: stop_crit=residAbs_AND_residRel 
slv : ---------------------------------------
Accuracy scale coeff =1
+----+----+--------------+--------------+--------------+--------------+--------------+------+----+-+-+--+------+
|Name|view| Initial res  | Initial resL1| Target res   | Final res    | Final res L1 |Visits|Iter|R|F|CL|Status|
+----+----+--------------+--------------+--------------+--------------+--------------+------+----+-+-+--+------+
| CHT|   0|  5.752165e+04|  2.687921e+02|  5.333333e-06|  3.231174e-27|  5.684342e-14|     2|  18|0|n|30|  OK  |
slv : View 0(0) T_solid: 
slv : nsd=0 
slv : Net asm 0 T (new): min(      1) = 202.36293013274      , max(      2) = 491.33974596216      
Memory Working Set Current = 31.22 Mb, Memory Working Set Peak = 31.22 Mb
Process Threads Number: 11

================== Tstep=1 ===================
+----+----+--------------+--------------+--------------+--------------+--------------+------+----+-+-+--+------+
|Name|view| Initial res  | Initial resL1| Target res   | Final res    | Final res L1 |Visits|Iter|R|F|CL|Status|
+----+----+--------------+--------------+--------------+--------------+--------------+------+----+-+-+--+------+
| CHT|   0|  3.231174e-27|  5.684342e-14|  3.231174e-27|  3.231174e-27|  5.684342e-14|     1|   3|0|y|30|  OK  |
slv : View 0(0) T_solid: 
slv : nsd=0 
slv : Net asm 0 T (new): min(      1) = 202.36293013274      , max(      2) = 491.33974596216      
Memory Working Set Current = 31.26 Mb, Memory Working Set Peak = 31.36 Mb
Process Threads Number: 11

================== Tstep=2 ===================
+----+----+--------------+--------------+--------------+--------------+--------------+------+----+-+-+--+------+
|Name|view| Initial res  | Initial resL1| Target res   | Final res    | Final res L1 |Visits|Iter|R|F|CL|Status|
+----+----+--------------+--------------+--------------+--------------+--------------+------+----+-+-+--+------+
| CHT|   0|  3.231174e-27|  5.684342e-14|  3.231174e-27|  3.231174e-27|  5.684342e-14|     1|   3|0|y|30|  OK  |
slv : View 0(0) T_solid: 
slv : nsd=0 
slv : Net asm 0 T (new): min(      1) = 202.36293013274      , max(      2) = 491.33974596216      
Memory Working Set Current = 31.24 Mb, Memory Working Set Peak = 31.40 Mb
Process Threads Number: 11

================== Tstep=3 ===================
+----+----+--------------+--------------+--------------+--------------+--------------+------+----+-+-+--+------+
|Name|view| Initial res  | Initial resL1| Target res   | Final res    | Final res L1 |Visits|Iter|R|F|CL|Status|
+----+----+--------------+--------------+--------------+--------------+--------------+------+----+-+-+--+------+
| CHT|   0|  3.231174e-27|  5.684342e-14|  3.231174e-27|  3.231174e-27|  5.684342e-14|     1|   3|0|y|30|  OK  |
slv : View 0(0) T_solid: 
slv : nsd=0 
slv : Net asm 0 T (new): min(      1) = 202.36293013274      , max(      2) = 491.33974596216      
Memory Working Set Current = 31.24 Mb, Memory Working Set Peak = 31.40 Mb
Process Threads Number: 11

================== Tstep=4 ===================
+----+----+--------------+--------------+--------------+--------------+--------------+------+----+-+-+--+------+
|Name|view| Initial res  | Initial resL1| Target res   | Final res    | Final res L1 |Visits|Iter|R|F|CL|Status|
+----+----+--------------+--------------+--------------+--------------+--------------+------+----+-+-+--+------+
| CHT|   0|  3.231174e-27|  5.684342e-14|  3.231174e-27|  3.231174e-27|  5.684342e-14|     1|   3|0|y|30|  OK  |
slv : View 0(0) T_solid: 
slv : nsd=0 
slv : Net asm 0 T (new): min(      1) = 202.36293013274      , max(      2) = 491.33974596216      
Memory Working Set Current = 31.25 Mb, Memory Working Set Peak = 31.40 Mb
Process Threads Number: 11
Iteration : time = 0.140405 , count = 5 , time/count = 0.028081
Calculate_inc() : time = 0.109204 , count = 5 , time/count = 0.0218408
TreatFlowEvolution() : time = 0.031201 , count = 5 , time/count = 0.0062402
SolverPreview : time = 0 , count = 6 , time/count = 0
TreatGoals : time = 0.031201 , count = 5 , time/count = 0.0062402

================== Tstep=5 ===================
+----+----+--------------+--------------+--------------+--------------+--------------+------+----+-+-+--+------+
|Name|view| Initial res  | Initial resL1| Target res   | Final res    | Final res L1 |Visits|Iter|R|F|CL|Status|
+----+----+--------------+--------------+--------------+--------------+--------------+------+----+-+-+--+------+
| CHT|   0|  3.231174e-27|  5.684342e-14|  3.231174e-27|  3.231174e-27|  5.684342e-14|     1|   3|0|y|30|  OK  |
slv : View 0(0) T_solid: 
slv : nsd=0 
slv : Net asm 0 T (new): min(      1) = 202.36293013274      , max(      2) = 491.33974596216      
Memory Working Set Current = 31.26 Mb, Memory Working Set Peak = 31.40 Mb
Process Threads Number: 11

================== Tstep=6 ===================
+----+----+--------------+--------------+--------------+--------------+--------------+------+----+-+-+--+------+
|Name|view| Initial res  | Initial resL1| Target res   | Final res    | Final res L1 |Visits|Iter|R|F|CL|Status|
+----+----+--------------+--------------+--------------+--------------+--------------+------+----+-+-+--+------+
| CHT|   0|  3.231174e-27|  5.684342e-14|  3.231174e-27|  3.231174e-27|  5.684342e-14|     1|   3|0|y|30|  OK  |
slv : View 0(0) T_solid: 
slv : nsd=0 
slv : Net asm 0 T (new): min(      1) = 202.36293013274      , max(      2) = 491.33974596216      
Memory Working Set Current = 31.26 Mb, Memory Working Set Peak = 31.41 Mb
Process Threads Number: 11

================== Tstep=7 ===================
+----+----+--------------+--------------+--------------+--------------+--------------+------+----+-+-+--+------+
|Name|view| Initial res  | Initial resL1| Target res   | Final res    | Final res L1 |Visits|Iter|R|F|CL|Status|
+----+----+--------------+--------------+--------------+--------------+--------------+------+----+-+-+--+------+
| CHT|   0|  3.231174e-27|  5.684342e-14|  3.231174e-27|  3.231174e-27|  5.684342e-14|     1|   3|0|y|30|  OK  |
slv : View 0(0) T_solid: 
slv : nsd=0 
slv : Net asm 0 T (new): min(      1) = 202.36293013274      , max(      2) = 491.33974596216      
Memory Working Set Current = 31.26 Mb, Memory Working Set Peak = 31.41 Mb
Process Threads Number: 11

================== Tstep=8 ===================
+----+----+--------------+--------------+--------------+--------------+--------------+------+----+-+-+--+------+
|Name|view| Initial res  | Initial resL1| Target res   | Final res    | Final res L1 |Visits|Iter|R|F|CL|Status|
+----+----+--------------+--------------+--------------+--------------+--------------+------+----+-+-+--+------+
| CHT|   0|  3.231174e-27|  5.684342e-14|  3.231174e-27|  3.231174e-27|  5.684342e-14|     1|   3|0|y|30|  OK  |
slv : View 0(0) T_solid: 
slv : nsd=0 
slv : Net asm 0 T (new): min(      1) = 202.36293013274      , max(      2) = 491.33974596216      
Memory Working Set Current = 31.27 Mb, Memory Working Set Peak = 31.41 Mb
Process Threads Number: 11

================== Tstep=9 ===================
+----+----+--------------+--------------+--------------+--------------+--------------+------+----+-+-+--+------+
|Name|view| Initial res  | Initial resL1| Target res   | Final res    | Final res L1 |Visits|Iter|R|F|CL|Status|
+----+----+--------------+--------------+--------------+--------------+--------------+------+----+-+-+--+------+
| CHT|   0|  3.231174e-27|  5.684342e-14|  3.231174e-27|  3.231174e-27|  5.684342e-14|     1|   3|0|y|30|  OK  |
slv : View 0(0) T_solid: 
slv : nsd=0 
slv : Net asm 0 T (new): min(      1) = 202.36293013274      , max(      2) = 491.33974596216      
slv : +--------------------------+------------+-------+------------+------------+
slv : |      Collector name      | Total Time | Count |  Avg Time  |  Max Time  |
slv : +--------------------------+------------+-------+------------+------------+
slv : | CHT_MDS_import_export    |       0.000|     18|       0.000|       0.000|
slv : | CSolver_core_update_BC_1 |       0.000|     10|       0.000|       0.000|
slv : | Calculate_inc            |       0.116|      9|       0.013|       0.110|
slv : | LiSy_make_portrait       |       0.000|      2|       0.000|       0.000|
slv : | Results_processing       |       0.025|      9|       0.003|       0.020|
slv : | build_sl_ordering_CHT    |       0.000|     10|       0.000|       0.000|
slv : | perform_stage_total      |       0.001|      4|       0.000|       0.001|
slv : | precalc_at_start_MDS     |       0.001|      4|       0.000|       0.001|
slv : | solve_CHT_MDS            |       0.113|     10|       0.011|       0.109|
slv : | solve_CHT_alg_MDS        |       0.111|     10|       0.011|       0.109|
slv : | solve_PSQJ_MDS_total     |       0.000|     10|       0.000|       0.000|
slv : | update_BC_MDS            |       0.000|     11|       0.000|       0.000|
slv : +--------------------------+------------+-------+------------+------------+
Memory Working Set Current = 31.28 Mb, Memory Working Set Peak = 31.41 Mb
Process Threads Number: 11
/************Goal values******************/
GG Min Temperature (Solid) 1				185.042422 K
GG Max Temperature (Solid) 1				466.067178 K
/************End of Goal values******************/
/************	Min/Max Parameters	************/
Temperature (Solid):		min = 185.042422 K		max = 466.067178 K
/************	End of Min/Max Parameters	************/
Solver finished at	22.2.2017	7:50:28
ENDING PROGRAM...
Estimated fld size=0.07 Mb
Writing fld file "14-HEAT_TRANSFER_IN_SOLID\00812-Net_asm_thin_T_across_BC_eq_-1_-3_ss_MODIFIED\ft_run\1\1.fld"...
FILE SAVED: 1.fld. Total save fld took 0.00 sec.
real fld size=0.01 Mb
FILE RENAMED: r_000000.cfld -> 1.cfld
OK
Depository creating ...
stream_line (0.000 s)
FS triangles count 4 
wall_triangles (0.001 s)
nb_bricks (0.054 s)
Face_aver_on (0.000 s)
size of cv_intrp_s = 0.03 Mb
size of cv_intrp_fw = 0.00 Mb
size of cv_intrp_sw = 0.03 Mb
CCVInterp_DepEntry::Calculate duration = 0.001 s
cv_interp (0.002 s)
favorite_params (0.022 s)
Face_aver_off (0.000 s)
Depository creating ...OK (0.079 s)
Solver finished at	22.2.2017	7:50:28
Total CPU time 0 s
Free memory:
slv : +--------------------------+------------+-------+------------+------------+
slv : |      Collector name      | Total Time | Count |  Avg Time  |  Max Time  |
slv : +--------------------------+------------+-------+------------+------------+
slv : | CHT_MDS_import_export    |       0.000|     20|       0.000|       0.000|
slv : | CSolver_core_update_BC_1 |       0.000|     10|       0.000|       0.000|
slv : | Calculate_inc            |       0.117|     10|       0.012|       0.110|
slv : | LiSy_make_portrait       |       0.000|      2|       0.000|       0.000|
slv : | Results_processing       |       0.025|     10|       0.003|       0.020|
slv : | build_sl_ordering_CHT    |       0.000|     10|       0.000|       0.000|
slv : | perform_stage_total      |       0.001|      4|       0.000|       0.001|
slv : | precalc_at_start_MDS     |       0.001|      4|       0.000|       0.001|
slv : | solve_CHT_MDS            |       0.113|     10|       0.011|       0.109|
slv : | solve_CHT_alg_MDS        |       0.111|     10|       0.011|       0.109|
slv : | solve_PSQJ_MDS_total     |       0.000|     10|       0.000|       0.000|
slv : | update_BC_MDS            |       0.000|     11|       0.000|       0.000|
slv : +--------------------------+------------+-------+------------+------------+
alg : 
alg :  size = 4
alg :  build_coarse_select_omega     0.000  1
alg :  build_fine_select_omega       0.000  10
alg :  build_select_pivot_nonzeros   0.000  10
alg :  build_select_vectors          0.000  10
alg :  calc_residual_LU              0.000  11
alg :  call_MG_solver                0.002  10
alg :  clean_coarse_levels           0.000  1
alg :  clean_fine_level              0.000  10
alg :  init_RB_coarse_nonzeros       0.000  1
alg :  init_RB_fine_nonzeros         0.000  10
alg :  init_coarse_levels            0.000  1
alg :  init_fine_level               0.109  10
alg :  mg_cycle                      0.002  10
alg :  numerical_PardisoLU           0.000  1
alg :  perform_prolongation          0.000  1
alg :  perform_restriction           0.000  1
alg :  run_smoothing                 0.001  11
alg :  smoother_fine                 0.001  45
alg :  solve_MG                      0.111  10
alg :  solve_PardisoLU               0.000  1
alg :  symbolic_PardisoLU            0.000  1
alg :  update_mg_status              0.000  12
Free Geometry DB takes 0.000 s
OK
