Number of used processors (NPROC): 1.
Number of mesh partitions (NPART): 1.
Operating system:	Windows 7 Service Pack 1 (Version 6.1.7601)
Total Physical Memory = 6.00 Gb, Available Physical Memory = 3.06 Gb
Memory Working Set Current = 17.47 Mb, Memory Working Set Peak = 20.52 Mb
CPU:	GenuineIntel, Stepping ID = 2, Model = 13, Family = 6, Extended model = 2, MMX SSE SSE2 Hyper-Threading Technology SSE3
CPU Brand String: Intel(R) Xeon(R) CPU E5-2680 v3 @ 2.50GHz
Cache Line Size = 64, L2 Associativity = 6, Cache Size = 256K
Number of cores: 4, Processor type: 8664, Active processor mask: 15, Page size: 4096 bites
std::thread::hardware_concurrency = 4
OpenMP enabled (spec=200203). max_threads = 4, num_procs = 4, num_threads = 4.

SOLIDWORKS 2016 SP3.0
13-ROTATED_FLOWS\00063-RRF-u_R_0_MF_ref_boundary_lev_2\ft_run\1\1.fld
Configuration name:	Default
Project name:	as3d
/*******************************************/
/*         Project Summary                 */
/*******************************************/
Problem type:						internal
Result resolution:					5
Minimum gap size:					0.1
Minimum wall thickness:				0.202
Manual refinement:					Off
Solid refinement:					Off
Fluid substances count				1

		Advanced capabilities
Heat transfer						On
Transient						Off
Gravitation						Off
Laminar flow						On
Compressibility					Off
Number of solid substances			0
Roughness:						0

************************************************

Geometry database loading ...OK
Flow Simulation 2016  x64 / 3688 / SOLVER ver. efd_16_0.3667_12.10.2016+nested_iters_for_phase_change17.5 



STATIONARY

ROTATIONAL COORDINATES SYSTEM:
OMEGA 10   AXIS:  NORMAL VECTOR (0 0 1)  REFERENCE POINT: (0 0 0)

LAM-BREMHORST K-EPSILON TURBULENCE MODEL
EXTERNAL=1  CHT=0  FROZEN=0  P_REF=1  RADIATION=0  HVAC_COMFORT_PARAMETERS=0
-----------------------------------------------------------------------
Allocating meshes:
	CPU count: 1
	MESH 0:
		Sub-meshes count: 1
-----------------------------------------------------------------------
Memory Status before reading BCF:
Memory Working Set Current = 21.45 Mb, Memory Working Set Peak = 21.45 Mb

-----------------------------------------------------------------------
BCF CHECKSUM DATA (Mesh 0):

FACE_A Area Sum:   G.Fluid        0.1592872080699898
FACE_A Area Sum:   G.Solid        0.0988041527003329
FACE_W Area Sum:                  0.1221057571874690
FACE_W Nb   Sum:                  8648
FACE_W min curvatures sum:        -6240.10297394
FACE_W max curvatures sum:        6001.00540161
AV Max Disbalance: G.Fluid        1.16153e-016 (cid=288, avid=201, pid=129)
AV Max Disbalance: G.Solid        9.0607e-017 (cid=222, avid=1678, pid=103)
-----------------------------------------------------------------------


-----------------------------------------------------------------------
MESHER TOPOLOGY DATA (Mesh 0):

BRICKS: Total                 2060
BRICKS: 1-CV                  1196
BRICKS: 2-CV                  864
BRICKS: Bad                   0

AV:     G.Total               2924
AV:     G.Fluid               1524
AV:     G.Solid               1400

AV:     G.Fluid Thin Profile    0.00 % (0)
AV:     G.Solid Thin Profile    0.00 % (0)

AV:     G.Fluid Thin For Mega   0.00 % (0)
AV:     G.Solid Thin For Mega   0.00 % (0)

AV:     G.Fluid Non-Convex      0.00 % (0)
AV:     G.Solid Non-Convex      0.00 % (0)

FACE_A: G.Fluid          (af) 4076 (partially opened 1512)
FACE_A: G.Solid          (as) 3412 (partially opened 1512)

FACE_W: G.Total                 2928        Brick/Bound
FACE_W: G.Fluid/Solid    (fs_g) 864         0           
FACE_W: G.Fluid/Fluid    (ff_g) 0           0           
FACE_W: G.Solid/Solid    (ss_g) 0           0           
FACE_W: G.Fluid/External (fe_g) 920
FACE_W: G.Solid/External (se_g) 1144

AV max fa count:                16
AV max fw count:                4
AV max fw poly count:           4

MEMORY: Total                   1.134 MB
MEMORY: Per Brick               0.564 KB
-----------------------------------------------------------------------

----------------------------------------------------------
BCF --> BCF.GEOMSUBDOM (bridge arrays) (cpu_num=1):
MESH (0):
	Fluid Subdom Constructor: 1 subdom(s).
	Solid Subdom Constructor: 2 subdom(s).
	Net Asm Subdom Constructor: 0 subdom(s).
	GEOMSUBDOM (0): gi=0 fluid av=1524 cv=456 fa=4076 fw=1784 V=6.333463e-004
	GEOMSUBDOM (1): gi=1 solid av=980 cv=980 fa=2312 fw=1536 V=2.256410e-004
	GEOMSUBDOM (2): gi=1 solid av=420 cv=420 fa=1100 fw=472 V=1.203088e-004
	Setting nb of w-faces...OK.

MESH (0) checking:
	GEOMSUBDOM (0):fa_s=0.1592872080699906 fw_s=0.0738846147932969 fw_nb=5296
	GEOMSUBDOM (1):fa_s=0.0641279343124859 fw_s=0.0532734207097408 fw_nb=3736
	GEOMSUBDOM (2):fa_s=0.0346762183878477 fw_s=0.0160534788719032 fw_nb=1344
MESH (0) checking: OK.
----------------------------------------------------------
Memory Status after reading BCF:
Memory Working Set Current = 24.64 Mb, Memory Working Set Peak = 24.64 Mb
Total read CPT took 0.12 sec.
MESH::Bricks: Total=2060 Gas=660 Solid=536 Partial=864 Irregular=0

-----------------------------------------------------------------------
Mesh dimensions:
				I[0 ]=10
				I[1 ]=10
				I[2 ]=1
Solver refinement level	I[47]=0

Comp. domain size:
				a[0  ]=-0.101
				a[1  ]=0.101
				a[2  ]=-0.101
				a[3  ]=0.101
				a[4  ]=-0.012
				a[5  ]=0.012
Wall thickness		a[231]=0
Gap size			a[232]=1
-----------------------------------------------------------------------
-----------------------------------------------------------------------
Preparing for calculations started at	3.11.2016	12:25:34
slv_max_lev=0
CD X0= -0.101, X1= 0.101, Y0= -0.101, Y1= 0.101, Z0= -0.012, Z1= 0.012
Collecting Reference Parameters... OK
-----------------------------------------------------------------------
CV statisticks for fluid...
	CV number:         456
	FACE_A max number: 20
	FACE_W max number: 12
-----------------------------------------------------------------------
-----------------------------------------------------------------------
CV statisticks for solid...
	CV number:         0
	FACE_A max number: 0
	FACE_W max number: 0
-----------------------------------------------------------------------
Update time step in solids: STATIONARY IN SOLIDS
FLUID SUBDOMAIN 0
LC =0 LAMTURB=-1 NONNEWTON=0  STEAM=0  CAVITATION=0 IT=6 NT=0 NC=1 U_DIM_EXT=11

===ThermodynamicsHolder:===
Subdom 0 Incompressible liquid thermodynamics
	substance 0 type=fwLiquid, guid=6b2c6742-3f07-41fd-8be2-0a38e439e1ce, name=air-incompressible
===ThermodynamicsHolder:===
Memory allocation for matrix entries in solver is block-wise,
( size of block = 1048576 bytes (1Mb) ).

132 parameter(s) in list of scalar parameters
5 parameter(s) in list of vector parameters
-----------------------------------------------------------------------
Loading mesh settings (global/local/SAR)...
Setting regions...
Setting regions takes 0.000 s
-----------------------------------------------------------------------

CollectIndata: Initialize stored in U[] parameters (pressure,momentum,dens,..)... OK(CPU=0.00482994s)

THERMODYNAMICS: Initialize stored in U[] parameters (T,Cp,Pr,..)
                and switch to Y-shifted Total Enthalpy:
Total Enthalpy:
        (FIS, old) sd 0: min(370,370)=304722.2613116       , max(187,187)=304722.67918064      
Total Enthalpy, Y-shifted:
        (FIS, old) sd 0: min(370,370)=-0.49868840465529    , max(187,187)=-0.080819360572703   
OK: U[] is initialized.

Collect Body BC...OK
Collect Fans...OK
Collect Surface Sources...OK
Collect Contact resistance BC...OK
Collect Perforated plates BC...OK
Collect Electric contact BC...OK
Collect Surface Goals...
Received 0 wall face(s) and 0 virtual face(s)...
 OK
Total CPU time 0 s
Collect Unused surface area...OK
MWS estimation...
Subdomain number = 0

V_indata_max=0, v_max_from_mf_on_BC = 0.0371679, v_max_from_pressure_opening = 0.0302256, MWS=0.00929198
Ref. Pressure = 101325
OK

There is 1 subdomain in fluid:
subdomain 0: INCOMPRESSIBLE,   MONOTONIC T, 456 CVs, LAMINAR ONLY
             ROTATIONAL COORDINATES SYSTEM:
             OMEGA=10;  AXIS: n=(0 0 1) X0=(0 0 0)
NPROC = 1, nested_parallelization = 0
NPART = 1
Calculate wall distance: N of points: Fluid Cv=456, Fluid Real Wall Faces(WType<0)=0 OK(CPU=0s)

/-----------------------------------------------------------/
SOLVER TOPOLOGY DATA:

BRICKS: |level1| sum         0

CV:     Total               456
CV:     Fluid               456
CV:     Solid               0

CV:     G.Fluid Thin Profile   46.49 % (212)
CV:     G.Solid Thin Profile    0.00 % (0)

CV:     G.Fluid Non-Convex      0.00 % (0)
CV:     G.Solid Non-Convex      0.00 % (0)

FACE_A: Fluid          (af) 4076
FACE_A: Max number placed on a brick-face in cv: 8
FACE_A: Solid          (as) 3412

FACE_W: Total               2928
FACE_W: Fluid/Solid    (fs) 864
FACE_W: Fluid/Fluid    (ff) 0
FACE_W: Solid/Solid    (ss) 0
FACE_W: Opening BC               (fo)  864
FACE_W: Fluid/Bound              (fw)  1784
FACE_W: Solid/Bound              (sw)  0
FACE_W: Fluid/Bound Real Wall    (frw) 0
FACE_W: Solid/Bound Real Wall    (srw) 0
FACE_W: Fluid/Bound Real Wall  hn(sum) 0.000000e+000
FACE_W: Max number placed in cv: 12
Fluid:
CV Max Disbalance:                1.4884e-016 (ncv=4)
/-----------------------------------------------------------/

P static (old):
        (FIS) sd 0: min(187,187)=101325.09965027      , max(370,370)=101325.6148828       
Density (old):
        (FIS) sd 0: min(0,0)=1.233                , max(0,0)=1.233                
Velocity (old):
        (FIS) sd 0: min(0,0)=0                    , max(133,133)=8.110300081103e-041  
Velocity GCS (old):
        (FIS) sd 0: min(187,187)=0.40204318268325     , max(370,370)=0.99868754317948     
Temperature (old):
        (FIS) sd 0: min(0,0)=293.2                , max(0,0)=293.2                
MinMax Cp:
		subd0: min(0)=1039.3               ,	max(0)=1039.3               
MinMax Laminar Viscosity:
		subd0: min(0)=1e-100               ,	max(0)=1e-100               
MinMax Speed of Sound:
		subd0: not defined
MinMax Fmju(turb):
		subd0: min(187)=-0.25579101622861    ,	max(370)=0.25944151512522     
MinMax K(turb):
		subd0: min(0)=1.233                ,	max(0)=1.233                
MinMax E/Omega(turb):
		subd0: min(0)=1e-100               ,	max(0)=1e-100               
LOG: EQN_3M[0]=1 
LOG: HYBRID[0]=0 
LOG: Min_cv_size=0.1
  nsd=0: min rho=1.233, var Kin E=0.0106458
Create solver core
 MDS: Converting solver problem ...
MDS: OK
slv : Calculations at run start
slv :     Create sub-domains supervisors:
slv :     	1 fluid
slv :     OK
slv :     Create sub-domains mesh connectivity supervisors:
slv :     OK
slv :     Slice sub-domains:
slv :     OK
slv :     Collect slices by phenomena...
slv :     	fluid flow slices were created:	1
slv :     	heat transfer slices were created:	1
slv :     	electric current flow slices were created:	0
slv :     	radiation slices were created:	0
slv :     OK
slv :     Creating meshes proxies for multigrid...
slv :         Convert MESH[0] to multigrid mesh proxy...
slv :         2060 bricks are accounted by implicit methods(100% of total)
slv :         max tree bricks count = 50
slv :         OK
slv :     OK
alg :     MG: create topological coarsening...
alg :     Mesh 0  OK
slv :     OK
slv :     Building views for fluid flow...
slv :         1 views are created
slv :     Building fluid flow views schemes...
slv :         View 0:
slv :         Implicit scheme in fluid
slv :         OK
slv :     OK
slv :     Building views for heat transfer...
slv :         1 views are created
slv :     Building heat transfer views schemes...
slv :         View 0:
slv :         OK
slv :     OK
slv :     Building electric current flow views schemes...
slv :     OK
slv :     PrecalcAtStart views for fluid flow...
slv :         
slv :         === Fluid sub-domain nsd=0 ========================
slv :         Pre-calculations at run start, Implicit Scheme:
slvD:         
slvD:         MARK CVs and A-FACEs WITH/NEAR GEOMETRICAL PECULIARITIES:
slvD:         
slvD:         
slvD:           Skip the artificial force suppressing Un (Ksi_wall) on w-faces = 24 (1.34529% of w-faces),
slvD:         
slv :         
slv :           A-faces placed opposite External boundary with Symmetry BC: N_face_ns=752 (18.4495%)
slv :         
slvD:         BC re-definition: Real Wall to Ideal Wall: 0 w-faces
slv :         === End of pre-calculations =======================
alg :         mgl = 31 size = 456
alg :         mgl = 30 size = 165
alg :         mgl = 29 size =  96
alg :         
alg :         mgl = 31 size = 456
alg :         mgl = 30 size = 165
alg :         mgl = 29 size =  96
alg :         
alg :         mgl = 31 size = 456
alg :         mgl = 30 size = 165
alg :         mgl = 29 size =  96
alg :         
slv :     PrecalcAtStart views for heat transfer...
slv :         Creating view scheme...
slv :         1 heat transfer algebraic views are created
alg :         mgl = 31 size = 456
alg :         mgl = 30 size = 165
alg :         mgl = 29 size =  96
alg :         
slv :         OK
slv :     PrecalcAtStart views for electric current flow...
slv :     PrecalcAtStart views for radiation...
slv : OK
slv : ------------ Start of Preliminary step at Calculation start ------------
slv :     ------------ End of Preliminary step at Calculation start ------------

Re-define MWS=max(mws_sd) and P_ref=averaged(P_ref_sd) over fluid-flow sub-domains in view:
nsd=0: mws=0.0092919757729966   , P_ref=101325.35544129      

----------------------------------------------------------
BCF checking (solver)...
----------------------------------------------------------

Estimated cfld size=0.13 Mb
Writing cfld file "13-ROTATED_FLOWS\00063-RRF-u_R_0_MF_ref_boundary_lev_2\ft_run\1/r_000000.cfld"...
Working in No GDBLight mode
Working in No GDBLight mode
FILE SAVED: r_000000.cfld. Total save cfld took 0.02 sec.
real cfld size=0.03 Mb
OK
Estimated fld size=0.38 Mb
Writing fld file "13-ROTATED_FLOWS\00063-RRF-u_R_0_MF_ref_boundary_lev_2\ft_run\1/r_000000.fld"...
FILE SAVED: r_000000.fld. Total save fld took 0.00 sec.
real fld size=0.11 Mb
OK
Init simple interpolator... OK (0.016 sec)
BC 'Inlet Velocity 1' is on 624 faces (AS area=0.015078, CAD area=0.0151098, difference=-0.2%)
BC 'Static Pressure 1' is on 240 faces (AS area=0.00602775, CAD area=0.00604392, difference=-0.3%)

Preview parameters:
	Density (Fluid)
	Pressure
	Temperature
	Temperature (Fluid)
	Velocity
	Velocity (X)
	Velocity (Y)
	Velocity (Z)
	Axial Velocity
	Circumferential Velocity
	Circumferential Velocity RRF
	Peripheral Velocity
	Radial Velocity
	Velocity RRF
	Velocity RRF (X)
	Velocity RRF (Y)
	Velocity RRF (Z)
	Dynamic Pressure
	Thermodynamic Pressure
	Total Pressure
	Dynamic Viscosity
	Prandtl Number
	Specific Heat (Cp)
	Total Enthalpy
	Total Viscosity
25 parameter(s) in preview list of parameters

Calculation started at	3.11.2016	12:25:34
Total CPU time 0 s
//-------------------------Isotermic task-------------------//

================== Tstep=0 ===================
Boundary layer settings:
	Separation tau    on
	Enable 3D effects off
BL MODEL         	Ignore compressibility  off
	BL on porous body  off
	Separ. tau corr factor 0
	Separ. tau kappa 0.1
	Separ. tau KV0 0.1
------------------------
NumerCore CHT-start settings:
	Min typical size					1
	Zero vel ht factor				0.006
	C_mju_turb_min                   0.01
	Threshold value for K-E filter   0.000858777
	C_mju                            0.09
	C_eps1                           1.44
	C_eps2                           1.92
	Sigma_k                          1
	Sigma_eps                        1.3
	Sigma_c                          0.9
	Approx mode                      1st order
-------------
NumCoreFESSettings:
	Maximum possible Mach	0
	Turbulent Prandtl		0.9
-------------
slv : Implicit schemes in fluid settings:
slv :     INPR	: rel_resid=0.00790569
slv :     BACKGROUND	: rel_resid=0.00790569
slv :     DVGR	: rel_resid=0.00790569
slv :     MOMENTUM	: rel_resid=0.00790569
slv :     CHT	: rel_resid=0.00790569
slv :     Y_TD	: rel_resid=0.00790569
slv :     Y_TURB	: rel_resid=0.00790569
slv :     LMA	: rel_resid=0.00790569
slv :     UVGI	: rel_resid=0.00790569
slv :     NOx	: rel_resid=0.00790569
slv :     Disable wall motion impact into H threshold=10
slv :     Relax par ring =0.05
slv :     Isothermal cavitation CF corrector = 1
slv :     Isothermal cavitation pseudo transient corrector = -1
slv :     Isothermal cavitation forced time step in cavitated regions = -1
slv :     ---------------------------------------
------Solid settings---
Approximation mode = 2'nd order && thin_profiles
Solid temperature eps_abs scaling factor: 0.001
number dofs per absorptive face: 9
subgrid ratio: 0.500000
Blink filter: disabled
------------------------------
slv : Iterations settings:
slv :     Max number of outer iter = 1
slv :     Max number of Mass&Energy iter = 1
slv :     Max Courant factor = 10
slv :     Conservation laws tolerance residuals:
slv :         	MASS	0.005
slv :         	MOMENTUM	0.005
slv :         	ENERGY	0.005
slv :         	SPECIES	0.005
slv :         	TURBULENCE	0.005
slv :     ---------------------------------------
slv :     Scheme blocks settings:
slv :         INPR	: stop_crit=residAbs_AND_residRel 
slv :         BACKGROUND	: stop_crit=residAbs_AND_residRel 
slv :         DVGR	: stop_crit=residAbs_AND_residRel 
slv :         MOMENTUM	: stop_crit=residAbs_AND_residRel 
slv :         CHT	: stop_crit=residAbs_AND_residRel 
slv :         Y_TD	: stop_crit=residAbs_AND_residRel 
slv :         Y_TURB	: stop_crit=residAbs_AND_residRel 
slv :         LMA	: stop_crit=residAbs_AND_residRel 
slv :         UVGI	: stop_crit=residAbs_AND_residRel 
slv :         NOx	: stop_crit=residAbs_AND_residRel 
slv :     ---------------------------------------
Accuracy scale coeff =1
slv :   MWS[nsd=0]=0.00929302
slv : dt: nsd = 0 min dt/dtG(nCV=0)=1.00 , max dt/dtG(nCV=0)=1.0    , dtG=0.543419
slv : ROTATION: weight_WR[nsd=0]= 0
slvD: ROTATION(nsd=0): max div_Mf(rho_av*[W x r])=1.57908e-005  at ncv=354
slv : SOLVE BACKGROUND (ff_view=0)
slv : Calculation_Mf nsd = 0: maximum value of div(momentum) (ncv=369) =1.12406e-006 .
slv : Flow alg-view 0 is not Neumann (not for Phase Change + Nested Iters)
alg : | Initial res  | Target res   | Final res    |Visits|Iter|R|F|CL|Status|
alg : | 6.362038e-011| 3.976274e-015| 3.398556e-015|     6|  18|0|n|29|  OK  |
slv : | 9.259694e-005|              | 8.202003e-007|      |    | | |  |      | 
slv : Calculation_Mf nsd = 0: maximum value of div(momentum) (ncv=52) =1.75966e-008 .
slv :                 norm_L2 of div(momentum) =5.8297136804082e-008  .
slvD: LOG: number of a-faces with weighted approximations in 0 subdomain: 30.1766 percent
slvD: LOG: Rate of a-faces corrected to CUp1st in 0 subdomain: 9.0537 %
slvD: LOG: number of a-faces with weighted approximations in 0 subdomain: 0 percent
slvD: LOG: Rate of a-faces corrected to CUp1st in 0 subdomain: 0 %
slvD: ROTATION(nsd=0): max div_Mf(rho_av*[W x r])=1.57908e-005  at ncv=354
slvD: Conv_fw[] is skipped for 920 w-faces
slv : ***** boundary layer calculation in subdom 0 *****
slv :  real faces number = 0
slv : LOG nsd = 0: numb_of_convergent=0, numb_of_divergent=0
slv : Calculation_Mf nsd = 0: maximum value of div(momentum) (ncv=52) =1.75966e-008 .
slv :                 norm_L2 of div(momentum) =5.8297136804082e-008  .
slv : nsd = 0 BC: AP Inlet occurs on 120 w-faces
slv : SOLVE 3M (ff_view=0):
slv : Algebraic view 0
slvD: LOG: number of a-faces with weighted approximations in 0 subdomain: 0 percent
slvD: LOG: Rate of a-faces corrected to CUp1st in 0 subdomain: 0 %
alg : | Initial res  | Target res   | Final res    |Visits|Iter|R|F|CL|Status|
alg : | 1.959496e-015| 3.657342e-019| 1.885577e-028|     1|   3|0|n|29|  OK  |
slv : | 3.793305e-007|              | 9.259770e-014|      |    | | |  |      | 
slv : Velocity (predicted):
slv :         (FIS) sd 0: min(69)=5.2555456677126e-012 , max(49)=0.0013502972884867   
slv : 
slv : NUMBER OF INNER ITERATIONS = 1
slv : 
slv : SOLVE DvGr (ff_view=0)
slv : Flow alg-view 0 is not Neumann (not for Phase Change + Nested Iters)
alg : | Initial res  | Target res   | Final res    |Visits|Iter|R|F|CL|Status|
alg : | 4.715577e-011| 2.947236e-015| 1.149653e-015|     4|  12|0|n|29|  OK  |
slv : | 7.488097e-005|              | 4.656832e-007|      |    | | |  |      | 
slv : Calculation_Mf nsd = 0: maximum value of div(momentum) (ncv=202) =4.42692e-007 .
slv :                 norm_L2 of div(momentum) =1.9604604767948e-006  .
slv : SOLVE HT
slv : 	Heat Transfer physical view 0
alg : | Initial res  | Target res   | Final res    |Visits|Iter|R|F|CL|Status|
alg : | 5.897511e-014| 3.685944e-018| 8.269198e-033|     1|   9|0|n|29|  OK  |
slv : | 2.903080e-006|              | 2.831313e-016|      |    | | |  |      | 
slv :     Fluid subdom(new) 0
slv :         P static (new): min(187)=101325.09965091      , max(370)=101325.61492648      
slv :         Density (new): min(0)=1.233                , max(0)=1.233                
slv :         Velocity (new): min(132)=4.6633119915295e-007 , max(19)=0.0050099706875294   
slv :         Velocity GCS (new): min(187)=0.40204070507254     , max(370)=0.9988638249743      
slv :         Temperature (new): min(50)=293.19999628036      , max(440)=293.20000977974      
slv :         Total enthalpy, Y-shifted (new): min(370)=-0.49909582598484    , max(192)=-0.080816354600474   
slv :         MASS FLUXES AT OPENINGS: MF=-3.17873e-008, AP=5.4982e-008
slv : DvGr statistics: min alpha=0.136711(nfa=1807, geom_slice=0)
Memory Working Set Current = 35.11 Mb, Memory Working Set Peak = 35.11 Mb

================== Tstep=1 ===================
slv :   MWS[nsd=0]=0.0092997
slv : dt: nsd = 0 min dt/dtG(nCV=0)=1.00 , max dt/dtG(nCV=0)=1.0    , dtG=0.523102
slv : ROTATION: weight_WR[nsd=0]= 0
slv : SOLVE BACKGROUND (ff_view=0)
slv : Calculation_Mf nsd = 0: maximum value of div(momentum) (ncv=202) =4.42692e-007 .
slv : Flow alg-view 0 is not Neumann (not for Phase Change + Nested Iters)
alg : | Initial res  | Target res   | Final res    |Visits|Iter|R|F|CL|Status|
alg : | 3.843406e-012| 2.402129e-016| 5.107082e-017|     7|  21|0|n|29|  OK  |
slv : | 2.154216e-005|              | 8.341466e-008|      |    | | |  |      | 
slv : Calculation_Mf nsd = 0: maximum value of div(momentum) (ncv=48) =2.26669e-009 .
slv :                 norm_L2 of div(momentum) =7.1463852014315e-009  .
slvD: LOG: number of a-faces with weighted approximations in 0 subdomain: 23.2826 percent
slvD: LOG: Rate of a-faces corrected to CUp1st in 0 subdomain: 6.25729 %
slvD: Conv_fw[] is skipped for 920 w-faces
slv : ***** boundary layer calculation in subdom 0 *****
slv :  real faces number = 0
slv : LOG nsd = 0: numb_of_convergent=0, numb_of_divergent=0
slv : Calculation_Mf nsd = 0: maximum value of div(momentum) (ncv=48) =2.26669e-009 .
slv :                 norm_L2 of div(momentum) =7.1463852014315e-009  .
slv : nsd = 0 BC: AP Inlet occurs on 120 w-faces
slv : SOLVE 3M (ff_view=0):
slv : Algebraic view 0
slvD: LOG: number of a-faces with weighted approximations in 0 subdomain: 0 percent
slvD: LOG: Rate of a-faces corrected to CUp1st in 0 subdomain: 0 %
alg : | Initial res  | Target res   | Final res    |Visits|Iter|R|F|CL|Status|
alg : | 5.756206e-013| 3.784063e-019| 9.434474e-026|     1|   3|0|n|29|  OK  |
slv : | 1.241520e-005|              | 1.454111e-012|      |    | | |  |      | 
slv : Velocity (predicted):
slv :         (FIS) sd 0: min(132)=3.6108422366758e-007 , max(49)=0.0062770005590393   
slv : SOLVE DvGr (ff_view=0)
slv : Flow alg-view 0 is not Neumann (not for Phase Change + Nested Iters)
alg : | Initial res  | Target res   | Final res    |Visits|Iter|R|F|CL|Status|
alg : | 5.602137e-011| 3.501336e-015| 1.614091e-015|     4|  12|0|n|29|  OK  |
slv : | 7.298598e-005|              | 5.338189e-007|      |    | | |  |      | 
slv : Calculation_Mf nsd = 0: maximum value of div(momentum) (ncv=119) =4.0622e-007 .
slv :                 norm_L2 of div(momentum) =2.1994131549127e-006  .
slv : SOLVE HT
slv : 	Heat Transfer physical view 0
alg : | Initial res  | Target res   | Final res    |Visits|Iter|R|F|CL|Status|
alg : | 6.832917e-014| 4.270573e-018| 6.914373e-033|     1|   9|0|n|29|  OK  |
slv : | 3.017547e-006|              | 2.440633e-016|      |    | | |  |      | 
slv :     Fluid subdom(new) 0
slv :         P static (new): min(187)=101325.09965115      , max(370)=101325.61496837      
slv :         Density (new): min(0)=1.233                , max(0)=1.233                
slv :         Velocity (new): min(243)=1.1255314103922e-006 , max(49)=0.0052102893691651   
slv :         Velocity GCS (new): min(192)=0.4020389471584      , max(353)=1.0002263383477      
slv :         Temperature (new): min(50)=293.19999334673      , max(203)=293.20001724965      
slv :         Total enthalpy, Y-shifted (new): min(353)=-0.49937608872388    , max(192)=-0.080809661895419   
slv :         MASS FLUXES AT OPENINGS: MF=-3.17873e-008, AP=5.23366e-008
slv : DvGr statistics: min alpha=0.125668(nfa=1466, geom_slice=0)
Memory Working Set Current = 35.50 Mb, Memory Working Set Peak = 35.50 Mb

================== Tstep=2 ===================
slv :   MWS[nsd=0]=0.00934907
slv : dt: nsd = 0 min dt/dtG(nCV=0)=1.00 , max dt/dtG(nCV=0)=1.0    , dtG=0.521453
slv : ROTATION: weight_WR[nsd=0]= 0
slv : SOLVE BACKGROUND (ff_view=0)
slv : Calculation_Mf nsd = 0: maximum value of div(momentum) (ncv=119) =4.0622e-007 .
slv : Flow alg-view 0 is not Neumann (not for Phase Change + Nested Iters)
alg : | Initial res  | Target res   | Final res    |Visits|Iter|R|F|CL|Status|
alg : | 4.837426e-012| 3.023391e-016| 2.441924e-016|     6|  18|0|n|29|  OK  |
slv : | 2.439517e-005|              | 2.000088e-007|      |    | | |  |      | 
slv : Calculation_Mf nsd = 0: maximum value of div(momentum) (ncv=50) =5.32388e-009 .
slv :                 norm_L2 of div(momentum) =1.562665630955e-008   .
slvD: LOG: number of a-faces with weighted approximations in 0 subdomain: 29.6369 percent
slvD: LOG: Rate of a-faces corrected to CUp1st in 0 subdomain: 9.97354 %
slvD: Conv_fw[] is skipped for 920 w-faces
slv : ***** boundary layer calculation in subdom 0 *****
slv :  real faces number = 0
slv : LOG nsd = 0: numb_of_convergent=0, numb_of_divergent=0
slv : Calculation_Mf nsd = 0: maximum value of div(momentum) (ncv=50) =5.32388e-009 .
slv :                 norm_L2 of div(momentum) =1.562665630955e-008   .
slv : nsd = 0 BC: AP Inlet occurs on 108 w-faces
slv : SOLVE 3M (ff_view=0):
slv : Algebraic view 0
slvD: LOG: number of a-faces with weighted approximations in 0 subdomain: 0 percent
slvD: LOG: Rate of a-faces corrected to CUp1st in 0 subdomain: 0 %
alg : | Initial res  | Target res   | Final res    |Visits|Iter|R|F|CL|Status|
alg : | 6.151486e-013| 1.967301e-019| 1.185955e-025|     1|   3|0|n|29|  OK  |
slv : | 1.286131e-005|              | 1.806323e-012|      |    | | |  |      | 
slv : Velocity (predicted):
slv :         (FIS) sd 0: min(229)=2.064179077587e-006  , max(49)=0.0059873533216345   
slv : SOLVE DvGr (ff_view=0)
slv : Flow alg-view 0 is not Neumann (not for Phase Change + Nested Iters)
alg : | Initial res  | Target res   | Final res    |Visits|Iter|R|F|CL|Status|
alg : | 5.123622e-011| 3.202264e-015| 1.597813e-015|     4|  12|0|n|29|  OK  |
slv : | 7.531511e-005|              | 5.395602e-007|      |    | | |  |      | 
slv : Calculation_Mf nsd = 0: maximum value of div(momentum) (ncv=399) =4.17909e-007 .
slv :                 norm_L2 of div(momentum) =2.1702843538412e-006  .
slv : SOLVE HT
slv : 	Heat Transfer physical view 0
alg : | Initial res  | Target res   | Final res    |Visits|Iter|R|F|CL|Status|
alg : | 5.799125e-014| 3.624453e-018| 5.011141e-033|     1|   9|0|n|29|  OK  |
slv : | 2.764930e-006|              | 2.100494e-016|      |    | | |  |      | 
slv :     Fluid subdom(new) 0
slv :         P static (new): min(187)=101325.09965138      , max(370)=101325.61500524      
slv :         Density (new): min(0)=1.233                , max(0)=1.233                
slv :         Velocity (new): min(130)=5.532629309504e-007  , max(49)=0.0052182812475334   
slv :         Velocity GCS (new): min(192)=0.40203383394754     , max(49)=1.0009158789686      
slv :         Temperature (new): min(354)=293.19999061733      , max(203)=293.20002502623      
slv :         Total enthalpy, Y-shifted (new): min(370)=-0.49955533360074    , max(192)=-0.080799192149535   
slv :         MASS FLUXES AT OPENINGS: MF=-3.17873e-008, AP=5.3492e-008
slv : DvGr statistics: min alpha=0.111497(nfa=3571, geom_slice=0)
Memory Working Set Current = 35.51 Mb, Memory Working Set Peak = 35.51 Mb

================== Tstep=3 ===================
slv :   MWS[nsd=0]=0.00970774
slv : dt: nsd = 0 min dt/dtG(nCV=0)=1.00 , max dt/dtG(nCV=0)=1.0    , dtG=0.503748
slv : ROTATION: weight_WR[nsd=0]= 0
slv : SOLVE BACKGROUND (ff_view=0)
slv : Calculation_Mf nsd = 0: maximum value of div(momentum) (ncv=399) =4.17909e-007 .
slv : Flow alg-view 0 is not Neumann (not for Phase Change + Nested Iters)
alg : | Initial res  | Target res   | Final res    |Visits|Iter|R|F|CL|Status|
alg : | 4.710304e-012| 2.943940e-016| 2.433637e-016|     6|  18|0|n|29|  OK  |
slv : | 2.427083e-005|              | 2.008767e-007|      |    | | |  |      | 
slv : Calculation_Mf nsd = 0: maximum value of div(momentum) (ncv=50) =4.8158e-009 .
slv :                 norm_L2 of div(momentum) =1.5600117012619e-008  .
slvD: LOG: number of a-faces with weighted approximations in 0 subdomain: 30.9617 percent
slvD: LOG: Rate of a-faces corrected to CUp1st in 0 subdomain: 9.02154 %
slvD: Conv_fw[] is skipped for 920 w-faces
slv : ***** boundary layer calculation in subdom 0 *****
slv :  real faces number = 0
slv : LOG nsd = 0: numb_of_convergent=0, numb_of_divergent=0
slv : Calculation_Mf nsd = 0: maximum value of div(momentum) (ncv=50) =4.8158e-009 .
slv :                 norm_L2 of div(momentum) =1.5600117012619e-008  .
slv : nsd = 0 BC: AP Inlet occurs on 116 w-faces
slv : SOLVE 3M (ff_view=0):
slv : Algebraic view 0
slvD: LOG: number of a-faces with weighted approximations in 0 subdomain: 0 percent
slvD: LOG: Rate of a-faces corrected to CUp1st in 0 subdomain: 0 %
alg : | Initial res  | Target res   | Final res    |Visits|Iter|R|F|CL|Status|
alg : | 5.959519e-013| 7.554098e-021| 5.023483e-025|     1|   3|0|n|29|  OK  |
slv : | 1.291289e-005|              | 3.095573e-012|      |    | | |  |      | 
slv : Velocity (predicted):
slv :         (FIS) sd 0: min(276)=4.3905801392215e-006 , max(49)=0.0054286682903198   
slv : SOLVE DvGr (ff_view=0)
slv : Flow alg-view 0 is not Neumann (not for Phase Change + Nested Iters)
alg : | Initial res  | Target res   | Final res    |Visits|Iter|R|F|CL|Status|
alg : | 5.028574e-011| 3.142859e-015| 1.664129e-015|     4|  12|0|n|29|  OK  |
slv : | 7.564547e-005|              | 5.410898e-007|      |    | | |  |      | 
slv : Calculation_Mf nsd = 0: maximum value of div(momentum) (ncv=399) =4.65786e-007 .
slv :                 norm_L2 of div(momentum) =2.265931377693e-006   .
slv : SOLVE HT
slv : 	Heat Transfer physical view 0
alg : | Initial res  | Target res   | Final res    |Visits|Iter|R|F|CL|Status|
alg : | 7.130944e-014| 4.456840e-018| 2.325201e-033|     1|   9|0|n|29|  OK  |
slv : | 3.088457e-006|              | 1.437095e-016|      |    | | |  |      | 
slv :     Fluid subdom(new) 0
slv :         P static (new): min(187)=101325.09965163      , max(370)=101325.61506033      
slv :         Density (new): min(0)=1.233                , max(0)=1.233                
slv :         Velocity (new): min(192)=7.5741615305214e-006 , max(19)=0.0051497757718907   
slv :         Velocity GCS (new): min(132)=0.40203730196427     , max(368)=1.0012825124721      
slv :         Temperature (new): min(354)=293.19998720458      , max(440)=293.20003193368      
slv :         Total enthalpy, Y-shifted (new): min(353)=-0.49960615447893    , max(192)=-0.080792997038296   
slv :         MASS FLUXES AT OPENINGS: MF=-3.17873e-008, AP=5.89598e-008
slv : DvGr statistics: min alpha=0.108698(nfa=2957, geom_slice=0)
Memory Working Set Current = 35.51 Mb, Memory Working Set Peak = 35.51 Mb

================== Tstep=4 ===================
slv :   MWS[nsd=0]=0.0120491
slv : dt: nsd = 0 min dt/dtG(nCV=0)=1.00 , max dt/dtG(nCV=0)=1.0    , dtG=0.408099
slv : ROTATION: weight_WR[nsd=0]= 0
slv : SOLVE BACKGROUND (ff_view=0)
slv : Calculation_Mf nsd = 0: maximum value of div(momentum) (ncv=399) =4.65786e-007 .
slv : Flow alg-view 0 is not Neumann (not for Phase Change + Nested Iters)
alg : | Initial res  | Target res   | Final res    |Visits|Iter|R|F|CL|Status|
alg : | 5.134481e-012| 3.209051e-016| 8.005624e-017|     7|  21|0|n|29|  OK  |
slv : | 2.498303e-005|              | 1.019632e-007|      |    | | |  |      | 
slv : Calculation_Mf nsd = 0: maximum value of div(momentum) (ncv=318) =2.8294e-009 .
slv :                 norm_L2 of div(momentum) =8.9474154935625e-009  .
slvD: LOG: number of a-faces with weighted approximations in 0 subdomain: 31.2071 percent
slvD: LOG: Rate of a-faces corrected to CUp1st in 0 subdomain: 10.7277 %
slvD: Conv_fw[] is skipped for 920 w-faces
slv : ***** boundary layer calculation in subdom 0 *****
slv :  real faces number = 0
slv : LOG nsd = 0: numb_of_convergent=0, numb_of_divergent=0
slv : Calculation_Mf nsd = 0: maximum value of div(momentum) (ncv=318) =2.8294e-009 .
slv :                 norm_L2 of div(momentum) =8.9474154935625e-009  .
slv : nsd = 0 BC: AP Inlet occurs on 104 w-faces
slv : SOLVE 3M (ff_view=0):
slv : Algebraic view 0
slvD: LOG: number of a-faces with weighted approximations in 0 subdomain: 0 percent
slvD: LOG: Rate of a-faces corrected to CUp1st in 0 subdomain: 0 %
alg : | Initial res  | Target res   | Final res    |Visits|Iter|R|F|CL|Status|
alg : | 6.305989e-013| 9.648145e-022| 1.150882e-024|     1|   3|0|n|29|  OK  |
slv : | 1.293955e-005|              | 4.324781e-012|      |    | | |  |      | 
slv : Velocity (predicted):
slv :         (FIS) sd 0: min(131)=4.007491359189e-006  , max(401)=0.0050636871246146   
slv : SOLVE DvGr (ff_view=0)
slv : Flow alg-view 0 is not Neumann (not for Phase Change + Nested Iters)
alg : | Initial res  | Target res   | Final res    |Visits|Iter|R|F|CL|Status|
alg : | 4.308676e-011| 2.692922e-015| 1.323228e-015|     4|  12|0|n|29|  OK  |
slv : | 7.521627e-005|              | 4.971664e-007|      |    | | |  |      | 
slv : Calculation_Mf nsd = 0: maximum value of div(momentum) (ncv=355) =5.70041e-007 .
slv :                 norm_L2 of div(momentum) =2.4496881788795e-006  .
slv : SOLVE HT
slv : 	Heat Transfer physical view 0
alg : | Initial res  | Target res   | Final res    |Visits|Iter|R|F|CL|Status|
alg : | 6.155841e-014| 3.847400e-018| 3.991124e-035|     1|   9|0|n|29|  OK  |
slv : | 2.835813e-006|              | 1.905329e-017|      |    | | |  |      | 
slv :     Fluid subdom(new) 0
slv :         P static (new): min(192)=101325.09965114      , max(370)=101325.61510849      
slv :         Density (new): min(0)=1.233                , max(0)=1.233                
slv :         Velocity (new): min(226)=5.5139065773949e-006 , max(19)=0.0051583037480626   
slv :         Velocity GCS (new): min(192)=0.40199953551778     , max(368)=1.0019326759997      
slv :         Temperature (new): min(354)=293.19998507343      , max(203)=293.2000369959       
slv :         Total enthalpy, Y-shifted (new): min(353)=-0.49975006913803    , max(192)=-0.080719983653521   
slv :         MASS FLUXES AT OPENINGS: MF=-3.17873e-008, AP=6.00267e-008
slv : DvGr statistics: min alpha=0.108152(nfa=3571, geom_slice=0)
Memory Working Set Current = 35.51 Mb, Memory Working Set Peak = 35.51 Mb
Iteration : time = 0.452409 , count = 5 , time/count = 0.0904818
Calculate_inc() : time = 0.405607 , count = 5 , time/count = 0.0811214
TreatFlowEvolution() : time = 0.031201 , count = 5 , time/count = 0.0062402
SolverPreview : time = 0 , count = 6 , time/count = 0
TreatGoals : time = 0.031201 , count = 5 , time/count = 0.0062402

================== Tstep=5 ===================
slv :   MWS[nsd=0]=0.0208697
slv : dt: nsd = 0 min dt/dtG(nCV=0)=1.00 , max dt/dtG(nCV=0)=1.0    , dtG=0.357435
slv : ROTATION: weight_WR[nsd=0]= 0
slv : SOLVE BACKGROUND (ff_view=0)
slv : Calculation_Mf nsd = 0: maximum value of div(momentum) (ncv=355) =5.70041e-007 .
slv : Flow alg-view 0 is not Neumann (not for Phase Change + Nested Iters)
alg : | Initial res  | Target res   | Final res    |Visits|Iter|R|F|CL|Status|
alg : | 6.001027e-012| 3.750642e-016| 1.058747e-016|     7|  21|0|n|29|  OK  |
slv : | 2.688854e-005|              | 1.182903e-007|      |    | | |  |      | 
slv : Calculation_Mf nsd = 0: maximum value of div(momentum) (ncv=318) =3.27847e-009 .
slv :                 norm_L2 of div(momentum) =1.0289545402759e-008  .
slvD: LOG: number of a-faces with weighted approximations in 0 subdomain: 30.7164 percent
slvD: LOG: Rate of a-faces corrected to CUp1st in 0 subdomain: 10.5685 %
slvD: Conv_fw[] is skipped for 920 w-faces
slv : ***** boundary layer calculation in subdom 0 *****
slv :  real faces number = 0
slv : LOG nsd = 0: numb_of_convergent=0, numb_of_divergent=0
slv : Calculation_Mf nsd = 0: maximum value of div(momentum) (ncv=318) =3.27847e-009 .
slv :                 norm_L2 of div(momentum) =1.0289545402759e-008  .
slv : nsd = 0 BC: AP Inlet occurs on 96 w-faces
slv : SOLVE 3M (ff_view=0):
slv : Algebraic view 0
slvD: LOG: number of a-faces with weighted approximations in 0 subdomain: 0 percent
slvD: LOG: Rate of a-faces corrected to CUp1st in 0 subdomain: 0 %
alg : | Initial res  | Target res   | Final res    |Visits|Iter|R|F|CL|Status|
alg : | 5.691319e-013| 1.237090e-021| 6.400202e-025|     1|   3|0|n|29|  OK  |
slv : | 1.288912e-005|              | 2.976207e-012|      |    | | |  |      | 
slv : Velocity (predicted):
slv :         (FIS) sd 0: min(68)=2.7195872172462e-006 , max(49)=0.0054971163454458   
slv : SOLVE DvGr (ff_view=0)
slv : Flow alg-view 0 is not Neumann (not for Phase Change + Nested Iters)
alg : | Initial res  | Target res   | Final res    |Visits|Iter|R|F|CL|Status|
alg : | 5.060553e-011| 3.162845e-015| 1.405278e-015|     4|  12|0|n|29|  OK  |
slv : | 7.858039e-005|              | 5.004917e-007|      |    | | |  |      | 
slv : Calculation_Mf nsd = 0: maximum value of div(momentum) (ncv=355) =5.97281e-007 .
slv :                 norm_L2 of div(momentum) =2.3565411151838e-006  .
slv : SOLVE HT
slv : 	Heat Transfer physical view 0
alg : | Initial res  | Target res   | Final res    |Visits|Iter|R|F|CL|Status|
alg : | 5.888919e-014| 3.680574e-018| 1.463535e-036|     1|   9|0|n|29|  OK  |
slv : | 2.693006e-006|              | 3.738094e-018|      |    | | |  |      | 
slv :     Fluid subdom(new) 0
slv :         P static (new): min(187)=101325.09965162      , max(370)=101325.61515792      
slv :         Density (new): min(0)=1.233                , max(0)=1.233                
slv :         Velocity (new): min(132)=1.2501728523539e-005 , max(436)=0.0051062328903774   
slv :         Velocity GCS (new): min(192)=0.40197434705971     , max(368)=1.0025038477469      
slv :         Temperature (new): min(354)=293.1999828227       , max(440)=293.2000412318       
slv :         Total enthalpy, Y-shifted (new): min(97)=-0.49978995793142    , max(192)=-0.080703673216454   
slv :         MASS FLUXES AT OPENINGS: MF=-3.17873e-008, AP=5.98773e-008
slv : DvGr statistics: min alpha=0.127849(nfa=1466, geom_slice=0)
Memory Working Set Current = 35.51 Mb, Memory Working Set Peak = 35.51 Mb

================== Tstep=6 ===================
slv :   MWS[nsd=0]=0.0297069
slv : dt: nsd = 0 min dt/dtG(nCV=0)=1.00 , max dt/dtG(nCV=0)=1.0    , dtG=0.252044
slv : ROTATION: weight_WR[nsd=0]= 0
slv : SOLVE BACKGROUND (ff_view=0)
slv : Calculation_Mf nsd = 0: maximum value of div(momentum) (ncv=355) =5.97281e-007 .
slv : Flow alg-view 0 is not Neumann (not for Phase Change + Nested Iters)
alg : | Initial res  | Target res   | Final res    |Visits|Iter|R|F|CL|Status|
alg : | 5.553303e-012| 3.470814e-016| 1.074229e-016|     7|  21|0|n|29|  OK  |
slv : | 2.362017e-005|              | 1.147071e-007|      |    | | |  |      | 
slv : Calculation_Mf nsd = 0: maximum value of div(momentum) (ncv=21) =3.56516e-009 .
slv :                 norm_L2 of div(momentum) =1.0364502137987e-008  .
slvD: LOG: number of a-faces with weighted approximations in 0 subdomain: 29.8822 percent
slvD: LOG: Rate of a-faces corrected to CUp1st in 0 subdomain: 10.3219 %
slvD: Conv_fw[] is skipped for 920 w-faces
slv : ***** boundary layer calculation in subdom 0 *****
slv :  real faces number = 0
slv : LOG nsd = 0: numb_of_convergent=0, numb_of_divergent=0
slv : Calculation_Mf nsd = 0: maximum value of div(momentum) (ncv=21) =3.56516e-009 .
slv :                 norm_L2 of div(momentum) =1.0364502137987e-008  .
slv : nsd = 0 BC: AP Inlet occurs on 96 w-faces
slv : SOLVE 3M (ff_view=0):
slv : Algebraic view 0
slvD: LOG: number of a-faces with weighted approximations in 0 subdomain: 0 percent
slvD: LOG: Rate of a-faces corrected to CUp1st in 0 subdomain: 0 %
alg : | Initial res  | Target res   | Final res    |Visits|Iter|R|F|CL|Status|
alg : | 5.783703e-013| 2.365730e-021| 6.914949e-025|     1|   3|0|n|29|  OK  |
slv : | 1.263664e-005|              | 3.250525e-012|      |    | | |  |      | 
slv : Velocity (predicted):
slv :         (FIS) sd 0: min(151)=1.1571771231995e-005 , max(32)=0.0052730330590313   
slv : SOLVE DvGr (ff_view=0)
slv : Flow alg-view 0 is not Neumann (not for Phase Change + Nested Iters)
alg : | Initial res  | Target res   | Final res    |Visits|Iter|R|F|CL|Status|
alg : | 4.308182e-011| 2.692614e-015| 1.098391e-015|     4|  12|0|n|29|  OK  |
slv : | 7.672254e-005|              | 4.488816e-007|      |    | | |  |      | 
slv : Calculation_Mf nsd = 0: maximum value of div(momentum) (ncv=399) =5.15016e-007 .
slv :                 norm_L2 of div(momentum) =2.3607082501845e-006  .
slv : SOLVE HT
slv : 	Heat Transfer physical view 0
alg : | Initial res  | Target res   | Final res    |Visits|Iter|R|F|CL|Status|
alg : | 5.863309e-014| 3.664568e-018| 2.772189e-040|     1|   9|0|n|29|  OK  |
slv : | 2.696002e-006|              | 2.060809e-019|      |    | | |  |      | 
slv :     Fluid subdom(new) 0
slv :         P static (new): min(187)=101325.09965107      , max(370)=101325.61518122      
slv :         Density (new): min(0)=1.233                , max(0)=1.233                
slv :         Velocity (new): min(281)=6.903477413618e-006  , max(32)=0.0053326618717586   
slv :         Velocity GCS (new): min(192)=0.40196455965353     , max(109)=1.0031307165314      
slv :         Temperature (new): min(354)=293.19998150721      , max(440)=293.20004356348      
slv :         Total enthalpy, Y-shifted (new): min(353)=-0.49982246862985    , max(192)=-0.080691534817242   
slv :         MASS FLUXES AT OPENINGS: MF=-3.17873e-008, AP=6.30584e-008
slv : DvGr statistics: min alpha=0.125556(nfa=2957, geom_slice=0)
Memory Working Set Current = 35.51 Mb, Memory Working Set Peak = 35.51 Mb

================== Tstep=7 ===================
slv :   MWS[nsd=0]=0.0320768
slv : dt: nsd = 0 min dt/dtG(nCV=0)=1.00 , max dt/dtG(nCV=0)=1.0    , dtG=0.233578
slv : ROTATION: weight_WR[nsd=0]= 0
slv : SOLVE BACKGROUND (ff_view=0)
slv : Calculation_Mf nsd = 0: maximum value of div(momentum) (ncv=399) =5.15016e-007 .
slv : Flow alg-view 0 is not Neumann (not for Phase Change + Nested Iters)
alg : | Initial res  | Target res   | Final res    |Visits|Iter|R|F|CL|Status|
alg : | 5.572976e-012| 3.483110e-016| 3.440947e-016|     6|  18|0|n|29|  OK  |
slv : | 2.634624e-005|              | 2.412419e-007|      |    | | |  |      | 
slv : Calculation_Mf nsd = 0: maximum value of div(momentum) (ncv=20) =4.76109e-009 .
slv :                 norm_L2 of div(momentum) =1.8549789767277e-008  .
slvD: LOG: number of a-faces with weighted approximations in 0 subdomain: 30.3974 percent
slvD: LOG: Rate of a-faces corrected to CUp1st in 0 subdomain: 9.69206 %
slvD: Conv_fw[] is skipped for 920 w-faces
slv : ***** boundary layer calculation in subdom 0 *****
slv :  real faces number = 0
slv : LOG nsd = 0: numb_of_convergent=0, numb_of_divergent=0
slv : Calculation_Mf nsd = 0: maximum value of div(momentum) (ncv=20) =4.76109e-009 .
slv :                 norm_L2 of div(momentum) =1.8549789767277e-008  .
slv : nsd = 0 BC: AP Inlet occurs on 116 w-faces
slv : SOLVE 3M (ff_view=0):
slv : Algebraic view 0
slvD: LOG: number of a-faces with weighted approximations in 0 subdomain: 0 percent
slvD: LOG: Rate of a-faces corrected to CUp1st in 0 subdomain: 0 %
alg : | Initial res  | Target res   | Final res    |Visits|Iter|R|F|CL|Status|
alg : | 6.145648e-013| 2.992105e-021| 5.396308e-026|     1|   3|0|n|29|  OK  |
slv : | 1.309294e-005|              | 1.070113e-012|      |    | | |  |      | 
slv : Velocity (predicted):
slv :         (FIS) sd 0: min(226)=5.190352997815e-006  , max(32)=0.0059836108326627   
slv : SOLVE DvGr (ff_view=0)
slv : Flow alg-view 0 is not Neumann (not for Phase Change + Nested Iters)
alg : | Initial res  | Target res   | Final res    |Visits|Iter|R|F|CL|Status|
alg : | 4.282051e-011| 2.676282e-015| 8.775096e-016|     4|  12|0|n|29|  OK  |
slv : | 8.001420e-005|              | 3.991160e-007|      |    | | |  |      | 
slv : Calculation_Mf nsd = 0: maximum value of div(momentum) (ncv=352) =5.17473e-007 .
slv :                 norm_L2 of div(momentum) =2.1396309181462e-006  .
slv : SOLVE HT
slv : 	Heat Transfer physical view 0
alg : | Initial res  | Target res   | Final res    |Visits|Iter|R|F|CL|Status|
alg : | 6.090145e-014| 3.806340e-018| 2.737683e-040|     1|   9|0|n|29|  OK  |
slv : | 2.689898e-006|              | 1.983948e-019|      |    | | |  |      | 
slv :     Fluid subdom(new) 0
slv :         P static (new): min(187)=101325.09964991      , max(370)=101325.61522064      
slv :         Density (new): min(0)=1.233                , max(0)=1.233                
slv :         Velocity (new): min(228)=1.5927524309014e-005 , max(389)=0.0059857296073033   
slv :         Velocity GCS (new): min(192)=0.40194506328615     , max(389)=1.0039160899537      
slv :         Temperature (new): min(354)=293.19998033872      , max(440)=293.20004303543      
slv :         Total enthalpy, Y-shifted (new): min(353)=-0.49984168058157    , max(192)=-0.080679346311058   
slv :         MASS FLUXES AT OPENINGS: MF=-3.17873e-008, AP=5.47867e-008
slv : DvGr statistics: min alpha=0.12626(nfa=1466, geom_slice=0)
Memory Working Set Current = 35.51 Mb, Memory Working Set Peak = 35.51 Mb

================== Tstep=8 ===================
slv :   MWS[nsd=0]=0.0324673
slv : dt: nsd = 0 min dt/dtG(nCV=0)=1.00 , max dt/dtG(nCV=0)=1.0    , dtG=0.230632
slv : ROTATION: weight_WR[nsd=0]= 0
slv : SOLVE BACKGROUND (ff_view=0)
slv : Calculation_Mf nsd = 0: maximum value of div(momentum) (ncv=352) =5.17473e-007 .
slv : Flow alg-view 0 is not Neumann (not for Phase Change + Nested Iters)
alg : | Initial res  | Target res   | Final res    |Visits|Iter|R|F|CL|Status|
alg : | 4.577970e-012| 2.861231e-016| 7.435255e-017|     7|  21|0|n|29|  OK  |
slv : | 2.191946e-005|              | 9.810289e-008|      |    | | |  |      | 
slv : Calculation_Mf nsd = 0: maximum value of div(momentum) (ncv=318) =2.91304e-009 .
slv :                 norm_L2 of div(momentum) =8.6227927402947e-009  .
slvD: LOG: number of a-faces with weighted approximations in 0 subdomain: 32.1394 percent
slvD: LOG: Rate of a-faces corrected to CUp1st in 0 subdomain: 10.1322 %
slvD: Conv_fw[] is skipped for 920 w-faces
slv : ***** boundary layer calculation in subdom 0 *****
slv :  real faces number = 0
slv : LOG nsd = 0: numb_of_convergent=0, numb_of_divergent=0
slv : Calculation_Mf nsd = 0: maximum value of div(momentum) (ncv=318) =2.91304e-009 .
slv :                 norm_L2 of div(momentum) =8.6227927402947e-009  .
slv : nsd = 0 BC: AP Inlet occurs on 100 w-faces
slv : SOLVE 3M (ff_view=0):
slv : Algebraic view 0
slvD: LOG: number of a-faces with weighted approximations in 0 subdomain: 0 percent
slvD: LOG: Rate of a-faces corrected to CUp1st in 0 subdomain: 0 %
alg : | Initial res  | Target res   | Final res    |Visits|Iter|R|F|CL|Status|
alg : | 5.738130e-013| 3.864485e-021| 1.553128e-026|     1|   3|0|n|29|  OK  |
slv : | 1.254997e-005|              | 8.300699e-013|      |    | | |  |      | 
slv : Velocity (predicted):
slv :         (FIS) sd 0: min(226)=2.6288669180137e-005 , max(389)=0.0066444649251818   
slv : SOLVE DvGr (ff_view=0)
slv : Flow alg-view 0 is not Neumann (not for Phase Change + Nested Iters)
alg : | Initial res  | Target res   | Final res    |Visits|Iter|R|F|CL|Status|
alg : | 4.273834e-011| 2.671146e-015| 5.795510e-016|     4|  12|0|n|29|  OK  |
slv : | 8.102345e-005|              | 3.261748e-007|      |    | | |  |      | 
slv : Calculation_Mf nsd = 0: maximum value of div(momentum) (ncv=400) =5.49631e-007 .
slv :                 norm_L2 of div(momentum) =2.4214726186135e-006  .
slv : SOLVE HT
slv : 	Heat Transfer physical view 0
alg : | Initial res  | Target res   | Final res    |Visits|Iter|R|F|CL|Status|
alg : | 6.474212e-014| 4.046383e-018| 2.559164e-040|     1|   9|0|n|29|  OK  |
slv : | 2.781286e-006|              | 1.971649e-019|      |    | | |  |      | 
slv :     Fluid subdom(new) 0
slv :         P static (new): min(187)=101325.09964911      , max(370)=101325.61521194      
slv :         Density (new): min(0)=1.233                , max(0)=1.233                
slv :         Velocity (new): min(186)=2.181068006516e-005  , max(389)=0.0065945551777679   
slv :         Velocity GCS (new): min(192)=0.40191876761627     , max(389)=1.0046930965626      
slv :         Temperature (new): min(354)=293.19997889098      , max(440)=293.20004347215      
slv :         Total enthalpy, Y-shifted (new): min(353)=-0.49985339265021    , max(192)=-0.080664895028706   
slv :         MASS FLUXES AT OPENINGS: MF=-3.17873e-008, AP=6.24718e-008
slv : DvGr statistics: min alpha=0.129134(nfa=2957, geom_slice=0)
Memory Working Set Current = 35.51 Mb, Memory Working Set Peak = 35.51 Mb

================== Tstep=9 ===================
slv :   MWS[nsd=0]=0.0325473
slv : dt: nsd = 0 min dt/dtG(nCV=0)=1.00 , max dt/dtG(nCV=0)=1.0    , dtG=0.229853
slv : ROTATION: weight_WR[nsd=0]= 0
slv : SOLVE BACKGROUND (ff_view=0)
slv : Calculation_Mf nsd = 0: maximum value of div(momentum) (ncv=400) =5.49631e-007 .
slv : Flow alg-view 0 is not Neumann (not for Phase Change + Nested Iters)
alg : | Initial res  | Target res   | Final res    |Visits|Iter|R|F|CL|Status|
alg : | 5.863298e-012| 3.664561e-016| 3.170602e-016|     6|  18|0|n|29|  OK  |
slv : | 2.504984e-005|              | 2.345207e-007|      |    | | |  |      | 
slv : Calculation_Mf nsd = 0: maximum value of div(momentum) (ncv=20) =4.74837e-009 .
slv :                 norm_L2 of div(momentum) =1.7806184721573e-008  .
slvD: LOG: number of a-faces with weighted approximations in 0 subdomain: 35.2552 percent
slvD: LOG: Rate of a-faces corrected to CUp1st in 0 subdomain: 11.3314 %
slvD: Conv_fw[] is skipped for 920 w-faces
slv : ***** boundary layer calculation in subdom 0 *****
slv :  real faces number = 0
slv : LOG nsd = 0: numb_of_convergent=0, numb_of_divergent=0
slv : Calculation_Mf nsd = 0: maximum value of div(momentum) (ncv=20) =4.74837e-009 .
slv :                 norm_L2 of div(momentum) =1.7806184721573e-008  .
slv : nsd = 0 BC: AP Inlet occurs on 128 w-faces
slv : SOLVE 3M (ff_view=0):
slv : Algebraic view 0
slvD: LOG: number of a-faces with weighted approximations in 0 subdomain: 0 percent
slvD: LOG: Rate of a-faces corrected to CUp1st in 0 subdomain: 0 %
alg : | Initial res  | Target res   | Final res    |Visits|Iter|R|F|CL|Status|
alg : | 6.112336e-013| 4.743152e-021| 9.869469e-027|     1|   3|0|n|29|  OK  |
slv : | 1.246303e-005|              | 7.228733e-013|      |    | | |  |      | 
slv : Velocity (predicted):
slv :         (FIS) sd 0: min(152)=1.7520353482627e-005 , max(49)=0.0077899098738464   
slv : SOLVE DvGr (ff_view=0)
slv : Flow alg-view 0 is not Neumann (not for Phase Change + Nested Iters)
alg : | Initial res  | Target res   | Final res    |Visits|Iter|R|F|CL|Status|
alg : | 3.149675e-011| 1.968547e-015| 3.871557e-016|     4|  12|0|n|29|  OK  |
slv : | 7.201026e-005|              | 2.699703e-007|      |    | | |  |      | 
slv : Calculation_Mf nsd = 0: maximum value of div(momentum) (ncv=352) =3.70866e-007 .
slv :                 norm_L2 of div(momentum) =2.0039065558075e-006  .
slv : SOLVE HT
slv : 	Heat Transfer physical view 0
alg : | Initial res  | Target res   | Final res    |Visits|Iter|R|F|CL|Status|
alg : | 8.652257e-014| 5.407661e-018| 3.095033e-040|     1|   9|0|n|29|  OK  |
slv : | 2.929706e-006|              | 2.074700e-019|      |    | | |  |      | 
slv :     Fluid subdom(new) 0
slv :         P static (new): min(187)=101325.09965018      , max(370)=101325.61526605      
slv :         Density (new): min(0)=1.233                , max(0)=1.233                
slv :         Velocity (new): min(126)=1.6925575318729e-006 , max(49)=0.0077548613114118   
slv :         Velocity GCS (new): min(192)=0.40187984436834     , max(389)=1.0052858162905      
slv :         Temperature (new): min(354)=293.19997780981      , max(440)=293.20004511626      
slv :         Total enthalpy, Y-shifted (new): min(97)=-0.49984568648606    , max(192)=-0.080650867107712   
slv :         MASS FLUXES AT OPENINGS: MF=-3.17873e-008, AP=5.47249e-008
slv : DvGr statistics: min alpha=0.109618(nfa=3571, geom_slice=0)
slv : +----------------------------------+------------+-------+------------+------------+
slv : |          Collector name          | Total Time | Count |  Avg Time  |  Max Time  |
slv : +----------------------------------+------------+-------+------------+------------+
slv : | CSolver_core_update_BC_1         |       0.086|     10|       0.009|       0.010|
slv : | Calculate_inc                    |       0.637|      9|       0.071|       0.174|
slv : | LiSy_make_portrait               |       0.009|     42|       0.000|       0.000|
slv : | Results_processing               |       0.059|      9|       0.007|       0.008|
slv : | build_sl_ordering_CHT            |       0.002|     10|       0.000|       0.001|
slv : | build_sl_ordering_MDS            |       0.003|     10|       0.000|       0.001|
slv : | build_sl_ordering_fluid          |       0.003|     10|       0.000|       0.001|
slv : | calc_Convolutions_MDS            |       0.024|     10|       0.002|       0.003|
slv : | calc_DivMfWr_MDS                 |       0.007|      2|       0.004|       0.004|
slv : | create_Gr_operators_MDS          |       0.049|     10|       0.005|       0.005|
slv : | create_Gr_operators_portrait_MDS |       0.006|     10|       0.001|       0.001|
slv : | init_Hy_group_MDS                |       0.023|     10|       0.002|       0.002|
slv : | precalc_at_start_MDS             |       0.016|      4|       0.004|       0.013|
slv : | solve_3M_MDS                     |       0.104|     10|       0.010|       0.011|
slv : | solve_3M_alg_MDS                 |       0.005|     10|       0.001|       0.001|
slv : | solve_BG_MDS                     |       0.140|     10|       0.014|       0.110|
slv : | solve_BG_alg_MDS                 |       0.126|     10|       0.013|       0.109|
slv : | solve_BL_MDS                     |       0.006|     10|       0.001|       0.001|
slv : | solve_CHT_MDS                    |       0.042|     10|       0.004|       0.005|
slv : | solve_CHT_alg_MDS                |       0.004|     10|       0.000|       0.001|
slv : | solve_DvGr_MDS                   |       0.085|     10|       0.008|       0.009|
slv : | solve_DvGr_alg_MDS               |       0.015|     10|       0.002|       0.002|
slv : | solve_INPR_MDS                   |       0.000|      1|       0.000|       0.000|
slv : | solve_YLMA_MDS                   |       0.000|     10|       0.000|       0.000|
slv : | solve_YNOx_MDS                   |       0.000|     10|       0.000|       0.000|
slv : | solve_YTd_MDS                    |       0.000|     10|       0.000|       0.000|
slv : | solve_YTurb_MDS                  |       0.000|     10|       0.000|       0.000|
slv : | solve_YUVGI_MDS                  |       0.000|     10|       0.000|       0.000|
slv : | update_VelPressure_MDS           |       0.004|     10|       0.000|       0.000|
slv : +----------------------------------+------------+-------+------------+------------+
Memory Working Set Current = 35.51 Mb, Memory Working Set Peak = 35.51 Mb
/************Goal values******************/
GG Max Velocity 1				1.03337402 m/s
GG Max Velocity RRF 1				0.0371679031 m/s
/************End of Goal values******************/
/************	Min/Max Parameters	************/
Density (Fluid):		min = 1.233 kg/m^3		max = 1.233 kg/m^3
Pressure:		min = 101325.098 Pa		max = 101325.615 Pa
Temperature (Fluid):		min = 293.199978 K		max = 293.200045 K
Velocity:		min = 0.39879604 m/s		max = 1.03337402 m/s
Velocity (X):		min = -1.01928188 m/s		max = 1.01930044 m/s
Velocity (Y):		min = -1.019297 m/s		max = 1.01928532 m/s
Velocity (Z):		min = -5.76286565e-015 m/s		max = 5.70033633e-015 m/s
Velocity RRF:		min = 8.96077722e-007 m/s		max = 0.0371679031 m/s
Velocity RRF (X):		min = -0.0237183637 m/s		max = 0.0337141135 m/s
Velocity RRF (Y):		min = -0.0237700801 m/s		max = 0.0336959607 m/s
Velocity RRF (Z):		min = -5.76286565e-015 m/s		max = 5.70033633e-015 m/s
/************	End of Min/Max Parameters	************/
Solver finished at	3.11.2016	12:25:35
ENDING PROGRAM...
Estimated fld size=0.38 Mb
Writing fld file "13-ROTATED_FLOWS\00063-RRF-u_R_0_MF_ref_boundary_lev_2\ft_run\1\1.fld"...
FILE SAVED: 1.fld. Total save fld took 0.00 sec.
real fld size=0.25 Mb
FILE RENAMED: r_000000.cfld -> 1.cfld
OK
Depository creating ...
stream_line (0.000 s)
FS triangles count 566 
wall_triangles (0.014 s)
nb_bricks (0.010 s)
Face_aver_on (0.001 s)
size of cv_intrp_f = 0.16 Mb
size of cv_intrp_s = 0.02 Mb
size of cv_intrp_fw = 0.11 Mb
size of cv_intrp_sw = 0.06 Mb
CCVInterp_DepEntry::Calculate duration = 0.047 s
cv_interp (0.057 s)
favorite_params (0.021 s)
Face_aver_off (0.000 s)
Depository creating ...OK (0.104 s)
Solver finished at	3.11.2016	12:25:35
Total CPU time 1 s
Free memory:
slv : +----------------------------------+------------+-------+------------+------------+
slv : |          Collector name          | Total Time | Count |  Avg Time  |  Max Time  |
slv : +----------------------------------+------------+-------+------------+------------+
slv : | CSolver_core_update_BC_1         |       0.086|     10|       0.009|       0.010|
slv : | Calculate_inc                    |       0.700|     10|       0.070|       0.174|
slv : | LiSy_make_portrait               |       0.009|     42|       0.000|       0.000|
slv : | Results_processing               |       0.065|     10|       0.006|       0.008|
slv : | build_sl_ordering_CHT            |       0.002|     10|       0.000|       0.001|
slv : | build_sl_ordering_MDS            |       0.003|     10|       0.000|       0.001|
slv : | build_sl_ordering_fluid          |       0.003|     10|       0.000|       0.001|
slv : | calc_Convolutions_MDS            |       0.024|     10|       0.002|       0.003|
slv : | calc_DivMfWr_MDS                 |       0.007|      2|       0.004|       0.004|
slv : | create_Gr_operators_MDS          |       0.049|     10|       0.005|       0.005|
slv : | create_Gr_operators_portrait_MDS |       0.006|     10|       0.001|       0.001|
slv : | init_Hy_group_MDS                |       0.023|     10|       0.002|       0.002|
slv : | precalc_at_start_MDS             |       0.016|      4|       0.004|       0.013|
slv : | solve_3M_MDS                     |       0.104|     10|       0.010|       0.011|
slv : | solve_3M_alg_MDS                 |       0.005|     10|       0.001|       0.001|
slv : | solve_BG_MDS                     |       0.140|     10|       0.014|       0.110|
slv : | solve_BG_alg_MDS                 |       0.126|     10|       0.013|       0.109|
slv : | solve_BL_MDS                     |       0.006|     10|       0.001|       0.001|
slv : | solve_CHT_MDS                    |       0.042|     10|       0.004|       0.005|
slv : | solve_CHT_alg_MDS                |       0.004|     10|       0.000|       0.001|
slv : | solve_DvGr_MDS                   |       0.085|     10|       0.008|       0.009|
slv : | solve_DvGr_alg_MDS               |       0.015|     10|       0.002|       0.002|
slv : | solve_INPR_MDS                   |       0.000|      1|       0.000|       0.000|
slv : | solve_YLMA_MDS                   |       0.000|     10|       0.000|       0.000|
slv : | solve_YNOx_MDS                   |       0.000|     10|       0.000|       0.000|
slv : | solve_YTd_MDS                    |       0.000|     10|       0.000|       0.000|
slv : | solve_YTurb_MDS                  |       0.000|     10|       0.000|       0.000|
slv : | solve_YUVGI_MDS                  |       0.000|     10|       0.000|       0.000|
slv : | update_VelPressure_MDS           |       0.004|     10|       0.000|       0.000|
slv : +----------------------------------+------------+-------+------------+------------+
alg : 
alg :  size = 456
alg :  assembling_nnz_PardisoCholesky   0.000  10
alg :  build_coarse_select_omega        0.000  10
alg :  build_fine_select_omega          0.000  10
alg :  build_select_pivot_nonzeros      0.000  10
alg :  build_select_vectors             0.000  10
alg :  calc_residual_LU                 0.002  130
alg :  call_MG_solver                   0.014  10
alg :  clean_coarse_levels              0.000  10
alg :  clean_fine_level                 0.000  10
alg :  init_RB_coarse_nonzeros          0.000  10
alg :  init_RB_fine_nonzeros            0.000  10
alg :  init_coarse_levels               0.003  10
alg :  init_fine_level                  0.001  10
alg :  mg_cycle                         0.013  10
alg :  numerical_PardisoCholesky        0.001  10
alg :  perform_prolongation             0.000  90
alg :  perform_restriction              0.001  90
alg :  run_smoothing                    0.006  130
alg :  smoother_coarse                  0.001  180
alg :  smoother_fine                    0.002  120
alg :  solve_MG                         0.015  10
alg :  solve_PardisoCholesky            0.002  60
alg :  symbolic_PardisoCholesky         0.000  1
alg :  update_mg_status                 0.000  190
alg : 
alg :  size = 456
alg :  assembling_nnz_PardisoCholesky   0.000  10
alg :  build_coarse_select_omega        0.000  10
alg :  build_fine_select_omega          0.000  10
alg :  build_select_pivot_nonzeros      0.000  10
alg :  build_select_vectors             0.000  10
alg :  calc_residual_LU                 0.003  214
alg :  call_MG_solver                   0.124  10
alg :  clean_coarse_levels              0.000  10
alg :  clean_fine_level                 0.000  10
alg :  init_RB_coarse_nonzeros          0.000  10
alg :  init_RB_fine_nonzeros            0.000  10
alg :  init_coarse_levels               0.109  10
alg :  init_fine_level                  0.001  10
alg :  mg_cycle                         0.123  10
alg :  numerical_PardisoCholesky        0.001  10
alg :  perform_prolongation             0.001  149
alg :  perform_restriction              0.001  149
alg :  run_smoothing                    0.007  214
alg :  smoother_coarse                  0.001  282
alg :  smoother_fine                    0.002  195
alg :  solve_MG                         0.125  10
alg :  solve_PardisoCholesky            0.003  94
alg :  symbolic_PardisoCholesky         0.107  1
alg :  update_mg_status                 0.000  308
alg : 
alg :  size = 456
alg :  build_fine_select_omega       0.000  10
alg :  build_select_pivot_nonzeros   0.000  10
alg :  build_select_vectors          0.000  10
alg :  calc_residual_LU              0.000  10
alg :  call_MG_solver                0.003  10
alg :  clean_fine_level              0.000  10
alg :  init_RB_fine_nonzeros         0.000  10
alg :  init_fine_level               0.001  10
alg :  mg_cycle                      0.001  10
alg :  run_smoothing                 0.001  10
alg :  smoother_fine                 0.001  30
alg :  solve_MG                      0.004  10
alg :  update_mg_status              0.000  10
alg : 
alg :  size = 456
alg :  build_fine_select_omega       0.000  10
alg :  build_select_pivot_nonzeros   0.000  10
alg :  build_select_vectors          0.000  10
alg :  calc_residual_LU              0.000  10
alg :  call_MG_solver                0.003  10
alg :  clean_fine_level              0.000  10
alg :  init_RB_fine_nonzeros         0.000  10
alg :  init_fine_level               0.001  10
alg :  mg_cycle                      0.001  10
alg :  run_smoothing                 0.001  10
alg :  smoother_fine                 0.001  90
alg :  solve_MG                      0.004  10
alg :  update_mg_status              0.000  10
Free Geometry DB takes 0.000 s
OK
