Number of used processors (NPROC): 1.
Number of mesh partitions (NPART): 1.
Operating system:	Windows 7 Service Pack 1 (Version 6.1.7601)
Total Physical Memory = 6.00 Gb, Available Physical Memory = 3.85 Gb
Memory Working Set Current = 19.01 Mb, Memory Working Set Peak = 19.01 Mb
CPU:	GenuineIntel, Stepping ID = 2, Model = 13, Family = 6, Extended model = 2, MMX SSE SSE2 Hyper-Threading Technology SSE3
CPU Brand String:        Intel(R) Xeon(R) CPU E5-2680 0 @ 2.70GHz
Cache Line Size = 64, L2 Associativity = 6, Cache Size = 256K
Number of cores: 8, Processor type: 8664, Active processor mask: 255, Page size: 4096 bites
std::thread::hardware_concurrency = 8
OpenMP enabled (spec=200203). max_threads = 8, num_procs = 8, num_threads = 8.

SOLIDWORKS 2016 SP3.0
13-ROTATED_FLOWS\00062-RRF-u_R_0_MF\ft_run\1\1.fld
Configuration name:	Default
Project name:	as3d
/*******************************************/
/*         Project Summary                 */
/*******************************************/
Problem type:						internal
Result resolution:					5
Minimum gap size:					0.1
Minimum wall thickness:				0.202
Manual refinement:					Off
Solid refinement:					Off
Fluid substances count				1

		Advanced capabilities
Heat transfer						On
Transient						Off
Gravitation						Off
Laminar flow						On
Compressibility					Off
Number of solid substances			0
Roughness:						0

************************************************

Geometry database loading ...OK
Flow Simulation 2016  x64 / 3800 / SOLVER ver. efd_17_0.3746_30.12.2016+VOF_GUI_Therm_Slv_Integration_1 



STATIONARY

ROTATIONAL COORDINATES SYSTEM:
OMEGA 10   AXIS:  NORMAL VECTOR (0 0 1)  REFERENCE POINT: (0 0 0)

LAM-BREMHORST K-EPSILON TURBULENCE MODEL
EXTERNAL=1  CHT=0  FROZEN=0  P_REF=1  RADIATION=0  HVAC_COMFORT_PARAMETERS=0
-----------------------------------------------------------------------
Allocating meshes:
	CPU count: 1
	MESH 0:
		Sub-meshes count: 1
-----------------------------------------------------------------------
Memory Status before reading BCF:
Memory Working Set Current = 22.86 Mb, Memory Working Set Peak = 22.86 Mb
Process Threads Number: 11

-----------------------------------------------------------------------
BCF CHECKSUM DATA (Mesh 0):

FACE_A Area Sum:   G.Fluid        0.0620840293661694
FACE_A Area Sum:   G.Solid        0.0251799706338306
FACE_W Area Sum:                  0.1220127658076021
FACE_W Nb   Sum:                  1088
FACE_W min curvatures sum:        -360.01029873
FACE_W max curvatures sum:        300.01043701
AV Max Disbalance: G.Fluid        8.84338e-17 (cid=43, avid=37, pid=21)
AV Max Disbalance: G.Solid        7.82101e-17 (cid=3, avid=87, pid=1)
-----------------------------------------------------------------------


-----------------------------------------------------------------------
MESHER TOPOLOGY DATA (Mesh 0):

BRICKS: Total                 100
BRICKS: 1-CV                  52
BRICKS: 2-CV                  48
BRICKS: Bad                   0

AV:     G.Total               148
AV:     G.Fluid               84
AV:     G.Solid               64

AV:     G.Fluid Thin Profile    0.00 % (0)
AV:     G.Solid Thin Profile    0.00 % (0)

AV:     G.Fluid Thin For Mega   0.00 % (0)
AV:     G.Solid Thin For Mega   0.00 % (0)

AV:     G.Fluid Non-Convex      0.00 % (0)
AV:     G.Solid Non-Convex      0.00 % (0)

FACE_A: G.Fluid          (af) 144 (partially opened 48)
FACE_A: G.Solid          (as) 84 (partially opened 48)

FACE_W: G.Total                 384         Brick/Bound
FACE_W: G.Fluid/Solid    (fs_g) 48          0           
FACE_W: G.Fluid/Fluid    (ff_g) 0           0           
FACE_W: G.Solid/Solid    (ss_g) 0           0           
FACE_W: G.Fluid/External (fe_g) 168
FACE_W: G.Solid/External (se_g) 168

AV/CV max fa count (on brick side):1
AV/CV max fw count:                1
AV/CV max fw poly count:           4

MEMORY: Total                   0.077 MB
MEMORY: Per Brick               0.792 KB
-----------------------------------------------------------------------

----------------------------------------------------------
BCF --> BCF.GEOMSUBDOM (bridge arrays) (cpu_num=1):
MESH (0):
	Fluid Subdom Constructor: 1 subdom(s).
	Solid Subdom Constructor: 2 subdom(s).
	Net Asm Subdom Constructor: 0 subdom(s).
	GEOMSUBDOM (0): gi=0 fluid av=84 cv=84 fa=144 fw=216 V=6.327940e-04
	GEOMSUBDOM (1): gi=1 solid av=48 cv=48 fa=60 fw=172 V=2.313058e-04
	GEOMSUBDOM (2): gi=1 solid av=16 cv=16 fa=24 fw=44 V=1.151961e-04
	Setting nb of w-faces...OK.

MESH (0) checking:
	GEOMSUBDOM (0):fa_s=0.0620840293661694 fw_s=0.0737456013707627 fw_nb=672
	GEOMSUBDOM (1):fa_s=0.0147112162111864 fw_s=0.0537171129228546 fw_nb=392
	GEOMSUBDOM (2):fa_s=0.0104687544226442 fw_s=0.0155628173215873 fw_nb=120
MESH (0) checking: OK.
----------------------------------------------------------
Memory Status after reading BCF:
Memory Working Set Current = 23.48 Mb, Memory Working Set Peak = 23.48 Mb
Process Threads Number: 11
Total read CPT took 0.02 sec.
MESH::Bricks: Total=100 Gas=36 Solid=16 Partial=48 Irregular=0

-----------------------------------------------------------------------
Mesh dimensions:
				I[0 ]=10
				I[1 ]=10
				I[2 ]=1
Solver refinement level	I[47]=0

Comp. domain size:
				a[0  ]=-0.101
				a[1  ]=0.101
				a[2  ]=-0.101
				a[3  ]=0.101
				a[4  ]=-0.012
				a[5  ]=0.012
Wall thickness		a[231]=0
Gap size			a[232]=1
-----------------------------------------------------------------------
-----------------------------------------------------------------------
Preparing for calculations started at	22.2.2017	7:49:56
slv_max_lev=0
CD X0= -0.101, X1= 0.101, Y0= -0.101, Y1= 0.101, Z0= -0.012, Z1= 0.012
Collecting Reference Parameters... OK
-----------------------------------------------------------------------
CV statisticks for fluid...
	CV number:         84
	FACE_A max number: 4
	FACE_W max number: 3
-----------------------------------------------------------------------
-----------------------------------------------------------------------
CV statisticks for solid...
	CV number:         0
	FACE_A max number: 0
	FACE_W max number: 0
-----------------------------------------------------------------------
Update time step in solids: STATIONARY IN SOLIDS
FLUID SUBDOMAIN   0 LC =0 LAMTURB=-1 NONNEWTON=0  STEAM=0  CAVITATION=0 IT=6 NT=0 NC=1 U_DIM_EXT=11

===ThermodynamicsHolder:===
Subdom 0 Incompressible liquid thermodynamics
	substance 0 type=fwLiquid, guid=6b2c6742-3f07-41fd-8be2-0a38e439e1ce, name=air-incompressible
===ThermodynamicsHolder:===
Memory allocation for matrix entries in solver is block-wise,
( size of block = 1048576 bytes (1Mb) ).

132 parameter(s) in list of scalar parameters
5 parameter(s) in list of vector parameters
-----------------------------------------------------------------------
Loading mesh settings (global/local/SAR)...
Setting regions...
Setting regions takes 0.000 s
-----------------------------------------------------------------------

CollectIndata: Initialize stored in U[] parameters (pressure,momentum,dens,..)... OK(CPU=0.000457391s)

THERMODYNAMICS: Initialize stored in U[] parameters (T,Cp,Pr,..)
                and switch to Y-shifted Total Enthalpy:
Total Enthalpy:                    (FIS, old) sd   0: min(     69,     69)=304722.29569771      , max(     34,     34)=304722.67765698      
Total Enthalpy, Y-shifted:         (FIS, old) sd   0: min(     69,     69)=-0.46430229430675    , max(     34,     34)=-0.082343018136764   
OK: U[] is initialized.

Collect Body BC...OK
Collect Fans...OK
Collect Surface Sources...OK
Collect Contact resistance BC...OK
Collect Perforated plates BC...OK
Collect Electric contact BC...OK
Collect Surface Goals...
Received 0 wall face(s) and 0 virtual face(s)...
 OK
Total CPU time 0 s
Collect Unused surface area...OK
MWS estimation...
Subdomain number =   0 V_indata_max =          0, v_max_from_mf_on_BC =      0.1329, v_max_from_pressure_opening =   0.0265504, MWS =  0.0332249 Ref. Pressure =  101325

There is 1 subdomain in fluid:
subdomain   0: INCOMPRESSIBLE,   MONOTONIC T,      84 CVs, LAMINAR ONLY
             ROTATIONAL COORDINATES SYSTEM:
             OMEGA=10;  AXIS: n=(0 0 1) X0=(0 0 0)
NPROC = 1, nested_parallelization = 0
NPART = 1
Calculate wall distance: initialization -> real wall faces = 0 OK(CPU=0.001s)
	geomsd(0) min=1.623774e-01 (nav=0), max=1.623774e-01 (nav=0) (CPU=0s)

/-----------------------------------------------------------/
SOLVER TOPOLOGY DATA:

BRICKS: |level1| sum         0

CV:     Total               84
CV:     Fluid               84
CV:     Solid               0

CV:     G.Fluid Thin Profile    0.00 % (0)
CV:     G.Solid Thin Profile    0.00 % (0)

CV:     G.Fluid Non-Convex      0.00 % (0)
CV:     G.Solid Non-Convex      0.00 % (0)

FACE_A: Fluid          (af) 144
FACE_A: Max number placed on a brick-face in cv: 1
FACE_A: Solid          (as) 84

FACE_W: Total               384
FACE_W: Fluid/Solid    (fs) 48
FACE_W: Fluid/Fluid    (ff) 0
FACE_W: Solid/Solid    (ss) 0
FACE_W: Opening BC               (fo)  48
FACE_W: Fluid/Bound              (fw)  216
FACE_W: Solid/Bound              (sw)  0
FACE_W: Fluid/Bound Real Wall    (frw) 0
FACE_W: Solid/Bound Real Wall    (srw) 0
FACE_W: Max number placed in cv: 3
Fluid:
CV Max Disbalance:                8.84338e-17 (ncv=34)
/-----------------------------------------------------------/

LOG: EQN_3M[0]=1 
LOG: HYBRID[0]=0 
  nsd=  0: min rho=1.233, var Kin E=0.13611
Create solver core
 MDS: Converting solver problem ...
MDS: OK
slv : Calculations at run start
slv : Create sub-domains supervisors:
slv : 	1 fluid
slv : Create sub-domains mesh connectivity supervisors:
slv : Collect slices by phenomena...
slv : 	fluid flow slices were created:	1
slv : 	heat transfer slices were created:	1
slv : 	electric current flow slices were created:	0
slv : 	radiation slices were created:	0
slv : Creating meshes proxies for multigrid...
slv : Convert MESH[0] to multigrid mesh proxy...
slv : 100 bricks are accounted by implicit methods(100% of total)
slv : max tree bricks count = 1
alg : MG: create topological coarsening...
alg : Mesh 0  OK
slv : Building views for fluid flow...
slv : 1 views are created
slv : Building fluid flow views schemes...
slv : View   0: Implicit scheme in fluid
slv : Building views for heat transfer...
slv : 1 views are created
slv : Building heat transfer views schemes...
slv : Building electric current flow views schemes...
slv : PrecalcAtStart views for fluid flow...
=== Fluid sub-domain nsd=0 ========================
Pre-calculations at run start, Implicit Scheme:

MARK CVs and A-FACEs WITH/NEAR GEOMETRICAL PECULIARITIES:

  A-faces placed opposite External boundary with Symmetry BC: N_face_ns=0 (0%)
BC re-definition: Real Wall to Ideal Wall: 0 w-faces
mgl = 31 size = 84
mgl = 30 size = 24

mgl = 31 size = 84
mgl = 30 size = 24

mgl = 31 size = 84
mgl = 30 size = 24

slv : PrecalcAtStart views for heat transfer...
Creating view scheme...
1 heat transfer algebraic views are created
mgl = 31 size = 84
mgl = 30 size = 24

slv : PrecalcAtStart views for electric current flow...
slv : PrecalcAtStart views for radiation...

Re-define MWS=max(mws_sd) and P_ref=averaged(P_ref_sd) over fluid-flow sub-domains in view:
nsd=  0: mws=0.033224922143505    , P_ref=101325.34904389      
slv : ------------ Start of Preliminary step at Calculation start ------------
slv : Fluid subdom(new) 0
slv : P static (new)                 : min(     34) = 101325.10152894      , max(     69) = 101325.57248473      
slv : Density (new)                  : min(      0) = 1.233                , max(      0) = 1.233                
slv : Velocity (new)                 : min(      0) = 0                    , max(     12) = 8.110300081103e-41   
slv : Velocity GCS (new)             : min(     34) = 0.40581527348614     , max(     69) = 0.96364131734098     
slv : Temperature (new)              : min(      0) = 293.2                , max(      0) = 293.2                
slv : Total enthalpy, Y-shifted (new): min(     69) = -0.46430229430675    , max(     34) = -0.082343018136764   
slv : ------------ End of Preliminary step at Calculation start ------------

----------------------------------------------------------
BCF checking (solver)...
----------------------------------------------------------

Estimated cfld size=0.02 Mb
Writing cfld file "13-ROTATED_FLOWS\00062-RRF-u_R_0_MF\ft_run\1/r_000000.cfld"...
Working in No GDBLight mode
Working in No GDBLight mode
FILE SAVED: r_000000.cfld. Total save cfld took 0.00 sec.
real cfld size=0.01 Mb
OK
Estimated fld size=0.07 Mb
Writing fld file "13-ROTATED_FLOWS\00062-RRF-u_R_0_MF\ft_run\1/r_000000.fld"...
FILE SAVED: r_000000.fld. Total save fld took 0.00 sec.
real fld size=0.02 Mb
OK
Init simple interpolator... OK (0.000 sec)
BC 'Inlet Velocity 1' is on 36 faces (AS area=0.0150496, CAD area=0.0151098, difference=-0.4%)
BC 'Static Pressure 1' is on 12 faces (AS area=0.00596314, CAD area=0.00604392, difference=-1.3%)

Preview parameters:
	Density (Fluid)
	Pressure
	Temperature
	Temperature (Fluid)
	Velocity
	Velocity (X)
	Velocity (Y)
	Velocity (Z)
	Axial Velocity
	Circumferential Velocity
	Circumferential Velocity RRF
	Peripheral Velocity
	Radial Velocity
	Velocity RRF
	Velocity RRF (X)
	Velocity RRF (Y)
	Velocity RRF (Z)
	Dynamic Pressure
	Thermodynamic Pressure
	Total Pressure
	Dynamic Viscosity
	Prandtl Number
	Specific Heat (Cp)
	Total Enthalpy
	Total Viscosity
25 parameter(s) in preview list of parameters

Calculation started at	22.2.2017	7:49:56
Total CPU time 0 s
//-------------------------Isotermic task-------------------//

================== Tstep=0 ===================
Boundary layer settings:
	Separation tau    on
	Enable 3D effects off
BL MODEL         	Ignore compressibility  off
	BL on porous body  off
	Separ. tau corr factor 0
	Separ. tau kappa 0.1
	Separ. tau KV0 0.1
------------------------
NumerCore CHT-start settings:
	Min typical size					1
	Zero vel ht factor				0.006
	C_mju_turb_min                   0.01
	Threshold value for K-E filter   0.000858528
	C_mju                            0.09
	C_eps1                           1.44
	C_eps2                           1.92
	Sigma_k                          1
	Sigma_eps                        1.3
	Sigma_c                          0.9
	Approx mode                      1st order
-------------
NumCoreFESSettings:
	Maximum possible Mach	0
	Turbulent Prandtl		0.9
-------------
slv : Implicit schemes in fluid settings:
slv : INPR	: rel_resid=0.00790569
slv : BACKGROUND	: rel_resid=0.00790569
slv : DVGR	: rel_resid=0.00790569
slv : MOMENTUM	: rel_resid=0.00790569
slv : CHT	: rel_resid=0.00790569
slv : Y_TD	: rel_resid=0.00790569
slv : Y_TURB	: rel_resid=0.00790569
slv : LMA	: rel_resid=0.00790569
slv : UVGI	: rel_resid=0.00790569
slv : NOx	: rel_resid=0.00790569
slv : VOL_FRAC_IM_PHASE	: rel_resid=0.00790569
slv : Disable wall motion impact into H threshold=10
slv : Relax par ring =0.05
slv : Isothermal cavitation CF corrector = 1
slv : Isothermal cavitation pseudo transient corrector = -1
slv : Isothermal cavitation forced time step in cavitated regions = -1
slv : force_free_surface_VOF = -1
slv : ---------------------------------------
------Solid settings---
Approximation mode = 2'nd order && thin_profiles
Solid temperature eps_abs scaling factor: 0.001
number dofs per absorptive face: 9
subgrid ratio: 0.500000
Blink filter: disabled
------------------------------
slv : Iterations settings:
slv : Max number of outer iter = 1
slv : Max number of Mass&Energy iter = 1
slv : Max Courant factor = 10
slv : Conservation laws tolerance residuals:
slv : 	MASS	0.005
slv : 	MOMENTUM	0.005
slv : 	ENERGY	0.005
slv : 	SPECIES	0.005
slv : 	TURBULENCE	0.005
slv : ---------------------------------------
slv : Scheme blocks settings:
slv : INPR	: stop_crit=residAbs_AND_residRel 
slv : BACKGROUND	: stop_crit=residAbs_AND_residRel 
slv : DVGR	: stop_crit=residAbs_AND_residRel 
slv : MOMENTUM	: stop_crit=residAbs_AND_residRel 
slv : CHT	: stop_crit=residAbs_AND_residRel 
slv : Y_TD	: stop_crit=residAbs_AND_residRel 
slv : Y_TURB	: stop_crit=residAbs_AND_residRel 
slv : LMA	: stop_crit=residAbs_AND_residRel 
slv : UVGI	: stop_crit=residAbs_AND_residRel 
slv : NOx	: stop_crit=residAbs_AND_residRel 
slv : VOL_FRAC_IM_PHASE	: stop_crit=residAbs_AND_residRel 
slv : ---------------------------------------
Accuracy scale coeff =1
  MWS[  0]=0.0332248
dt: nsd =   0 min dt/dtG(nCV=      0)=1.00 , max dt/dtG(nCV=      0)=1.0    , dtG=0.151971
Flow alg-view 0 in phis-view 0 isn't Neumann (not Phase Change treating)
ROTATION: weight_WR[nsd=0]= 0
slvD: ROTATION(nsd=0): max div_Mf(rho_av*[W x r])=3.37818e-05  at ncv=3
slv : SolveBG stage
Calculation_Mf nsd =   0: maximum value of div(momentum) (ncv=      1) =2.2600652955317e-05  
Flow alg-view 0 is not Neumann (not for Phase Change + Nested Iters)
+----+----+--------------+--------------+--------------+--------------+--------------+------+----+-+-+--+------+
|Name|view| Initial res  | Initial resL1| Target res   | Final res    | Final res L1 |Visits|Iter|R|F|CL|Status|
+----+----+--------------+--------------+--------------+--------------+--------------+------+----+-+-+--+------+
| BG |   0|  4.609036e-09|  3.816927e-04|  2.880648e-13|  2.609047e-13|  3.210829e-06|     6|  18|0|n|30|  OK  |
Calculation_Mf nsd =   0: maximum value of div(momentum) (ncv=      4) =1.7164704767525e-07  
	norm_L2 of div(momentum) =5.1078827888456e-07  
Flow alg-view 0 in phis-view 0 isn't Neumann (not Phase Change treating)
LOG: number of a-faces with weighted approximations in 0 subdomain: 46.5278 percent
LOG: Rate of a-faces corrected to CUp1st in 0 subdomain: 8.05677 %
slvD: ROTATION(nsd=0): max div_Mf(rho_av*[W x r])=3.37818e-05  at ncv=3
nsd =   0 Conv_fw[] is skipped for 168 w-faces
slv : SolveBL stage
LOG nsd = 0: numb_of_convergent=0, numb_of_divergent=1
Calculation_Mf nsd =   0: maximum value of div(momentum) (ncv=      4) =1.7164704767525e-07  
	norm_L2 of div(momentum) =5.1078827888456e-07  
nsd = 0 BC: AP Inlet occurs on 5 w-faces
slv : Solve3M stage
+----+----+--------------+--------------+--------------+--------------+--------------+------+----+-+-+--+------+
|Name|view| Initial res  | Initial resL1| Target res   | Final res    | Final res L1 |Visits|Iter|R|F|CL|Status|
+----+----+--------------+--------------+--------------+--------------+--------------+------+----+-+-+--+------+
| 3M |   0|  3.023985e-12|  8.173907e-06|  5.669972e-16|  7.251812e-25|  2.061690e-12|     1|   3|0|n|30|  OK  |
Velocity (predicted):
        (FIS) sd   0: min(     24)=1.5341626396029e-11  , max(      5)=0.0042566950481541   
slv : 
slv : NUMBER OF INNER ITERATIONS = 1
slv : 
slv : SolveDvGr stage
Flow alg-view 0 is not Neumann (not for Phase Change + Nested Iters)
+----+----+--------------+--------------+--------------+--------------+--------------+------+----+-+-+--+------+
|Name|view| Initial res  | Initial resL1| Target res   | Final res    | Final res L1 |Visits|Iter|R|F|CL|Status|
+----+----+--------------+--------------+--------------+--------------+--------------+------+----+-+-+--+------+
|DVGR|   0|  4.175270e-09|  3.592912e-04|  2.609544e-13|  3.262194e-14|  1.085711e-06|     3|   9|0|n|30|  OK  |
Calculation_Mf nsd =   0: maximum value of div(momentum) (ncv=     76) =1.5914079245883e-06  
	norm_L2 of div(momentum) =3.6732394892361e-06  
slv : SolveYTd stage
+----+----+--------------+--------------+--------------+--------------+--------------+------+----+-+-+--+------+
|Name|view| Initial res  | Initial resL1| Target res   | Final res    | Final res L1 |Visits|Iter|R|F|CL|Status|
+----+----+--------------+--------------+--------------+--------------+--------------+------+----+-+-+--+------+
| CHT|   0|  1.202039e-11|  2.064754e-05|  7.512745e-16|  2.730906e-36|  6.376888e-18|     1|   9|0|n|30|  OK  |
slv : SolveYTurb stage
slv : Fluid subdom(new) 0
slv : P static (new)                 : min(     23) = 101325.10156082      , max(     69) = 101325.57622851      
slv : Density (new)                  : min(      0) = 1.233                , max(      0) = 1.233                
slv : Velocity (new)                 : min(     49) = 3.1707745787425e-05  , max(     18) = 0.018281705794073    
slv : Velocity GCS (new)             : min(     23) = 0.40573514347168     , max(     69) = 0.96249412843835     
slv : Temperature (new)              : min(      5) = 293.1999893763       , max(      3) = 293.20001136479      
slv : Total enthalpy, Y-shifted (new): min(     69) = -0.47515920199259    , max(     23) = -0.082319996354365   
slv : MASS FLUXES AT OPENINGS: MF=2.70242e-16, AP=2.85764e-07
slv : DvGr statistics: min alpha=0.228044(nfa=81, geom_slice=0)
Memory Working Set Current = 34.93 Mb, Memory Working Set Peak = 34.93 Mb
Process Threads Number: 11

================== Tstep=1 ===================
  MWS[  0]=0.0332241
dt: nsd =   0 min dt/dtG(nCV=      0)=1.00 , max dt/dtG(nCV=      0)=1.0    , dtG=0.110105
Flow alg-view 0 in phis-view 0 isn't Neumann (not Phase Change treating)
ROTATION: weight_WR[nsd=0]= 0
slv : SolveBG stage
Calculation_Mf nsd =   0: maximum value of div(momentum) (ncv=     76) =1.5914079245883e-06  
Flow alg-view 0 is not Neumann (not for Phase Change + Nested Iters)
+----+----+--------------+--------------+--------------+--------------+--------------+------+----+-+-+--+------+
|Name|view| Initial res  | Initial resL1| Target res   | Final res    | Final res L1 |Visits|Iter|R|F|CL|Status|
+----+----+--------------+--------------+--------------+--------------+--------------+------+----+-+-+--+------+
| BG |   0|  1.347164e-11|  1.814661e-05|  8.419777e-16|  2.611713e-16|  9.640405e-08|     6|  18|0|n|30|  OK  |
Calculation_Mf nsd =   0: maximum value of div(momentum) (ncv=      4) =7.2658344304892e-09  
	norm_L2 of div(momentum) =1.6160794692275e-08  
Flow alg-view 0 in phis-view 0 isn't Neumann (not Phase Change treating)
LOG: number of a-faces with weighted approximations in 0 subdomain: 50 percent
LOG: Rate of a-faces corrected to CUp1st in 0 subdomain: 10.4399 %
nsd =   0 Conv_fw[] is skipped for 168 w-faces
slv : SolveBL stage
Calculation_Mf nsd =   0: maximum value of div(momentum) (ncv=      4) =7.2658344304892e-09  
	norm_L2 of div(momentum) =1.6160794692275e-08  
nsd = 0 BC: AP Inlet occurs on 4 w-faces
slv : Solve3M stage
+----+----+--------------+--------------+--------------+--------------+--------------+------+----+-+-+--+------+
|Name|view| Initial res  | Initial resL1| Target res   | Final res    | Final res L1 |Visits|Iter|R|F|CL|Status|
+----+----+--------------+--------------+--------------+--------------+--------------+------+----+-+-+--+------+
| 3M |   0|  1.690845e-10|  1.100059e-04|  4.282482e-15|  1.862988e-23|  8.213405e-12|     1|   3|0|n|30|  OK  |
Velocity (predicted):
        (FIS) sd   0: min(     49)=0.00016270449127014  , max(     18)=0.027238555659933    
slv : SolveDvGr stage
Flow alg-view 0 is not Neumann (not for Phase Change + Nested Iters)
+----+----+--------------+--------------+--------------+--------------+--------------+------+----+-+-+--+------+
|Name|view| Initial res  | Initial resL1| Target res   | Final res    | Final res L1 |Visits|Iter|R|F|CL|Status|
+----+----+--------------+--------------+--------------+--------------+--------------+------+----+-+-+--+------+
|DVGR|   0|  3.135728e-09|  3.375588e-04|  1.959830e-13|  1.062041e-13|  2.115496e-06|     2|   6|0|n|30|  OK  |
Calculation_Mf nsd =   0: maximum value of div(momentum) (ncv=     32) =2.8257238114459e-06  
	norm_L2 of div(momentum) =1.0123499372829e-05  
slv : SolveYTd stage
+----+----+--------------+--------------+--------------+--------------+--------------+------+----+-+-+--+------+
|Name|view| Initial res  | Initial resL1| Target res   | Final res    | Final res L1 |Visits|Iter|R|F|CL|Status|
+----+----+--------------+--------------+--------------+--------------+--------------+------+----+-+-+--+------+
| CHT|   0|  1.251364e-11|  2.062796e-05|  7.821024e-16|  9.449908e-40|  1.622068e-19|     1|   9|0|n|30|  OK  |
slv : SolveYTurb stage
slv : Fluid subdom(new) 0
slv : P static (new)                 : min(     23) = 101325.10150065      , max(     69) = 101325.57565781      
slv : Density (new)                  : min(      0) = 1.233                , max(      0) = 1.233                
slv : Velocity (new)                 : min(     34) = 9.6947312168223e-05  , max(     73) = 0.019495443026361    
slv : Velocity GCS (new)             : min(     49) = 0.40584579574239     , max(     73) = 0.96814556711557     
slv : Temperature (new)              : min(     20) = 293.19998321374      , max(      1) = 293.20002046605      
slv : Total enthalpy, Y-shifted (new): min(     73) = -0.48064825621542    , max(     23) = -0.082395965332055   
slv : MASS FLUXES AT OPENINGS: MF=2.70351e-16, AP=8.55595e-07
slv : DvGr statistics: min alpha=0.237062(nfa=57, geom_slice=0)
Memory Working Set Current = 34.95 Mb, Memory Working Set Peak = 35.09 Mb
Process Threads Number: 11

================== Tstep=2 ===================
  MWS[  0]=0.0332196
dt: nsd =   0 min dt/dtG(nCV=      0)=1.00 , max dt/dtG(nCV=      0)=1.0    , dtG=0.111434
Flow alg-view 0 in phis-view 0 isn't Neumann (not Phase Change treating)
ROTATION: weight_WR[nsd=0]= 0
slv : SolveBG stage
Calculation_Mf nsd =   0: maximum value of div(momentum) (ncv=     32) =2.8257238114459e-06  
Flow alg-view 0 is not Neumann (not for Phase Change + Nested Iters)
+----+----+--------------+--------------+--------------+--------------+--------------+------+----+-+-+--+------+
|Name|view| Initial res  | Initial resL1| Target res   | Final res    | Final res L1 |Visits|Iter|R|F|CL|Status|
+----+----+--------------+--------------+--------------+--------------+--------------+------+----+-+-+--+------+
| BG |   0|  1.032159e-10|  6.772885e-05|  6.450991e-15|  3.138431e-15|  3.750016e-07|     6|  18|0|n|30|  OK  |
Calculation_Mf nsd =   0: maximum value of div(momentum) (ncv=     10) =1.805002284306e-08   
	norm_L2 of div(momentum) =5.6021699808246e-08  
Flow alg-view 0 in phis-view 0 isn't Neumann (not Phase Change treating)
LOG: number of a-faces with weighted approximations in 0 subdomain: 63.8889 percent
LOG: Rate of a-faces corrected to CUp1st in 0 subdomain: 15.9256 %
nsd =   0 Conv_fw[] is skipped for 168 w-faces
slv : SolveBL stage
Calculation_Mf nsd =   0: maximum value of div(momentum) (ncv=     10) =1.805002284306e-08   
	norm_L2 of div(momentum) =5.6021699808246e-08  
nsd = 0 BC: AP Inlet occurs on 5 w-faces
slv : Solve3M stage
+----+----+--------------+--------------+--------------+--------------+--------------+------+----+-+-+--+------+
|Name|view| Initial res  | Initial resL1| Target res   | Final res    | Final res L1 |Visits|Iter|R|F|CL|Status|
+----+----+--------------+--------------+--------------+--------------+--------------+------+----+-+-+--+------+
| 3M |   0|  1.142022e-10|  8.904667e-05|  2.147103e-15|  1.253944e-23|  1.131733e-11|     1|   3|0|n|30|  OK  |
Velocity (predicted):
        (FIS) sd   0: min(     34)=5.6150519637754e-05  , max(     18)=0.023156723952048    
slv : SolveDvGr stage
Flow alg-view 0 is not Neumann (not for Phase Change + Nested Iters)
+----+----+--------------+--------------+--------------+--------------+--------------+------+----+-+-+--+------+
|Name|view| Initial res  | Initial resL1| Target res   | Final res    | Final res L1 |Visits|Iter|R|F|CL|Status|
+----+----+--------------+--------------+--------------+--------------+--------------+------+----+-+-+--+------+
|DVGR|   0|  3.998602e-09|  4.063556e-04|  2.080385e-13|  1.337117e-13|  2.492401e-06|     2|   6|0|n|30|  OK  |
Calculation_Mf nsd =   0: maximum value of div(momentum) (ncv=     76) =6.5937339183912e-06  
	norm_L2 of div(momentum) =2.175793513903e-05   
slv : SolveYTd stage
+----+----+--------------+--------------+--------------+--------------+--------------+------+----+-+-+--+------+
|Name|view| Initial res  | Initial resL1| Target res   | Final res    | Final res L1 |Visits|Iter|R|F|CL|Status|
+----+----+--------------+--------------+--------------+--------------+--------------+------+----+-+-+--+------+
| CHT|   0|  1.600745e-11|  2.229395e-05|  1.000465e-15|  7.649520e-40|  1.480190e-19|     1|   9|0|n|30|  OK  |
slv : SolveYTurb stage
slv : Fluid subdom(new) 0
slv : P static (new)                 : min(     23) = 101325.10149604      , max(     73) = 101325.57604178      
slv : Density (new)                  : min(      0) = 1.233                , max(      0) = 1.233                
slv : Velocity (new)                 : min(     24) = 0.00016165393277774  , max(     73) = 0.018798398838452    
slv : Velocity GCS (new)             : min(     49) = 0.40564250794789     , max(     73) = 0.96589579567769     
slv : Temperature (new)              : min(     68) = 293.19997275059      , max(      1) = 293.20003022909      
slv : Total enthalpy, Y-shifted (new): min(     73) = -0.48456349298388    , max(     23) = -0.082463780749855   
slv : MASS FLUXES AT OPENINGS: MF=2.70475e-16, AP=7.24743e-07
slv : DvGr statistics: min alpha=0.247362(nfa=90, geom_slice=0)
Memory Working Set Current = 34.95 Mb, Memory Working Set Peak = 35.10 Mb
Process Threads Number: 11

================== Tstep=3 ===================
  MWS[  0]=0.0331848
dt: nsd =   0 min dt/dtG(nCV=      0)=1.00 , max dt/dtG(nCV=      0)=1.0    , dtG=0.110917
Flow alg-view 0 in phis-view 0 isn't Neumann (not Phase Change treating)
ROTATION: weight_WR[nsd=0]= 0
slv : SolveBG stage
Calculation_Mf nsd =   0: maximum value of div(momentum) (ncv=     76) =6.5937339183912e-06  
Flow alg-view 0 is not Neumann (not for Phase Change + Nested Iters)
+----+----+--------------+--------------+--------------+--------------+--------------+------+----+-+-+--+------+
|Name|view| Initial res  | Initial resL1| Target res   | Final res    | Final res L1 |Visits|Iter|R|F|CL|Status|
+----+----+--------------+--------------+--------------+--------------+--------------+------+----+-+-+--+------+
| BG |   0|  4.734077e-10|  1.421338e-04|  2.958798e-14|  9.394925e-15|  6.335574e-07|     6|  18|0|n|30|  OK  |
Calculation_Mf nsd =   0: maximum value of div(momentum) (ncv=     35) =3.2317328477844e-08  
	norm_L2 of div(momentum) =9.6927421940217e-08  
Flow alg-view 0 in phis-view 0 isn't Neumann (not Phase Change treating)
LOG: number of a-faces with weighted approximations in 0 subdomain: 40.2778 percent
LOG: Rate of a-faces corrected to CUp1st in 0 subdomain: 9.74833 %
nsd =   0 Conv_fw[] is skipped for 168 w-faces
slv : SolveBL stage
Calculation_Mf nsd =   0: maximum value of div(momentum) (ncv=     35) =3.2317328477844e-08  
	norm_L2 of div(momentum) =9.6927421940217e-08  
nsd = 0 BC: AP Inlet occurs on 4 w-faces
slv : Solve3M stage
+----+----+--------------+--------------+--------------+--------------+--------------+------+----+-+-+--+------+
|Name|view| Initial res  | Initial resL1| Target res   | Final res    | Final res L1 |Visits|Iter|R|F|CL|Status|
+----+----+--------------+--------------+--------------+--------------+--------------+------+----+-+-+--+------+
| 3M |   0|  2.399653e-10|  1.128432e-04|  7.876890e-17|  2.856415e-23|  1.125894e-11|     1|   3|0|n|30|  OK  |
Velocity (predicted):
        (FIS) sd   0: min(     47)=0.00046960174093764  , max(      3)=0.022812795812695    
slv : SolveDvGr stage
Flow alg-view 0 is not Neumann (not for Phase Change + Nested Iters)
+----+----+--------------+--------------+--------------+--------------+--------------+------+----+-+-+--+------+
|Name|view| Initial res  | Initial resL1| Target res   | Final res    | Final res L1 |Visits|Iter|R|F|CL|Status|
+----+----+--------------+--------------+--------------+--------------+--------------+------+----+-+-+--+------+
|DVGR|   0|  1.984602e-09|  2.946573e-04|  1.240376e-13|  1.099340e-13|  2.317165e-06|     2|   6|0|n|30|  OK  |
Calculation_Mf nsd =   0: maximum value of div(momentum) (ncv=     52) =1.6617158975417e-06  
	norm_L2 of div(momentum) =6.0611424435357e-06  
slv : SolveYTd stage
+----+----+--------------+--------------+--------------+--------------+--------------+------+----+-+-+--+------+
|Name|view| Initial res  | Initial resL1| Target res   | Final res    | Final res L1 |Visits|Iter|R|F|CL|Status|
+----+----+--------------+--------------+--------------+--------------+--------------+------+----+-+-+--+------+
| CHT|   0|  2.014988e-11|  2.601633e-05|  1.259367e-15|  1.325965e-39|  2.037114e-19|     1|   9|0|n|30|  OK  |
slv : SolveYTurb stage
slv : Fluid subdom(new) 0
slv : P static (new)                 : min(     34) = 101325.10159349      , max(     73) = 101325.57490772      
slv : Density (new)                  : min(      0) = 1.233                , max(      0) = 1.233                
slv : Velocity (new)                 : min(     47) = 0.00065348968181683  , max(     58) = 0.020453508289054    
slv : Velocity GCS (new)             : min(     49) = 0.40503807610212     , max(     73) = 0.96211464438543     
slv : Temperature (new)              : min(     38) = 293.19996119994      , max(      1) = 293.20004138554      
slv : Total enthalpy, Y-shifted (new): min(     69) = -0.48717612072841    , max(     23) = -0.082236738479173   
slv : MASS FLUXES AT OPENINGS: MF=2.70403e-16, AP=1.98899e-06
slv : DvGr statistics: min alpha=0.254844(nfa=90, geom_slice=0)
Memory Working Set Current = 34.96 Mb, Memory Working Set Peak = 35.10 Mb
Process Threads Number: 11

================== Tstep=4 ===================
  MWS[  0]=0.0329424
dt: nsd =   0 min dt/dtG(nCV=      0)=1.00 , max dt/dtG(nCV=      0)=1.0    , dtG=0.109199
Flow alg-view 0 in phis-view 0 isn't Neumann (not Phase Change treating)
ROTATION: weight_WR[nsd=0]= 0
slv : SolveBG stage
Calculation_Mf nsd =   0: maximum value of div(momentum) (ncv=     52) =1.6617158975417e-06  
Flow alg-view 0 is not Neumann (not for Phase Change + Nested Iters)
+----+----+--------------+--------------+--------------+--------------+--------------+------+----+-+-+--+------+
|Name|view| Initial res  | Initial resL1| Target res   | Final res    | Final res L1 |Visits|Iter|R|F|CL|Status|
+----+----+--------------+--------------+--------------+--------------+--------------+------+----+-+-+--+------+
| BG |   0|  3.610851e-11|  3.443110e-05|  2.256782e-15|  7.858771e-16|  1.928760e-07|     6|  18|0|n|30|  OK  |
Calculation_Mf nsd =   0: maximum value of div(momentum) (ncv=     30) =9.3375472940255e-09  
	norm_L2 of div(momentum) =2.8033499850549e-08  
Flow alg-view 0 in phis-view 0 isn't Neumann (not Phase Change treating)
LOG: number of a-faces with weighted approximations in 0 subdomain: 30.5556 percent
LOG: Rate of a-faces corrected to CUp1st in 0 subdomain: 6.79072 %
nsd =   0 Conv_fw[] is skipped for 168 w-faces
slv : SolveBL stage
Calculation_Mf nsd =   0: maximum value of div(momentum) (ncv=     30) =9.3375472940255e-09  
	norm_L2 of div(momentum) =2.8033499850549e-08  
nsd = 0 BC: AP Inlet occurs on 8 w-faces
slv : Solve3M stage
+----+----+--------------+--------------+--------------+--------------+--------------+------+----+-+-+--+------+
|Name|view| Initial res  | Initial resL1| Target res   | Final res    | Final res L1 |Visits|Iter|R|F|CL|Status|
+----+----+--------------+--------------+--------------+--------------+--------------+------+----+-+-+--+------+
| 3M |   0|  7.834762e-11|  8.595869e-05|  8.645791e-18|  9.356178e-23|  2.487443e-11|     1|   3|0|n|30|  OK  |
Velocity (predicted):
        (FIS) sd   0: min(     62)=0.00083426317790961  , max(     69)=0.022413479017871    
slv : SolveDvGr stage
Flow alg-view 0 is not Neumann (not for Phase Change + Nested Iters)
+----+----+--------------+--------------+--------------+--------------+--------------+------+----+-+-+--+------+
|Name|view| Initial res  | Initial resL1| Target res   | Final res    | Final res L1 |Visits|Iter|R|F|CL|Status|
+----+----+--------------+--------------+--------------+--------------+--------------+------+----+-+-+--+------+
|DVGR|   0|  1.287898e-09|  2.389881e-04|  8.049362e-14|  1.943009e-14|  1.037127e-06|     3|   9|0|n|30|  OK  |
Calculation_Mf nsd =   0: maximum value of div(momentum) (ncv=     40) =1.3489904209855e-06  
	norm_L2 of div(momentum) =4.4580298808199e-06  
slv : SolveYTd stage
+----+----+--------------+--------------+--------------+--------------+--------------+------+----+-+-+--+------+
|Name|view| Initial res  | Initial resL1| Target res   | Final res    | Final res L1 |Visits|Iter|R|F|CL|Status|
+----+----+--------------+--------------+--------------+--------------+--------------+------+----+-+-+--+------+
| CHT|   0|  1.543006e-11|  2.479839e-05|  9.643786e-16|  9.859760e-40|  1.567011e-19|     1|   9|0|n|30|  OK  |
slv : SolveYTurb stage
slv : Fluid subdom(new) 0
slv : P static (new)                 : min(     34) = 101325.10131335      , max(     73) = 101325.57360983      
slv : Density (new)                  : min(      0) = 1.233                , max(      0) = 1.233                
slv : Velocity (new)                 : min(     62) = 0.00081039784847007  , max(     18) = 0.019570961752985    
slv : Velocity GCS (new)             : min(     24) = 0.4038322193377      , max(     73) = 0.95735040742534     
slv : Temperature (new)              : min(     38) = 293.19994975206      , max(      1) = 293.20004930165      
slv : Total enthalpy, Y-shifted (new): min(     69) = -0.48899538965548    , max(     23) = -0.082279323716746   
slv : MASS FLUXES AT OPENINGS: MF=2.7037e-16, AP=1.04505e-06
slv : DvGr statistics: min alpha=0.246023(nfa=103, geom_slice=0)
Memory Working Set Current = 34.96 Mb, Memory Working Set Peak = 35.12 Mb
Process Threads Number: 11
Iteration : time = 0.358811 , count = 5 , time/count = 0.0717622
Calculate_inc() : time = 0.109203 , count = 5 , time/count = 0.0218406
TreatFlowEvolution() : time = 0.218408 , count = 5 , time/count = 0.0436816
SolverPreview : time = 0 , count = 6 , time/count = 0
TreatGoals : time = 0.218408 , count = 5 , time/count = 0.0436816

================== Tstep=5 ===================
  MWS[  0]=0.0319568
dt: nsd =   0 min dt/dtG(nCV=      0)=1.00 , max dt/dtG(nCV=      0)=1.0    , dtG=0.165537
Flow alg-view 0 in phis-view 0 isn't Neumann (not Phase Change treating)
ROTATION: weight_WR[nsd=0]= 0
slv : SolveBG stage
Calculation_Mf nsd =   0: maximum value of div(momentum) (ncv=     40) =1.3489904209855e-06  
Flow alg-view 0 is not Neumann (not for Phase Change + Nested Iters)
+----+----+--------------+--------------+--------------+--------------+--------------+------+----+-+-+--+------+
|Name|view| Initial res  | Initial resL1| Target res   | Final res    | Final res L1 |Visits|Iter|R|F|CL|Status|
+----+----+--------------+--------------+--------------+--------------+--------------+------+----+-+-+--+------+
| BG |   0|  1.987403e-11|  2.526295e-05|  1.242127e-15|  3.675513e-16|  1.288282e-07|     6|  18|0|n|30|  OK  |
Calculation_Mf nsd =   0: maximum value of div(momentum) (ncv=     35) =7.5359863982062e-09  
	norm_L2 of div(momentum) =1.9171626305134e-08  
Flow alg-view 0 in phis-view 0 isn't Neumann (not Phase Change treating)
LOG: number of a-faces with weighted approximations in 0 subdomain: 45.1389 percent
LOG: Rate of a-faces corrected to CUp1st in 0 subdomain: 7.93214 %
nsd =   0 Conv_fw[] is skipped for 168 w-faces
slv : SolveBL stage
Calculation_Mf nsd =   0: maximum value of div(momentum) (ncv=     35) =7.5359863982062e-09  
	norm_L2 of div(momentum) =1.9171626305134e-08  
nsd = 0 BC: AP Inlet occurs on 8 w-faces
slv : Solve3M stage
+----+----+--------------+--------------+--------------+--------------+--------------+------+----+-+-+--+------+
|Name|view| Initial res  | Initial resL1| Target res   | Final res    | Final res L1 |Visits|Iter|R|F|CL|Status|
+----+----+--------------+--------------+--------------+--------------+--------------+------+----+-+-+--+------+
| 3M |   0|  5.590401e-11|  7.031198e-05|  3.675798e-18|  7.993178e-23|  3.247891e-11|     1|   3|0|n|30|  OK  |
Velocity (predicted):
        (FIS) sd   0: min(     15)=0.00092889740687619  , max(     69)=0.025962363969088    
slv : SolveDvGr stage
Flow alg-view 0 is not Neumann (not for Phase Change + Nested Iters)
+----+----+--------------+--------------+--------------+--------------+--------------+------+----+-+-+--+------+
|Name|view| Initial res  | Initial resL1| Target res   | Final res    | Final res L1 |Visits|Iter|R|F|CL|Status|
+----+----+--------------+--------------+--------------+--------------+--------------+------+----+-+-+--+------+
|DVGR|   0|  1.815757e-09|  2.906772e-04|  1.134848e-13|  9.139626e-15|  6.023924e-07|     3|   9|0|n|30|  OK  |
Calculation_Mf nsd =   0: maximum value of div(momentum) (ncv=     52) =1.203682544326e-06   
	norm_L2 of div(momentum) =4.4927879569163e-06  
slv : SolveYTd stage
+----+----+--------------+--------------+--------------+--------------+--------------+------+----+-+-+--+------+
|Name|view| Initial res  | Initial resL1| Target res   | Final res    | Final res L1 |Visits|Iter|R|F|CL|Status|
+----+----+--------------+--------------+--------------+--------------+--------------+------+----+-+-+--+------+
| CHT|   0|  1.457068e-11|  2.394486e-05|  9.106678e-16|  2.145747e-33|  1.523137e-16|     1|   9|0|n|30|  OK  |
slv : SolveYTurb stage
slv : Fluid subdom(new) 0
slv : P static (new)                 : min(     34) = 101325.10137845      , max(     73) = 101325.57272158      
slv : Density (new)                  : min(      0) = 1.233                , max(      0) = 1.233                
slv : Velocity (new)                 : min(     45) = 0.00086626856381903  , max(     69) = 0.0215131201412      
slv : Velocity GCS (new)             : min(     24) = 0.40201273965255     , max(     39) = 0.95410395673132     
slv : Temperature (new)              : min(     38) = 293.19993324429      , max(      1) = 293.20005801338      
slv : Total enthalpy, Y-shifted (new): min(     69) = -0.49051714657852    , max(     24) = -0.081082473716067   
slv : MASS FLUXES AT OPENINGS: MF=2.70276e-16, AP=5.09587e-07
slv : DvGr statistics: min alpha=0.248877(nfa=90, geom_slice=0)
Memory Working Set Current = 34.97 Mb, Memory Working Set Peak = 35.12 Mb
Process Threads Number: 11

================== Tstep=6 ===================
  MWS[  0]=0.0309059
dt: nsd =   0 min dt/dtG(nCV=      0)=1.00 , max dt/dtG(nCV=      0)=1.0    , dtG=0.166253
Flow alg-view 0 in phis-view 0 isn't Neumann (not Phase Change treating)
ROTATION: weight_WR[nsd=0]= 0
slv : SolveBG stage
Calculation_Mf nsd =   0: maximum value of div(momentum) (ncv=     52) =1.203682544326e-06   
Flow alg-view 0 is not Neumann (not for Phase Change + Nested Iters)
+----+----+--------------+--------------+--------------+--------------+--------------+------+----+-+-+--+------+
|Name|view| Initial res  | Initial resL1| Target res   | Final res    | Final res L1 |Visits|Iter|R|F|CL|Status|
+----+----+--------------+--------------+--------------+--------------+--------------+------+----+-+-+--+------+
| BG |   0|  2.046145e-11|  2.775721e-05|  1.278841e-15|  5.778280e-16|  1.398805e-07|     6|  18|0|n|30|  OK  |
Calculation_Mf nsd =   0: maximum value of div(momentum) (ncv=      3) =1.4846462936083e-08  
	norm_L2 of div(momentum) =2.4038053343617e-08  
Flow alg-view 0 in phis-view 0 isn't Neumann (not Phase Change treating)
LOG: number of a-faces with weighted approximations in 0 subdomain: 37.5 percent
LOG: Rate of a-faces corrected to CUp1st in 0 subdomain: 7.2839 %
nsd =   0 Conv_fw[] is skipped for 168 w-faces
slv : SolveBL stage
Calculation_Mf nsd =   0: maximum value of div(momentum) (ncv=      3) =1.4846462936083e-08  
	norm_L2 of div(momentum) =2.4038053343617e-08  
nsd = 0 BC: AP Inlet occurs on 5 w-faces
slv : Solve3M stage
+----+----+--------------+--------------+--------------+--------------+--------------+------+----+-+-+--+------+
|Name|view| Initial res  | Initial resL1| Target res   | Final res    | Final res L1 |Visits|Iter|R|F|CL|Status|
+----+----+--------------+--------------+--------------+--------------+--------------+------+----+-+-+--+------+
| 3M |   0|  6.156098e-11|  7.251964e-05|  4.448572e-18|  2.217752e-22|  5.009336e-11|     1|   3|0|n|30|  OK  |
Velocity (predicted):
        (FIS) sd   0: min(     36)=0.00059469537743358  , max(     73)=0.027287249163412    
slv : SolveDvGr stage
Flow alg-view 0 is not Neumann (not for Phase Change + Nested Iters)
+----+----+--------------+--------------+--------------+--------------+--------------+------+----+-+-+--+------+
|Name|view| Initial res  | Initial resL1| Target res   | Final res    | Final res L1 |Visits|Iter|R|F|CL|Status|
+----+----+--------------+--------------+--------------+--------------+--------------+------+----+-+-+--+------+
|DVGR|   0|  2.571527e-09|  3.366187e-04|  1.607205e-13|  1.672538e-14|  9.053848e-07|     3|   9|0|n|30|  OK  |
Calculation_Mf nsd =   0: maximum value of div(momentum) (ncv=      6) =5.3665342950721e-06  
	norm_L2 of div(momentum) =1.7061719505031e-05  
slv : SolveYTd stage
+----+----+--------------+--------------+--------------+--------------+--------------+------+----+-+-+--+------+
|Name|view| Initial res  | Initial resL1| Target res   | Final res    | Final res L1 |Visits|Iter|R|F|CL|Status|
+----+----+--------------+--------------+--------------+--------------+--------------+------+----+-+-+--+------+
| CHT|   0|  1.307958e-11|  2.373682e-05|  8.174738e-16|  3.540353e-33|  1.899261e-16|     1|   9|0|n|30|  OK  |
slv : SolveYTurb stage
slv : Fluid subdom(new) 0
slv : P static (new)                 : min(     47) = 101325.10145183      , max(     73) = 101325.57046297      
slv : Density (new)                  : min(      0) = 1.233                , max(      0) = 1.233                
slv : Velocity (new)                 : min(     36) = 0.00073075293410327  , max(     80) = 0.019871473225952    
slv : Velocity GCS (new)             : min(     24) = 0.40045994113575     , max(     18) = 0.95918075902679     
slv : Temperature (new)              : min(     79) = 293.19991821224      , max(      1) = 293.20006445203      
slv : Total enthalpy, Y-shifted (new): min(     69) = -0.48569527965206    , max(     34) = -0.079975036594806   
slv : MASS FLUXES AT OPENINGS: MF=2.70376e-16, AP=8.27367e-07
slv : DvGr statistics: min alpha=0.243229(nfa=90, geom_slice=0)
Memory Working Set Current = 34.97 Mb, Memory Working Set Peak = 35.12 Mb
Process Threads Number: 11

================== Tstep=7 ===================
  MWS[  0]=0.0308585
dt: nsd =   0 min dt/dtG(nCV=      0)=1.00 , max dt/dtG(nCV=      0)=1.0    , dtG=0.172695
Flow alg-view 0 in phis-view 0 isn't Neumann (not Phase Change treating)
ROTATION: weight_WR[nsd=0]= 0
slv : SolveBG stage
Calculation_Mf nsd =   0: maximum value of div(momentum) (ncv=      6) =5.3665342950721e-06  
Flow alg-view 0 is not Neumann (not for Phase Change + Nested Iters)
+----+----+--------------+--------------+--------------+--------------+--------------+------+----+-+-+--+------+
|Name|view| Initial res  | Initial resL1| Target res   | Final res    | Final res L1 |Visits|Iter|R|F|CL|Status|
+----+----+--------------+--------------+--------------+--------------+--------------+------+----+-+-+--+------+
| BG |   0|  2.911673e-10|  9.207079e-05|  1.819796e-14|  9.105266e-15|  6.008391e-07|     6|  18|0|n|30|  OK  |
Calculation_Mf nsd =   0: maximum value of div(momentum) (ncv=      6) =3.4880543421896e-08  
	norm_L2 of div(momentum) =9.5421518906626e-08  
Flow alg-view 0 in phis-view 0 isn't Neumann (not Phase Change treating)
LOG: number of a-faces with weighted approximations in 0 subdomain: 33.3333 percent
LOG: Rate of a-faces corrected to CUp1st in 0 subdomain: 7.10973 %
nsd =   0 Conv_fw[] is skipped for 168 w-faces
slv : SolveBL stage
Calculation_Mf nsd =   0: maximum value of div(momentum) (ncv=      6) =3.4880543421896e-08  
	norm_L2 of div(momentum) =9.5421518906626e-08  
nsd = 0 BC: AP Inlet occurs on 5 w-faces
slv : Solve3M stage
+----+----+--------------+--------------+--------------+--------------+--------------+------+----+-+-+--+------+
|Name|view| Initial res  | Initial resL1| Target res   | Final res    | Final res L1 |Visits|Iter|R|F|CL|Status|
+----+----+--------------+--------------+--------------+--------------+--------------+------+----+-+-+--+------+
| 3M |   0|  9.682643e-11|  8.797169e-05|  3.555187e-18|  2.172044e-22|  4.609206e-11|     1|   3|0|n|30|  OK  |
Velocity (predicted):
        (FIS) sd   0: min(     50)=0.00064031056189784  , max(     79)=0.022138061758799    
slv : SolveDvGr stage
Flow alg-view 0 is not Neumann (not for Phase Change + Nested Iters)
+----+----+--------------+--------------+--------------+--------------+--------------+------+----+-+-+--+------+
|Name|view| Initial res  | Initial resL1| Target res   | Final res    | Final res L1 |Visits|Iter|R|F|CL|Status|
+----+----+--------------+--------------+--------------+--------------+--------------+------+----+-+-+--+------+
|DVGR|   0|  2.059452e-09|  3.138672e-04|  1.287158e-13|  2.951868e-14|  1.196534e-06|     3|   9|0|n|30|  OK  |
Calculation_Mf nsd =   0: maximum value of div(momentum) (ncv=     75) =1.7222832469563e-06  
	norm_L2 of div(momentum) =6.0408792291138e-06  
slv : SolveYTd stage
+----+----+--------------+--------------+--------------+--------------+--------------+------+----+-+-+--+------+
|Name|view| Initial res  | Initial resL1| Target res   | Final res    | Final res L1 |Visits|Iter|R|F|CL|Status|
+----+----+--------------+--------------+--------------+--------------+--------------+------+----+-+-+--+------+
| CHT|   0|  1.304250e-11|  2.183814e-05|  8.151565e-16|  3.402010e-33|  1.964891e-16|     1|   9|0|n|30|  OK  |
slv : SolveYTurb stage
slv : Fluid subdom(new) 0
slv : P static (new)                 : min(     34) = 101325.10147548      , max(     73) = 101325.57100762      
slv : Density (new)                  : min(      0) = 1.233                , max(      0) = 1.233                
slv : Velocity (new)                 : min(     50) = 0.00075442872670416  , max(      5) = 0.023691881869907    
slv : Velocity GCS (new)             : min(     47) = 0.39905503556847     , max(     82) = 0.95478920186903     
slv : Temperature (new)              : min(     79) = 293.19990488054      , max(      1) = 293.20006964154      
slv : Total enthalpy, Y-shifted (new): min(     73) = -0.48817913074637    , max(     47) = -0.078913122340907   
slv : MASS FLUXES AT OPENINGS: MF=2.70137e-16, AP=1.15444e-06
slv : DvGr statistics: min alpha=0.222716(nfa=90, geom_slice=0)
Memory Working Set Current = 34.97 Mb, Memory Working Set Peak = 35.12 Mb
Process Threads Number: 11

================== Tstep=8 ===================
  MWS[  0]=0.0306734
dt: nsd =   0 min dt/dtG(nCV=      0)=1.00 , max dt/dtG(nCV=      0)=1.0    , dtG=0.164565
Flow alg-view 0 in phis-view 0 isn't Neumann (not Phase Change treating)
ROTATION: weight_WR[nsd=0]= 0
slv : SolveBG stage
Calculation_Mf nsd =   0: maximum value of div(momentum) (ncv=     75) =1.7222832469563e-06  
Flow alg-view 0 is not Neumann (not for Phase Change + Nested Iters)
+----+----+--------------+--------------+--------------+--------------+--------------+------+----+-+-+--+------+
|Name|view| Initial res  | Initial resL1| Target res   | Final res    | Final res L1 |Visits|Iter|R|F|CL|Status|
+----+----+--------------+--------------+--------------+--------------+--------------+------+----+-+-+--+------+
| BG |   0|  3.654978e-11|  3.594611e-05|  2.284361e-15|  5.592079e-16|  1.498271e-07|     6|  18|0|n|30|  OK  |
Calculation_Mf nsd =   0: maximum value of div(momentum) (ncv=      6) =9.3643052177166e-09  
	norm_L2 of div(momentum) =2.3647577905703e-08  
Flow alg-view 0 in phis-view 0 isn't Neumann (not Phase Change treating)
LOG: number of a-faces with weighted approximations in 0 subdomain: 32.6389 percent
LOG: Rate of a-faces corrected to CUp1st in 0 subdomain: 7.69838 %
nsd =   0 Conv_fw[] is skipped for 168 w-faces
slv : SolveBL stage
Calculation_Mf nsd =   0: maximum value of div(momentum) (ncv=      6) =9.3643052177166e-09  
	norm_L2 of div(momentum) =2.3647577905703e-08  
nsd = 0 BC: AP Inlet occurs on 5 w-faces
slv : Solve3M stage
+----+----+--------------+--------------+--------------+--------------+--------------+------+----+-+-+--+------+
|Name|view| Initial res  | Initial resL1| Target res   | Final res    | Final res L1 |Visits|Iter|R|F|CL|Status|
+----+----+--------------+--------------+--------------+--------------+--------------+------+----+-+-+--+------+
| 3M |   0|  8.229063e-11|  8.259593e-05|  5.661731e-18|  3.580822e-23|  1.840701e-11|     1|   3|0|n|30|  OK  |
Velocity (predicted):
        (FIS) sd   0: min(     50)=0.00067909672858289  , max(      5)=0.025342076282906    
slv : SolveDvGr stage
Flow alg-view 0 is not Neumann (not for Phase Change + Nested Iters)
+----+----+--------------+--------------+--------------+--------------+--------------+------+----+-+-+--+------+
|Name|view| Initial res  | Initial resL1| Target res   | Final res    | Final res L1 |Visits|Iter|R|F|CL|Status|
+----+----+--------------+--------------+--------------+--------------+--------------+------+----+-+-+--+------+
|DVGR|   0|  2.749183e-09|  3.255740e-04|  1.718239e-13|  2.638895e-14|  1.174517e-06|     3|   9|0|n|30|  OK  |
Calculation_Mf nsd =   0: maximum value of div(momentum) (ncv=     71) =5.422273574639e-06   
	norm_L2 of div(momentum) =1.5509625954812e-05  
slv : SolveYTd stage
+----+----+--------------+--------------+--------------+--------------+--------------+------+----+-+-+--+------+
|Name|view| Initial res  | Initial resL1| Target res   | Final res    | Final res L1 |Visits|Iter|R|F|CL|Status|
+----+----+--------------+--------------+--------------+--------------+--------------+------+----+-+-+--+------+
| CHT|   0|  1.055289e-11|  1.954036e-05|  6.595557e-16|  1.646711e-34|  3.257043e-17|     1|   9|0|n|30|  OK  |
slv : SolveYTurb stage
slv : Fluid subdom(new) 0
slv : P static (new)                 : min(     23) = 101325.1016239       , max(     73) = 101325.56909364      
slv : Density (new)                  : min(      0) = 1.233                , max(      0) = 1.233                
slv : Velocity (new)                 : min(     50) = 0.00047912334592349  , max(      3) = 0.02064644090003     
slv : Velocity GCS (new)             : min(     47) = 0.39774870260148     , max(     18) = 0.95909000001496     
slv : Temperature (new)              : min(     38) = 293.19989364811      , max(      1) = 293.20007264635      
slv : Total enthalpy, Y-shifted (new): min(     73) = -0.48449187884578    , max(     47) = -0.078322191488269   
slv : MASS FLUXES AT OPENINGS: MF=2.70479e-16, AP=1.14661e-06
slv : DvGr statistics: min alpha=0.230082(nfa=34, geom_slice=0)
Memory Working Set Current = 34.98 Mb, Memory Working Set Peak = 35.12 Mb
Process Threads Number: 11

================== Tstep=9 ===================
  MWS[  0]=0.0308563
dt: nsd =   0 min dt/dtG(nCV=      0)=1.00 , max dt/dtG(nCV=      0)=1.0    , dtG=0.169924
Flow alg-view 0 in phis-view 0 isn't Neumann (not Phase Change treating)
ROTATION: weight_WR[nsd=0]= 0
slv : SolveBG stage
Calculation_Mf nsd =   0: maximum value of div(momentum) (ncv=     71) =5.422273574639e-06   
Flow alg-view 0 is not Neumann (not for Phase Change + Nested Iters)
+----+----+--------------+--------------+--------------+--------------+--------------+------+----+-+-+--+------+
|Name|view| Initial res  | Initial resL1| Target res   | Final res    | Final res L1 |Visits|Iter|R|F|CL|Status|
+----+----+--------------+--------------+--------------+--------------+--------------+------+----+-+-+--+------+
| BG |   0|  2.405485e-10|  7.727606e-05|  1.503428e-14|  7.458833e-15|  5.528488e-07|     6|  18|0|n|30|  OK  |
Calculation_Mf nsd =   0: maximum value of div(momentum) (ncv=      6) =2.9165873236605e-08  
	norm_L2 of div(momentum) =8.6364533100872e-08  
Flow alg-view 0 in phis-view 0 isn't Neumann (not Phase Change treating)
LOG: number of a-faces with weighted approximations in 0 subdomain: 44.4444 percent
LOG: Rate of a-faces corrected to CUp1st in 0 subdomain: 7.45695 %
nsd =   0 Conv_fw[] is skipped for 168 w-faces
slv : SolveBL stage
Calculation_Mf nsd =   0: maximum value of div(momentum) (ncv=      6) =2.9165873236605e-08  
	norm_L2 of div(momentum) =8.6364533100872e-08  
nsd = 0 BC: AP Inlet occurs on 8 w-faces
slv : Solve3M stage
+----+----+--------------+--------------+--------------+--------------+--------------+------+----+-+-+--+------+
|Name|view| Initial res  | Initial resL1| Target res   | Final res    | Final res L1 |Visits|Iter|R|F|CL|Status|
+----+----+--------------+--------------+--------------+--------------+--------------+------+----+-+-+--+------+
| 3M |   0|  1.051185e-10|  8.798685e-05|  4.043711e-18|  2.856457e-23|  2.044812e-11|     1|   3|0|n|30|  OK  |
Velocity (predicted):
        (FIS) sd   0: min(     50)=0.00039622852910696  , max(     60)=0.023718292828427    
slv : SolveDvGr stage
Flow alg-view 0 is not Neumann (not for Phase Change + Nested Iters)
+----+----+--------------+--------------+--------------+--------------+--------------+------+----+-+-+--+------+
|Name|view| Initial res  | Initial resL1| Target res   | Final res    | Final res L1 |Visits|Iter|R|F|CL|Status|
+----+----+--------------+--------------+--------------+--------------+--------------+------+----+-+-+--+------+
|DVGR|   0|  2.906481e-09|  3.478426e-04|  1.816551e-13|  1.885378e-14|  9.536143e-07|     3|   9|0|n|30|  OK  |
Calculation_Mf nsd =   0: maximum value of div(momentum) (ncv=     75) =2.0657442521792e-06  
	norm_L2 of div(momentum) =6.1219669941144e-06  
slv : SolveYTd stage
+----+----+--------------+--------------+--------------+--------------+--------------+------+----+-+-+--+------+
|Name|view| Initial res  | Initial resL1| Target res   | Final res    | Final res L1 |Visits|Iter|R|F|CL|Status|
+----+----+--------------+--------------+--------------+--------------+--------------+------+----+-+-+--+------+
| CHT|   0|  1.552997e-11|  2.424730e-05|  9.706234e-16|  1.656604e-32|  3.459450e-16|     1|   9|0|n|30|  OK  |
slv : SolveYTurb stage
slv : Fluid subdom(new) 0
slv : P static (new)                 : min(     49) = 101325.10149195      , max(     73) = 101325.57048902      
slv : Density (new)                  : min(      0) = 1.233                , max(      0) = 1.233                
slv : Velocity (new)                 : min(     50) = 0.00057138015958164  , max(     73) = 0.024765152526588    
slv : Velocity GCS (new)             : min(     47) = 0.39676556299618     , max(     82) = 0.95571757260878     
slv : Temperature (new)              : min(     38) = 293.19988352352      , max(      1) = 293.20007602721      
slv : Total enthalpy, Y-shifted (new): min(     73) = -0.48679168504312    , max(     47) = -0.077761298146369   
slv : MASS FLUXES AT OPENINGS: MF=2.70254e-16, AP=8.8915e-07
slv : DvGr statistics: min alpha=0.232306(nfa=90, geom_slice=0)
slv : +----------------------------------+------------+-------+------------+------------+
slv : |          Collector name          | Total Time | Count |  Avg Time  |  Max Time  |
slv : +----------------------------------+------------+-------+------------+------------+
slv : | CSolver_core_update_BC_1         |       0.007|     10|       0.001|       0.001|
slv : | Calculate_inc                    |       0.183|      9|       0.020|       0.114|
slv : | LiSy_make_portrait               |       0.002|     44|       0.000|       0.000|
slv : | Results_processing               |       0.214|      9|       0.024|       0.164|
slv : | build_sl_ordering_CHT            |       0.001|     10|       0.000|       0.000|
slv : | build_sl_ordering_MDS            |       0.001|     10|       0.000|       0.000|
slv : | build_sl_ordering_fluid          |       0.001|     10|       0.000|       0.000|
slv : | calc_Convolutions_MDS            |       0.002|     10|       0.000|       0.000|
slv : | calc_DivMfWr_MDS                 |       0.000|      2|       0.000|       0.000|
slv : | create_Gr_operators_MDS          |       0.004|     10|       0.000|       0.001|
slv : | create_Gr_operators_portrait_MDS |       0.001|     10|       0.000|       0.000|
slv : | init_Hy_group_MDS                |       0.002|     10|       0.000|       0.000|
slv : | perform_stage_total              |       0.161|    235|       0.001|       0.105|
slv : | precalc_at_start_MDS             |       0.002|      4|       0.001|       0.002|
slv : | solve_3M_MDS                     |       0.012|     10|       0.001|       0.001|
slv : | solve_3M_alg_MDS                 |       0.002|     10|       0.000|       0.000|
slv : | solve_BG_MDS                     |       0.116|     10|       0.012|       0.105|
slv : | solve_BG_alg_MDS                 |       0.113|     10|       0.011|       0.105|
slv : | solve_BL_MDS                     |       0.001|     10|       0.000|       0.000|
slv : | solve_CHT_MDS                    |       0.007|     10|       0.001|       0.001|
slv : | solve_CHT_alg_MDS                |       0.003|     10|       0.000|       0.000|
slv : | solve_DvGr_MDS                   |       0.013|     10|       0.001|       0.002|
slv : | solve_DvGr_alg_MDS               |       0.006|     10|       0.001|       0.001|
slv : | solve_INPR_MDS                   |       0.000|      1|       0.000|       0.000|
slv : | solve_PS+QJ                      |       0.000|      0|       0.000|       0.000|
slv : | solve_PSQJ_MDS_total             |       0.000|     10|       0.000|       0.000|
slv : | solve_YLMA_MDS                   |       0.000|     10|       0.000|       0.000|
slv : | solve_YNOx_MDS                   |       0.000|     10|       0.000|       0.000|
slv : | solve_YTd_MDS                    |       0.000|     10|       0.000|       0.000|
slv : | solve_YTurb_MDS                  |       0.000|     10|       0.000|       0.000|
slv : | update_BC_MDS                    |       0.000|     11|       0.000|       0.000|
slv : | update_VelPressure_MDS           |       0.001|     10|       0.000|       0.000|
slv : +----------------------------------+------------+-------+------------+------------+
Memory Working Set Current = 34.98 Mb, Memory Working Set Peak = 35.13 Mb
Process Threads Number: 11
/************Goal values******************/
GG Max Velocity 1				1.13180064 m/s
GG Max Velocity RRF 1				0.132899689 m/s
/************End of Goal values******************/
/************	Min/Max Parameters	************/
Density (Fluid):		min = 1.233 kg/m^3		max = 1.233 kg/m^3
Pressure:		min = 101325.092 Pa		max = 101325.57 Pa
Temperature (Fluid):		min = 293.199884 K		max = 293.200076 K
Velocity:		min = 0.38606799 m/s		max = 1.13180064 m/s
Velocity (X):		min = -1.08040425 m/s		max = 1.0804791 m/s
Velocity (Y):		min = -1.08046483 m/s		max = 1.08041852 m/s
Velocity (Z):		min = -1.17098285e-15 m/s		max = 8.7145496e-16 m/s
Velocity RRF:		min = 9.01296379e-06 m/s		max = 0.132899689 m/s
Velocity RRF (X):		min = -0.0949799816 m/s		max = 0.0949859399 m/s
Velocity RRF (Y):		min = -0.0950314653 m/s		max = 0.0949344898 m/s
Velocity RRF (Z):		min = -1.17098285e-15 m/s		max = 8.7145496e-16 m/s
/************	End of Min/Max Parameters	************/
Solver finished at	22.2.2017	7:49:56
ENDING PROGRAM...
Estimated fld size=0.07 Mb
Writing fld file "13-ROTATED_FLOWS\00062-RRF-u_R_0_MF\ft_run\1\1.fld"...
FILE SAVED: 1.fld. Total save fld took 0.00 sec.
real fld size=0.03 Mb
FILE RENAMED: r_000000.cfld -> 1.cfld
OK
Depository creating ...
stream_line (0.000 s)
FS triangles count 566 
wall_triangles (0.002 s)
nb_bricks (0.002 s)
Face_aver_on (0.000 s)
size of cv_intrp_f = 0.02 Mb
size of cv_intrp_s = 0.00 Mb
size of cv_intrp_fw = 0.03 Mb
size of cv_intrp_sw = 0.01 Mb
CCVInterp_DepEntry::Calculate duration = 0.002 s
cv_interp (0.003 s)
favorite_params (0.026 s)
Face_aver_off (0.000 s)
Depository creating ...OK (0.034 s)
Solver finished at	22.2.2017	7:49:56
Total CPU time 0 s
Free memory:
slv : +----------------------------------+------------+-------+------------+------------+
slv : |          Collector name          | Total Time | Count |  Avg Time  |  Max Time  |
slv : +----------------------------------+------------+-------+------------+------------+
slv : | CSolver_core_update_BC_1         |       0.007|     10|       0.001|       0.001|
slv : | Calculate_inc                    |       0.193|     10|       0.019|       0.114|
slv : | LiSy_make_portrait               |       0.002|     44|       0.000|       0.000|
slv : | Results_processing               |       0.216|     10|       0.022|       0.164|
slv : | build_sl_ordering_CHT            |       0.001|     10|       0.000|       0.000|
slv : | build_sl_ordering_MDS            |       0.001|     10|       0.000|       0.000|
slv : | build_sl_ordering_fluid          |       0.001|     10|       0.000|       0.000|
slv : | calc_Convolutions_MDS            |       0.002|     10|       0.000|       0.000|
slv : | calc_DivMfWr_MDS                 |       0.000|      2|       0.000|       0.000|
slv : | create_Gr_operators_MDS          |       0.004|     10|       0.000|       0.001|
slv : | create_Gr_operators_portrait_MDS |       0.001|     10|       0.000|       0.000|
slv : | init_Hy_group_MDS                |       0.002|     10|       0.000|       0.000|
slv : | perform_stage_total              |       0.161|    235|       0.001|       0.105|
slv : | precalc_at_start_MDS             |       0.002|      4|       0.001|       0.002|
slv : | solve_3M_MDS                     |       0.012|     10|       0.001|       0.001|
slv : | solve_3M_alg_MDS                 |       0.002|     10|       0.000|       0.000|
slv : | solve_BG_MDS                     |       0.116|     10|       0.012|       0.105|
slv : | solve_BG_alg_MDS                 |       0.113|     10|       0.011|       0.105|
slv : | solve_BL_MDS                     |       0.001|     10|       0.000|       0.000|
slv : | solve_CHT_MDS                    |       0.007|     10|       0.001|       0.001|
slv : | solve_CHT_alg_MDS                |       0.003|     10|       0.000|       0.000|
slv : | solve_DvGr_MDS                   |       0.013|     10|       0.001|       0.002|
slv : | solve_DvGr_alg_MDS               |       0.006|     10|       0.001|       0.001|
slv : | solve_INPR_MDS                   |       0.000|      1|       0.000|       0.000|
slv : | solve_PS+QJ                      |       0.000|      0|       0.000|       0.000|
slv : | solve_PSQJ_MDS_total             |       0.000|     10|       0.000|       0.000|
slv : | solve_YLMA_MDS                   |       0.000|     10|       0.000|       0.000|
slv : | solve_YNOx_MDS                   |       0.000|     10|       0.000|       0.000|
slv : | solve_YTd_MDS                    |       0.000|     10|       0.000|       0.000|
slv : | solve_YTurb_MDS                  |       0.000|     10|       0.000|       0.000|
slv : | update_BC_MDS                    |       0.000|     11|       0.000|       0.000|
slv : | update_VelPressure_MDS           |       0.001|     10|       0.000|       0.000|
slv : +----------------------------------+------------+-------+------------+------------+
alg : 
alg :  size = 84
alg :  assembling_nnz_PardisoCholesky   0.000  10
alg :  build_coarse_select_omega        0.000  10
alg :  build_fine_select_omega          0.000  10
alg :  build_select_pivot_nonzeros      0.000  10
alg :  build_select_vectors             0.000  10
alg :  calc_residual_LU                 0.001  27
alg :  call_MG_solver                   0.005  10
alg :  clean_coarse_levels              0.000  10
alg :  clean_fine_level                 0.000  10
alg :  init_RB_coarse_nonzeros          0.000  10
alg :  init_RB_fine_nonzeros            0.000  10
alg :  init_coarse_levels               0.001  10
alg :  init_fine_level                  0.001  10
alg :  mg_cycle                         0.005  10
alg :  numerical_PardisoCholesky        0.001  10
alg :  perform_prolongation             0.000  17
alg :  perform_restriction              0.000  17
alg :  run_smoothing                    0.001  27
alg :  smoother_fine                    0.001  81
alg :  solve_MG                         0.006  10
alg :  solve_PardisoCholesky            0.001  17
alg :  symbolic_PardisoCholesky         0.000  1
alg :  update_mg_status                 0.000  44
alg : 
alg :  size = 84
alg :  assembling_nnz_PardisoCholesky   0.000  10
alg :  build_coarse_select_omega        0.000  10
alg :  build_fine_select_omega          0.000  10
alg :  build_select_pivot_nonzeros      0.000  10
alg :  build_select_vectors             0.000  10
alg :  calc_residual_LU                 0.001  60
alg :  call_MG_solver                   0.112  10
alg :  clean_coarse_levels              0.000  10
alg :  clean_fine_level                 0.000  10
alg :  init_RB_coarse_nonzeros          0.000  10
alg :  init_RB_fine_nonzeros            0.000  10
alg :  init_coarse_levels               0.105  10
alg :  init_fine_level                  0.001  10
alg :  mg_cycle                         0.111  10
alg :  numerical_PardisoCholesky        0.001  10
alg :  perform_prolongation             0.000  50
alg :  perform_restriction              0.000  50
alg :  run_smoothing                    0.003  60
alg :  smoother_fine                    0.001  180
alg :  solve_MG                         0.112  10
alg :  solve_PardisoCholesky            0.001  50
alg :  symbolic_PardisoCholesky         0.103  1
alg :  update_mg_status                 0.000  110
alg : 
alg :  size = 84
alg :  build_fine_select_omega       0.000  10
alg :  build_select_pivot_nonzeros   0.000  10
alg :  build_select_vectors          0.000  10
alg :  calc_residual_LU              0.000  10
alg :  call_MG_solver                0.001  10
alg :  clean_fine_level              0.000  10
alg :  init_RB_fine_nonzeros         0.000  10
alg :  init_fine_level               0.001  10
alg :  mg_cycle                      0.001  10
alg :  run_smoothing                 0.001  10
alg :  smoother_fine                 0.000  30
alg :  solve_MG                      0.002  10
alg :  update_mg_status              0.000  10
alg : 
alg :  size = 84
alg :  build_fine_select_omega       0.000  10
alg :  build_select_pivot_nonzeros   0.000  10
alg :  build_select_vectors          0.000  10
alg :  calc_residual_LU              0.000  10
alg :  call_MG_solver                0.002  10
alg :  clean_fine_level              0.000  10
alg :  init_RB_fine_nonzeros         0.000  10
alg :  init_fine_level               0.001  10
alg :  mg_cycle                      0.001  10
alg :  run_smoothing                 0.001  10
alg :  smoother_fine                 0.001  90
alg :  solve_MG                      0.002  10
alg :  update_mg_status              0.000  10
Free Geometry DB takes 0.000 s
OK
