Number of used processors (NPROC): 1.
Number of mesh partitions (NPART): 1.
Operating system:	Windows 7 Service Pack 1 (Version 6.1.7601)
Total Physical Memory = 6.00 Gb, Available Physical Memory = 3.88 Gb
Memory Working Set Current = 21.96 Mb, Memory Working Set Peak = 71.61 Mb
CPU:	GenuineIntel, Stepping ID = 2, Model = 13, Family = 6, Extended model = 2, MMX SSE SSE2 Hyper-Threading Technology SSE3
CPU Brand String:        Intel(R) Xeon(R) CPU E5-2680 0 @ 2.70GHz
Cache Line Size = 64, L2 Associativity = 6, Cache Size = 256K
Number of cores: 8, Processor type: 8664, Active processor mask: 255, Page size: 4096 bites
std::thread::hardware_concurrency = 8
OpenMP enabled (spec=200203). max_threads = 8, num_procs = 8, num_threads = 8.

SOLIDWORKS 2016 SP3.0
13-ROTATED_FLOWS\00051-RRF-u_G_0_IW_ref_boundary\ft_run\1\1.fld
Configuration name:	Default
Project name:	as3d
/*******************************************/
/*         Project Summary                 */
/*******************************************/
Problem type:						internal
Result resolution:					5
Minimum gap size:					0.2
Minimum wall thickness:				0.202
Manual refinement:					Off
Solid refinement:					Off
Fluid substances count				1

		Advanced capabilities
Heat transfer						On
Transient						Off
Gravitation						Off
Laminar flow						On
Compressibility					Off
Number of solid substances			0
Roughness:						0

************************************************

Geometry database loading ...OK
Flow Simulation 2016  x64 / 3800 / SOLVER ver. efd_17_0.3746_30.12.2016+VOF_GUI_Therm_Slv_Integration_1 



STATIONARY

ROTATIONAL COORDINATES SYSTEM:
OMEGA 10   AXIS:  NORMAL VECTOR (0 0 1)  REFERENCE POINT: (0 0 0)

LAM-BREMHORST K-EPSILON TURBULENCE MODEL
EXTERNAL=1  CHT=0  FROZEN=0  P_REF=1  RADIATION=0  HVAC_COMFORT_PARAMETERS=0
-----------------------------------------------------------------------
Allocating meshes:
	CPU count: 1
	MESH 0:
		Sub-meshes count: 1
-----------------------------------------------------------------------
Memory Status before reading BCF:
Memory Working Set Current = 25.72 Mb, Memory Working Set Peak = 71.61 Mb
Process Threads Number: 11

-----------------------------------------------------------------------
BCF CHECKSUM DATA (Mesh 0):

FACE_A Area Sum:   G.Fluid        0.4632264994910279
FACE_A Area Sum:   G.Solid        0.1413413209325234
FACE_W Area Sum:                  0.1160795428726103
FACE_W Nb   Sum:                  54424
FACE_W min curvatures sum:        -101760.08787537
FACE_W max curvatures sum:        0.00000000
AV Max Disbalance: G.Fluid        1.69748e-16 (cid=10427, avid=7653, pid=3651)
AV Max Disbalance: G.Solid        1.81608e-16 (cid=2825, avid=24491, pid=1098)
-----------------------------------------------------------------------


-----------------------------------------------------------------------
MESHER TOPOLOGY DATA (Mesh 0):

BRICKS: Total                 30228
BRICKS: 1-CV                  20052
BRICKS: 2-CV                  10176
BRICKS: Bad                   0

AV:     G.Total               40404
AV:     G.Fluid               22544
AV:     G.Solid               17860

AV:     G.Fluid Thin Profile    0.00 % (0)
AV:     G.Solid Thin Profile    0.00 % (0)

AV:     G.Fluid Thin For Mega   0.00 % (0)
AV:     G.Solid Thin For Mega   0.00 % (0)

AV:     G.Fluid Non-Convex      0.00 % (0)
AV:     G.Solid Non-Convex      0.00 % (0)

FACE_A: G.Fluid          (af) 64760 (partially opened 19716)
FACE_A: G.Solid          (as) 49744 (partially opened 19716)

FACE_W: G.Total                 20256       Brick/Bound
FACE_W: G.Fluid/Solid    (fs_g) 10176       0           
FACE_W: G.Fluid/Fluid    (ff_g) 0           0           
FACE_W: G.Solid/Solid    (ss_g) 0           0           
FACE_W: G.Fluid/External (fe_g) 4816
FACE_W: G.Solid/External (se_g) 5264

AV/CV max fa count (on brick side):32
AV/CV max fw count:                32
AV/CV max fw poly count:           36

MEMORY: Total                   13.784 MB
MEMORY: Per Brick               0.467 KB
-----------------------------------------------------------------------

----------------------------------------------------------
BCF --> BCF.GEOMSUBDOM (bridge arrays) (cpu_num=1):
MESH (0):
	Fluid Subdom Constructor: 1 subdom(s).
	Solid Subdom Constructor: 1 subdom(s).
	Net Asm Subdom Constructor: 0 subdom(s).
	GEOMSUBDOM (0): gi=0 fluid av=22544 cv=2396 fa=64760 fw=14992 V=7.539621e-04
	GEOMSUBDOM (1): gi=1 solid av=17860 cv=17860 fa=49744 fw=15440 V=2.253339e-04
	Setting nb of w-faces...OK.

MESH (0) checking:
	GEOMSUBDOM (0):fa_s=0.4632264994908683 fw_s=0.0779097144057547 fw_nb=39264
	GEOMSUBDOM (1):fa_s=0.1413413209325250 fw_s=0.0532493713394922 fw_nb=35512
MESH (0) checking: OK.
----------------------------------------------------------
Memory Status after reading BCF:
Memory Working Set Current = 66.04 Mb, Memory Working Set Peak = 71.61 Mb
Process Threads Number: 11
Total read CPT took 0.48 sec.
MESH::Bricks: Total=30228 Gas=12368 Solid=7684 Partial=10176 Irregular=0

-----------------------------------------------------------------------
Mesh dimensions:
				I[0 ]=10
				I[1 ]=10
				I[2 ]=1
Solver refinement level	I[47]=0

Comp. domain size:
				a[0  ]=-0.101
				a[1  ]=0.101
				a[2  ]=-0.101
				a[3  ]=0.101
				a[4  ]=-0.012
				a[5  ]=0.012
Wall thickness		a[231]=0
Gap size			a[232]=1
-----------------------------------------------------------------------
-----------------------------------------------------------------------
Preparing for calculations started at	22.2.2017	7:49:55
slv_max_lev=2
CD X0= -0.101, X1= 0.101, Y0= -0.101, Y1= 0.101, Z0= -0.012, Z1= 0.012
Collecting Reference Parameters... OK
-----------------------------------------------------------------------
CV statisticks for fluid...
	CV number:         2396
	FACE_A max number: 80
	FACE_W max number: 36
-----------------------------------------------------------------------
-----------------------------------------------------------------------
CV statisticks for solid...
	CV number:         0
	FACE_A max number: 0
	FACE_W max number: 0
-----------------------------------------------------------------------
Update time step in solids: STATIONARY IN SOLIDS
FLUID SUBDOMAIN   0 LC =0 LAMTURB=-1 NONNEWTON=0  STEAM=0  CAVITATION=0 IT=6 NT=0 NC=1 U_DIM_EXT=11

===ThermodynamicsHolder:===
Subdom 0 Incompressible liquid thermodynamics
	substance 0 type=fwLiquid, guid=6b2c6742-3f07-41fd-8be2-0a38e439e1ce, name=air-incompressible
===ThermodynamicsHolder:===
Memory allocation for matrix entries in solver is block-wise,
( size of block = 1048576 bytes (1Mb) ).

132 parameter(s) in list of scalar parameters
5 parameter(s) in list of vector parameters
-----------------------------------------------------------------------
Loading mesh settings (global/local/SAR)...
Setting regions...
Setting regions takes 0.000 s
-----------------------------------------------------------------------

CollectIndata: Initialize stored in U[] parameters (pressure,momentum,dens,..)... OK(CPU=0.0173926s)

THERMODYNAMICS: Initialize stored in U[] parameters (T,Cp,Pr,..)
                and switch to Y-shifted Total Enthalpy:
Total Enthalpy:                    (FIS, old) sd   0: min(   1882,   1882)=304722.26002965      , max(   1187,   1187)=304722.75936542      
Total Enthalpy, Y-shifted:         (FIS, old) sd   0: min(   1882,   1882)=-0.49997035738584    , max(   1187,   1187)=-0.00063458138273157 
OK: U[] is initialized.

Collect Body BC...OK
Collect Fans...OK
Collect Surface Sources...OK
Collect Contact resistance BC...OK
Collect Perforated plates BC...OK
Collect Electric contact BC...OK
Collect Surface Goals...
Received 0 wall face(s) and 0 virtual face(s)...
 OK
Total CPU time 0 s
Collect Unused surface area...OK
MWS estimation...
Subdomain number =   0 V_indata_max =          0, v_max_from_mf_on_BC =           0, v_max_from_pressure_opening =           0, MWS =       0.25 Ref. Pressure =  101325

There is 1 subdomain in fluid:
subdomain   0: INCOMPRESSIBLE,   MONOTONIC T,    2396 CVs, LAMINAR ONLY
             ROTATIONAL COORDINATES SYSTEM:
             OMEGA=10;  AXIS: n=(0 0 1) X0=(0 0 0)
NPROC = 1, nested_parallelization = 0
NPART = 1
Calculate wall distance: initialization -> real wall faces = 0 OK(CPU=0s)
	geomsd(0) min=1.772430e-01 (nav=0), max=1.772430e-01 (nav=0) (CPU=0s)

/-----------------------------------------------------------/
SOLVER TOPOLOGY DATA:

BRICKS: |level1| sum         45088

CV:     Total               2396
CV:     Fluid               2396
CV:     Solid               0

CV:     G.Fluid Thin Profile   26.04 % (624)
CV:     G.Solid Thin Profile    0.00 % (0)

CV:     G.Fluid Non-Convex      0.00 % (0)
CV:     G.Solid Non-Convex      0.00 % (0)

FACE_A: Fluid          (af) 64760
FACE_A: Max number placed on a brick-face in cv: 32
FACE_A: Solid          (as) 49744

FACE_W: Total               20256
FACE_W: Fluid/Solid    (fs) 10176
FACE_W: Fluid/Fluid    (ff) 0
FACE_W: Solid/Solid    (ss) 0
FACE_W: Opening BC               (fo)  0
FACE_W: Fluid/Bound              (fw)  14992
FACE_W: Solid/Bound              (sw)  0
FACE_W: Fluid/Bound Real Wall    (frw) 0
FACE_W: Solid/Bound Real Wall    (srw) 0
FACE_W: Max number placed in cv: 36
Fluid:
CV Max Disbalance:                3.49107e-16 (ncv=2369)
/-----------------------------------------------------------/

LOG: Subdom[0] has no Openings
LOG: EQN_3M[0]=1 
LOG: HYBRID[0]=0 
  nsd=  0: min rho=1.233, var Kin E=7.70625
Create solver core
 MDS: Converting solver problem ...
MDS: OK
slv : Calculations at run start
slv : Create sub-domains supervisors:
slv : 	1 fluid
slv : Create sub-domains mesh connectivity supervisors:
slv : Collect slices by phenomena...
slv : 	fluid flow slices were created:	1
slv : 	heat transfer slices were created:	1
slv : 	electric current flow slices were created:	0
slv : 	radiation slices were created:	0
slv : Creating meshes proxies for multigrid...
slv : Convert MESH[0] to multigrid mesh proxy...
slv : 30228 bricks are accounted by implicit methods(100% of total)
slv : max tree bricks count = 1184
alg : MG: create topological coarsening...
alg : Mesh 0  OK
slv : Building views for fluid flow...
slv : 1 views are created
slv : Building fluid flow views schemes...
slv : View   0: Implicit scheme in fluid
slv : Building views for heat transfer...
slv : 1 views are created
slv : Building heat transfer views schemes...
slv : Building electric current flow views schemes...
slv : PrecalcAtStart views for fluid flow...
=== Fluid sub-domain nsd=0 ========================
Pre-calculations at run start, Implicit Scheme:
Mass is predefined in this sub-domain

MARK CVs and A-FACEs WITH/NEAR GEOMETRICAL PECULIARITIES:

  Skip the artificial force suppressing Un (Ksi_wall) on w-faces = 216 (1.44077% of w-faces),
  A-faces placed opposite External boundary with Symmetry BC: N_face_ns=4816 (7.43669%)
BC re-definition: Real Wall to Ideal Wall: 0 w-faces
mgl = 31 size = 2396
mgl = 30 size =  746
mgl = 29 size =  340

mgl = 31 size = 2396
mgl = 30 size =  746
mgl = 29 size =  340

mgl = 31 size = 2396
mgl = 30 size =  746
mgl = 29 size =  340

slv : PrecalcAtStart views for heat transfer...
Creating view scheme...
1 heat transfer algebraic views are created
mgl = 31 size = 2396
mgl = 30 size =  746
mgl = 29 size =  340

slv : PrecalcAtStart views for electric current flow...
slv : PrecalcAtStart views for radiation...

Re-define MWS=max(mws_sd) and P_ref=averaged(P_ref_sd) over fluid-flow sub-domains in view:
nsd=  0: mws=0.25                 , P_ref=101325.30800111      
slv : ------------ Start of Preliminary step at Calculation start ------------
slv : Fluid subdom(new) 0
slv : P static (new)                 : min(   1187) = 101325.00078243      , max(   1882) = 101325.61646345      
slv : Density (new)                  : min(      0) = 1.233                , max(      0) = 1.233                
slv : Velocity (new)                 : min(      0) = 0                    , max(      0) = 0                    
slv : Velocity GCS (new)             : min(   1187) = 0.035625217755573    , max(   1882) = 0.99997035362768     
slv : Temperature (new)              : min(      0) = 293.2                , max(      0) = 293.2                
slv : Total enthalpy, Y-shifted (new): min(   1882) = -0.49997035738584    , max(   1187) = -0.00063458138273157 
slv : ------------ End of Preliminary step at Calculation start ------------

----------------------------------------------------------
BCF checking (solver)...
----------------------------------------------------------

Estimated cfld size=1.66 Mb
Writing cfld file "13-ROTATED_FLOWS\00051-RRF-u_G_0_IW_ref_boundary\ft_run\1/r_000000.cfld"...
Working in No GDBLight mode
Working in No GDBLight mode
FILE SAVED: r_000000.cfld. Total save cfld took 0.02 sec.
real cfld size=0.35 Mb
OK
Estimated fld size=4.99 Mb
Writing fld file "13-ROTATED_FLOWS\00051-RRF-u_G_0_IW_ref_boundary\ft_run\1/r_000000.fld"...
FILE SAVED: r_000000.fld. Total save fld took 0.02 sec.
real fld size=1.22 Mb
OK
Init simple interpolator... OK (0.191 sec)
BC 'Ideal Wall 1' is on 10176 faces (AS area=0.0150795, CAD area=0.0151098, difference=-0.2%)

Preview parameters:
	Density (Fluid)
	Pressure
	Temperature
	Temperature (Fluid)
	Velocity
	Velocity (X)
	Velocity (Y)
	Velocity (Z)
	Axial Velocity
	Circumferential Velocity
	Circumferential Velocity RRF
	Peripheral Velocity
	Radial Velocity
	Velocity RRF
	Velocity RRF (X)
	Velocity RRF (Y)
	Velocity RRF (Z)
	Dynamic Pressure
	Thermodynamic Pressure
	Total Pressure
	Dynamic Viscosity
	Prandtl Number
	Specific Heat (Cp)
	Total Enthalpy
	Total Viscosity
25 parameter(s) in preview list of parameters

Calculation started at	22.2.2017	7:49:56
Total CPU time 1 s
//-------------------------Fast mass flow--------------------//
//-------------There are no openings in task--------------//
//-------------------------Using size criteria--------------//

================== Tstep=0 ===================
Boundary layer settings:
	Separation tau    on
	Enable 3D effects off
BL MODEL         	Ignore compressibility  off
	BL on porous body  off
	Separ. tau corr factor 0
	Separ. tau kappa 0.1
	Separ. tau KV0 0.1
------------------------
NumerCore CHT-start settings:
	Min typical size					1
	Zero vel ht factor				0.006
	C_mju_turb_min                   0.01
	Threshold value for K-E filter   0.000910158
	C_mju                            0.09
	C_eps1                           1.44
	C_eps2                           1.92
	Sigma_k                          1
	Sigma_eps                        1.3
	Sigma_c                          0.9
	Approx mode                      1st order
-------------
NumCoreFESSettings:
	Maximum possible Mach	0
	Turbulent Prandtl		0.9
-------------
slv : Implicit schemes in fluid settings:
slv : INPR	: rel_resid=0.00790569
slv : BACKGROUND	: rel_resid=0.00790569
slv : DVGR	: rel_resid=0.00790569
slv : MOMENTUM	: rel_resid=0.00790569
slv : CHT	: rel_resid=0.00790569
slv : Y_TD	: rel_resid=0.00790569
slv : Y_TURB	: rel_resid=0.00790569
slv : LMA	: rel_resid=0.00790569
slv : UVGI	: rel_resid=0.00790569
slv : NOx	: rel_resid=0.00790569
slv : VOL_FRAC_IM_PHASE	: rel_resid=0.00790569
slv : Disable wall motion impact into H threshold=10
slv : Relax par ring =0.05
slv : Isothermal cavitation CF corrector = 1
slv : Isothermal cavitation pseudo transient corrector = -1
slv : Isothermal cavitation forced time step in cavitated regions = -1
slv : force_free_surface_VOF = -1
slv : ---------------------------------------
------Solid settings---
Approximation mode = 2'nd order && thin_profiles
Solid temperature eps_abs scaling factor: 0.001
number dofs per absorptive face: 9
subgrid ratio: 0.500000
Blink filter: disabled
------------------------------
slv : Iterations settings:
slv : Max number of outer iter = 1
slv : Max number of Mass&Energy iter = 1
slv : Max Courant factor = 10
slv : Conservation laws tolerance residuals:
slv : 	MASS	0.005
slv : 	MOMENTUM	0.005
slv : 	ENERGY	0.005
slv : 	SPECIES	0.005
slv : 	TURBULENCE	0.005
slv : ---------------------------------------
slv : Scheme blocks settings:
slv : INPR	: stop_crit=residAbs_AND_residRel 
slv : BACKGROUND	: stop_crit=residAbs_AND_residRel 
slv : DVGR	: stop_crit=residAbs_AND_residRel 
slv : MOMENTUM	: stop_crit=residAbs_AND_residRel 
slv : CHT	: stop_crit=residAbs_AND_residRel 
slv : Y_TD	: stop_crit=residAbs_AND_residRel 
slv : Y_TURB	: stop_crit=residAbs_AND_residRel 
slv : LMA	: stop_crit=residAbs_AND_residRel 
slv : UVGI	: stop_crit=residAbs_AND_residRel 
slv : NOx	: stop_crit=residAbs_AND_residRel 
slv : VOL_FRAC_IM_PHASE	: stop_crit=residAbs_AND_residRel 
slv : ---------------------------------------
Accuracy scale coeff =1
  MWS[  0]=0.249994
dt: nsd =   0 min dt/dtG(nCV=      0)=1.00 , max dt/dtG(nCV=      0)=1.0    , dtG=0.00126233
Flow alg-view 0 in phis-view 0 is Neumann (not Phase-change-specific treating)
LOG: Flow rate discrepancy at boundary (corrected):
ROTATION: weight_WR[nsd=0]= 0
slvD: ROTATION(nsd=0): max div_Mf(rho_av*[W x r])=9.52982e-07  at ncv=1798
slv : SolveBG stage
Calculation_Mf nsd =   0: maximum value of div(momentum) (ncv=      0) =0                    
Flow alg-view 0 is Neumann (not for Phase Change + Nested Iters)
+----+----+--------------+--------------+--------------+--------------+--------------+------+----+-+-+--+------+
|Name|view| Initial res  | Initial resL1| Target res   | Final res    | Final res L1 |Visits|Iter|R|F|CL|Status|
+----+----+--------------+--------------+--------------+--------------+--------------+------+----+-+-+--+------+
| BG |   0|  0.000000e+00|  0.000000e+00|  0.000000e+00|  0.000000e+00|  0.000000e+00|     1|   3|0|y|29|  OK  |
neumann fix solution. y[row=0][ncv=2263]=    0.0000e+00
Calculation_Mf nsd =   0: maximum value of div(momentum) (ncv=      0) =0                    
	norm_L2 of div(momentum) =0                    
Flow alg-view 0 in phis-view 0 is Neumann (not Phase-change-specific treating)
LOG: Flow rate discrepancy at boundary (corrected):
slvD: ROTATION(nsd=0): max div_Mf(rho_av*[W x r])=9.52982e-07  at ncv=1798
nsd =   0 Conv_fw[] is skipped for 4816 w-faces
slv : SolveBL stage
LOG nsd = 0: numb_of_convergent=45, numb_of_divergent=45
Calculation_Mf nsd =   0: maximum value of div(momentum) (ncv=      0) =0                    
	norm_L2 of div(momentum) =0                    
slv : Solve3M stage
+----+----+--------------+--------------+--------------+--------------+--------------+------+----+-+-+--+------+
|Name|view| Initial res  | Initial resL1| Target res   | Final res    | Final res L1 |Visits|Iter|R|F|CL|Status|
+----+----+--------------+--------------+--------------+--------------+--------------+------+----+-+-+--+------+
| 3M |   0|  2.103422e-27|  2.246270e-12|  2.103422e-27|  9.469784e-61|  8.689266e-30|     1|   3|0|y|29|  OK  |
Velocity (predicted):
        (FIS) sd   0: min(   1858)=2.4923460361841e-15  , max(      3)=1.9974653597009e-11  
slv : 
slv : NUMBER OF INNER ITERATIONS = 1
slv : 
slv : SolveDvGr stage
Flow alg-view 0 is Neumann (not for Phase Change + Nested Iters)
+----+----+--------------+--------------+--------------+--------------+--------------+------+----+-+-+--+------+
|Name|view| Initial res  | Initial resL1| Target res   | Final res    | Final res L1 |Visits|Iter|R|F|CL|Status|
+----+----+--------------+--------------+--------------+--------------+--------------+------+----+-+-+--+------+
|DVGR|   0|  1.774583e-27|  1.605702e-12|  1.774583e-27|  3.562660e-30|  6.502245e-14|     1|   3|0|y|29|  OK  |
neumann fix solution. y[row=0][ncv=412]=    1.7922e-12
Calculation_Mf nsd =   0: maximum value of div(momentum) (ncv=   1729) =4.130789853004e-16   
	norm_L2 of div(momentum) =2.6367879005191e-15  
slv : SolveYTd stage
+----+----+--------------+--------------+--------------+--------------+--------------+------+----+-+-+--+------+
|Name|view| Initial res  | Initial resL1| Target res   | Final res    | Final res L1 |Visits|Iter|R|F|CL|Status|
+----+----+--------------+--------------+--------------+--------------+--------------+------+----+-+-+--+------+
| CHT|   0|  1.448949e-33|  1.140254e-15|  1.448949e-33|  5.177059e-38|  5.958222e-18|     1|   3|0|y|29|  OK  |
slv : SolveYTurb stage
slv : Fluid subdom(new) 0
slv : P static (new)                 : min(   1187) = 101325.00078243      , max(   1882) = 101325.61646345      
slv : Density (new)                  : min(      0) = 1.233                , max(      0) = 1.233                
slv : Velocity (new)                 : min(   1858) = 6.4093724442051e-16  , max(   2301) = 3.5338375166336e-12  
slv : Velocity GCS (new)             : min(   1187) = 0.035625217755679    , max(   1882) = 0.99997035362768     
slv : Temperature (new)              : min(    105) = 293.2                , max(      1) = 293.2                
slv : Total enthalpy, Y-shifted (new): min(   1882) = -0.49997035738583    , max(   1187) = -0.00063458138273193 
slv : MASS FLUXES AT OPENINGS: MF=0, AP=0
slv : DvGr statistics: min alpha=0.178877(nfa=35812, geom_slice=0)
Memory Working Set Current = 79.33 Mb, Memory Working Set Peak = 79.33 Mb
Process Threads Number: 11

================== Tstep=1 ===================
  MWS[  0]=0.249958
dt: nsd =   0 min dt/dtG(nCV=      0)=1.00 , max dt/dtG(nCV=      0)=1.0    , dtG=0.00126252
Flow alg-view 0 in phis-view 0 is Neumann (not Phase-change-specific treating)
LOG: Flow rate discrepancy at boundary (corrected):
ROTATION: weight_WR[nsd=0]= 0
slv : SolveBG stage
Calculation_Mf nsd =   0: maximum value of div(momentum) (ncv=   1729) =4.130789853004e-16   
Flow alg-view 0 is Neumann (not for Phase Change + Nested Iters)
+----+----+--------------+--------------+--------------+--------------+--------------+------+----+-+-+--+------+
|Name|view| Initial res  | Initial resL1| Target res   | Final res    | Final res L1 |Visits|Iter|R|F|CL|Status|
+----+----+--------------+--------------+--------------+--------------+--------------+------+----+-+-+--+------+
| BG |   0|  6.877728e-30|  8.905413e-14|  6.877728e-30|  1.982133e-30|  5.152543e-14|     1|   3|0|y|29|  OK  |
neumann fix solution. y[row=0][ncv=2263]=   -4.9230e-13
Calculation_Mf nsd =   0: maximum value of div(momentum) (ncv=   1704) =1.8931345222938e-16  
	norm_L2 of div(momentum) =1.4084949150212e-15  
Flow alg-view 0 in phis-view 0 is Neumann (not Phase-change-specific treating)
LOG: Flow rate discrepancy at boundary (corrected):
LOG: number of a-faces with weighted approximations in 0 subdomain: 47.1587 percent
LOG: Rate of a-faces corrected to CUp1st in 0 subdomain: 11.7297 %
nsd =   0 Conv_fw[] is skipped for 4816 w-faces
slv : SolveBL stage
LOG nsd = 0: numb_of_convergent=209, numb_of_divergent=198
Calculation_Mf nsd =   0: maximum value of div(momentum) (ncv=   1704) =1.8931345222938e-16  
	norm_L2 of div(momentum) =1.4084949150212e-15  
slv : Solve3M stage
+----+----+--------------+--------------+--------------+--------------+--------------+------+----+-+-+--+------+
|Name|view| Initial res  | Initial resL1| Target res   | Final res    | Final res L1 |Visits|Iter|R|F|CL|Status|
+----+----+--------------+--------------+--------------+--------------+--------------+------+----+-+-+--+------+
| 3M |   0|  1.490063e-29|  1.787906e-13|  1.490063e-29|  9.172694e-61|  2.745002e-29|     1|   3|0|y|29|  OK  |
Velocity (predicted):
        (FIS) sd   0: min(      1)=8.1051948959497e-15  , max(   2195)=5.026888189249e-12   
slv : SolveDvGr stage
Flow alg-view 0 is Neumann (not for Phase Change + Nested Iters)
+----+----+--------------+--------------+--------------+--------------+--------------+------+----+-+-+--+------+
|Name|view| Initial res  | Initial resL1| Target res   | Final res    | Final res L1 |Visits|Iter|R|F|CL|Status|
+----+----+--------------+--------------+--------------+--------------+--------------+------+----+-+-+--+------+
|DVGR|   0|  1.496923e-29|  1.334398e-13|  1.496923e-29|  4.240230e-31|  2.179389e-14|     1|   3|0|y|29|  OK  |
neumann fix solution. y[row=0][ncv=2060]=   -9.2938e-13
Calculation_Mf nsd =   0: maximum value of div(momentum) (ncv=   2251) =1.5063898779506e-16  
	norm_L2 of div(momentum) =1.0155183453123e-15  
slv : SolveYTd stage
+----+----+--------------+--------------+--------------+--------------+--------------+------+----+-+-+--+------+
|Name|view| Initial res  | Initial resL1| Target res   | Final res    | Final res L1 |Visits|Iter|R|F|CL|Status|
+----+----+--------------+--------------+--------------+--------------+--------------+------+----+-+-+--+------+
| CHT|   0|  7.079374e-34|  7.814976e-16|  7.079374e-34|  5.140134e-38|  6.132562e-18|     1|   3|0|y|29|  OK  |
slv : SolveYTurb stage
slv : Fluid subdom(new) 0
slv : P static (new)                 : min(   1187) = 101325.00078243      , max(   1882) = 101325.61646345      
slv : Density (new)                  : min(      0) = 1.233                , max(      0) = 1.233                
slv : Velocity (new)                 : min(    761) = 5.5329747609986e-15  , max(   1546) = 2.1731970141938e-12  
slv : Velocity GCS (new)             : min(   1187) = 0.035625217755546    , max(   1882) = 0.99997035362768     
slv : Temperature (new)              : min(    105) = 293.2                , max(      1) = 293.2                
slv : Total enthalpy, Y-shifted (new): min(   1882) = -0.49997035738582    , max(   1187) = -0.00063458138273204 
slv : MASS FLUXES AT OPENINGS: MF=0, AP=0
slv : DvGr statistics: min alpha=0.11735(nfa=40426, geom_slice=0)
Memory Working Set Current = 80.27 Mb, Memory Working Set Peak = 82.31 Mb
Process Threads Number: 11

================== Tstep=2 ===================
  MWS[  0]=0.2496
dt: nsd =   0 min dt/dtG(nCV=      0)=1.00 , max dt/dtG(nCV=      0)=1.0    , dtG=0.00126432
Flow alg-view 0 in phis-view 0 is Neumann (not Phase-change-specific treating)
LOG: Flow rate discrepancy at boundary (corrected):
ROTATION: weight_WR[nsd=0]= 0
slv : SolveBG stage
Calculation_Mf nsd =   0: maximum value of div(momentum) (ncv=   2251) =1.5063898779506e-16  
Flow alg-view 0 is Neumann (not for Phase Change + Nested Iters)
+----+----+--------------+--------------+--------------+--------------+--------------+------+----+-+-+--+------+
|Name|view| Initial res  | Initial resL1| Target res   | Final res    | Final res L1 |Visits|Iter|R|F|CL|Status|
+----+----+--------------+--------------+--------------+--------------+--------------+------+----+-+-+--+------+
| BG |   0|  1.029141e-30|  3.425711e-14|  1.029141e-30|  3.738648e-31|  2.198498e-14|     1|   3|0|y|29|  OK  |
neumann fix solution. y[row=0][ncv=2263]=    1.5671e-13
Calculation_Mf nsd =   0: maximum value of div(momentum) (ncv=   1427) =7.3398343879728e-17  
	norm_L2 of div(momentum) =6.1159078555702e-16  
Flow alg-view 0 in phis-view 0 is Neumann (not Phase-change-specific treating)
LOG: Flow rate discrepancy at boundary (corrected):
LOG: number of a-faces with weighted approximations in 0 subdomain: 40.2965 percent
LOG: Rate of a-faces corrected to CUp1st in 0 subdomain: 9.86774 %
nsd =   0 Conv_fw[] is skipped for 4816 w-faces
slv : SolveBL stage
LOG nsd = 0: numb_of_convergent=90, numb_of_divergent=79
Calculation_Mf nsd =   0: maximum value of div(momentum) (ncv=   1427) =7.3398343879728e-17  
	norm_L2 of div(momentum) =6.1159078555702e-16  
slv : Solve3M stage
+----+----+--------------+--------------+--------------+--------------+--------------+------+----+-+-+--+------+
|Name|view| Initial res  | Initial resL1| Target res   | Final res    | Final res L1 |Visits|Iter|R|F|CL|Status|
+----+----+--------------+--------------+--------------+--------------+--------------+------+----+-+-+--+------+
| 3M |   0|  1.629091e-29|  1.793703e-13|  1.629091e-29|  4.685372e-61|  1.954115e-29|     1|   3|0|y|29|  OK  |
Velocity (predicted):
        (FIS) sd   0: min(   1454)=2.9736439762569e-15  , max(   2197)=2.7743374447524e-12  
slv : SolveDvGr stage
Flow alg-view 0 is Neumann (not for Phase Change + Nested Iters)
+----+----+--------------+--------------+--------------+--------------+--------------+------+----+-+-+--+------+
|Name|view| Initial res  | Initial resL1| Target res   | Final res    | Final res L1 |Visits|Iter|R|F|CL|Status|
+----+----+--------------+--------------+--------------+--------------+--------------+------+----+-+-+--+------+
|DVGR|   0|  9.292253e-30|  1.013041e-13|  9.292253e-30|  2.218264e-31|  1.572323e-14|     1|   3|0|y|29|  OK  |
neumann fix solution. y[row=0][ncv=867]=   -1.4133e-12
Calculation_Mf nsd =   0: maximum value of div(momentum) (ncv=   2256) =9.1050268002856e-17  
	norm_L2 of div(momentum) =7.7308768081389e-16  
slv : SolveYTd stage
+----+----+--------------+--------------+--------------+--------------+--------------+------+----+-+-+--+------+
|Name|view| Initial res  | Initial resL1| Target res   | Final res    | Final res L1 |Visits|Iter|R|F|CL|Status|
+----+----+--------------+--------------+--------------+--------------+--------------+------+----+-+-+--+------+
| CHT|   0|  6.346150e-34|  7.015079e-16|  6.346150e-34|  5.708556e-38|  6.561225e-18|     1|   3|0|y|29|  OK  |
slv : SolveYTurb stage
slv : Fluid subdom(new) 0
slv : P static (new)                 : min(   1187) = 101325.00078243      , max(   1882) = 101325.61646345      
slv : Density (new)                  : min(      0) = 1.233                , max(      0) = 1.233                
slv : Velocity (new)                 : min(    339) = 2.9519323229005e-15  , max(   1607) = 1.778512281789e-12   
slv : Velocity GCS (new)             : min(   1187) = 0.035625217755561    , max(   1882) = 0.99997035362768     
slv : Temperature (new)              : min(    105) = 293.2                , max(      1) = 293.2                
slv : Total enthalpy, Y-shifted (new): min(   1882) = -0.49997035738555    , max(   1187) = -0.00063458138273204 
slv : MASS FLUXES AT OPENINGS: MF=0, AP=0
slv : DvGr statistics: min alpha=0.113036(nfa=60494, geom_slice=0)
Memory Working Set Current = 80.20 Mb, Memory Working Set Peak = 82.31 Mb
Process Threads Number: 11

================== Tstep=3 ===================
  MWS[  0]=0.246139
dt: nsd =   0 min dt/dtG(nCV=      0)=1.00 , max dt/dtG(nCV=      0)=1.0    , dtG=0.0012821
Flow alg-view 0 in phis-view 0 is Neumann (not Phase-change-specific treating)
LOG: Flow rate discrepancy at boundary (corrected):
ROTATION: weight_WR[nsd=0]= 0
slv : SolveBG stage
Calculation_Mf nsd =   0: maximum value of div(momentum) (ncv=   2256) =9.1050268002856e-17  
Flow alg-view 0 is Neumann (not for Phase Change + Nested Iters)
+----+----+--------------+--------------+--------------+--------------+--------------+------+----+-+-+--+------+
|Name|view| Initial res  | Initial resL1| Target res   | Final res    | Final res L1 |Visits|Iter|R|F|CL|Status|
+----+----+--------------+--------------+--------------+--------------+--------------+------+----+-+-+--+------+
| BG |   0|  5.961058e-31|  2.567342e-14|  5.961058e-31|  2.416048e-31|  1.810216e-14|     1|   3|0|y|29|  OK  |
neumann fix solution. y[row=0][ncv=2263]=   -8.7471e-14
Calculation_Mf nsd =   0: maximum value of div(momentum) (ncv=    136) =5.4286037193215e-17  
	norm_L2 of div(momentum) =4.9152947936653e-16  
Flow alg-view 0 in phis-view 0 is Neumann (not Phase-change-specific treating)
LOG: Flow rate discrepancy at boundary (corrected):
LOG: number of a-faces with weighted approximations in 0 subdomain: 37.6343 percent
LOG: Rate of a-faces corrected to CUp1st in 0 subdomain: 9.82847 %
nsd =   0 Conv_fw[] is skipped for 4816 w-faces
slv : SolveBL stage
LOG nsd = 0: numb_of_convergent=83, numb_of_divergent=63
Calculation_Mf nsd =   0: maximum value of div(momentum) (ncv=    136) =5.4286037193215e-17  
	norm_L2 of div(momentum) =4.9152947936653e-16  
slv : Solve3M stage
+----+----+--------------+--------------+--------------+--------------+--------------+------+----+-+-+--+------+
|Name|view| Initial res  | Initial resL1| Target res   | Final res    | Final res L1 |Visits|Iter|R|F|CL|Status|
+----+----+--------------+--------------+--------------+--------------+--------------+------+----+-+-+--+------+
| 3M |   0|  6.876367e-30|  1.149365e-13|  6.876367e-30|  2.779764e-61|  1.454252e-29|     1|   3|0|y|29|  OK  |
Velocity (predicted):
        (FIS) sd   0: min(   2209)=1.6875189956294e-15  , max(   2301)=2.0384853929936e-12  
slv : SolveDvGr stage
Flow alg-view 0 is Neumann (not for Phase Change + Nested Iters)
+----+----+--------------+--------------+--------------+--------------+--------------+------+----+-+-+--+------+
|Name|view| Initial res  | Initial resL1| Target res   | Final res    | Final res L1 |Visits|Iter|R|F|CL|Status|
+----+----+--------------+--------------+--------------+--------------+--------------+------+----+-+-+--+------+
|DVGR|   0|  4.564194e-30|  6.890831e-14|  4.564194e-30|  1.320461e-31|  1.237192e-14|     1|   3|0|y|29|  OK  |
neumann fix solution. y[row=0][ncv=246]=    3.2192e-13
Calculation_Mf nsd =   0: maximum value of div(momentum) (ncv=   2251) =1.2113704874784e-16  
	norm_L2 of div(momentum) =5.7355456866765e-16  
slv : SolveYTd stage
+----+----+--------------+--------------+--------------+--------------+--------------+------+----+-+-+--+------+
|Name|view| Initial res  | Initial resL1| Target res   | Final res    | Final res L1 |Visits|Iter|R|F|CL|Status|
+----+----+--------------+--------------+--------------+--------------+--------------+------+----+-+-+--+------+
| CHT|   0|  4.666481e-34|  6.028469e-16|  4.666481e-34|  4.646224e-38|  6.089100e-18|     1|   3|0|y|29|  OK  |
slv : SolveYTurb stage
slv : Fluid subdom(new) 0
slv : P static (new)                 : min(   1187) = 101325.00078243      , max(   1882) = 101325.61646345      
slv : Density (new)                  : min(      0) = 1.233                , max(      0) = 1.233                
slv : Velocity (new)                 : min(   1882) = 2.3246301095215e-15  , max(   1607) = 1.3723260493357e-12  
slv : Velocity GCS (new)             : min(   1187) = 0.035625217755599    , max(   1882) = 0.99997035362768     
slv : Temperature (new)              : min(    105) = 293.2                , max(      1) = 293.2                
slv : Total enthalpy, Y-shifted (new): min(   1882) = -0.49997035738542    , max(   1187) = -0.00063458138273208 
slv : MASS FLUXES AT OPENINGS: MF=0, AP=0
slv : DvGr statistics: min alpha=0.111806(nfa=55476, geom_slice=0)
Memory Working Set Current = 79.99 Mb, Memory Working Set Peak = 82.31 Mb
Process Threads Number: 11

================== Tstep=4 ===================
  MWS[  0]=0.224411
dt: nsd =   0 min dt/dtG(nCV=      0)=1.00 , max dt/dtG(nCV=      0)=1.0    , dtG=0.00140624
Flow alg-view 0 in phis-view 0 is Neumann (not Phase-change-specific treating)
LOG: Flow rate discrepancy at boundary (corrected):
ROTATION: weight_WR[nsd=0]= 0
slv : SolveBG stage
Calculation_Mf nsd =   0: maximum value of div(momentum) (ncv=   2251) =1.2113704874784e-16  
Flow alg-view 0 is Neumann (not for Phase Change + Nested Iters)
+----+----+--------------+--------------+--------------+--------------+--------------+------+----+-+-+--+------+
|Name|view| Initial res  | Initial resL1| Target res   | Final res    | Final res L1 |Visits|Iter|R|F|CL|Status|
+----+----+--------------+--------------+--------------+--------------+--------------+------+----+-+-+--+------+
| BG |   0|  3.287491e-31|  1.859117e-14|  3.287491e-31|  1.686787e-31|  1.451159e-14|     1|   3|0|y|29|  OK  |
neumann fix solution. y[row=0][ncv=2263]=    7.1462e-14
Calculation_Mf nsd =   0: maximum value of div(momentum) (ncv=    136) =4.6496035183096e-17  
	norm_L2 of div(momentum) =4.107043688782e-16   
Flow alg-view 0 in phis-view 0 is Neumann (not Phase-change-specific treating)
LOG: Flow rate discrepancy at boundary (corrected):
LOG: number of a-faces with weighted approximations in 0 subdomain: 38.1038 percent
LOG: Rate of a-faces corrected to CUp1st in 0 subdomain: 9.59129 %
nsd =   0 Conv_fw[] is skipped for 4816 w-faces
slv : SolveBL stage
LOG nsd = 0: numb_of_convergent=81, numb_of_divergent=56
Calculation_Mf nsd =   0: maximum value of div(momentum) (ncv=    136) =4.6496035183096e-17  
	norm_L2 of div(momentum) =4.107043688782e-16   
slv : Solve3M stage
+----+----+--------------+--------------+--------------+--------------+--------------+------+----+-+-+--+------+
|Name|view| Initial res  | Initial resL1| Target res   | Final res    | Final res L1 |Visits|Iter|R|F|CL|Status|
+----+----+--------------+--------------+--------------+--------------+--------------+------+----+-+-+--+------+
| 3M |   0|  4.244090e-30|  8.825819e-14|  4.244090e-30|  1.926837e-61|  1.233878e-29|     1|   3|0|y|29|  OK  |
Velocity (predicted):
        (FIS) sd   0: min(   1882)=1.0105029174155e-15  , max(   2254)=1.8834134092739e-12  
slv : SolveDvGr stage
Flow alg-view 0 is Neumann (not for Phase Change + Nested Iters)
+----+----+--------------+--------------+--------------+--------------+--------------+------+----+-+-+--+------+
|Name|view| Initial res  | Initial resL1| Target res   | Final res    | Final res L1 |Visits|Iter|R|F|CL|Status|
+----+----+--------------+--------------+--------------+--------------+--------------+------+----+-+-+--+------+
|DVGR|   0|  2.847789e-30|  5.276445e-14|  2.847789e-30|  8.363489e-32|  9.645818e-15|     1|   3|0|y|29|  OK  |
neumann fix solution. y[row=0][ncv=569]=   -1.5659e-13
Calculation_Mf nsd =   0: maximum value of div(momentum) (ncv=   2251) =1.1020865419318e-16  
	norm_L2 of div(momentum) =4.6661116193724e-16  
slv : SolveYTd stage
+----+----+--------------+--------------+--------------+--------------+--------------+------+----+-+-+--+------+
|Name|view| Initial res  | Initial resL1| Target res   | Final res    | Final res L1 |Visits|Iter|R|F|CL|Status|
+----+----+--------------+--------------+--------------+--------------+--------------+------+----+-+-+--+------+
| CHT|   0|  4.006653e-34|  5.552293e-16|  4.006653e-34|  3.255565e-38|  5.013336e-18|     1|   3|0|y|29|  OK  |
slv : SolveYTurb stage
slv : Fluid subdom(new) 0
slv : P static (new)                 : min(   1187) = 101325.00078243      , max(   1882) = 101325.61646345      
slv : Density (new)                  : min(      0) = 1.233                , max(      0) = 1.233                
slv : Velocity (new)                 : min(   1882) = 2.5474308495364e-15  , max(   2301) = 1.1798359537627e-12  
slv : Velocity GCS (new)             : min(   1187) = 0.035625217755628    , max(   1882) = 0.99997035362768     
slv : Temperature (new)              : min(    105) = 293.2                , max(      1) = 293.2                
slv : Total enthalpy, Y-shifted (new): min(   1882) = -0.49997035738499    , max(   1187) = -0.00063458138273247 
slv : MASS FLUXES AT OPENINGS: MF=0, AP=0
slv : DvGr statistics: min alpha=0.114799(nfa=53099, geom_slice=0)
Memory Working Set Current = 80.26 Mb, Memory Working Set Peak = 82.31 Mb
Process Threads Number: 11
Iteration : time = 4.29014 , count = 5 , time/count = 0.858027
Calculate_inc() : time = 3.65052 , count = 5 , time/count = 0.730103
TreatFlowEvolution() : time = 0.483616 , count = 5 , time/count = 0.0967232
SolverPreview : time = 0 , count = 6 , time/count = 0
TreatGoals : time = 0.468016 , count = 5 , time/count = 0.0936032

================== Tstep=5 ===================
  MWS[  0]=0.142666
dt: nsd =   0 min dt/dtG(nCV=      0)=1.00 , max dt/dtG(nCV=      0)=1.0    , dtG=0.00331798
Flow alg-view 0 in phis-view 0 is Neumann (not Phase-change-specific treating)
LOG: Flow rate discrepancy at boundary (corrected):
ROTATION: weight_WR[nsd=0]= 0
slv : SolveBG stage
Calculation_Mf nsd =   0: maximum value of div(momentum) (ncv=   2251) =1.1020865419318e-16  
Flow alg-view 0 is Neumann (not for Phase Change + Nested Iters)
+----+----+--------------+--------------+--------------+--------------+--------------+------+----+-+-+--+------+
|Name|view| Initial res  | Initial resL1| Target res   | Final res    | Final res L1 |Visits|Iter|R|F|CL|Status|
+----+----+--------------+--------------+--------------+--------------+--------------+------+----+-+-+--+------+
| BG |   0|  2.167787e-31|  1.504237e-14|  2.167787e-31|  1.216116e-31|  1.219288e-14|     1|   3|0|y|29|  OK  |
neumann fix solution. y[row=0][ncv=2263]=    2.1462e-14
Calculation_Mf nsd =   0: maximum value of div(momentum) (ncv=    224) =4.2969183262954e-17  
	norm_L2 of div(momentum) =3.4870488922648e-16  
Flow alg-view 0 in phis-view 0 is Neumann (not Phase-change-specific treating)
LOG: Flow rate discrepancy at boundary (corrected):
LOG: number of a-faces with weighted approximations in 0 subdomain: 36.3805 percent
LOG: Rate of a-faces corrected to CUp1st in 0 subdomain: 9.4737 %
nsd =   0 Conv_fw[] is skipped for 4816 w-faces
slv : SolveBL stage
LOG nsd = 0: numb_of_convergent=62, numb_of_divergent=51
Calculation_Mf nsd =   0: maximum value of div(momentum) (ncv=    224) =4.2969183262954e-17  
	norm_L2 of div(momentum) =3.4870488922648e-16  
slv : Solve3M stage
+----+----+--------------+--------------+--------------+--------------+--------------+------+----+-+-+--+------+
|Name|view| Initial res  | Initial resL1| Target res   | Final res    | Final res L1 |Visits|Iter|R|F|CL|Status|
+----+----+--------------+--------------+--------------+--------------+--------------+------+----+-+-+--+------+
| 3M |   0|  2.169953e-30|  6.344616e-14|  2.169953e-30|  6.437021e-62|  7.353753e-30|     1|   3|0|y|29|  OK  |
Velocity (predicted):
        (FIS) sd   0: min(   1222)=3.2663074473078e-15  , max(   2253)=2.3969547753759e-12  
slv : SolveDvGr stage
Flow alg-view 0 is Neumann (not for Phase Change + Nested Iters)
+----+----+--------------+--------------+--------------+--------------+--------------+------+----+-+-+--+------+
|Name|view| Initial res  | Initial resL1| Target res   | Final res    | Final res L1 |Visits|Iter|R|F|CL|Status|
+----+----+--------------+--------------+--------------+--------------+--------------+------+----+-+-+--+------+
|DVGR|   0|  6.032014e-30|  7.277310e-14|  6.032014e-30|  1.544082e-31|  1.275549e-14|     1|   3|0|y|29|  OK  |
neumann fix solution. y[row=0][ncv=246]=   -3.3710e-14
Calculation_Mf nsd =   0: maximum value of div(momentum) (ncv=   2251) =1.9526664606602e-16  
	norm_L2 of div(momentum) =6.5989850812758e-16  
slv : SolveYTd stage
+----+----+--------------+--------------+--------------+--------------+--------------+------+----+-+-+--+------+
|Name|view| Initial res  | Initial resL1| Target res   | Final res    | Final res L1 |Visits|Iter|R|F|CL|Status|
+----+----+--------------+--------------+--------------+--------------+--------------+------+----+-+-+--+------+
| CHT|   0|  5.844592e-34|  6.994952e-16|  5.844592e-34|  5.074366e-39|  1.914496e-18|     1|   3|0|y|29|  OK  |
slv : SolveYTurb stage
slv : Fluid subdom(new) 0
slv : P static (new)                 : min(   1187) = 101325.00078243      , max(   1882) = 101325.61646345      
slv : Density (new)                  : min(      0) = 1.233                , max(      0) = 1.233                
slv : Velocity (new)                 : min(   1721) = 9.4003638920045e-16  , max(   2074) = 1.33174078041e-12    
slv : Velocity GCS (new)             : min(   1187) = 0.035625217755631    , max(   1882) = 0.99997035362768     
slv : Temperature (new)              : min(    105) = 293.2                , max(      1) = 293.2                
slv : Total enthalpy, Y-shifted (new): min(   1882) = -0.49997035738406    , max(   1187) = -0.00063458138273287 
slv : MASS FLUXES AT OPENINGS: MF=0, AP=0
slv : DvGr statistics: min alpha=0.126437(nfa=41420, geom_slice=0)
Memory Working Set Current = 80.27 Mb, Memory Working Set Peak = 82.31 Mb
Process Threads Number: 11

================== Tstep=6 ===================
  MWS[  0]=0.0609209
dt: nsd =   0 min dt/dtG(nCV=      0)=1.00 , max dt/dtG(nCV=      0)=1.0    , dtG=0.00777012
Flow alg-view 0 in phis-view 0 is Neumann (not Phase-change-specific treating)
LOG: Flow rate discrepancy at boundary (corrected):
ROTATION: weight_WR[nsd=0]= 0
slv : SolveBG stage
Calculation_Mf nsd =   0: maximum value of div(momentum) (ncv=   2251) =1.9526664606602e-16  
Flow alg-view 0 is Neumann (not for Phase Change + Nested Iters)
+----+----+--------------+--------------+--------------+--------------+--------------+------+----+-+-+--+------+
|Name|view| Initial res  | Initial resL1| Target res   | Final res    | Final res L1 |Visits|Iter|R|F|CL|Status|
+----+----+--------------+--------------+--------------+--------------+--------------+------+----+-+-+--+------+
| BG |   0|  4.353443e-31|  2.027211e-14|  4.353443e-31|  1.910564e-31|  1.528814e-14|     1|   3|0|y|29|  OK  |
neumann fix solution. y[row=0][ncv=2263]=    1.2906e-14
Calculation_Mf nsd =   0: maximum value of div(momentum) (ncv=   2217) =6.2281361289163e-17  
	norm_L2 of div(momentum) =4.3729779638356e-16  
Flow alg-view 0 in phis-view 0 is Neumann (not Phase-change-specific treating)
LOG: Flow rate discrepancy at boundary (corrected):
LOG: number of a-faces with weighted approximations in 0 subdomain: 36.9858 percent
LOG: Rate of a-faces corrected to CUp1st in 0 subdomain: 8.83879 %
nsd =   0 Conv_fw[] is skipped for 4816 w-faces
slv : SolveBL stage
LOG nsd = 0: numb_of_convergent=76, numb_of_divergent=70
Calculation_Mf nsd =   0: maximum value of div(momentum) (ncv=   2217) =6.2281361289163e-17  
	norm_L2 of div(momentum) =4.3729779638356e-16  
slv : Solve3M stage
+----+----+--------------+--------------+--------------+--------------+--------------+------+----+-+-+--+------+
|Name|view| Initial res  | Initial resL1| Target res   | Final res    | Final res L1 |Visits|Iter|R|F|CL|Status|
+----+----+--------------+--------------+--------------+--------------+--------------+------+----+-+-+--+------+
| 3M |   0|  7.689005e-31|  3.789224e-14|  1.441688e-34|  2.388566e-62|  4.732920e-30|     1|   3|0|n|29|  OK  |
Velocity (predicted):
        (FIS) sd   0: min(   1454)=9.9892223321343e-15  , max(   2379)=4.5184272114516e-12  
slv : SolveDvGr stage
Flow alg-view 0 is Neumann (not for Phase Change + Nested Iters)
+----+----+--------------+--------------+--------------+--------------+--------------+------+----+-+-+--+------+
|Name|view| Initial res  | Initial resL1| Target res   | Final res    | Final res L1 |Visits|Iter|R|F|CL|Status|
+----+----+--------------+--------------+--------------+--------------+--------------+------+----+-+-+--+------+
|DVGR|   0|  9.355561e-30|  9.258341e-14|  9.355561e-30|  4.158377e-31|  2.174683e-14|     1|   3|0|y|29|  OK  |
neumann fix solution. y[row=0][ncv=246]=   -2.2837e-14
Calculation_Mf nsd =   0: maximum value of div(momentum) (ncv=   2251) =2.4687967800273e-16  
	norm_L2 of div(momentum) =9.6304948770734e-16  
slv : SolveYTd stage
+----+----+--------------+--------------+--------------+--------------+--------------+------+----+-+-+--+------+
|Name|view| Initial res  | Initial resL1| Target res   | Final res    | Final res L1 |Visits|Iter|R|F|CL|Status|
+----+----+--------------+--------------+--------------+--------------+--------------+------+----+-+-+--+------+
| CHT|   0|  1.440303e-33|  1.103954e-15|  1.440303e-33|  1.052373e-39|  8.510738e-19|     1|   3|0|y|29|  OK  |
slv : SolveYTurb stage
slv : Fluid subdom(new) 0
slv : P static (new)                 : min(   1187) = 101325.00078243      , max(   1882) = 101325.61646345      
slv : Density (new)                  : min(      0) = 1.233                , max(      0) = 1.233                
slv : Velocity (new)                 : min(   1437) = 1.6175752529876e-15  , max(     16) = 1.4983033645998e-12  
slv : Velocity GCS (new)             : min(   1187) = 0.035625217755713    , max(   1882) = 0.99997035362768     
slv : Temperature (new)              : min(    105) = 293.2                , max(      1) = 293.2                
slv : Total enthalpy, Y-shifted (new): min(   1882) = -0.4999703573825     , max(   1187) = -0.00063458138273309 
slv : MASS FLUXES AT OPENINGS: MF=0, AP=0
slv : DvGr statistics: min alpha=0.117197(nfa=16849, geom_slice=0)
Memory Working Set Current = 80.93 Mb, Memory Working Set Peak = 82.31 Mb
Process Threads Number: 11

================== Tstep=7 ===================
  MWS[  0]=0.0391929
dt: nsd =   0 min dt/dtG(nCV=      0)=1.00 , max dt/dtG(nCV=      0)=1.0    , dtG=0.0120778
Flow alg-view 0 in phis-view 0 is Neumann (not Phase-change-specific treating)
LOG: Flow rate discrepancy at boundary (corrected):
ROTATION: weight_WR[nsd=0]= 0
slv : SolveBG stage
Calculation_Mf nsd =   0: maximum value of div(momentum) (ncv=   2251) =2.4687967800273e-16  
Flow alg-view 0 is Neumann (not for Phase Change + Nested Iters)
+----+----+--------------+--------------+--------------+--------------+--------------+------+----+-+-+--+------+
|Name|view| Initial res  | Initial resL1| Target res   | Final res    | Final res L1 |Visits|Iter|R|F|CL|Status|
+----+----+--------------+--------------+--------------+--------------+--------------+------+----+-+-+--+------+
| BG |   0|  9.267100e-31|  3.008622e-14|  9.267100e-31|  4.422128e-31|  2.337950e-14|     1|   3|0|y|29|  OK  |
neumann fix solution. y[row=0][ncv=2263]=   -2.7407e-14
Calculation_Mf nsd =   0: maximum value of div(momentum) (ncv=   2216) =9.4773552626652e-17  
	norm_L2 of div(momentum) =6.6497928633484e-16  
Flow alg-view 0 in phis-view 0 is Neumann (not Phase-change-specific treating)
LOG: Flow rate discrepancy at boundary (corrected):
LOG: number of a-faces with weighted approximations in 0 subdomain: 34.5028 percent
LOG: Rate of a-faces corrected to CUp1st in 0 subdomain: 9.22274 %
nsd =   0 Conv_fw[] is skipped for 4816 w-faces
slv : SolveBL stage
LOG nsd = 0: numb_of_convergent=76, numb_of_divergent=68
Calculation_Mf nsd =   0: maximum value of div(momentum) (ncv=   2216) =9.4773552626652e-17  
	norm_L2 of div(momentum) =6.6497928633484e-16  
slv : Solve3M stage
+----+----+--------------+--------------+--------------+--------------+--------------+------+----+-+-+--+------+
|Name|view| Initial res  | Initial resL1| Target res   | Final res    | Final res L1 |Visits|Iter|R|F|CL|Status|
+----+----+--------------+--------------+--------------+--------------+--------------+------+----+-+-+--+------+
| 3M |   0|  2.897144e-31|  2.390704e-14|  5.432145e-35|  1.568989e-62|  3.818057e-30|     1|   3|0|n|29|  OK  |
Velocity (predicted):
        (FIS) sd   0: min(    561)=9.0921250729691e-16  , max(   2051)=4.8141630474175e-12  
slv : SolveDvGr stage
Flow alg-view 0 is Neumann (not for Phase Change + Nested Iters)
+----+----+--------------+--------------+--------------+--------------+--------------+------+----+-+-+--+------+
|Name|view| Initial res  | Initial resL1| Target res   | Final res    | Final res L1 |Visits|Iter|R|F|CL|Status|
+----+----+--------------+--------------+--------------+--------------+--------------+------+----+-+-+--+------+
|DVGR|   0|  8.566421e-30|  8.857861e-14|  8.566421e-30|  6.674662e-31|  2.887590e-14|     1|   3|0|y|29|  OK  |
neumann fix solution. y[row=0][ncv=644]=   -1.1347e-14
Calculation_Mf nsd =   0: maximum value of div(momentum) (ncv=   2256) =1.4229956540891e-16  
	norm_L2 of div(momentum) =9.8556277512192e-16  
slv : SolveYTd stage
+----+----+--------------+--------------+--------------+--------------+--------------+------+----+-+-+--+------+
|Name|view| Initial res  | Initial resL1| Target res   | Final res    | Final res L1 |Visits|Iter|R|F|CL|Status|
+----+----+--------------+--------------+--------------+--------------+--------------+------+----+-+-+--+------+
| CHT|   0|  2.339110e-33|  1.446580e-15|  2.339110e-33|  3.493898e-40|  4.991893e-19|     1|   3|0|y|29|  OK  |
slv : SolveYTurb stage
slv : Fluid subdom(new) 0
slv : P static (new)                 : min(   1187) = 101325.00078243      , max(   1882) = 101325.61646345      
slv : Density (new)                  : min(      0) = 1.233                , max(      0) = 1.233                
slv : Velocity (new)                 : min(    619) = 6.0582867530751e-15  , max(     16) = 2.1156933776697e-12  
slv : Velocity GCS (new)             : min(   1187) = 0.035625217755633    , max(   1882) = 0.99997035362768     
slv : Temperature (new)              : min(    105) = 293.2                , max(      1) = 293.2                
slv : Total enthalpy, Y-shifted (new): min(   1882) = -0.4999703573825     , max(   1187) = -0.00063458138273309 
slv : MASS FLUXES AT OPENINGS: MF=0, AP=0
slv : DvGr statistics: min alpha=0.103119(nfa=13222, geom_slice=0)
Memory Working Set Current = 80.28 Mb, Memory Working Set Peak = 84.23 Mb
Process Threads Number: 11

================== Tstep=8 ===================
  MWS[  0]=0.0358626
dt: nsd =   0 min dt/dtG(nCV=      0)=1.00 , max dt/dtG(nCV=      0)=1.0    , dtG=0.0131993
Flow alg-view 0 in phis-view 0 is Neumann (not Phase-change-specific treating)
LOG: Flow rate discrepancy at boundary (corrected):
ROTATION: weight_WR[nsd=0]= 0
slv : SolveBG stage
Calculation_Mf nsd =   0: maximum value of div(momentum) (ncv=   2256) =1.4229956540891e-16  
Flow alg-view 0 is Neumann (not for Phase Change + Nested Iters)
+----+----+--------------+--------------+--------------+--------------+--------------+------+----+-+-+--+------+
|Name|view| Initial res  | Initial resL1| Target res   | Final res    | Final res L1 |Visits|Iter|R|F|CL|Status|
+----+----+--------------+--------------+--------------+--------------+--------------+------+----+-+-+--+------+
| BG |   0|  9.703674e-31|  3.448145e-14|  9.703674e-31|  6.598918e-31|  2.893516e-14|     1|   3|0|y|29|  OK  |
neumann fix solution. y[row=0][ncv=2263]=   -2.2866e-14
Calculation_Mf nsd =   0: maximum value of div(momentum) (ncv=    295) =1.347868532556e-16   
	norm_L2 of div(momentum) =8.1231955047019e-16  
Flow alg-view 0 in phis-view 0 is Neumann (not Phase-change-specific treating)
LOG: Flow rate discrepancy at boundary (corrected):
LOG: number of a-faces with weighted approximations in 0 subdomain: 33.1254 percent
LOG: Rate of a-faces corrected to CUp1st in 0 subdomain: 8.97447 %
nsd =   0 Conv_fw[] is skipped for 4816 w-faces
slv : SolveBL stage
LOG nsd = 0: numb_of_convergent=71, numb_of_divergent=64
Calculation_Mf nsd =   0: maximum value of div(momentum) (ncv=    295) =1.347868532556e-16   
	norm_L2 of div(momentum) =8.1231955047019e-16  
slv : Solve3M stage
+----+----+--------------+--------------+--------------+--------------+--------------+------+----+-+-+--+------+
|Name|view| Initial res  | Initial resL1| Target res   | Final res    | Final res L1 |Visits|Iter|R|F|CL|Status|
+----+----+--------------+--------------+--------------+--------------+--------------+------+----+-+-+--+------+
| 3M |   0|  1.181644e-31|  1.516987e-14|  2.215582e-35|  1.450985e-62|  3.722150e-30|     1|   3|0|n|29|  OK  |
Velocity (predicted):
        (FIS) sd   0: min(   1721)=1.0815989167444e-14  , max(     16)=2.7728672019111e-12  
slv : SolveDvGr stage
Flow alg-view 0 is Neumann (not for Phase Change + Nested Iters)
+----+----+--------------+--------------+--------------+--------------+--------------+------+----+-+-+--+------+
|Name|view| Initial res  | Initial resL1| Target res   | Final res    | Final res L1 |Visits|Iter|R|F|CL|Status|
+----+----+--------------+--------------+--------------+--------------+--------------+------+----+-+-+--+------+
|DVGR|   0|  4.214659e-30|  6.701585e-14|  4.214659e-30|  6.500390e-31|  2.881690e-14|     1|   3|0|y|29|  OK  |
neumann fix solution. y[row=0][ncv=1674]=   -4.1846e-15
Calculation_Mf nsd =   0: maximum value of div(momentum) (ncv=   2251) =1.202751720373e-16   
	norm_L2 of div(momentum) =9.0723065685112e-16  
slv : SolveYTd stage
+----+----+--------------+--------------+--------------+--------------+--------------+------+----+-+-+--+------+
|Name|view| Initial res  | Initial resL1| Target res   | Final res    | Final res L1 |Visits|Iter|R|F|CL|Status|
+----+----+--------------+--------------+--------------+--------------+--------------+------+----+-+-+--+------+
| CHT|   0|  2.770777e-33|  1.566718e-15|  2.770777e-33|  3.091171e-40|  4.636145e-19|     1|   3|0|y|29|  OK  |
slv : SolveYTurb stage
slv : Fluid subdom(new) 0
slv : P static (new)                 : min(   1187) = 101325.00078243      , max(   1882) = 101325.61646345      
slv : Density (new)                  : min(      0) = 1.233                , max(      0) = 1.233                
slv : Velocity (new)                 : min(   1073) = 7.7163533038239e-15  , max(     16) = 2.4350221441616e-12  
slv : Velocity GCS (new)             : min(   1187) = 0.035625217755536    , max(   1882) = 0.99997035362771     
slv : Temperature (new)              : min(    105) = 293.2                , max(      1) = 293.2                
slv : Total enthalpy, Y-shifted (new): min(   1882) = -0.4999703573825     , max(   1187) = -0.00063458138273309 
slv : MASS FLUXES AT OPENINGS: MF=0, AP=0
slv : DvGr statistics: min alpha=0.115297(nfa=23267, geom_slice=0)
Memory Working Set Current = 80.20 Mb, Memory Working Set Peak = 84.23 Mb
Process Threads Number: 11

================== Tstep=9 ===================
  MWS[  0]=0.0354038
dt: nsd =   0 min dt/dtG(nCV=      0)=1.00 , max dt/dtG(nCV=      0)=1.0    , dtG=0.0133704
Flow alg-view 0 in phis-view 0 is Neumann (not Phase-change-specific treating)
LOG: Flow rate discrepancy at boundary (corrected):
ROTATION: weight_WR[nsd=0]= 0
slv : SolveBG stage
Calculation_Mf nsd =   0: maximum value of div(momentum) (ncv=   2251) =1.202751720373e-16   
Flow alg-view 0 is Neumann (not for Phase Change + Nested Iters)
+----+----+--------------+--------------+--------------+--------------+--------------+------+----+-+-+--+------+
|Name|view| Initial res  | Initial resL1| Target res   | Final res    | Final res L1 |Visits|Iter|R|F|CL|Status|
+----+----+--------------+--------------+--------------+--------------+--------------+------+----+-+-+--+------+
| BG |   0|  8.228202e-31|  3.212614e-14|  8.228202e-31|  7.240127e-31|  2.941509e-14|     1|   3|0|y|29|  OK  |
neumann fix solution. y[row=0][ncv=2263]=   -4.8785e-14
Calculation_Mf nsd =   0: maximum value of div(momentum) (ncv=    295) =1.6389632272839e-16  
	norm_L2 of div(momentum) =8.5120791384658e-16  
Flow alg-view 0 in phis-view 0 is Neumann (not Phase-change-specific treating)
LOG: Flow rate discrepancy at boundary (corrected):
LOG: number of a-faces with weighted approximations in 0 subdomain: 29.8085 percent
LOG: Rate of a-faces corrected to CUp1st in 0 subdomain: 8.32685 %
nsd =   0 Conv_fw[] is skipped for 4816 w-faces
slv : SolveBL stage
LOG nsd = 0: numb_of_convergent=63, numb_of_divergent=66
Calculation_Mf nsd =   0: maximum value of div(momentum) (ncv=    295) =1.6389632272839e-16  
	norm_L2 of div(momentum) =8.5120791384658e-16  
slv : Solve3M stage
+----+----+--------------+--------------+--------------+--------------+--------------+------+----+-+-+--+------+
|Name|view| Initial res  | Initial resL1| Target res   | Final res    | Final res L1 |Visits|Iter|R|F|CL|Status|
+----+----+--------------+--------------+--------------+--------------+--------------+------+----+-+-+--+------+
| 3M |   0|  5.892675e-32|  1.073263e-14|  1.104877e-35|  1.431966e-62|  3.673271e-30|     1|   3|0|n|29|  OK  |
Velocity (predicted):
        (FIS) sd   0: min(    382)=1.0269243801893e-14  , max(     16)=2.9000828425308e-12  
slv : SolveDvGr stage
Flow alg-view 0 is Neumann (not for Phase Change + Nested Iters)
+----+----+--------------+--------------+--------------+--------------+--------------+------+----+-+-+--+------+
|Name|view| Initial res  | Initial resL1| Target res   | Final res    | Final res L1 |Visits|Iter|R|F|CL|Status|
+----+----+--------------+--------------+--------------+--------------+--------------+------+----+-+-+--+------+
|DVGR|   0|  2.150635e-30|  5.044992e-14|  2.150635e-30|  4.543356e-31|  2.407037e-14|     1|   3|0|y|29|  OK  |
neumann fix solution. y[row=0][ncv=1674]=   -9.6002e-16
Calculation_Mf nsd =   0: maximum value of div(momentum) (ncv=   2130) =7.4307208700104e-17  
	norm_L2 of div(momentum) =7.271297022098e-16   
slv : SolveYTd stage
+----+----+--------------+--------------+--------------+--------------+--------------+------+----+-+-+--+------+
|Name|view| Initial res  | Initial resL1| Target res   | Final res    | Final res L1 |Visits|Iter|R|F|CL|Status|
+----+----+--------------+--------------+--------------+--------------+--------------+------+----+-+-+--+------+
| CHT|   0|  2.752313e-33|  1.563430e-15|  2.752313e-33|  2.728363e-40|  4.332081e-19|     1|   3|0|y|29|  OK  |
slv : SolveYTurb stage
slv : Fluid subdom(new) 0
slv : P static (new)                 : min(   1187) = 101325.00078243      , max(   1882) = 101325.61646345      
slv : Density (new)                  : min(      0) = 1.233                , max(      0) = 1.233                
slv : Velocity (new)                 : min(   1789) = 6.2857783774859e-15  , max(   2074) = 2.7082388652649e-12  
slv : Velocity GCS (new)             : min(   1187) = 0.035625217755441    , max(   1882) = 0.99997035362776     
slv : Temperature (new)              : min(    105) = 293.2                , max(      1) = 293.2                
slv : Total enthalpy, Y-shifted (new): min(   1882) = -0.4999703573825     , max(   1187) = -0.0006345813827331  
slv : MASS FLUXES AT OPENINGS: MF=0, AP=0
slv : DvGr statistics: min alpha=0.112703(nfa=8811, geom_slice=0)
slv : +----------------------------------+------------+-------+------------+------------+
slv : |          Collector name          | Total Time | Count |  Avg Time  |  Max Time  |
slv : +----------------------------------+------------+-------+------------+------------+
slv : | CSolver_core_update_BC_1         |       0.077|     10|       0.008|       0.038|
slv : | Calculate_inc                    |       6.246|      9|       0.694|       0.803|
slv : | LiSy_make_portrait               |       0.133|     47|       0.003|       0.013|
slv : | Results_processing               |       1.276|      9|       0.142|       0.496|
slv : | build_sl_ordering_CHT            |       0.070|     10|       0.007|       0.008|
slv : | build_sl_ordering_MDS            |       0.185|     10|       0.019|       0.078|
slv : | build_sl_ordering_fluid          |       0.185|     10|       0.018|       0.078|
slv : | calc_Convolutions_MDS            |       0.347|     10|       0.035|       0.040|
slv : | calc_DivMfWr_MDS                 |       0.117|      2|       0.058|       0.059|
slv : | create_Gr_operators_MDS          |       0.919|     10|       0.092|       0.171|
slv : | create_Gr_operators_portrait_MDS |       0.218|     10|       0.022|       0.035|
slv : | init_Hy_group_MDS                |       0.358|     10|       0.036|       0.041|
slv : | perform_stage_total              |       5.264|    235|       0.022|       0.433|
slv : | precalc_at_start_MDS             |       0.461|      4|       0.115|       0.433|
slv : | solve_3M_MDS                     |       1.641|     10|       0.164|       0.175|
slv : | solve_3M_alg_MDS                 |       0.016|     10|       0.002|       0.002|
slv : | solve_BG_MDS                     |       0.253|     10|       0.025|       0.088|
slv : | solve_BG_alg_MDS                 |       0.015|     10|       0.002|       0.002|
slv : | solve_BL_MDS                     |       0.003|     10|       0.000|       0.000|
slv : | solve_CHT_MDS                    |       0.426|     10|       0.043|       0.049|
slv : | solve_CHT_alg_MDS                |       0.008|     10|       0.001|       0.001|
slv : | solve_DvGr_MDS                   |       0.821|     10|       0.082|       0.088|
slv : | solve_DvGr_alg_MDS               |       0.018|     10|       0.002|       0.002|
slv : | solve_INPR_MDS                   |       0.000|      1|       0.000|       0.000|
slv : | solve_PS+QJ                      |       0.000|      0|       0.000|       0.000|
slv : | solve_PSQJ_MDS_total             |       0.000|     10|       0.000|       0.000|
slv : | solve_YLMA_MDS                   |       0.000|     10|       0.000|       0.000|
slv : | solve_YNOx_MDS                   |       0.000|     10|       0.000|       0.000|
slv : | solve_YTd_MDS                    |       0.001|     10|       0.000|       0.000|
slv : | solve_YTurb_MDS                  |       0.000|     10|       0.000|       0.000|
slv : | update_BC_MDS                    |       0.000|     11|       0.000|       0.000|
slv : | update_VelPressure_MDS           |       0.062|     10|       0.006|       0.007|
slv : +----------------------------------+------------+-------+------------+------------+
Memory Working Set Current = 80.63 Mb, Memory Working Set Peak = 84.23 Mb
Process Threads Number: 11
/************Goal values******************/
GG Max Velocity 1				0.999999998 m/s
/************End of Goal values******************/
/************	Min/Max Parameters	************/
Density (Fluid):		min = 1.233 kg/m^3		max = 1.233 kg/m^3
Pressure:		min = 101325.001 Pa		max = 101325.616 Pa
Temperature (Fluid):		min = 293.2 K		max = 293.2 K
Velocity:		min = 0.0356252178 m/s		max = 0.999999998 m/s
Velocity (X):		min = -0.999960525 m/s		max = 0.999960525 m/s
Velocity (Y):		min = -0.999960472 m/s		max = 0.999960472 m/s
Velocity (Z):		min = -7.77519423e-17 m/s		max = 7.77519423e-17 m/s
/************	End of Min/Max Parameters	************/
Solver finished at	22.2.2017	7:50:5
ENDING PROGRAM...
Estimated fld size=4.99 Mb
Writing fld file "13-ROTATED_FLOWS\00051-RRF-u_G_0_IW_ref_boundary\ft_run\1\1.fld"...
FILE SAVED: 1.fld. Total save fld took 0.03 sec.
real fld size=2.70 Mb
FILE RENAMED: r_000000.cfld -> 1.cfld
OK
Depository creating ...
stream_line (0.001 s)
FS triangles count 347 
wall_triangles (0.192 s)
nb_bricks (0.194 s)
Face_aver_on (0.014 s)
size of cv_intrp_f = 2.02 Mb
size of cv_intrp_s = 0.27 Mb
size of cv_intrp_fw = 0.95 Mb
size of cv_intrp_sw = 0.46 Mb
CCVInterp_DepEntry::Calculate duration = 0.963 s
cv_interp (1.055 s)
favorite_params (0.277 s)
Face_aver_off (0.003 s)
Depository creating ...OK (1.736 s)
Solver finished at	22.2.2017	7:50:6
Total CPU time 11 s
Free memory:
slv : +----------------------------------+------------+-------+------------+------------+
slv : |          Collector name          | Total Time | Count |  Avg Time  |  Max Time  |
slv : +----------------------------------+------------+-------+------------+------------+
slv : | CSolver_core_update_BC_1         |       0.077|     10|       0.008|       0.038|
slv : | Calculate_inc                    |       6.892|     10|       0.689|       0.803|
slv : | LiSy_make_portrait               |       0.133|     47|       0.003|       0.013|
slv : | Results_processing               |       1.369|     10|       0.137|       0.496|
slv : | build_sl_ordering_CHT            |       0.070|     10|       0.007|       0.008|
slv : | build_sl_ordering_MDS            |       0.185|     10|       0.019|       0.078|
slv : | build_sl_ordering_fluid          |       0.185|     10|       0.018|       0.078|
slv : | calc_Convolutions_MDS            |       0.347|     10|       0.035|       0.040|
slv : | calc_DivMfWr_MDS                 |       0.117|      2|       0.058|       0.059|
slv : | create_Gr_operators_MDS          |       0.919|     10|       0.092|       0.171|
slv : | create_Gr_operators_portrait_MDS |       0.218|     10|       0.022|       0.035|
slv : | init_Hy_group_MDS                |       0.358|     10|       0.036|       0.041|
slv : | perform_stage_total              |       5.264|    235|       0.022|       0.433|
slv : | precalc_at_start_MDS             |       0.461|      4|       0.115|       0.433|
slv : | solve_3M_MDS                     |       1.641|     10|       0.164|       0.175|
slv : | solve_3M_alg_MDS                 |       0.016|     10|       0.002|       0.002|
slv : | solve_BG_MDS                     |       0.253|     10|       0.025|       0.088|
slv : | solve_BG_alg_MDS                 |       0.015|     10|       0.002|       0.002|
slv : | solve_BL_MDS                     |       0.003|     10|       0.000|       0.000|
slv : | solve_CHT_MDS                    |       0.426|     10|       0.043|       0.049|
slv : | solve_CHT_alg_MDS                |       0.008|     10|       0.001|       0.001|
slv : | solve_DvGr_MDS                   |       0.821|     10|       0.082|       0.088|
slv : | solve_DvGr_alg_MDS               |       0.018|     10|       0.002|       0.002|
slv : | solve_INPR_MDS                   |       0.000|      1|       0.000|       0.000|
slv : | solve_PS+QJ                      |       0.000|      0|       0.000|       0.000|
slv : | solve_PSQJ_MDS_total             |       0.000|     10|       0.000|       0.000|
slv : | solve_YLMA_MDS                   |       0.000|     10|       0.000|       0.000|
slv : | solve_YNOx_MDS                   |       0.000|     10|       0.000|       0.000|
slv : | solve_YTd_MDS                    |       0.001|     10|       0.000|       0.000|
slv : | solve_YTurb_MDS                  |       0.000|     10|       0.000|       0.000|
slv : | update_BC_MDS                    |       0.000|     11|       0.000|       0.000|
slv : | update_VelPressure_MDS           |       0.062|     10|       0.006|       0.007|
slv : +----------------------------------+------------+-------+------------+------------+
alg : 
alg :  size = 2396
alg :  build_fine_select_omega       0.000  10
alg :  build_select_pivot_nonzeros   0.001  10
alg :  build_select_vectors          0.000  10
alg :  calc_residual_LU              0.001  10
alg :  call_MG_solver                0.005  10
alg :  clean_fine_level              0.000  10
alg :  init_RB_fine_nonzeros         0.000  10
alg :  init_fine_level               0.002  10
alg :  mg_cycle                      0.003  10
alg :  run_smoothing                 0.003  10
alg :  smoother_fine                 0.002  30
alg :  solve_MG                      0.006  10
alg :  update_mg_status              0.000  10
alg : 
alg :  size = 2396
alg :  build_fine_select_omega       0.000  10
alg :  build_select_pivot_nonzeros   0.001  10
alg :  build_select_vectors          0.000  10
alg :  calc_residual_LU              0.001  10
alg :  call_MG_solver                0.003  10
alg :  clean_fine_level              0.000  10
alg :  init_RB_fine_nonzeros         0.000  10
alg :  init_fine_level               0.001  10
alg :  mg_cycle                      0.002  10
alg :  run_smoothing                 0.002  10
alg :  smoother_fine                 0.001  30
alg :  solve_MG                      0.005  10
alg :  update_mg_status              0.000  10
alg : 
alg :  size = 2396
alg :  build_fine_select_omega       0.003  10
alg :  build_select_pivot_nonzeros   0.003  10
alg :  build_select_vectors          0.001  10
alg :  calc_residual_LU              0.002  10
alg :  call_MG_solver                0.008  10
alg :  clean_fine_level              0.000  10
alg :  init_RB_fine_nonzeros         0.000  10
alg :  init_fine_level               0.006  10
alg :  mg_cycle                      0.006  10
alg :  run_smoothing                 0.005  10
alg :  smoother_fine                 0.004  30
alg :  solve_MG                      0.014  10
alg :  update_mg_status              0.000  10
alg : 
alg :  size = 2396
alg :  build_fine_select_omega       0.001  10
alg :  build_select_pivot_nonzeros   0.001  10
alg :  build_select_vectors          0.000  10
alg :  calc_residual_LU              0.001  10
alg :  call_MG_solver                0.004  10
alg :  clean_fine_level              0.000  10
alg :  init_RB_fine_nonzeros         0.000  10
alg :  init_fine_level               0.003  10
alg :  mg_cycle                      0.003  10
alg :  run_smoothing                 0.003  10
alg :  smoother_fine                 0.002  30
alg :  solve_MG                      0.007  10
alg :  update_mg_status              0.000  10
Free Geometry DB takes 0.000 s
OK
