Number of used processors (NPROC): 1.
Number of mesh partitions (NPART): 1.
Operating system:	Windows 7 Service Pack 1 (Version 6.1.7601)
Total Physical Memory = 6.00 Gb, Available Physical Memory = 3.24 Gb
Memory Working Set Current = 17.45 Mb, Memory Working Set Peak = 18.71 Mb
CPU:	GenuineIntel, Stepping ID = 2, Model = 13, Family = 6, Extended model = 2, MMX SSE SSE2 Hyper-Threading Technology SSE3
CPU Brand String: Intel(R) Xeon(R) CPU E5-2680 v3 @ 2.50GHz
Cache Line Size = 64, L2 Associativity = 6, Cache Size = 256K
Number of cores: 4, Processor type: 8664, Active processor mask: 15, Page size: 4096 bites
std::thread::hardware_concurrency = 4
OpenMP enabled (spec=200203). max_threads = 4, num_procs = 4, num_threads = 4.

SOLIDWORKS 2016 SP3.0
14-HEAT_TRANSFER_IN_SOLID\00700-PCB_sandwich_across_arbitrary_Dirichlet\ft_run\1\1.fld
Configuration name:	Default
Project name:	as3d
/*******************************************/
/*         Project Summary                 */
/*******************************************/
Problem type:						internal
Result resolution:					5
Minimum gap size:					0.1
Minimum wall thickness:				0.1
Manual refinement:					Off
Solid refinement:					Off
Fluid substances count				0

		Advanced capabilities
Heat transfer						Off
Transient						Off
Gravitation						Off
Laminar flow						Off
Compressibility					Off
Default wall condition				adiabatic wall
Roughness:						0

************************************************

Geometry database loading ...OK
Flow Simulation 2016  x64 / 3688 / SOLVER ver. efd_16_0.3667_12.10.2016+nested_iters_for_phase_change17.5 



STATIONARY

SOLID HEAT TRANSFER ONLY

EXTERNAL=1  CHT=1  FROZEN=0  P_REF=1  RADIATION=0  HVAC_COMFORT_PARAMETERS=0
IT=0   NT=2   NZ=0
US_DIM=1
-----------------------------------------------------------------------
Allocating meshes:
	CPU count: 1
	MESH 0:
		Sub-meshes count: 1
-----------------------------------------------------------------------
Memory Status before reading BCF:
Memory Working Set Current = 21.52 Mb, Memory Working Set Peak = 21.52 Mb

-----------------------------------------------------------------------
BCF CHECKSUM DATA (Mesh 0):

FACE_A Area Sum:   G.Fluid        0.0000000000000000
FACE_A Area Sum:   G.Solid        4.6800000000001152
FACE_W Area Sum:                  72.3680000000004360
FACE_W Nb   Sum:                  13420
AV Max Disbalance: G.Fluid        0 (cid=-1, avid=-1, pid=-1)
AV Max Disbalance: G.Solid        1.31476e-016 (cid=646, avid=646, pid=0)
-----------------------------------------------------------------------


-----------------------------------------------------------------------
MESHER TOPOLOGY DATA (Mesh 0):

BRICKS: Total                 1600
BRICKS: 1-CV                  1501
BRICKS: 2-CV                  97
BRICKS: 3-CV                  2
BRICKS: Bad                   0

AV:     G.Total               1701
AV:     G.Fluid               0
AV:     G.Solid               1701

AV:     G.Fluid Thin Profile    0.00 % (0)
AV:     G.Solid Thin Profile    0.00 % (0)

AV:     G.Fluid Thin For Mega   0.00 % (0)
AV:     G.Solid Thin For Mega   0.00 % (0)

AV:     G.Fluid Non-Convex      0.00 % (0)
AV:     G.Solid Non-Convex      0.24 % (4)

FACE_A: G.Fluid          (af) 0 (partially opened 0)
FACE_A: G.Solid          (as) 3220 (partially opened 200)

FACE_W: G.Total                 3669        Brick/Bound
FACE_W: G.Fluid/Solid    (fs_g) 0           0           
FACE_W: G.Fluid/Fluid    (ff_g) 0           0           
FACE_W: G.Solid/Solid    (ss_g) 107         0           
FACE_W: G.Fluid/External (fe_g) 0
FACE_W: G.Solid/External (se_g) 3562

AV max fa count:                4
AV max fw count:                4
AV max fw poly count:           4

MEMORY: Total                   0.840 MB
MEMORY: Per Brick               0.538 KB
-----------------------------------------------------------------------

----------------------------------------------------------
BCF --> BCF.GEOMSUBDOM (bridge arrays) (cpu_num=1):
MESH (0):
	Fluid Subdom Constructor: 0 subdom(s).
	Solid Subdom Constructor: 3 subdom(s).
	Net Asm Subdom Constructor: 0 subdom(s).
	GEOMSUBDOM (0): gi=2 solid av=1558 cv=1558 fa=3004 fw=3350 V=3.440000e-001
	GEOMSUBDOM (1): gi=1 solid av=71 cv=27 fa=107 fw=212 V=8.000000e-003
	GEOMSUBDOM (2): gi=0 solid av=72 cv=27 fa=109 fw=214 V=8.000000e-003
	Setting nb of w-faces...OK.

MESH (0) checking:
	GEOMSUBDOM (0):fa_s=4.4634061496421147 fw_s=69.1280000000007530 fw_nb=12484
	GEOMSUBDOM (1):fa_s=0.1082996799342864 fw_s=1.6840000000000031 fw_nb=568
	GEOMSUBDOM (2):fa_s=0.1082941704236958 fw_s=1.6840000000000044 fw_nb=576
MESH (0) checking: OK.
----------------------------------------------------------
Memory Status after reading BCF:
Memory Working Set Current = 23.28 Mb, Memory Working Set Peak = 23.28 Mb
Total read CPT took 0.02 sec.
MESH::Bricks: Total=1600 Gas=0 Solid=1501 Partial=99 Irregular=0

-----------------------------------------------------------------------
Mesh dimensions:
				I[0 ]=40
				I[1 ]=40
				I[2 ]=1
Solver refinement level	I[47]=0

Comp. domain size:
				a[0  ]=-3
				a[1  ]=3
				a[2  ]=-3
				a[3  ]=3
				a[4  ]=-0.005
				a[5  ]=0.005
Wall thickness		a[231]=0
Gap size			a[232]=1
-----------------------------------------------------------------------
-----------------------------------------------------------------------
Preparing for calculations started at	3.11.2016	12:26:9
slv_max_lev=0
CD X0= -3, X1= 3, Y0= -3, Y1= 3, Z0= -0.005, Z1= 0.005
Collecting Reference Parameters... OK

Define PCB cv's parameters...OK

-----------------------------------------------------------------------
CV statisticks for fluid...
	CV number:         0
	FACE_A max number: 0
	FACE_W max number: 0
-----------------------------------------------------------------------
-----------------------------------------------------------------------
CV statisticks for solid...
	CV number:         54
	FACE_A max number: 6
	FACE_W max number: 14
-----------------------------------------------------------------------
Update time step in solids: STATIONARY IN SOLIDS
Memory allocation for matrix entries in solver is block-wise,
( size of block = 1048576 bytes (1Mb) ).

There is 1 subdomain in solid:
subdomain 0: 54 control volumes

43 parameter(s) in list of scalar parameters
2 parameter(s) in list of vector parameters
-----------------------------------------------------------------------
Loading mesh settings (global/local/SAR)...
Setting regions...
Setting regions takes 0.000 s
-----------------------------------------------------------------------

CollectIndata: Initialize stored in U[] parameters (pressure,momentum,dens,..)... OK(CPU=0.00057633s)

Collect Body BC...OK
Collect Fans...OK
Collect Surface Sources...OK
Collect Contact resistance BC...OK
Collect Perforated plates BC...OK
Collect Electric contact BC...OK
Collect Surface Goals...
Received 1 wall face(s) and 0 virtual face(s)...
 OK
Total CPU time 0 s
Collect Unused surface area...OK

MWS =0.25
NPROC = 1, nested_parallelization = 0
NPART = 1

/-----------------------------------------------------------/
SOLVER TOPOLOGY DATA:

BRICKS: |level1| sum         0

CV:     Total               54
CV:     Fluid               0
CV:     Solid               54

CV:     G.Fluid Thin Profile    0.00 % (0)
CV:     G.Solid Thin Profile   92.59 % (50)

CV:     G.Fluid Non-Convex      0.00 % (0)
CV:     G.Solid Non-Convex      0.00 % (0)

FACE_A: Fluid          (af) 0
FACE_A: Max number placed on a brick-face in cv: 0
FACE_A: Solid          (as) 3220

FACE_W: Total               3669
FACE_W: Fluid/Solid    (fs) 0
FACE_W: Fluid/Fluid    (ff) 0
FACE_W: Solid/Solid    (ss) 33
FACE_W: Opening BC               (fo)  0
FACE_W: Fluid/Bound              (fw)  0
FACE_W: Solid/Bound              (sw)  360
FACE_W: Fluid/Bound Real Wall    (frw) 0
FACE_W: Solid/Bound Real Wall    (srw) 74
FACE_W: Fluid/Bound Real Wall  hn(sum) 0.000000e+000
FACE_W: Max number placed in cv: 0
Solid:
CV Max Disbalance:                5.10956e-017 (ncv=33)
/-----------------------------------------------------------/

Create solver core
 MDS: Converting solver problem ...
MDS: OK
slv : Calculations at run start
slv :     Create sub-domains supervisors:
slv :     	2 solid
slv :     OK
slv :     Create sub-domains mesh connectivity supervisors:
slv :     	1 fw one to one
slv :     OK
slv :     Slice sub-domains:
slv :     OK
slv :     Collect slices by phenomena...
slv :     	fluid flow slices were created:	0
slv :     	heat transfer slices were created:	2
slv :     	electric current flow slices were created:	0
slv :     	radiation slices were created:	0
slv :     OK
slv :     Creating meshes proxies for multigrid...
slv :         Convert MESH[0] to multigrid mesh proxy...
slv :         1600 bricks are accounted by implicit methods(100% of total)
slv :         max tree bricks count = 1
slv :         OK
slv :     OK
alg :     MG: create topological coarsening...
alg :     Mesh 0  OK
slv :     OK
slv :     Building fluid flow views schemes...
slv :     OK
slv :     Building views for heat transfer...
slv :         1 views are created
slv :     Building heat transfer views schemes...
slv :         View 0:
slv :         OK
slv :     OK
slv :     Building electric current flow views schemes...
slv :     OK
slv :     PrecalcAtStart views for fluid flow...
slv :     PrecalcAtStart views for heat transfer...
slvD:         Laplacian approximations statisticks:
slvD:         	Number of open faces        :62
slvD:         	N of computed(stored) approximations:62
slvD:             	PCB-type     approximations :100.0 %
slvD:             
slvD:         Laplacian approximations statisticks:
slvD:         	Number of open faces        :63
slvD:         	N of computed(stored) approximations:63
slvD:             	PCB-type     approximations :100.0 %
slvD:             
slv :         Creating view scheme...
slv :         1 heat transfer algebraic views are created
alg :         mgl = 31 size = 54
alg :         mgl = 30 size = 31
alg :         
slv :         OK
slv :     PrecalcAtStart views for electric current flow...
slv :     PrecalcAtStart views for radiation...
slv : OK
slv : ------------ Start of Preliminary step at Calculation start ------------
slv :     View 0(0) T_solid:min(solid,ncvloc=0,sd_id=1,ncvglob=0)=293.2                max(solid,ncvloc=0,sd_id=1,ncvglob=0)=293.2                
slv :     Global T_solid:min(solid,ncvloc=0,sd_id=1,ncvglob=0)=293.2                max(solid,ncvloc=0,sd_id=1,ncvglob=0)=293.2                
slv :     ------------ End of Preliminary step at Calculation start ------------

----------------------------------------------------------
BCF checking (solver)...
----------------------------------------------------------

Estimated cfld size=0.08 Mb
Writing cfld file "14-HEAT_TRANSFER_IN_SOLID\00700-PCB_sandwich_across_arbitrary_Dirichlet\ft_run\1/r_000000.cfld"...
Working in No GDBLight mode
Working in No GDBLight mode
FILE SAVED: r_000000.cfld. Total save cfld took 0.00 sec.
real cfld size=0.01 Mb
OK
Estimated fld size=0.23 Mb
Writing fld file "14-HEAT_TRANSFER_IN_SOLID\00700-PCB_sandwich_across_arbitrary_Dirichlet\ft_run\1/r_000000.fld"...
FILE SAVED: r_000000.fld. Total save fld took 0.00 sec.
real fld size=0.02 Mb
OK
Init simple interpolator... OK (0.000 sec)
BC 'adiabatic wall' is on 10 faces (AS area=0.008, CAD area=0.008016, difference=-0.2%)
BC 'Outer Wall T=100' is on 32 faces (AS area=0.04, CAD area=0.04008, difference=-0.2%)
Thermal resistance BC 'zero' is on 33 faces (AS area=0.04, CAD area=0.04008, difference=-0.2%)
Surface goal 'SG Av Temperature (Solid) 1' is on 32 faces

Preview parameters:
	Density (Solid)
	Temperature (Solid)
	Solid Thermal Conductivity (X)
	Solid Thermal Conductivity (Y)
	Solid Thermal Conductivity (Z)
	Heat Flux
	Heat Flux (X)
	Heat Flux (Y)
	Heat Flux (Z)
	Overheat above Melting Temperature
10 parameter(s) in preview list of parameters

Calculation started at	3.11.2016	12:26:9
Total CPU time 0 s
//-------------There are no openings in task--------------//

================== Tstep=0 ===================
Boundary layer settings:
	Separation tau    on
	Enable 3D effects off
BL MODEL         	Ignore compressibility  off
	BL on porous body  off
	Separ. tau corr factor 0
	Separ. tau kappa 0.1
	Separ. tau KV0 0.1
------------------------
NumerCore CHT-start settings:
	Min typical size					1
	Zero vel ht factor				0.006
	C_mju_turb_min                   0.01
	Threshold value for K-E filter   0
	C_mju                            0.09
	C_eps1                           1.44
	C_eps2                           1.92
	Sigma_k                          1
	Sigma_eps                        1.3
	Sigma_c                          0.9
	Approx mode                      1st order
-------------
NumCoreFESSettings:
	Maximum possible Mach	0
	Turbulent Prandtl		0.9
-------------
slv : Implicit schemes in fluid settings:
slv :     INPR	: rel_resid=0.00790569
slv :     BACKGROUND	: rel_resid=0.00790569
slv :     DVGR	: rel_resid=0.00790569
slv :     MOMENTUM	: rel_resid=0.00790569
slv :     CHT	: rel_resid=0.00790569
slv :     Y_TD	: rel_resid=0.00790569
slv :     Y_TURB	: rel_resid=0.00790569
slv :     LMA	: rel_resid=0.00790569
slv :     UVGI	: rel_resid=0.00790569
slv :     NOx	: rel_resid=0.00790569
slv :     Disable wall motion impact into H threshold=10
slv :     Relax par ring =0.05
slv :     Isothermal cavitation CF corrector = 1
slv :     Isothermal cavitation pseudo transient corrector = -1
slv :     Isothermal cavitation forced time step in cavitated regions = -1
slv :     ---------------------------------------
------Solid settings---
Approximation mode = 2'nd order && thin_profiles
Solid temperature eps_abs scaling factor: 0.001
number dofs per absorptive face: 9
subgrid ratio: 0.500000
Blink filter: disabled
------------------------------
slv : Iterations settings:
slv :     Max number of outer iter = 1
slv :     Max number of Mass&Energy iter = 1
slv :     Max Courant factor = 10
slv :     Conservation laws tolerance residuals:
slv :         	MASS	0.005
slv :         	MOMENTUM	0.005
slv :         	ENERGY	0.005
slv :         	SPECIES	0.005
slv :         	TURBULENCE	0.005
slv :     ---------------------------------------
slv :     Scheme blocks settings:
slv :         INPR	: stop_crit=residAbs_AND_residRel 
slv :         BACKGROUND	: stop_crit=residAbs_AND_residRel 
slv :         DVGR	: stop_crit=residAbs_AND_residRel 
slv :         MOMENTUM	: stop_crit=residAbs_AND_residRel 
slv :         CHT	: stop_crit=residAbs_AND_residRel 
slv :         Y_TD	: stop_crit=residAbs_AND_residRel 
slv :         Y_TURB	: stop_crit=residAbs_AND_residRel 
slv :         LMA	: stop_crit=residAbs_AND_residRel 
slv :         UVGI	: stop_crit=residAbs_AND_residRel 
slv :         NOx	: stop_crit=residAbs_AND_residRel 
slv :     ---------------------------------------
Accuracy scale coeff =1
slv : SOLVE HT
slv : 	Heat Transfer physical view 0
alg : | Initial res  | Target res   | Final res    |Visits|Iter|R|F|CL|Status|
alg : | 2.265368e+002| 3.673095e-011| 2.345821e-011|    12| 108|0|n|30|  OK  |
slv : | 8.128000e+001|              | 2.700155e-005|      |    | | |  |      | 
slv :     View 0(0) T_solid:min(solid,ncvloc=25,sd_id=2,ncvglob=50)=109.99999493464      max(solid,ncvloc=0,sd_id=1,ncvglob=0)=130.00000225274      
slv :     Global T_solid:min(solid,ncvloc=25,sd_id=2,ncvglob=50)=109.99999493464      max(solid,ncvloc=0,sd_id=1,ncvglob=0)=130.00000225274      
Memory Working Set Current = 31.00 Mb, Memory Working Set Peak = 31.00 Mb

================== Tstep=1 ===================
slv : SOLVE HT
slv : 	Heat Transfer physical view 0
alg : | Initial res  | Target res   | Final res    |Visits|Iter|R|F|CL|Status|
alg : | 2.345821e-011| 1.466138e-012| 2.908533e-013|     3|  27|0|n|30|  OK  |
slv : | 2.700155e-005|              | 3.188462e-006|      |    | | |  |      | 
slv :     View 0(0) T_solid:min(solid,ncvloc=25,sd_id=2,ncvglob=50)=109.99999947286      max(solid,ncvloc=0,sd_id=1,ncvglob=0)=130.00000032915      
slv :     Global T_solid:min(solid,ncvloc=25,sd_id=2,ncvglob=50)=109.99999947286      max(solid,ncvloc=0,sd_id=1,ncvglob=0)=130.00000032915      
Memory Working Set Current = 31.02 Mb, Memory Working Set Peak = 31.02 Mb

================== Tstep=2 ===================
slv : SOLVE HT
slv : 	Heat Transfer physical view 0
alg : | Initial res  | Target res   | Final res    |Visits|Iter|R|F|CL|Status|
alg : | 2.908529e-013| 1.817830e-014| 3.898189e-015|     3|  27|0|n|30|  OK  |
slv : | 3.188462e-006|              | 3.809394e-007|      |    | | |  |      | 
slv :     View 0(0) T_solid:min(solid,ncvloc=25,sd_id=2,ncvglob=50)=109.99999994415      max(solid,ncvloc=0,sd_id=1,ncvglob=0)=130.00000004611      
slv :     Global T_solid:min(solid,ncvloc=25,sd_id=2,ncvglob=50)=109.99999994415      max(solid,ncvloc=0,sd_id=1,ncvglob=0)=130.00000004611      
Memory Working Set Current = 31.02 Mb, Memory Working Set Peak = 31.02 Mb

================== Tstep=3 ===================
slv : SOLVE HT
slv : 	Heat Transfer physical view 0
alg : | Initial res  | Target res   | Final res    |Visits|Iter|R|F|CL|Status|
alg : | 3.898187e-015| 2.436367e-016| 5.598457e-017|     3|  27|0|n|30|  OK  |
slv : | 3.809394e-007|              | 4.615915e-008|      |    | | |  |      | 
slv :     View 0(0) T_solid:min(solid,ncvloc=25,sd_id=2,ncvglob=50)=109.99999999399      max(solid,ncvloc=0,sd_id=1,ncvglob=0)=130.00000000633      
slv :     Global T_solid:min(solid,ncvloc=25,sd_id=2,ncvglob=50)=109.99999999399      max(solid,ncvloc=0,sd_id=1,ncvglob=0)=130.00000000633      
Memory Working Set Current = 31.02 Mb, Memory Working Set Peak = 31.02 Mb

================== Tstep=4 ===================
slv : SOLVE HT
slv : 	Heat Transfer physical view 0
alg : | Initial res  | Target res   | Final res    |Visits|Iter|R|F|CL|Status|
alg : | 5.598112e-017| 3.498820e-018| 8.534590e-019|     3|  27|0|n|30|  OK  |
slv : | 4.615915e-008|              | 5.672417e-009|      |    | | |  |      | 
slv :     View 0(0) T_solid:min(solid,ncvloc=25,sd_id=2,ncvglob=50)=109.99999999935      max(solid,ncvloc=0,sd_id=1,ncvglob=0)=130.00000000085      
slv :     Global T_solid:min(solid,ncvloc=25,sd_id=2,ncvglob=50)=109.99999999935      max(solid,ncvloc=0,sd_id=1,ncvglob=0)=130.00000000085      
Memory Working Set Current = 31.02 Mb, Memory Working Set Peak = 31.02 Mb
Iteration : time = 0.468009 , count = 5 , time/count = 0.0936018
Calculate_inc() : time = 0.156003 , count = 5 , time/count = 0.0312006
TreatFlowEvolution() : time = 0.312006 , count = 5 , time/count = 0.0624012
SolverPreview : time = 0 , count = 6 , time/count = 0
TreatGoals : time = 0.312006 , count = 5 , time/count = 0.0624012

================== Tstep=5 ===================
slv : SOLVE HT
slv : 	Heat Transfer physical view 0
alg : | Initial res  | Target res   | Final res    |Visits|Iter|R|F|CL|Status|
alg : | 8.530579e-019| 8.530579e-019| 7.589658e-019|     1|   3|0|y|30|  OK  |
slv : | 5.672417e-009|              | 5.341183e-009|      |    | | |  |      | 
slv :     View 0(0) T_solid:min(solid,ncvloc=25,sd_id=2,ncvglob=50)=109.99999999938      max(solid,ncvloc=0,sd_id=1,ncvglob=0)=130.00000000082      
slv :     Global T_solid:min(solid,ncvloc=25,sd_id=2,ncvglob=50)=109.99999999938      max(solid,ncvloc=0,sd_id=1,ncvglob=0)=130.00000000082      
Memory Working Set Current = 31.02 Mb, Memory Working Set Peak = 31.02 Mb

================== Tstep=6 ===================
slv : SOLVE HT
slv : 	Heat Transfer physical view 0
alg : | Initial res  | Target res   | Final res    |Visits|Iter|R|F|CL|Status|
alg : | 7.587962e-019| 7.587962e-019| 6.825264e-019|     1|   3|0|y|30|  OK  |
slv : | 5.341183e-009|              | 5.087515e-009|      |    | | |  |      | 
slv :     View 0(0) T_solid:min(solid,ncvloc=25,sd_id=2,ncvglob=50)=109.99999999941      max(solid,ncvloc=0,sd_id=1,ncvglob=0)=130.00000000079      
slv :     Global T_solid:min(solid,ncvloc=25,sd_id=2,ncvglob=50)=109.99999999941      max(solid,ncvloc=0,sd_id=1,ncvglob=0)=130.00000000079      
Memory Working Set Current = 31.02 Mb, Memory Working Set Peak = 31.02 Mb

================== Tstep=7 ===================
slv : SOLVE HT
slv : 	Heat Transfer physical view 0
alg : | Initial res  | Target res   | Final res    |Visits|Iter|R|F|CL|Status|
alg : | 6.826120e-019| 6.826120e-019| 6.182986e-019|     1|   3|0|y|30|  OK  |
slv : | 5.087515e-009|              | 4.862767e-009|      |    | | |  |      | 
slv :     View 0(0) T_solid:min(solid,ncvloc=25,sd_id=2,ncvglob=50)=109.99999999944      max(solid,ncvloc=0,sd_id=1,ncvglob=0)=130.00000000076      
slv :     Global T_solid:min(solid,ncvloc=25,sd_id=2,ncvglob=50)=109.99999999944      max(solid,ncvloc=0,sd_id=1,ncvglob=0)=130.00000000076      
Memory Working Set Current = 31.02 Mb, Memory Working Set Peak = 31.02 Mb

================== Tstep=8 ===================
slv : SOLVE HT
slv : 	Heat Transfer physical view 0
alg : | Initial res  | Target res   | Final res    |Visits|Iter|R|F|CL|Status|
alg : | 6.178663e-019| 6.178663e-019| 5.585622e-019|     1|   3|0|y|30|  OK  |
slv : | 4.862767e-009|              | 4.644583e-009|      |    | | |  |      | 
slv :     View 0(0) T_solid:min(solid,ncvloc=25,sd_id=2,ncvglob=50)=109.99999999946      max(solid,ncvloc=0,sd_id=1,ncvglob=0)=130.00000000073      
slv :     Global T_solid:min(solid,ncvloc=25,sd_id=2,ncvglob=50)=109.99999999946      max(solid,ncvloc=0,sd_id=1,ncvglob=0)=130.00000000073      
Memory Working Set Current = 31.02 Mb, Memory Working Set Peak = 31.02 Mb

================== Tstep=9 ===================
slv : SOLVE HT
slv : 	Heat Transfer physical view 0
alg : | Initial res  | Target res   | Final res    |Visits|Iter|R|F|CL|Status|
alg : | 5.587042e-019| 5.587042e-019| 5.088925e-019|     1|   3|0|y|30|  OK  |
slv : | 4.644583e-009|              | 4.446563e-009|      |    | | |  |      | 
slv :     View 0(0) T_solid:min(solid,ncvloc=25,sd_id=2,ncvglob=50)=109.99999999949      max(solid,ncvloc=0,sd_id=1,ncvglob=0)=130.00000000071      
slv :     Global T_solid:min(solid,ncvloc=25,sd_id=2,ncvglob=50)=109.99999999949      max(solid,ncvloc=0,sd_id=1,ncvglob=0)=130.00000000071      
slv : +--------------------------+------------+-------+------------+------------+
slv : |      Collector name      | Total Time | Count |  Avg Time  |  Max Time  |
slv : +--------------------------+------------+-------+------------+------------+
slv : | CHT_MDS_import_export    |       0.000|      9|       0.000|       0.000|
slv : | CSolver_core_update_BC_1 |       0.001|     10|       0.000|       0.000|
slv : | Calculate_inc            |       0.173|      9|       0.019|       0.151|
slv : | LiSy_make_portrait       |       0.000|      2|       0.000|       0.000|
slv : | Results_processing       |       0.317|      9|       0.035|       0.305|
slv : | build_sl_ordering_CHT    |       0.000|     10|       0.000|       0.000|
slv : | precalc_at_start_MDS     |       0.002|      4|       0.000|       0.002|
slv : | solve_CHT_MDS            |       0.164|     10|       0.016|       0.149|
slv : | solve_CHT_alg_MDS        |       0.156|     10|       0.016|       0.148|
slv : +--------------------------+------------+-------+------------+------------+
Memory Working Set Current = 31.02 Mb, Memory Working Set Peak = 31.02 Mb
/************Goal values******************/
SG Av Temperature (Solid) 1				140 K
/************End of Goal values******************/
/************	Min/Max Parameters	************/
Temperature (Solid):		min = 100 K		max = 140 K
/************	End of Min/Max Parameters	************/
Solver finished at	3.11.2016	12:26:9
ENDING PROGRAM...
Estimated fld size=0.23 Mb
Writing fld file "14-HEAT_TRANSFER_IN_SOLID\00700-PCB_sandwich_across_arbitrary_Dirichlet\ft_run\1\1.fld"...
FILE SAVED: 1.fld. Total save fld took 0.00 sec.
real fld size=0.04 Mb
FILE RENAMED: r_000000.cfld -> 1.cfld
OK
Depository creating ...
stream_line (0.001 s)
FS triangles count 12 
wall_triangles (0.002 s)
nb_bricks (0.004 s)
Face_aver_on (0.000 s)
size of cv_intrp_s = 0.06 Mb
size of cv_intrp_fw = 0.06 Mb
size of cv_intrp_sw = 0.10 Mb
CCVInterp_DepEntry::Calculate duration = 0.016 s
cv_interp (0.009 s)
favorite_params (0.009 s)
Face_aver_off (0.000 s)
Depository creating ...OK (0.026 s)
Solver finished at	3.11.2016	12:26:9
Total CPU time 0 s
Free memory:
slv : +--------------------------+------------+-------+------------+------------+
slv : |      Collector name      | Total Time | Count |  Avg Time  |  Max Time  |
slv : +--------------------------+------------+-------+------------+------------+
slv : | CHT_MDS_import_export    |       0.000|     10|       0.000|       0.000|
slv : | CSolver_core_update_BC_1 |       0.001|     10|       0.000|       0.000|
slv : | Calculate_inc            |       0.176|     10|       0.018|       0.151|
slv : | LiSy_make_portrait       |       0.000|      2|       0.000|       0.000|
slv : | Results_processing       |       0.318|     10|       0.032|       0.305|
slv : | build_sl_ordering_CHT    |       0.000|     10|       0.000|       0.000|
slv : | precalc_at_start_MDS     |       0.002|      4|       0.000|       0.002|
slv : | solve_CHT_MDS            |       0.164|     10|       0.016|       0.149|
slv : | solve_CHT_alg_MDS        |       0.156|     10|       0.016|       0.148|
slv : +--------------------------+------------+-------+------------+------------+
alg : 
alg :  size = 54
alg :  build_coarse_select_omega     0.000  5
alg :  build_fine_select_omega       0.000  10
alg :  build_select_pivot_nonzeros   0.000  10
alg :  build_select_vectors          0.000  10
alg :  calc_residual_LU              0.000  29
alg :  call_MG_solver                0.154  10
alg :  clean_coarse_levels           0.000  5
alg :  clean_fine_level              0.000  10
alg :  init_RB_coarse_nonzeros       0.000  5
alg :  init_RB_fine_nonzeros         0.000  10
alg :  init_coarse_levels            0.147  5
alg :  init_fine_level               0.000  10
alg :  mg_cycle                      0.150  10
alg :  numerical_PardisoLU           0.001  5
alg :  perform_prolongation          0.000  19
alg :  perform_restriction           0.000  19
alg :  run_smoothing                 0.002  29
alg :  smoother_fine                 0.001  231
alg :  solve_MG                      0.154  10
alg :  solve_PardisoLU               0.001  19
alg :  symbolic_PardisoLU            0.145  1
alg :  update_mg_status              0.000  48
Free Geometry DB takes 0.000 s
OK
