Number of used processors (NPROC): 1.
Number of mesh partitions (NPART): 1.
Operating system:	Windows 7 Service Pack 1 (Version 6.1.7601)
Total Physical Memory = 6.00 Gb, Available Physical Memory = 3.10 Gb
Memory Working Set Current = 18.50 Mb, Memory Working Set Peak = 87.57 Mb
CPU:	GenuineIntel, Stepping ID = 2, Model = 13, Family = 6, Extended model = 2, MMX SSE SSE2 Hyper-Threading Technology SSE3
CPU Brand String: Intel(R) Xeon(R) CPU E5-2680 v3 @ 2.50GHz
Cache Line Size = 64, L2 Associativity = 6, Cache Size = 256K
Number of cores: 4, Processor type: 8664, Active processor mask: 15, Page size: 4096 bites
std::thread::hardware_concurrency = 4
OpenMP enabled (spec=200203). max_threads = 4, num_procs = 4, num_threads = 4.

SOLIDWORKS 2016 SP3.0
14-HEAT_TRANSFER_IN_SOLID\00102-Ball_ref1_Q_2nd_order_Tfixed\ft_run\1\1.fld
Configuration name:	Default
Project name:	as3d
/*******************************************/
/*         Project Summary                 */
/*******************************************/
Problem type:						internal
Result resolution:					5
Minimum gap size:					0.2004
Minimum wall thickness:				0.2
Manual refinement:					Off
Solid refinement:					Off
Fluid substances count				0

		Advanced capabilities
Heat transfer						Off
Transient						Off
Gravitation						Off
Laminar flow						Off
Compressibility					Off
Default wall condition				adiabatic wall
Roughness:						0

************************************************

Geometry database loading ...OK
Collect volumetric sources...	Algorithm takes 0 sec
Ok
Flow Simulation 2016  x64 / 3688 / SOLVER ver. efd_16_0.3667_12.10.2016+nested_iters_for_phase_change17.5 



STATIONARY

SOLID HEAT TRANSFER ONLY

EXTERNAL=1  CHT=1  FROZEN=0  P_REF=1  RADIATION=0  HVAC_COMFORT_PARAMETERS=0
IT=0   NT=2   NZ=0
US_DIM=1
-----------------------------------------------------------------------
Allocating meshes:
	CPU count: 1
	MESH 0:
		Sub-meshes count: 1
-----------------------------------------------------------------------
Memory Status before reading BCF:
Memory Working Set Current = 21.60 Mb, Memory Working Set Peak = 87.57 Mb

-----------------------------------------------------------------------
BCF CHECKSUM DATA (Mesh 0):

FACE_A Area Sum:   G.Fluid        0.0000000000000000
FACE_A Area Sum:   G.Solid        1.8072072000002353
FACE_W Area Sum:                  0.3661582221451327
FACE_W Nb   Sum:                  10776
AV Max Disbalance: G.Fluid        0 (cid=-1, avid=-1, pid=-1)
AV Max Disbalance: G.Solid        1.9093e-016 (cid=2333, avid=2987, pid=1307)
-----------------------------------------------------------------------


-----------------------------------------------------------------------
MESHER TOPOLOGY DATA (Mesh 0):

BRICKS: Total                 4096
BRICKS: 1-CV                  2936
BRICKS: 2-CV                  1160
BRICKS: Bad                   0

AV:     G.Total               5256
AV:     G.Fluid               0
AV:     G.Solid               5256

AV:     G.Fluid Thin Profile    0.00 % (0)
AV:     G.Solid Thin Profile    0.00 % (0)

AV:     G.Fluid Thin For Mega   0.00 % (0)
AV:     G.Solid Thin For Mega   0.00 % (0)

AV:     G.Fluid Non-Convex      0.00 % (0)
AV:     G.Solid Non-Convex     18.17 % (955)

FACE_A: G.Fluid          (af) 0 (partially opened 0)
FACE_A: G.Solid          (as) 13836 (partially opened 4632)

FACE_W: G.Total                 2696        Brick/Bound
FACE_W: G.Fluid/Solid    (fs_g) 0           0           
FACE_W: G.Fluid/Fluid    (ff_g) 0           0           
FACE_W: G.Solid/Solid    (ss_g) 1160        0           
FACE_W: G.Fluid/External (fe_g) 0
FACE_W: G.Solid/External (se_g) 1536

AV max fa count:                6
AV max fw count:                3
AV max fw poly count:           4

MEMORY: Total                   1.789 MB
MEMORY: Per Brick               0.447 KB
-----------------------------------------------------------------------

----------------------------------------------------------
BCF --> BCF.GEOMSUBDOM (bridge arrays) (cpu_num=1):
MESH (0):
	Fluid Subdom Constructor: 0 subdom(s).
	Solid Subdom Constructor: 2 subdom(s).
	Net Asm Subdom Constructor: 0 subdom(s).
	GEOMSUBDOM (0): gi=0 solid av=2528 cv=2528 fa=6324 fw=2696 V=3.890861e-003
	GEOMSUBDOM (1): gi=1 solid av=2728 cv=2728 fa=7512 fw=1160 V=4.157235e-003
	Setting nb of w-faces...OK.

MESH (0) checking:
	GEOMSUBDOM (0):fa_s=0.8107999616342679 fw_s=0.3661582221451325 fw_nb=10776
	GEOMSUBDOM (1):fa_s=0.9964072383657256 fw_s=0.1251972621451351 fw_nb=4632
MESH (0) checking: OK.
----------------------------------------------------------
Memory Status after reading BCF:
Memory Working Set Current = 27.84 Mb, Memory Working Set Peak = 87.57 Mb
Total read CPT took 0.05 sec.
MESH::Bricks: Total=4096 Gas=0 Solid=2936 Partial=1160 Irregular=0

-----------------------------------------------------------------------
Mesh dimensions:
				I[0 ]=16
				I[1 ]=16
				I[2 ]=16
Solver refinement level	I[47]=0

Comp. domain size:
				a[0  ]=-0.1002
				a[1  ]=0.1002
				a[2  ]=-0.1002
				a[3  ]=0.1002
				a[4  ]=-0.1002
				a[5  ]=0.1002
Wall thickness		a[231]=0
Gap size			a[232]=1
-----------------------------------------------------------------------
-----------------------------------------------------------------------
Preparing for calculations started at	3.11.2016	12:26:7
slv_max_lev=0
CD X0= -0.1002, X1= 0.1002, Y0= -0.1002, Y1= 0.1002, Z0= -0.1002, Z1= 0.1002
Collecting Reference Parameters... OK
-----------------------------------------------------------------------
CV statisticks for fluid...
	CV number:         0
	FACE_A max number: 0
	FACE_W max number: 0
-----------------------------------------------------------------------
-----------------------------------------------------------------------
CV statisticks for solid...
	CV number:         5256
	FACE_A max number: 6
	FACE_W max number: 3
-----------------------------------------------------------------------
Update time step in solids: STATIONARY IN SOLIDS
Memory allocation for matrix entries in solver is block-wise,
( size of block = 1048576 bytes (1Mb) ).

There is 1 subdomain in solid:
subdomain 0: 5256 control volumes

43 parameter(s) in list of scalar parameters
2 parameter(s) in list of vector parameters
-----------------------------------------------------------------------
Loading mesh settings (global/local/SAR)...
Setting regions...
Setting regions takes 0.000 s
-----------------------------------------------------------------------
Collect volumetric sources...Body has 9036 triangles
Body construction begin-------------------------

Body construction end-------------------------

Body has 9024 triangles
Body construction begin-------------------------

Body construction end-------------------------

	Algorithm takes 0.171 sec
Ok

CollectIndata: Initialize stored in U[] parameters (pressure,momentum,dens,..)... OK(CPU=0.00187314s)

Collect Body BC...OK
Collect Fans...OK
Collect Surface Sources...OK
Collect Contact resistance BC...OK
Collect Perforated plates BC...OK
Collect Electric contact BC...OK
Collect Surface Goals...
Received 0 wall face(s) and 0 virtual face(s)...
 OK
Total CPU time 0 s
Collect Unused surface area...OK

MWS =0.25
NPROC = 1, nested_parallelization = 0
NPART = 1
BC's on 1160 ss w-faces are redefined

/-----------------------------------------------------------/
SOLVER TOPOLOGY DATA:

BRICKS: |level1| sum         0

CV:     Total               5256
CV:     Fluid               0
CV:     Solid               5256

CV:     G.Fluid Thin Profile    0.00 % (0)
CV:     G.Solid Thin Profile    0.00 % (0)

CV:     G.Fluid Non-Convex      0.00 % (0)
CV:     G.Solid Non-Convex     18.17 % (955)

FACE_A: Fluid          (af) 0
FACE_A: Max number placed on a brick-face in cv: 0
FACE_A: Solid          (as) 13836

FACE_W: Total               2696
FACE_W: Fluid/Solid    (fs) 0
FACE_W: Fluid/Fluid    (ff) 0
FACE_W: Solid/Solid    (ss) 1160
FACE_W: Opening BC               (fo)  0
FACE_W: Fluid/Bound              (fw)  0
FACE_W: Solid/Bound              (sw)  1536
FACE_W: Fluid/Bound Real Wall    (frw) 0
FACE_W: Solid/Bound Real Wall    (srw) 1536
FACE_W: Fluid/Bound Real Wall  hn(sum) 0.000000e+000
FACE_W: Max number placed in cv: 0
Solid:
CV Max Disbalance:                1.9093e-016 (ncv=3384)
/-----------------------------------------------------------/

Create solver core
 MDS: Converting solver problem ...
MDS: OK
slv : Calculations at run start
slv :     Create sub-domains supervisors:
slv :     	2 solid
slv :     OK
slv :     Create sub-domains mesh connectivity supervisors:
slv :     	1 fw one to one
slv :     OK
slv :     Slice sub-domains:
slv :     OK
slv :     Collect slices by phenomena...
slv :     	fluid flow slices were created:	0
slv :     	heat transfer slices were created:	2
slv :     	electric current flow slices were created:	0
slv :     	radiation slices were created:	0
slv :     OK
slv :     Creating meshes proxies for multigrid...
slv :         Convert MESH[0] to multigrid mesh proxy...
slv :         4096 bricks are accounted by implicit methods(100% of total)
slv :         max tree bricks count = 1
slv :         OK
slv :     OK
alg :     MG: create topological coarsening...
alg :     Mesh 0  OK
slv :     OK
slv :     Building fluid flow views schemes...
slv :     OK
slv :     Building views for heat transfer...
slv :         1 views are created
slv :     Building heat transfer views schemes...
slv :         View 0:
slv :         OK
slv :     OK
slv :     Building electric current flow views schemes...
slv :     OK
slv :     PrecalcAtStart views for fluid flow...
slv :     PrecalcAtStart views for heat transfer...
slvD:         Laplacian approximations statisticks:
slvD:         	Number of open faces        :6324
slvD:         	N of computed(stored) approximations:2400
slvD:             	2-point approximations    : 62.0 %
slvD:             	Thin profile approximations :  0.0 %
slvD:             
slvD:         Laplacian approximations statisticks:
slvD:         	Number of open faces        :7512
slvD:         	N of computed(stored) approximations:2712
slvD:             	2-point approximations    : 63.9 %
slvD:             	Thin profile approximations :  0.0 %
slvD:             
slv :         Creating view scheme...
slv :         1 heat transfer algebraic views are created
alg :         mgl = 31 size = 5256
alg :         mgl = 30 size = 1000
alg :         
slv :         OK
slv :     PrecalcAtStart views for electric current flow...
slv :     PrecalcAtStart views for radiation...
slv : OK
slv : ------------ Start of Preliminary step at Calculation start ------------
slv :     View 0(0) T_solid:min(solid,ncvloc=0,sd_id=0,ncvglob=0)=400                  max(solid,ncvloc=0,sd_id=0,ncvglob=0)=400                  
slv :     Global T_solid:min(solid,ncvloc=0,sd_id=0,ncvglob=0)=400                  max(solid,ncvloc=0,sd_id=0,ncvglob=0)=400                  
slv :     ------------ End of Preliminary step at Calculation start ------------

----------------------------------------------------------
BCF checking (solver)...
----------------------------------------------------------

Estimated cfld size=0.28 Mb
Writing cfld file "14-HEAT_TRANSFER_IN_SOLID\00102-Ball_ref1_Q_2nd_order_Tfixed\ft_run\1/r_000000.cfld"...
Working in No GDBLight mode
Working in No GDBLight mode
FILE SAVED: r_000000.cfld. Total save cfld took 0.00 sec.
real cfld size=0.03 Mb
OK
Estimated fld size=0.83 Mb
Writing fld file "14-HEAT_TRANSFER_IN_SOLID\00102-Ball_ref1_Q_2nd_order_Tfixed\ft_run\1/r_000000.fld"...
FILE SAVED: r_000000.fld. Total save fld took 0.00 sec.
real fld size=0.04 Mb
OK
Init simple interpolator... OK (0.000 sec)
Volume Source 'VS Volumetric Heat Generation Rate 1' is in 2728 CVs (volume=0.0041572)
Volume Source 'VS Temperature 1' is in 2528 CVs (volume=0.00386673)

Preview parameters:
	Density (Solid)
	Temperature (Solid)
	Solid Thermal Conductivity (X)
	Solid Thermal Conductivity (Y)
	Solid Thermal Conductivity (Z)
	Heat Flux
	Heat Flux (X)
	Heat Flux (Y)
	Heat Flux (Z)
	Overheat above Melting Temperature
10 parameter(s) in preview list of parameters

Calculation started at	3.11.2016	12:26:7
Total CPU time 0 s
//-------------There are no openings in task--------------//

================== Tstep=0 ===================
Boundary layer settings:
	Separation tau    on
	Enable 3D effects on
BL MODEL         	Ignore compressibility  off
	BL on porous body  off
	Separ. tau corr factor 0
	Separ. tau kappa 0.1
	Separ. tau KV0 0.1
------------------------
NumerCore CHT-start settings:
	Min typical size					1
	Zero vel ht factor				0.006
	C_mju_turb_min                   0.01
	Threshold value for K-E filter   0
	C_mju                            0.09
	C_eps1                           1.44
	C_eps2                           1.92
	Sigma_k                          1
	Sigma_eps                        1.3
	Sigma_c                          0.9
	Approx mode                      1st order
-------------
NumCoreFESSettings:
	Maximum possible Mach	0
	Turbulent Prandtl		0.9
-------------
slv : Implicit schemes in fluid settings:
slv :     INPR	: rel_resid=0.00790569
slv :     BACKGROUND	: rel_resid=0.00790569
slv :     DVGR	: rel_resid=0.00790569
slv :     MOMENTUM	: rel_resid=0.00790569
slv :     CHT	: rel_resid=0.00790569
slv :     Y_TD	: rel_resid=0.00790569
slv :     Y_TURB	: rel_resid=0.00790569
slv :     LMA	: rel_resid=0.00790569
slv :     UVGI	: rel_resid=0.00790569
slv :     NOx	: rel_resid=0.00790569
slv :     Disable wall motion impact into H threshold=10
slv :     Relax par ring =0.05
slv :     Isothermal cavitation CF corrector = 1
slv :     Isothermal cavitation pseudo transient corrector = -1
slv :     Isothermal cavitation forced time step in cavitated regions = -1
slv :     ---------------------------------------
------Solid settings---
Approximation mode = 2'nd order && thin_profiles
Solid temperature eps_abs scaling factor: 0.001
number dofs per absorptive face: 9
subgrid ratio: 0.500000
Blink filter: disabled
------------------------------
slv : Iterations settings:
slv :     Max number of outer iter = 1
slv :     Max number of Mass&Energy iter = 1
slv :     Max Courant factor = 10
slv :     Conservation laws tolerance residuals:
slv :         	MASS	0.005
slv :         	MOMENTUM	0.005
slv :         	ENERGY	0.005
slv :         	SPECIES	0.005
slv :         	TURBULENCE	0.005
slv :     ---------------------------------------
slv :     Scheme blocks settings:
slv :         INPR	: stop_crit=residAbs_AND_residRel 
slv :         BACKGROUND	: stop_crit=residAbs_AND_residRel 
slv :         DVGR	: stop_crit=residAbs_AND_residRel 
slv :         MOMENTUM	: stop_crit=residAbs_AND_residRel 
slv :         CHT	: stop_crit=residAbs_AND_residRel 
slv :         Y_TD	: stop_crit=residAbs_AND_residRel 
slv :         Y_TURB	: stop_crit=residAbs_AND_residRel 
slv :         LMA	: stop_crit=residAbs_AND_residRel 
slv :         UVGI	: stop_crit=residAbs_AND_residRel 
slv :         NOx	: stop_crit=residAbs_AND_residRel 
slv :     ---------------------------------------
Accuracy scale coeff =1
slv : SOLVE HT
slv : 	Heat Transfer physical view 0
alg : | Initial res  | Target res   | Final res    |Visits|Iter|R|F|CL|Status|
alg : | 3.608568e+004| 2.273362e-009| 2.461799e-010|    11|  99|0|n|30|  OK  |
slv : | 5.658665e+003|              | 5.443276e-004|      |    | | |  |      | 
slv :     View 0(0) T_solid:min(solid,ncvloc=169,sd_id=0,ncvglob=215)=300                  max(solid,ncvloc=340,sd_id=1,ncvglob=656)=398.62708510848      
slv :     Global T_solid:min(solid,ncvloc=169,sd_id=0,ncvglob=215)=300                  max(solid,ncvloc=340,sd_id=1,ncvglob=656)=398.62708510848      
Memory Working Set Current = 41.18 Mb, Memory Working Set Peak = 87.57 Mb

================== Tstep=1 ===================
slv : SOLVE HT
slv : 	Heat Transfer physical view 0
alg : | Initial res  | Target res   | Final res    |Visits|Iter|R|F|CL|Status|
alg : | 2.461799e-010| 1.538624e-011| 9.053242e-012|     2|  18|0|n|30|  OK  |
slv : | 5.443276e-004|              | 1.047130e-004|      |    | | |  |      | 
slv :     View 0(0) T_solid:min(solid,ncvloc=169,sd_id=0,ncvglob=215)=300                  max(solid,ncvloc=340,sd_id=1,ncvglob=656)=398.6267244976       
slv :     Global T_solid:min(solid,ncvloc=169,sd_id=0,ncvglob=215)=300                  max(solid,ncvloc=340,sd_id=1,ncvglob=656)=398.6267244976       
Memory Working Set Current = 41.45 Mb, Memory Working Set Peak = 87.57 Mb

================== Tstep=2 ===================
slv : SOLVE HT
slv : 	Heat Transfer physical view 0
alg : | Initial res  | Target res   | Final res    |Visits|Iter|R|F|CL|Status|
alg : | 9.053242e-012| 5.658276e-013| 3.329668e-013|     2|  18|0|n|30|  OK  |
slv : | 1.047130e-004|              | 2.008748e-005|      |    | | |  |      | 
slv :     View 0(0) T_solid:min(solid,ncvloc=169,sd_id=0,ncvglob=215)=300                  max(solid,ncvloc=340,sd_id=1,ncvglob=656)=398.62665560276      
slv :     Global T_solid:min(solid,ncvloc=169,sd_id=0,ncvglob=215)=300                  max(solid,ncvloc=340,sd_id=1,ncvglob=656)=398.62665560276      
Memory Working Set Current = 41.45 Mb, Memory Working Set Peak = 87.57 Mb

================== Tstep=3 ===================
slv : SOLVE HT
slv : 	Heat Transfer physical view 0
alg : | Initial res  | Target res   | Final res    |Visits|Iter|R|F|CL|Status|
alg : | 3.329668e-013| 2.081043e-014| 1.225095e-014|     2|  18|0|n|30|  OK  |
slv : | 2.008748e-005|              | 3.853279e-006|      |    | | |  |      | 
slv :     View 0(0) T_solid:min(solid,ncvloc=169,sd_id=0,ncvglob=215)=300                  max(solid,ncvloc=340,sd_id=1,ncvglob=656)=398.6266423922       
slv :     Global T_solid:min(solid,ncvloc=169,sd_id=0,ncvglob=215)=300                  max(solid,ncvloc=340,sd_id=1,ncvglob=656)=398.6266423922       
Memory Working Set Current = 41.45 Mb, Memory Working Set Peak = 87.57 Mb

================== Tstep=4 ===================
slv : SOLVE HT
slv : 	Heat Transfer physical view 0
alg : | Initial res  | Target res   | Final res    |Visits|Iter|R|F|CL|Status|
alg : | 1.225095e-014| 7.656842e-016| 4.508356e-016|     2|  18|0|n|30|  OK  |
slv : | 3.853279e-006|              | 7.391983e-007|      |    | | |  |      | 
slv :     View 0(0) T_solid:min(solid,ncvloc=169,sd_id=0,ncvglob=215)=300                  max(solid,ncvloc=340,sd_id=1,ncvglob=656)=398.62663985811      
slv :     Global T_solid:min(solid,ncvloc=169,sd_id=0,ncvglob=215)=300                  max(solid,ncvloc=340,sd_id=1,ncvglob=656)=398.62663985811      
Memory Working Set Current = 41.45 Mb, Memory Working Set Peak = 87.57 Mb
Iteration : time = 0.343207 , count = 5 , time/count = 0.0686414
Calculate_inc() : time = 0.296404 , count = 5 , time/count = 0.0592808
TreatFlowEvolution() : time = 0.031202 , count = 5 , time/count = 0.0062404
SolverPreview : time = 0 , count = 6 , time/count = 0
TreatGoals : time = 0.031202 , count = 5 , time/count = 0.0062404

================== Tstep=5 ===================
slv : SOLVE HT
slv : 	Heat Transfer physical view 0
alg : | Initial res  | Target res   | Final res    |Visits|Iter|R|F|CL|Status|
alg : | 4.508356e-016| 4.508356e-016| 3.293507e-016|     1|   3|0|y|30|  OK  |
slv : | 7.391983e-007|              | 6.351326e-007|      |    | | |  |      | 
slv :     View 0(0) T_solid:min(solid,ncvloc=169,sd_id=0,ncvglob=215)=300                  max(solid,ncvloc=340,sd_id=1,ncvglob=656)=398.62663976928      
slv :     Global T_solid:min(solid,ncvloc=169,sd_id=0,ncvglob=215)=300                  max(solid,ncvloc=340,sd_id=1,ncvglob=656)=398.62663976928      
Memory Working Set Current = 41.45 Mb, Memory Working Set Peak = 87.57 Mb

================== Tstep=6 ===================
slv : SOLVE HT
slv : 	Heat Transfer physical view 0
alg : | Initial res  | Target res   | Final res    |Visits|Iter|R|F|CL|Status|
alg : | 3.293507e-016| 3.293507e-016| 2.405588e-016|     1|   3|0|y|30|  OK  |
slv : | 6.351326e-007|              | 5.444122e-007|      |    | | |  |      | 
slv :     View 0(0) T_solid:min(solid,ncvloc=169,sd_id=0,ncvglob=215)=300                  max(solid,ncvloc=340,sd_id=1,ncvglob=656)=398.62663969378      
slv :     Global T_solid:min(solid,ncvloc=169,sd_id=0,ncvglob=215)=300                  max(solid,ncvloc=340,sd_id=1,ncvglob=656)=398.62663969378      
Memory Working Set Current = 41.45 Mb, Memory Working Set Peak = 87.57 Mb

================== Tstep=7 ===================
slv : SOLVE HT
slv : 	Heat Transfer physical view 0
alg : | Initial res  | Target res   | Final res    |Visits|Iter|R|F|CL|Status|
alg : | 2.405588e-016| 2.405588e-016| 1.756829e-016|     1|   3|0|y|30|  OK  |
slv : | 5.444122e-007|              | 4.660935e-007|      |    | | |  |      | 
slv :     View 0(0) T_solid:min(solid,ncvloc=169,sd_id=0,ncvglob=215)=300                  max(solid,ncvloc=340,sd_id=1,ncvglob=656)=398.6266396296       
slv :     Global T_solid:min(solid,ncvloc=169,sd_id=0,ncvglob=215)=300                  max(solid,ncvloc=340,sd_id=1,ncvglob=656)=398.6266396296       
Memory Working Set Current = 41.45 Mb, Memory Working Set Peak = 87.57 Mb

================== Tstep=8 ===================
slv : SOLVE HT
slv : 	Heat Transfer physical view 0
alg : | Initial res  | Target res   | Final res    |Visits|Iter|R|F|CL|Status|
alg : | 1.756829e-016| 1.756829e-016| 1.282963e-016|     1|   3|0|y|30|  OK  |
slv : | 4.660935e-007|              | 3.987739e-007|      |    | | |  |      | 
slv :     View 0(0) T_solid:min(solid,ncvloc=169,sd_id=0,ncvglob=215)=300                  max(solid,ncvloc=340,sd_id=1,ncvglob=656)=398.626639575        
slv :     Global T_solid:min(solid,ncvloc=169,sd_id=0,ncvglob=215)=300                  max(solid,ncvloc=340,sd_id=1,ncvglob=656)=398.626639575        
Memory Working Set Current = 41.45 Mb, Memory Working Set Peak = 87.57 Mb

================== Tstep=9 ===================
slv : SOLVE HT
slv : 	Heat Transfer physical view 0
alg : | Initial res  | Target res   | Final res    |Visits|Iter|R|F|CL|Status|
alg : | 1.282963e-016| 1.282963e-016| 9.369052e-017|     1|   3|0|y|30|  OK  |
slv : | 3.987739e-007|              | 3.410409e-007|      |    | | |  |      | 
slv :     View 0(0) T_solid:min(solid,ncvloc=169,sd_id=0,ncvglob=215)=300                  max(solid,ncvloc=340,sd_id=1,ncvglob=656)=398.6266395285       
slv :     Global T_solid:min(solid,ncvloc=169,sd_id=0,ncvglob=215)=300                  max(solid,ncvloc=340,sd_id=1,ncvglob=656)=398.6266395285       
slv : +--------------------------+------------+-------+------------+------------+
slv : |      Collector name      | Total Time | Count |  Avg Time  |  Max Time  |
slv : +--------------------------+------------+-------+------------+------------+
slv : | CHT_MDS_import_export    |       0.004|      9|       0.000|       0.001|
slv : | CSolver_core_update_BC_1 |       0.008|     10|       0.001|       0.001|
slv : | Calculate_inc            |       0.425|      9|       0.047|       0.177|
slv : | LiSy_make_portrait       |       0.009|      2|       0.005|       0.008|
slv : | Results_processing       |       0.054|      9|       0.006|       0.007|
slv : | build_sl_ordering_CHT    |       0.000|     10|       0.000|       0.000|
slv : | precalc_at_start_MDS     |       0.068|      4|       0.017|       0.068|
slv : | solve_CHT_MDS            |       0.389|     10|       0.039|       0.169|
slv : | solve_CHT_alg_MDS        |       0.187|     10|       0.019|       0.147|
slv : +--------------------------+------------+-------+------------+------------+
Memory Working Set Current = 41.45 Mb, Memory Working Set Peak = 87.57 Mb
/************Goal values******************/
GG Max Temperature (Solid) 1				398.62664 K
/************End of Goal values******************/
/************	Min/Max Parameters	************/
Temperature (Solid):		min = 300 K		max = 398.62664 K
/************	End of Min/Max Parameters	************/
Solver finished at	3.11.2016	12:26:8
ENDING PROGRAM...
Estimated fld size=0.83 Mb
Writing fld file "14-HEAT_TRANSFER_IN_SOLID\00102-Ball_ref1_Q_2nd_order_Tfixed\ft_run\1\1.fld"...
FILE SAVED: 1.fld. Total save fld took 0.00 sec.
real fld size=0.40 Mb
FILE RENAMED: r_000000.cfld -> 1.cfld
OK
Depository creating ...
stream_line (0.001 s)
wall_triangles (0.000 s)
nb_bricks (0.017 s)
Face_aver_on (0.000 s)
size of cv_intrp_s = 0.45 Mb
size of cv_intrp_fw = 0.06 Mb
size of cv_intrp_sw = 0.26 Mb
CCVInterp_DepEntry::Calculate duration = 0.140 s
cv_interp (0.154 s)
favorite_params (0.006 s)
Face_aver_off (0.000 s)
Depository creating ...OK (0.180 s)
Solver finished at	3.11.2016	12:26:8
Total CPU time 1 s
Free memory:
slv : +--------------------------+------------+-------+------------+------------+
slv : |      Collector name      | Total Time | Count |  Avg Time  |  Max Time  |
slv : +--------------------------+------------+-------+------------+------------+
slv : | CHT_MDS_import_export    |       0.004|     10|       0.000|       0.001|
slv : | CSolver_core_update_BC_1 |       0.008|     10|       0.001|       0.001|
slv : | Calculate_inc            |       0.449|     10|       0.045|       0.177|
slv : | LiSy_make_portrait       |       0.009|      2|       0.005|       0.008|
slv : | Results_processing       |       0.060|     10|       0.006|       0.007|
slv : | build_sl_ordering_CHT    |       0.000|     10|       0.000|       0.000|
slv : | precalc_at_start_MDS     |       0.068|      4|       0.017|       0.068|
slv : | solve_CHT_MDS            |       0.389|     10|       0.039|       0.169|
slv : | solve_CHT_alg_MDS        |       0.187|     10|       0.019|       0.147|
slv : +--------------------------+------------+-------+------------+------------+
alg : 
alg :  size = 5256
alg :  build_coarse_select_omega     0.000  5
alg :  build_fine_select_omega       0.000  10
alg :  build_select_pivot_nonzeros   0.011  10
alg :  build_select_vectors          0.000  10
alg :  calc_residual_LU              0.003  24
alg :  call_MG_solver                0.172  10
alg :  clean_coarse_levels           0.000  5
alg :  clean_fine_level              0.000  10
alg :  init_RB_coarse_nonzeros       0.000  5
alg :  init_RB_fine_nonzeros         0.000  10
alg :  init_coarse_levels            0.137  5
alg :  init_fine_level               0.012  10
alg :  mg_cycle                      0.170  10
alg :  numerical_PardisoLU           0.019  5
alg :  perform_prolongation          0.000  14
alg :  perform_restriction           0.000  14
alg :  run_smoothing                 0.023  24
alg :  smoother_fine                 0.020  186
alg :  solve_MG                      0.184  10
alg :  solve_PardisoLU               0.009  14
alg :  symbolic_PardisoLU            0.116  1
alg :  update_mg_status              0.000  38
Free Geometry DB takes 0.000 s
OK
