Number of used processors (NPROC): 1.
Number of mesh partitions (NPART): 1.
Operating system:	Windows 7 Service Pack 1 (Version 6.1.7601)
Total Physical Memory = 6.00 Gb, Available Physical Memory = 3.07 Gb
Memory Working Set Current = 16.95 Mb, Memory Working Set Peak = 18.05 Mb
CPU:	GenuineIntel, Stepping ID = 2, Model = 13, Family = 6, Extended model = 2, MMX SSE SSE2 Hyper-Threading Technology SSE3
CPU Brand String: Intel(R) Xeon(R) CPU E5-2680 v3 @ 2.50GHz
Cache Line Size = 64, L2 Associativity = 6, Cache Size = 256K
Number of cores: 4, Processor type: 8664, Active processor mask: 15, Page size: 4096 bites
std::thread::hardware_concurrency = 4
OpenMP enabled (spec=200203). max_threads = 4, num_procs = 4, num_threads = 4.

SOLIDWORKS 2016 SP3.0
13-ROTATED_FLOWS\00062-RRF-u_R_0_MF\ft_run\1\1.fld
Configuration name:	Default
Project name:	as3d
/*******************************************/
/*         Project Summary                 */
/*******************************************/
Problem type:						internal
Result resolution:					5
Minimum gap size:					0.1
Minimum wall thickness:				0.202
Manual refinement:					Off
Solid refinement:					Off
Fluid substances count				1

		Advanced capabilities
Heat transfer						On
Transient						Off
Gravitation						Off
Laminar flow						On
Compressibility					Off
Number of solid substances			0
Roughness:						0

************************************************

Geometry database loading ...OK
Flow Simulation 2016  x64 / 3688 / SOLVER ver. efd_16_0.3667_12.10.2016+nested_iters_for_phase_change17.5 



STATIONARY

ROTATIONAL COORDINATES SYSTEM:
OMEGA 10   AXIS:  NORMAL VECTOR (0 0 1)  REFERENCE POINT: (0 0 0)

LAM-BREMHORST K-EPSILON TURBULENCE MODEL
EXTERNAL=1  CHT=0  FROZEN=0  P_REF=1  RADIATION=0  HVAC_COMFORT_PARAMETERS=0
-----------------------------------------------------------------------
Allocating meshes:
	CPU count: 1
	MESH 0:
		Sub-meshes count: 1
-----------------------------------------------------------------------
Memory Status before reading BCF:
Memory Working Set Current = 20.74 Mb, Memory Working Set Peak = 20.74 Mb

-----------------------------------------------------------------------
BCF CHECKSUM DATA (Mesh 0):

FACE_A Area Sum:   G.Fluid        0.0620840293661694
FACE_A Area Sum:   G.Solid        0.0251799706338306
FACE_W Area Sum:                  0.1220127658076021
FACE_W Nb   Sum:                  1088
FACE_W min curvatures sum:        -360.01029873
FACE_W max curvatures sum:        300.01043701
AV Max Disbalance: G.Fluid        8.84338e-017 (cid=43, avid=37, pid=21)
AV Max Disbalance: G.Solid        7.82101e-017 (cid=3, avid=87, pid=1)
-----------------------------------------------------------------------


-----------------------------------------------------------------------
MESHER TOPOLOGY DATA (Mesh 0):

BRICKS: Total                 100
BRICKS: 1-CV                  52
BRICKS: 2-CV                  48
BRICKS: Bad                   0

AV:     G.Total               148
AV:     G.Fluid               84
AV:     G.Solid               64

AV:     G.Fluid Thin Profile    0.00 % (0)
AV:     G.Solid Thin Profile    0.00 % (0)

AV:     G.Fluid Thin For Mega   0.00 % (0)
AV:     G.Solid Thin For Mega   0.00 % (0)

AV:     G.Fluid Non-Convex      0.00 % (0)
AV:     G.Solid Non-Convex      0.00 % (0)

FACE_A: G.Fluid          (af) 144 (partially opened 48)
FACE_A: G.Solid          (as) 84 (partially opened 48)

FACE_W: G.Total                 384         Brick/Bound
FACE_W: G.Fluid/Solid    (fs_g) 48          0           
FACE_W: G.Fluid/Fluid    (ff_g) 0           0           
FACE_W: G.Solid/Solid    (ss_g) 0           0           
FACE_W: G.Fluid/External (fe_g) 168
FACE_W: G.Solid/External (se_g) 168

AV max fa count:                4
AV max fw count:                4
AV max fw poly count:           4

MEMORY: Total                   0.077 MB
MEMORY: Per Brick               0.792 KB
-----------------------------------------------------------------------

----------------------------------------------------------
BCF --> BCF.GEOMSUBDOM (bridge arrays) (cpu_num=1):
MESH (0):
	Fluid Subdom Constructor: 1 subdom(s).
	Solid Subdom Constructor: 2 subdom(s).
	Net Asm Subdom Constructor: 0 subdom(s).
	GEOMSUBDOM (0): gi=0 fluid av=84 cv=84 fa=144 fw=216 V=6.327940e-004
	GEOMSUBDOM (1): gi=1 solid av=48 cv=48 fa=60 fw=172 V=2.313058e-004
	GEOMSUBDOM (2): gi=1 solid av=16 cv=16 fa=24 fw=44 V=1.151961e-004
	Setting nb of w-faces...OK.

MESH (0) checking:
	GEOMSUBDOM (0):fa_s=0.0620840293661694 fw_s=0.0737456013707627 fw_nb=672
	GEOMSUBDOM (1):fa_s=0.0147112162111864 fw_s=0.0537171129228546 fw_nb=392
	GEOMSUBDOM (2):fa_s=0.0104687544226442 fw_s=0.0155628173215873 fw_nb=120
MESH (0) checking: OK.
----------------------------------------------------------
Memory Status after reading BCF:
Memory Working Set Current = 21.35 Mb, Memory Working Set Peak = 21.35 Mb
Total read CPT took 0.00 sec.
MESH::Bricks: Total=100 Gas=36 Solid=16 Partial=48 Irregular=0

-----------------------------------------------------------------------
Mesh dimensions:
				I[0 ]=10
				I[1 ]=10
				I[2 ]=1
Solver refinement level	I[47]=0

Comp. domain size:
				a[0  ]=-0.101
				a[1  ]=0.101
				a[2  ]=-0.101
				a[3  ]=0.101
				a[4  ]=-0.012
				a[5  ]=0.012
Wall thickness		a[231]=0
Gap size			a[232]=1
-----------------------------------------------------------------------
-----------------------------------------------------------------------
Preparing for calculations started at	3.11.2016	12:25:31
slv_max_lev=0
CD X0= -0.101, X1= 0.101, Y0= -0.101, Y1= 0.101, Z0= -0.012, Z1= 0.012
Collecting Reference Parameters... OK
-----------------------------------------------------------------------
CV statisticks for fluid...
	CV number:         84
	FACE_A max number: 4
	FACE_W max number: 3
-----------------------------------------------------------------------
-----------------------------------------------------------------------
CV statisticks for solid...
	CV number:         0
	FACE_A max number: 0
	FACE_W max number: 0
-----------------------------------------------------------------------
Update time step in solids: STATIONARY IN SOLIDS
FLUID SUBDOMAIN 0
LC =0 LAMTURB=-1 NONNEWTON=0  STEAM=0  CAVITATION=0 IT=6 NT=0 NC=1 U_DIM_EXT=11

===ThermodynamicsHolder:===
Subdom 0 Incompressible liquid thermodynamics
	substance 0 type=fwLiquid, guid=6b2c6742-3f07-41fd-8be2-0a38e439e1ce, name=air-incompressible
===ThermodynamicsHolder:===
Memory allocation for matrix entries in solver is block-wise,
( size of block = 1048576 bytes (1Mb) ).

132 parameter(s) in list of scalar parameters
5 parameter(s) in list of vector parameters
-----------------------------------------------------------------------
Loading mesh settings (global/local/SAR)...
Setting regions...
Setting regions takes 0.000 s
-----------------------------------------------------------------------

CollectIndata: Initialize stored in U[] parameters (pressure,momentum,dens,..)... OK(CPU=0.00033901s)

THERMODYNAMICS: Initialize stored in U[] parameters (T,Cp,Pr,..)
                and switch to Y-shifted Total Enthalpy:
Total Enthalpy:
        (FIS, old) sd 0: min(69,69)=304722.29569771      , max(34,34)=304722.67765698      
Total Enthalpy, Y-shifted:
        (FIS, old) sd 0: min(69,69)=-0.46430229425954    , max(34,34)=-0.082343018089556   
OK: U[] is initialized.

Collect Body BC...OK
Collect Fans...OK
Collect Surface Sources...OK
Collect Contact resistance BC...OK
Collect Perforated plates BC...OK
Collect Electric contact BC...OK
Collect Surface Goals...
Received 0 wall face(s) and 0 virtual face(s)...
 OK
Total CPU time 0 s
Collect Unused surface area...OK
MWS estimation...
Subdomain number = 0

V_indata_max=0, v_max_from_mf_on_BC = 0.1329, v_max_from_pressure_opening = 0.0265504, MWS=0.0332249
Ref. Pressure = 101325
OK

There is 1 subdomain in fluid:
subdomain 0: INCOMPRESSIBLE,   MONOTONIC T, 84 CVs, LAMINAR ONLY
             ROTATIONAL COORDINATES SYSTEM:
             OMEGA=10;  AXIS: n=(0 0 1) X0=(0 0 0)
NPROC = 1, nested_parallelization = 0
NPART = 1
Calculate wall distance: N of points: Fluid Cv=84, Fluid Real Wall Faces(WType<0)=0 OK(CPU=0s)

/-----------------------------------------------------------/
SOLVER TOPOLOGY DATA:

BRICKS: |level1| sum         0

CV:     Total               84
CV:     Fluid               84
CV:     Solid               0

CV:     G.Fluid Thin Profile    0.00 % (0)
CV:     G.Solid Thin Profile    0.00 % (0)

CV:     G.Fluid Non-Convex      0.00 % (0)
CV:     G.Solid Non-Convex      0.00 % (0)

FACE_A: Fluid          (af) 144
FACE_A: Max number placed on a brick-face in cv: 1
FACE_A: Solid          (as) 84

FACE_W: Total               384
FACE_W: Fluid/Solid    (fs) 48
FACE_W: Fluid/Fluid    (ff) 0
FACE_W: Solid/Solid    (ss) 0
FACE_W: Opening BC               (fo)  48
FACE_W: Fluid/Bound              (fw)  216
FACE_W: Solid/Bound              (sw)  0
FACE_W: Fluid/Bound Real Wall    (frw) 0
FACE_W: Solid/Bound Real Wall    (srw) 0
FACE_W: Fluid/Bound Real Wall  hn(sum) 0.000000e+000
FACE_W: Max number placed in cv: 3
Fluid:
CV Max Disbalance:                8.84338e-017 (ncv=34)
/-----------------------------------------------------------/

P static (old):
        (FIS) sd 0: min(34,34)=101325.10152894      , max(69,69)=101325.57248473      
Density (old):
        (FIS) sd 0: min(0,0)=1.233                , max(0,0)=1.233                
Velocity (old):
        (FIS) sd 0: min(0,0)=0                    , max(12,12)=8.110300081103e-041  
Velocity GCS (old):
        (FIS) sd 0: min(34,34)=0.40581527348614     , max(69,69)=0.96364131734098     
Temperature (old):
        (FIS) sd 0: min(0,0)=293.2                , max(0,0)=293.2                
MinMax Cp:
		subd0: min(0)=1039.3               ,	max(0)=1039.3               
MinMax Laminar Viscosity:
		subd0: min(0)=1e-100               ,	max(0)=1e-100               
MinMax Speed of Sound:
		subd0: not defined
MinMax Fmju(turb):
		subd0: min(34)=-0.24751495356031    ,	max(69)=0.22344083392818     
MinMax K(turb):
		subd0: min(0)=1.233                ,	max(0)=1.233                
MinMax E/Omega(turb):
		subd0: min(0)=1e-100               ,	max(0)=1e-100               
LOG: EQN_3M[0]=1 
LOG: HYBRID[0]=0 
LOG: Min_cv_size=0.1
  nsd=0: min rho=1.233, var Kin E=0.13611
Create solver core
 MDS: Converting solver problem ...
MDS: OK
slv : Calculations at run start
slv :     Create sub-domains supervisors:
slv :     	1 fluid
slv :     OK
slv :     Create sub-domains mesh connectivity supervisors:
slv :     OK
slv :     Slice sub-domains:
slv :     OK
slv :     Collect slices by phenomena...
slv :     	fluid flow slices were created:	1
slv :     	heat transfer slices were created:	1
slv :     	electric current flow slices were created:	0
slv :     	radiation slices were created:	0
slv :     OK
slv :     Creating meshes proxies for multigrid...
slv :         Convert MESH[0] to multigrid mesh proxy...
slv :         100 bricks are accounted by implicit methods(100% of total)
slv :         max tree bricks count = 1
slv :         OK
slv :     OK
alg :     MG: create topological coarsening...
alg :     Mesh 0  OK
slv :     OK
slv :     Building views for fluid flow...
slv :         1 views are created
slv :     Building fluid flow views schemes...
slv :         View 0:
slv :         Implicit scheme in fluid
slv :         OK
slv :     OK
slv :     Building views for heat transfer...
slv :         1 views are created
slv :     Building heat transfer views schemes...
slv :         View 0:
slv :         OK
slv :     OK
slv :     Building electric current flow views schemes...
slv :     OK
slv :     PrecalcAtStart views for fluid flow...
slv :         
slv :         === Fluid sub-domain nsd=0 ========================
slv :         Pre-calculations at run start, Implicit Scheme:
slvD:         
slvD:         MARK CVs and A-FACEs WITH/NEAR GEOMETRICAL PECULIARITIES:
slvD:         
slv :         
slv :           A-faces placed opposite External boundary with Symmetry BC: N_face_ns=0 (0%)
slv :         
slvD:         BC re-definition: Real Wall to Ideal Wall: 0 w-faces
slv :         === End of pre-calculations =======================
alg :         mgl = 31 size = 84
alg :         mgl = 30 size = 24
alg :         
alg :         mgl = 31 size = 84
alg :         mgl = 30 size = 24
alg :         
alg :         mgl = 31 size = 84
alg :         mgl = 30 size = 24
alg :         
slv :     PrecalcAtStart views for heat transfer...
slv :         Creating view scheme...
slv :         1 heat transfer algebraic views are created
alg :         mgl = 31 size = 84
alg :         mgl = 30 size = 24
alg :         
slv :         OK
slv :     PrecalcAtStart views for electric current flow...
slv :     PrecalcAtStart views for radiation...
slv : OK
slv : ------------ Start of Preliminary step at Calculation start ------------
slv :     ------------ End of Preliminary step at Calculation start ------------

Re-define MWS=max(mws_sd) and P_ref=averaged(P_ref_sd) over fluid-flow sub-domains in view:
nsd=0: mws=0.033224922143505    , P_ref=101325.34904389      

----------------------------------------------------------
BCF checking (solver)...
----------------------------------------------------------

Estimated cfld size=0.02 Mb
Writing cfld file "13-ROTATED_FLOWS\00062-RRF-u_R_0_MF\ft_run\1/r_000000.cfld"...
Working in No GDBLight mode
Working in No GDBLight mode
FILE SAVED: r_000000.cfld. Total save cfld took 0.00 sec.
real cfld size=0.00 Mb
OK
Estimated fld size=0.07 Mb
Writing fld file "13-ROTATED_FLOWS\00062-RRF-u_R_0_MF\ft_run\1/r_000000.fld"...
FILE SAVED: r_000000.fld. Total save fld took 0.00 sec.
real fld size=0.02 Mb
OK
Init simple interpolator... OK (0.000 sec)
BC 'Inlet Velocity 1' is on 36 faces (AS area=0.0150496, CAD area=0.0151098, difference=-0.4%)
BC 'Static Pressure 1' is on 12 faces (AS area=0.00596314, CAD area=0.00604392, difference=-1.3%)

Preview parameters:
	Density (Fluid)
	Pressure
	Temperature
	Temperature (Fluid)
	Velocity
	Velocity (X)
	Velocity (Y)
	Velocity (Z)
	Axial Velocity
	Circumferential Velocity
	Circumferential Velocity RRF
	Peripheral Velocity
	Radial Velocity
	Velocity RRF
	Velocity RRF (X)
	Velocity RRF (Y)
	Velocity RRF (Z)
	Dynamic Pressure
	Thermodynamic Pressure
	Total Pressure
	Dynamic Viscosity
	Prandtl Number
	Specific Heat (Cp)
	Total Enthalpy
	Total Viscosity
25 parameter(s) in preview list of parameters

Calculation started at	3.11.2016	12:25:31
Total CPU time 0 s
//-------------------------Isotermic task-------------------//

================== Tstep=0 ===================
Boundary layer settings:
	Separation tau    on
	Enable 3D effects off
BL MODEL         	Ignore compressibility  off
	BL on porous body  off
	Separ. tau corr factor 0
	Separ. tau kappa 0.1
	Separ. tau KV0 0.1
------------------------
NumerCore CHT-start settings:
	Min typical size					1
	Zero vel ht factor				0.006
	C_mju_turb_min                   0.01
	Threshold value for K-E filter   0.000858528
	C_mju                            0.09
	C_eps1                           1.44
	C_eps2                           1.92
	Sigma_k                          1
	Sigma_eps                        1.3
	Sigma_c                          0.9
	Approx mode                      1st order
-------------
NumCoreFESSettings:
	Maximum possible Mach	0
	Turbulent Prandtl		0.9
-------------
slv : Implicit schemes in fluid settings:
slv :     INPR	: rel_resid=0.00790569
slv :     BACKGROUND	: rel_resid=0.00790569
slv :     DVGR	: rel_resid=0.00790569
slv :     MOMENTUM	: rel_resid=0.00790569
slv :     CHT	: rel_resid=0.00790569
slv :     Y_TD	: rel_resid=0.00790569
slv :     Y_TURB	: rel_resid=0.00790569
slv :     LMA	: rel_resid=0.00790569
slv :     UVGI	: rel_resid=0.00790569
slv :     NOx	: rel_resid=0.00790569
slv :     Disable wall motion impact into H threshold=10
slv :     Relax par ring =0.05
slv :     Isothermal cavitation CF corrector = 1
slv :     Isothermal cavitation pseudo transient corrector = -1
slv :     Isothermal cavitation forced time step in cavitated regions = -1
slv :     ---------------------------------------
------Solid settings---
Approximation mode = 2'nd order && thin_profiles
Solid temperature eps_abs scaling factor: 0.001
number dofs per absorptive face: 9
subgrid ratio: 0.500000
Blink filter: disabled
------------------------------
slv : Iterations settings:
slv :     Max number of outer iter = 1
slv :     Max number of Mass&Energy iter = 1
slv :     Max Courant factor = 10
slv :     Conservation laws tolerance residuals:
slv :         	MASS	0.005
slv :         	MOMENTUM	0.005
slv :         	ENERGY	0.005
slv :         	SPECIES	0.005
slv :         	TURBULENCE	0.005
slv :     ---------------------------------------
slv :     Scheme blocks settings:
slv :         INPR	: stop_crit=residAbs_AND_residRel 
slv :         BACKGROUND	: stop_crit=residAbs_AND_residRel 
slv :         DVGR	: stop_crit=residAbs_AND_residRel 
slv :         MOMENTUM	: stop_crit=residAbs_AND_residRel 
slv :         CHT	: stop_crit=residAbs_AND_residRel 
slv :         Y_TD	: stop_crit=residAbs_AND_residRel 
slv :         Y_TURB	: stop_crit=residAbs_AND_residRel 
slv :         LMA	: stop_crit=residAbs_AND_residRel 
slv :         UVGI	: stop_crit=residAbs_AND_residRel 
slv :         NOx	: stop_crit=residAbs_AND_residRel 
slv :     ---------------------------------------
Accuracy scale coeff =1
slv :   MWS[nsd=0]=0.0332248
slv : dt: nsd = 0 min dt/dtG(nCV=0)=1.00 , max dt/dtG(nCV=0)=1.0    , dtG=0.151971
slv : ROTATION: weight_WR[nsd=0]= 0
slvD: ROTATION(nsd=0): max div_Mf(rho_av*[W x r])=3.37818e-005  at ncv=3
slv : SOLVE BACKGROUND (ff_view=0)
slv : Calculation_Mf nsd = 0: maximum value of div(momentum) (ncv=1) =2.26007e-005 .
slv : Flow alg-view 0 is not Neumann (not for Phase Change + Nested Iters)
alg : | Initial res  | Target res   | Final res    |Visits|Iter|R|F|CL|Status|
alg : | 4.609036e-009| 2.880648e-013| 2.609047e-013|     6|  18|0|n|30|  OK  |
slv : | 3.816927e-004|              | 3.210829e-006|      |    | | |  |      | 
slv : Calculation_Mf nsd = 0: maximum value of div(momentum) (ncv=4) =1.71647e-007 .
slv :                 norm_L2 of div(momentum) =5.1078827888456e-007  .
slvD: LOG: number of a-faces with weighted approximations in 0 subdomain: 46.5278 percent
slvD: LOG: Rate of a-faces corrected to CUp1st in 0 subdomain: 8.05677 %
slvD: LOG: number of a-faces with weighted approximations in 0 subdomain: 0 percent
slvD: LOG: Rate of a-faces corrected to CUp1st in 0 subdomain: 0 %
slvD: ROTATION(nsd=0): max div_Mf(rho_av*[W x r])=3.37818e-005  at ncv=3
slvD: Conv_fw[] is skipped for 168 w-faces
slv : ***** boundary layer calculation in subdom 0 *****
slv :  real faces number = 0
slv : LOG nsd = 0: numb_of_convergent=0, numb_of_divergent=1
slv : Calculation_Mf nsd = 0: maximum value of div(momentum) (ncv=4) =1.71647e-007 .
slv :                 norm_L2 of div(momentum) =5.1078827888456e-007  .
slv : nsd = 0 BC: AP Inlet occurs on 5 w-faces
slv : SOLVE 3M (ff_view=0):
slv : Algebraic view 0
slvD: LOG: number of a-faces with weighted approximations in 0 subdomain: 0 percent
slvD: LOG: Rate of a-faces corrected to CUp1st in 0 subdomain: 0 %
alg : | Initial res  | Target res   | Final res    |Visits|Iter|R|F|CL|Status|
alg : | 3.023985e-012| 5.669972e-016| 7.251812e-025|     1|   3|0|n|30|  OK  |
slv : | 8.173907e-006|              | 2.061690e-012|      |    | | |  |      | 
slv : Velocity (predicted):
slv :         (FIS) sd 0: min(24)=1.5341745003953e-011 , max(5)=0.004256695048154    
slv : 
slv : NUMBER OF INNER ITERATIONS = 1
slv : 
slv : SOLVE DvGr (ff_view=0)
slv : Flow alg-view 0 is not Neumann (not for Phase Change + Nested Iters)
alg : | Initial res  | Target res   | Final res    |Visits|Iter|R|F|CL|Status|
alg : | 4.175270e-009| 2.609544e-013| 3.262194e-014|     3|   9|0|n|30|  OK  |
slv : | 3.592912e-004|              | 1.085711e-006|      |    | | |  |      | 
slv : Calculation_Mf nsd = 0: maximum value of div(momentum) (ncv=76) =1.59141e-006 .
slv :                 norm_L2 of div(momentum) =3.673239489236e-006   .
slv : SOLVE HT
slv : 	Heat Transfer physical view 0
alg : | Initial res  | Target res   | Final res    |Visits|Iter|R|F|CL|Status|
alg : | 1.202039e-011| 7.512745e-016| 2.733890e-036|     1|   9|0|n|30|  OK  |
slv : | 2.064754e-005|              | 6.387297e-018|      |    | | |  |      | 
slv :     Fluid subdom(new) 0
slv :         P static (new): min(23)=101325.10156082      , max(69)=101325.57622851      
slv :         Density (new): min(0)=1.233                , max(0)=1.233                
slv :         Velocity (new): min(49)=3.1707745787378e-005 , max(18)=0.018281705794073    
slv :         Velocity GCS (new): min(23)=0.40573514347168     , max(69)=0.96249412843835     
slv :         Temperature (new): min(5)=293.1999893763       , max(3)=293.20001136479      
slv :         Total enthalpy, Y-shifted (new): min(69)=-0.47515920194132    , max(23)=-0.082319996307157   
slv :         MASS FLUXES AT OPENINGS: MF=2.70152e-016, AP=2.85764e-007
slv : DvGr statistics: min alpha=0.228044(nfa=81, geom_slice=0)
Memory Working Set Current = 30.91 Mb, Memory Working Set Peak = 30.91 Mb

================== Tstep=1 ===================
slv :   MWS[nsd=0]=0.0332241
slv : dt: nsd = 0 min dt/dtG(nCV=0)=1.00 , max dt/dtG(nCV=0)=1.0    , dtG=0.110105
slv : ROTATION: weight_WR[nsd=0]= 0
slv : SOLVE BACKGROUND (ff_view=0)
slv : Calculation_Mf nsd = 0: maximum value of div(momentum) (ncv=76) =1.59141e-006 .
slv : Flow alg-view 0 is not Neumann (not for Phase Change + Nested Iters)
alg : | Initial res  | Target res   | Final res    |Visits|Iter|R|F|CL|Status|
alg : | 1.347164e-011| 8.419777e-016| 2.611713e-016|     6|  18|0|n|30|  OK  |
slv : | 1.814661e-005|              | 9.640405e-008|      |    | | |  |      | 
slv : Calculation_Mf nsd = 0: maximum value of div(momentum) (ncv=4) =7.26583e-009 .
slv :                 norm_L2 of div(momentum) =1.6160794692276e-008  .
slvD: LOG: number of a-faces with weighted approximations in 0 subdomain: 50 percent
slvD: LOG: Rate of a-faces corrected to CUp1st in 0 subdomain: 10.4399 %
slvD: Conv_fw[] is skipped for 168 w-faces
slv : ***** boundary layer calculation in subdom 0 *****
slv :  real faces number = 0
slv : LOG nsd = 0: numb_of_convergent=0, numb_of_divergent=0
slv : Calculation_Mf nsd = 0: maximum value of div(momentum) (ncv=4) =7.26583e-009 .
slv :                 norm_L2 of div(momentum) =1.6160794692276e-008  .
slv : nsd = 0 BC: AP Inlet occurs on 4 w-faces
slv : SOLVE 3M (ff_view=0):
slv : Algebraic view 0
slvD: LOG: number of a-faces with weighted approximations in 0 subdomain: 0 percent
slvD: LOG: Rate of a-faces corrected to CUp1st in 0 subdomain: 0 %
alg : | Initial res  | Target res   | Final res    |Visits|Iter|R|F|CL|Status|
alg : | 1.690845e-010| 4.282482e-015| 1.862988e-023|     1|   3|0|n|30|  OK  |
slv : | 1.100059e-004|              | 8.213405e-012|      |    | | |  |      | 
slv : Velocity (predicted):
slv :         (FIS) sd 0: min(49)=0.00016270449127009  , max(18)=0.027238555659933    
slv : SOLVE DvGr (ff_view=0)
slv : Flow alg-view 0 is not Neumann (not for Phase Change + Nested Iters)
alg : | Initial res  | Target res   | Final res    |Visits|Iter|R|F|CL|Status|
alg : | 3.135728e-009| 1.959830e-013| 1.062041e-013|     2|   6|0|n|30|  OK  |
slv : | 3.375588e-004|              | 2.115496e-006|      |    | | |  |      | 
slv : Calculation_Mf nsd = 0: maximum value of div(momentum) (ncv=32) =2.82572e-006 .
slv :                 norm_L2 of div(momentum) =1.0123499372829e-005  .
slv : SOLVE HT
slv : 	Heat Transfer physical view 0
alg : | Initial res  | Target res   | Final res    |Visits|Iter|R|F|CL|Status|
alg : | 1.251364e-011| 7.821024e-016| 8.265643e-040|     1|   9|0|n|30|  OK  |
slv : | 2.062796e-005|              | 1.688879e-019|      |    | | |  |      | 
slv :     Fluid subdom(new) 0
slv :         P static (new): min(23)=101325.10150065      , max(69)=101325.57565781      
slv :         Density (new): min(0)=1.233                , max(0)=1.233                
slv :         Velocity (new): min(34)=9.6947312168135e-005 , max(73)=0.019495443026361    
slv :         Velocity GCS (new): min(49)=0.40584579574239     , max(73)=0.96814556711557     
slv :         Temperature (new): min(20)=293.19998321374      , max(1)=293.20002046605      
slv :         Total enthalpy, Y-shifted (new): min(73)=-0.48064825616207    , max(23)=-0.082395965284847   
slv :         MASS FLUXES AT OPENINGS: MF=2.70253e-016, AP=8.55595e-007
slv : DvGr statistics: min alpha=0.237062(nfa=57, geom_slice=0)
Memory Working Set Current = 30.92 Mb, Memory Working Set Peak = 30.92 Mb

================== Tstep=2 ===================
slv :   MWS[nsd=0]=0.0332196
slv : dt: nsd = 0 min dt/dtG(nCV=0)=1.00 , max dt/dtG(nCV=0)=1.0    , dtG=0.111434
slv : ROTATION: weight_WR[nsd=0]= 0
slv : SOLVE BACKGROUND (ff_view=0)
slv : Calculation_Mf nsd = 0: maximum value of div(momentum) (ncv=32) =2.82572e-006 .
slv : Flow alg-view 0 is not Neumann (not for Phase Change + Nested Iters)
alg : | Initial res  | Target res   | Final res    |Visits|Iter|R|F|CL|Status|
alg : | 1.032159e-010| 6.450991e-015| 3.138431e-015|     6|  18|0|n|30|  OK  |
slv : | 6.772885e-005|              | 3.750016e-007|      |    | | |  |      | 
slv : Calculation_Mf nsd = 0: maximum value of div(momentum) (ncv=10) =1.805e-008 .
slv :                 norm_L2 of div(momentum) =5.6021699808247e-008  .
slvD: LOG: number of a-faces with weighted approximations in 0 subdomain: 63.8889 percent
slvD: LOG: Rate of a-faces corrected to CUp1st in 0 subdomain: 15.9256 %
slvD: Conv_fw[] is skipped for 168 w-faces
slv : ***** boundary layer calculation in subdom 0 *****
slv :  real faces number = 0
slv : LOG nsd = 0: numb_of_convergent=0, numb_of_divergent=0
slv : Calculation_Mf nsd = 0: maximum value of div(momentum) (ncv=10) =1.805e-008 .
slv :                 norm_L2 of div(momentum) =5.6021699808247e-008  .
slv : nsd = 0 BC: AP Inlet occurs on 5 w-faces
slv : SOLVE 3M (ff_view=0):
slv : Algebraic view 0
slvD: LOG: number of a-faces with weighted approximations in 0 subdomain: 0 percent
slvD: LOG: Rate of a-faces corrected to CUp1st in 0 subdomain: 0 %
alg : | Initial res  | Target res   | Final res    |Visits|Iter|R|F|CL|Status|
alg : | 1.142022e-010| 2.147103e-015| 1.253944e-023|     1|   3|0|n|30|  OK  |
slv : | 8.904667e-005|              | 1.131733e-011|      |    | | |  |      | 
slv : Velocity (predicted):
slv :         (FIS) sd 0: min(34)=5.6150519637776e-005 , max(18)=0.023156723952048    
slv : SOLVE DvGr (ff_view=0)
slv : Flow alg-view 0 is not Neumann (not for Phase Change + Nested Iters)
alg : | Initial res  | Target res   | Final res    |Visits|Iter|R|F|CL|Status|
alg : | 3.998602e-009| 2.080385e-013| 1.337117e-013|     2|   6|0|n|30|  OK  |
slv : | 4.063556e-004|              | 2.492401e-006|      |    | | |  |      | 
slv : Calculation_Mf nsd = 0: maximum value of div(momentum) (ncv=76) =6.59373e-006 .
slv :                 norm_L2 of div(momentum) =2.175793513903e-005   .
slv : SOLVE HT
slv : 	Heat Transfer physical view 0
alg : | Initial res  | Target res   | Final res    |Visits|Iter|R|F|CL|Status|
alg : | 1.600745e-011| 1.000465e-015| 9.128843e-040|     1|   9|0|n|30|  OK  |
slv : | 2.229395e-005|              | 1.694959e-019|      |    | | |  |      | 
slv :     Fluid subdom(new) 0
slv :         P static (new): min(23)=101325.10149604      , max(73)=101325.57604178      
slv :         Density (new): min(0)=1.233                , max(0)=1.233                
slv :         Velocity (new): min(24)=0.00016165393277776  , max(73)=0.018798398838452    
slv :         Velocity GCS (new): min(49)=0.40564250794789     , max(73)=0.96589579567769     
slv :         Temperature (new): min(68)=293.19997275059      , max(1)=293.20003022909      
slv :         Total enthalpy, Y-shifted (new): min(73)=-0.48456349292907    , max(23)=-0.082463780702377   
slv :         MASS FLUXES AT OPENINGS: MF=2.70186e-016, AP=7.24743e-007
slv : DvGr statistics: min alpha=0.247362(nfa=90, geom_slice=0)
Memory Working Set Current = 30.92 Mb, Memory Working Set Peak = 30.92 Mb

================== Tstep=3 ===================
slv :   MWS[nsd=0]=0.0331848
slv : dt: nsd = 0 min dt/dtG(nCV=0)=1.00 , max dt/dtG(nCV=0)=1.0    , dtG=0.110917
slv : ROTATION: weight_WR[nsd=0]= 0
slv : SOLVE BACKGROUND (ff_view=0)
slv : Calculation_Mf nsd = 0: maximum value of div(momentum) (ncv=76) =6.59373e-006 .
slv : Flow alg-view 0 is not Neumann (not for Phase Change + Nested Iters)
alg : | Initial res  | Target res   | Final res    |Visits|Iter|R|F|CL|Status|
alg : | 4.734077e-010| 2.958798e-014| 9.394925e-015|     6|  18|0|n|30|  OK  |
slv : | 1.421338e-004|              | 6.335574e-007|      |    | | |  |      | 
slv : Calculation_Mf nsd = 0: maximum value of div(momentum) (ncv=35) =3.23173e-008 .
slv :                 norm_L2 of div(momentum) =9.6927421940215e-008  .
slvD: LOG: number of a-faces with weighted approximations in 0 subdomain: 40.2778 percent
slvD: LOG: Rate of a-faces corrected to CUp1st in 0 subdomain: 9.74833 %
slvD: Conv_fw[] is skipped for 168 w-faces
slv : ***** boundary layer calculation in subdom 0 *****
slv :  real faces number = 0
slv : LOG nsd = 0: numb_of_convergent=0, numb_of_divergent=0
slv : Calculation_Mf nsd = 0: maximum value of div(momentum) (ncv=35) =3.23173e-008 .
slv :                 norm_L2 of div(momentum) =9.6927421940215e-008  .
slv : nsd = 0 BC: AP Inlet occurs on 4 w-faces
slv : SOLVE 3M (ff_view=0):
slv : Algebraic view 0
slvD: LOG: number of a-faces with weighted approximations in 0 subdomain: 0 percent
slvD: LOG: Rate of a-faces corrected to CUp1st in 0 subdomain: 0 %
alg : | Initial res  | Target res   | Final res    |Visits|Iter|R|F|CL|Status|
alg : | 2.399653e-010| 7.876890e-017| 2.856415e-023|     1|   3|0|n|30|  OK  |
slv : | 1.128432e-004|              | 1.125894e-011|      |    | | |  |      | 
slv : Velocity (predicted):
slv :         (FIS) sd 0: min(47)=0.00046960174093838  , max(3)=0.022812795812695    
slv : SOLVE DvGr (ff_view=0)
slv : Flow alg-view 0 is not Neumann (not for Phase Change + Nested Iters)
alg : | Initial res  | Target res   | Final res    |Visits|Iter|R|F|CL|Status|
alg : | 1.984602e-009| 1.240376e-013| 1.099340e-013|     2|   6|0|n|30|  OK  |
slv : | 2.946573e-004|              | 2.317165e-006|      |    | | |  |      | 
slv : Calculation_Mf nsd = 0: maximum value of div(momentum) (ncv=52) =1.66172e-006 .
slv :                 norm_L2 of div(momentum) =6.0611424435357e-006  .
slv : SOLVE HT
slv : 	Heat Transfer physical view 0
alg : | Initial res  | Target res   | Final res    |Visits|Iter|R|F|CL|Status|
alg : | 2.014988e-011| 1.259367e-015| 1.088439e-039|     1|   9|0|n|30|  OK  |
slv : | 2.601633e-005|              | 1.829500e-019|      |    | | |  |      | 
slv :     Fluid subdom(new) 0
slv :         P static (new): min(34)=101325.10159349      , max(73)=101325.57490772      
slv :         Density (new): min(0)=1.233                , max(0)=1.233                
slv :         Velocity (new): min(47)=0.00065348968181782  , max(58)=0.020453508289054    
slv :         Velocity GCS (new): min(49)=0.40503807610212     , max(73)=0.96211464438543     
slv :         Temperature (new): min(38)=293.19996119994      , max(1)=293.20004138554      
slv :         Total enthalpy, Y-shifted (new): min(69)=-0.4871761206726     , max(23)=-0.082236738431302   
slv :         MASS FLUXES AT OPENINGS: MF=2.70419e-016, AP=1.98899e-006
slv : DvGr statistics: min alpha=0.254844(nfa=90, geom_slice=0)
Memory Working Set Current = 30.92 Mb, Memory Working Set Peak = 30.92 Mb

================== Tstep=4 ===================
slv :   MWS[nsd=0]=0.0329424
slv : dt: nsd = 0 min dt/dtG(nCV=0)=1.00 , max dt/dtG(nCV=0)=1.0    , dtG=0.109199
slv : ROTATION: weight_WR[nsd=0]= 0
slv : SOLVE BACKGROUND (ff_view=0)
slv : Calculation_Mf nsd = 0: maximum value of div(momentum) (ncv=52) =1.66172e-006 .
slv : Flow alg-view 0 is not Neumann (not for Phase Change + Nested Iters)
alg : | Initial res  | Target res   | Final res    |Visits|Iter|R|F|CL|Status|
alg : | 3.610851e-011| 2.256782e-015| 7.858771e-016|     6|  18|0|n|30|  OK  |
slv : | 3.443110e-005|              | 1.928760e-007|      |    | | |  |      | 
slv : Calculation_Mf nsd = 0: maximum value of div(momentum) (ncv=30) =9.33755e-009 .
slv :                 norm_L2 of div(momentum) =2.8033499850548e-008  .
slvD: LOG: number of a-faces with weighted approximations in 0 subdomain: 30.5556 percent
slvD: LOG: Rate of a-faces corrected to CUp1st in 0 subdomain: 6.79072 %
slvD: Conv_fw[] is skipped for 168 w-faces
slv : ***** boundary layer calculation in subdom 0 *****
slv :  real faces number = 0
slv : LOG nsd = 0: numb_of_convergent=0, numb_of_divergent=0
slv : Calculation_Mf nsd = 0: maximum value of div(momentum) (ncv=30) =9.33755e-009 .
slv :                 norm_L2 of div(momentum) =2.8033499850548e-008  .
slv : nsd = 0 BC: AP Inlet occurs on 8 w-faces
slv : SOLVE 3M (ff_view=0):
slv : Algebraic view 0
slvD: LOG: number of a-faces with weighted approximations in 0 subdomain: 0 percent
slvD: LOG: Rate of a-faces corrected to CUp1st in 0 subdomain: 0 %
alg : | Initial res  | Target res   | Final res    |Visits|Iter|R|F|CL|Status|
alg : | 7.834762e-011| 8.645791e-018| 9.356178e-023|     1|   3|0|n|30|  OK  |
slv : | 8.595869e-005|              | 2.487443e-011|      |    | | |  |      | 
slv : Velocity (predicted):
slv :         (FIS) sd 0: min(62)=0.00083426317790974  , max(69)=0.022413479017871    
slv : SOLVE DvGr (ff_view=0)
slv : Flow alg-view 0 is not Neumann (not for Phase Change + Nested Iters)
alg : | Initial res  | Target res   | Final res    |Visits|Iter|R|F|CL|Status|
alg : | 1.287898e-009| 8.049362e-014| 1.943009e-014|     3|   9|0|n|30|  OK  |
slv : | 2.389881e-004|              | 1.037127e-006|      |    | | |  |      | 
slv : Calculation_Mf nsd = 0: maximum value of div(momentum) (ncv=40) =1.34899e-006 .
slv :                 norm_L2 of div(momentum) =4.4580298808199e-006  .
slv : SOLVE HT
slv : 	Heat Transfer physical view 0
alg : | Initial res  | Target res   | Final res    |Visits|Iter|R|F|CL|Status|
alg : | 1.543006e-011| 9.643786e-016| 6.918154e-040|     1|   9|0|n|30|  OK  |
slv : | 2.479839e-005|              | 1.447368e-019|      |    | | |  |      | 
slv :     Fluid subdom(new) 0
slv :         P static (new): min(34)=101325.10131335      , max(73)=101325.57360983      
slv :         Density (new): min(0)=1.233                , max(0)=1.233                
slv :         Velocity (new): min(62)=0.00081039784847     , max(18)=0.019570961752985    
slv :         Velocity GCS (new): min(24)=0.4038322193377      , max(73)=0.95735040742534     
slv :         Temperature (new): min(38)=293.19994975206      , max(1)=293.20004930165      
slv :         Total enthalpy, Y-shifted (new): min(69)=-0.48899538959896    , max(23)=-0.082279323668554   
slv :         MASS FLUXES AT OPENINGS: MF=2.70168e-016, AP=1.04505e-006
slv : DvGr statistics: min alpha=0.246023(nfa=103, geom_slice=0)
Memory Working Set Current = 30.92 Mb, Memory Working Set Peak = 30.92 Mb
Iteration : time = 0.265206 , count = 5 , time/count = 0.0530412
Calculate_inc() : time = 0.202805 , count = 5 , time/count = 0.040561
TreatFlowEvolution() : time = 0 , count = 5 , time/count = 0
SolverPreview : time = 0 , count = 6 , time/count = 0
TreatGoals : time = 0 , count = 5 , time/count = 0

================== Tstep=5 ===================
slv :   MWS[nsd=0]=0.0319568
slv : dt: nsd = 0 min dt/dtG(nCV=0)=1.00 , max dt/dtG(nCV=0)=1.0    , dtG=0.165537
slv : ROTATION: weight_WR[nsd=0]= 0
slv : SOLVE BACKGROUND (ff_view=0)
slv : Calculation_Mf nsd = 0: maximum value of div(momentum) (ncv=40) =1.34899e-006 .
slv : Flow alg-view 0 is not Neumann (not for Phase Change + Nested Iters)
alg : | Initial res  | Target res   | Final res    |Visits|Iter|R|F|CL|Status|
alg : | 1.987403e-011| 1.242127e-015| 3.675513e-016|     6|  18|0|n|30|  OK  |
slv : | 2.526295e-005|              | 1.288282e-007|      |    | | |  |      | 
slv : Calculation_Mf nsd = 0: maximum value of div(momentum) (ncv=35) =7.53599e-009 .
slv :                 norm_L2 of div(momentum) =1.9171626305132e-008  .
slvD: LOG: number of a-faces with weighted approximations in 0 subdomain: 45.1389 percent
slvD: LOG: Rate of a-faces corrected to CUp1st in 0 subdomain: 7.93214 %
slvD: Conv_fw[] is skipped for 168 w-faces
slv : ***** boundary layer calculation in subdom 0 *****
slv :  real faces number = 0
slv : LOG nsd = 0: numb_of_convergent=0, numb_of_divergent=0
slv : Calculation_Mf nsd = 0: maximum value of div(momentum) (ncv=35) =7.53599e-009 .
slv :                 norm_L2 of div(momentum) =1.9171626305132e-008  .
slv : nsd = 0 BC: AP Inlet occurs on 8 w-faces
slv : SOLVE 3M (ff_view=0):
slv : Algebraic view 0
slvD: LOG: number of a-faces with weighted approximations in 0 subdomain: 0 percent
slvD: LOG: Rate of a-faces corrected to CUp1st in 0 subdomain: 0 %
alg : | Initial res  | Target res   | Final res    |Visits|Iter|R|F|CL|Status|
alg : | 5.590401e-011| 3.675798e-018| 7.993178e-023|     1|   3|0|n|30|  OK  |
slv : | 7.031198e-005|              | 3.247891e-011|      |    | | |  |      | 
slv : Velocity (predicted):
slv :         (FIS) sd 0: min(15)=0.00092889740687614  , max(69)=0.025962363969088    
slv : SOLVE DvGr (ff_view=0)
slv : Flow alg-view 0 is not Neumann (not for Phase Change + Nested Iters)
alg : | Initial res  | Target res   | Final res    |Visits|Iter|R|F|CL|Status|
alg : | 1.815757e-009| 1.134848e-013| 9.139626e-015|     3|   9|0|n|30|  OK  |
slv : | 2.906772e-004|              | 6.023924e-007|      |    | | |  |      | 
slv : Calculation_Mf nsd = 0: maximum value of div(momentum) (ncv=52) =1.20368e-006 .
slv :                 norm_L2 of div(momentum) =4.4927879569163e-006  .
slv : SOLVE HT
slv : 	Heat Transfer physical view 0
alg : | Initial res  | Target res   | Final res    |Visits|Iter|R|F|CL|Status|
alg : | 1.457068e-011| 9.106678e-016| 2.145471e-033|     1|   9|0|n|30|  OK  |
slv : | 2.394486e-005|              | 1.522582e-016|      |    | | |  |      | 
slv :     Fluid subdom(new) 0
slv :         P static (new): min(34)=101325.10137845      , max(73)=101325.57272158      
slv :         Density (new): min(0)=1.233                , max(0)=1.233                
slv :         Velocity (new): min(45)=0.00086626856381903  , max(69)=0.0215131201412      
slv :         Velocity GCS (new): min(24)=0.40201273965255     , max(39)=0.95410395673132     
slv :         Temperature (new): min(38)=293.19993324429      , max(1)=293.20005801338      
slv :         Total enthalpy, Y-shifted (new): min(69)=-0.49051714652139    , max(24)=-0.081082473666006   
slv :         MASS FLUXES AT OPENINGS: MF=2.70451e-016, AP=5.09587e-007
slv : DvGr statistics: min alpha=0.248877(nfa=90, geom_slice=0)
Memory Working Set Current = 30.92 Mb, Memory Working Set Peak = 30.92 Mb

================== Tstep=6 ===================
slv :   MWS[nsd=0]=0.0309059
slv : dt: nsd = 0 min dt/dtG(nCV=0)=1.00 , max dt/dtG(nCV=0)=1.0    , dtG=0.166253
slv : ROTATION: weight_WR[nsd=0]= 0
slv : SOLVE BACKGROUND (ff_view=0)
slv : Calculation_Mf nsd = 0: maximum value of div(momentum) (ncv=52) =1.20368e-006 .
slv : Flow alg-view 0 is not Neumann (not for Phase Change + Nested Iters)
alg : | Initial res  | Target res   | Final res    |Visits|Iter|R|F|CL|Status|
alg : | 2.046145e-011| 1.278841e-015| 5.778280e-016|     6|  18|0|n|30|  OK  |
slv : | 2.775721e-005|              | 1.398805e-007|      |    | | |  |      | 
slv : Calculation_Mf nsd = 0: maximum value of div(momentum) (ncv=3) =1.48465e-008 .
slv :                 norm_L2 of div(momentum) =2.4038053343618e-008  .
slvD: LOG: number of a-faces with weighted approximations in 0 subdomain: 37.5 percent
slvD: LOG: Rate of a-faces corrected to CUp1st in 0 subdomain: 7.2839 %
slvD: Conv_fw[] is skipped for 168 w-faces
slv : ***** boundary layer calculation in subdom 0 *****
slv :  real faces number = 0
slv : LOG nsd = 0: numb_of_convergent=0, numb_of_divergent=0
slv : Calculation_Mf nsd = 0: maximum value of div(momentum) (ncv=3) =1.48465e-008 .
slv :                 norm_L2 of div(momentum) =2.4038053343618e-008  .
slv : nsd = 0 BC: AP Inlet occurs on 5 w-faces
slv : SOLVE 3M (ff_view=0):
slv : Algebraic view 0
slvD: LOG: number of a-faces with weighted approximations in 0 subdomain: 0 percent
slvD: LOG: Rate of a-faces corrected to CUp1st in 0 subdomain: 0 %
alg : | Initial res  | Target res   | Final res    |Visits|Iter|R|F|CL|Status|
alg : | 6.156098e-011| 4.448572e-018| 2.217752e-022|     1|   3|0|n|30|  OK  |
slv : | 7.251964e-005|              | 5.009336e-011|      |    | | |  |      | 
slv : Velocity (predicted):
slv :         (FIS) sd 0: min(36)=0.00059469537743359  , max(73)=0.027287249163412    
slv : SOLVE DvGr (ff_view=0)
slv : Flow alg-view 0 is not Neumann (not for Phase Change + Nested Iters)
alg : | Initial res  | Target res   | Final res    |Visits|Iter|R|F|CL|Status|
alg : | 2.571527e-009| 1.607205e-013| 1.672538e-014|     3|   9|0|n|30|  OK  |
slv : | 3.366187e-004|              | 9.053848e-007|      |    | | |  |      | 
slv : Calculation_Mf nsd = 0: maximum value of div(momentum) (ncv=6) =5.36653e-006 .
slv :                 norm_L2 of div(momentum) =1.7061719505031e-005  .
slv : SOLVE HT
slv : 	Heat Transfer physical view 0
alg : | Initial res  | Target res   | Final res    |Visits|Iter|R|F|CL|Status|
alg : | 1.307958e-011| 8.174738e-016| 3.540603e-033|     1|   9|0|n|30|  OK  |
slv : | 2.373682e-005|              | 1.899558e-016|      |    | | |  |      | 
slv :     Fluid subdom(new) 0
slv :         P static (new): min(47)=101325.10145183      , max(73)=101325.57046297      
slv :         Density (new): min(0)=1.233                , max(0)=1.233                
slv :         Velocity (new): min(36)=0.00073075293410328  , max(80)=0.019871473225952    
slv :         Velocity GCS (new): min(24)=0.40045994113575     , max(18)=0.95918075902679     
slv :         Temperature (new): min(79)=293.19991821224      , max(1)=293.20006445203      
slv :         Total enthalpy, Y-shifted (new): min(69)=-0.48569527959519    , max(34)=-0.079975036543452   
slv :         MASS FLUXES AT OPENINGS: MF=2.70051e-016, AP=8.27367e-007
slv : DvGr statistics: min alpha=0.243229(nfa=90, geom_slice=0)
Memory Working Set Current = 30.94 Mb, Memory Working Set Peak = 30.94 Mb

================== Tstep=7 ===================
slv :   MWS[nsd=0]=0.0308585
slv : dt: nsd = 0 min dt/dtG(nCV=0)=1.00 , max dt/dtG(nCV=0)=1.0    , dtG=0.172695
slv : ROTATION: weight_WR[nsd=0]= 0
slv : SOLVE BACKGROUND (ff_view=0)
slv : Calculation_Mf nsd = 0: maximum value of div(momentum) (ncv=6) =5.36653e-006 .
slv : Flow alg-view 0 is not Neumann (not for Phase Change + Nested Iters)
alg : | Initial res  | Target res   | Final res    |Visits|Iter|R|F|CL|Status|
alg : | 2.911673e-010| 1.819796e-014| 9.105266e-015|     6|  18|0|n|30|  OK  |
slv : | 9.207079e-005|              | 6.008391e-007|      |    | | |  |      | 
slv : Calculation_Mf nsd = 0: maximum value of div(momentum) (ncv=6) =3.48805e-008 .
slv :                 norm_L2 of div(momentum) =9.5421518906629e-008  .
slvD: LOG: number of a-faces with weighted approximations in 0 subdomain: 33.3333 percent
slvD: LOG: Rate of a-faces corrected to CUp1st in 0 subdomain: 7.10973 %
slvD: Conv_fw[] is skipped for 168 w-faces
slv : ***** boundary layer calculation in subdom 0 *****
slv :  real faces number = 0
slv : LOG nsd = 0: numb_of_convergent=0, numb_of_divergent=0
slv : Calculation_Mf nsd = 0: maximum value of div(momentum) (ncv=6) =3.48805e-008 .
slv :                 norm_L2 of div(momentum) =9.5421518906629e-008  .
slv : nsd = 0 BC: AP Inlet occurs on 5 w-faces
slv : SOLVE 3M (ff_view=0):
slv : Algebraic view 0
slvD: LOG: number of a-faces with weighted approximations in 0 subdomain: 0 percent
slvD: LOG: Rate of a-faces corrected to CUp1st in 0 subdomain: 0 %
alg : | Initial res  | Target res   | Final res    |Visits|Iter|R|F|CL|Status|
alg : | 9.682643e-011| 3.555187e-018| 2.172044e-022|     1|   3|0|n|30|  OK  |
slv : | 8.797169e-005|              | 4.609206e-011|      |    | | |  |      | 
slv : Velocity (predicted):
slv :         (FIS) sd 0: min(50)=0.00064031056189763  , max(79)=0.022138061758799    
slv : SOLVE DvGr (ff_view=0)
slv : Flow alg-view 0 is not Neumann (not for Phase Change + Nested Iters)
alg : | Initial res  | Target res   | Final res    |Visits|Iter|R|F|CL|Status|
alg : | 2.059452e-009| 1.287158e-013| 2.951868e-014|     3|   9|0|n|30|  OK  |
slv : | 3.138672e-004|              | 1.196534e-006|      |    | | |  |      | 
slv : Calculation_Mf nsd = 0: maximum value of div(momentum) (ncv=75) =1.72228e-006 .
slv :                 norm_L2 of div(momentum) =6.0408792291139e-006  .
slv : SOLVE HT
slv : 	Heat Transfer physical view 0
alg : | Initial res  | Target res   | Final res    |Visits|Iter|R|F|CL|Status|
alg : | 1.304250e-011| 8.151565e-016| 3.401880e-033|     1|   9|0|n|30|  OK  |
slv : | 2.183814e-005|              | 1.965150e-016|      |    | | |  |      | 
slv :     Fluid subdom(new) 0
slv :         P static (new): min(34)=101325.10147548      , max(73)=101325.57100762      
slv :         Density (new): min(0)=1.233                , max(0)=1.233                
slv :         Velocity (new): min(50)=0.00075442872670411  , max(5)=0.023691881869907    
slv :         Velocity GCS (new): min(47)=0.39905503556847     , max(82)=0.95478920186903     
slv :         Temperature (new): min(79)=293.19990488054      , max(1)=293.20006964154      
slv :         Total enthalpy, Y-shifted (new): min(73)=-0.48817913068905    , max(47)=-0.078913122288194   
slv :         MASS FLUXES AT OPENINGS: MF=2.70544e-016, AP=1.15444e-006
slv : DvGr statistics: min alpha=0.222716(nfa=90, geom_slice=0)
Memory Working Set Current = 30.94 Mb, Memory Working Set Peak = 30.94 Mb

================== Tstep=8 ===================
slv :   MWS[nsd=0]=0.0306734
slv : dt: nsd = 0 min dt/dtG(nCV=0)=1.00 , max dt/dtG(nCV=0)=1.0    , dtG=0.164565
slv : ROTATION: weight_WR[nsd=0]= 0
slv : SOLVE BACKGROUND (ff_view=0)
slv : Calculation_Mf nsd = 0: maximum value of div(momentum) (ncv=75) =1.72228e-006 .
slv : Flow alg-view 0 is not Neumann (not for Phase Change + Nested Iters)
alg : | Initial res  | Target res   | Final res    |Visits|Iter|R|F|CL|Status|
alg : | 3.654978e-011| 2.284361e-015| 5.592079e-016|     6|  18|0|n|30|  OK  |
slv : | 3.594611e-005|              | 1.498271e-007|      |    | | |  |      | 
slv : Calculation_Mf nsd = 0: maximum value of div(momentum) (ncv=6) =9.36431e-009 .
slv :                 norm_L2 of div(momentum) =2.3647577905702e-008  .
slvD: LOG: number of a-faces with weighted approximations in 0 subdomain: 32.6389 percent
slvD: LOG: Rate of a-faces corrected to CUp1st in 0 subdomain: 7.69838 %
slvD: Conv_fw[] is skipped for 168 w-faces
slv : ***** boundary layer calculation in subdom 0 *****
slv :  real faces number = 0
slv : LOG nsd = 0: numb_of_convergent=0, numb_of_divergent=0
slv : Calculation_Mf nsd = 0: maximum value of div(momentum) (ncv=6) =9.36431e-009 .
slv :                 norm_L2 of div(momentum) =2.3647577905702e-008  .
slv : nsd = 0 BC: AP Inlet occurs on 5 w-faces
slv : SOLVE 3M (ff_view=0):
slv : Algebraic view 0
slvD: LOG: number of a-faces with weighted approximations in 0 subdomain: 0 percent
slvD: LOG: Rate of a-faces corrected to CUp1st in 0 subdomain: 0 %
alg : | Initial res  | Target res   | Final res    |Visits|Iter|R|F|CL|Status|
alg : | 8.229063e-011| 5.661731e-018| 3.580822e-023|     1|   3|0|n|30|  OK  |
slv : | 8.259593e-005|              | 1.840701e-011|      |    | | |  |      | 
slv : Velocity (predicted):
slv :         (FIS) sd 0: min(50)=0.00067909672858342  , max(5)=0.025342076282906    
slv : SOLVE DvGr (ff_view=0)
slv : Flow alg-view 0 is not Neumann (not for Phase Change + Nested Iters)
alg : | Initial res  | Target res   | Final res    |Visits|Iter|R|F|CL|Status|
alg : | 2.749183e-009| 1.718239e-013| 2.638895e-014|     3|   9|0|n|30|  OK  |
slv : | 3.255740e-004|              | 1.174517e-006|      |    | | |  |      | 
slv : Calculation_Mf nsd = 0: maximum value of div(momentum) (ncv=71) =5.42227e-006 .
slv :                 norm_L2 of div(momentum) =1.5509625954812e-005  .
slv : SOLVE HT
slv : 	Heat Transfer physical view 0
alg : | Initial res  | Target res   | Final res    |Visits|Iter|R|F|CL|Status|
alg : | 1.055289e-011| 6.595557e-016| 1.646487e-034|     1|   9|0|n|30|  OK  |
slv : | 1.954036e-005|              | 3.257310e-017|      |    | | |  |      | 
slv :     Fluid subdom(new) 0
slv :         P static (new): min(23)=101325.1016239       , max(73)=101325.56909364      
slv :         Density (new): min(0)=1.233                , max(0)=1.233                
slv :         Velocity (new): min(50)=0.00047912334592386  , max(3)=0.02064644090003     
slv :         Velocity GCS (new): min(47)=0.39774870260148     , max(18)=0.95909000001496     
slv :         Temperature (new): min(38)=293.19989364811      , max(1)=293.20007264635      
slv :         Total enthalpy, Y-shifted (new): min(73)=-0.48449187878877    , max(47)=-0.078322191434743   
slv :         MASS FLUXES AT OPENINGS: MF=2.70362e-016, AP=1.14661e-006
slv : DvGr statistics: min alpha=0.230082(nfa=34, geom_slice=0)
Memory Working Set Current = 30.94 Mb, Memory Working Set Peak = 30.94 Mb

================== Tstep=9 ===================
slv :   MWS[nsd=0]=0.0308563
slv : dt: nsd = 0 min dt/dtG(nCV=0)=1.00 , max dt/dtG(nCV=0)=1.0    , dtG=0.169924
slv : ROTATION: weight_WR[nsd=0]= 0
slv : SOLVE BACKGROUND (ff_view=0)
slv : Calculation_Mf nsd = 0: maximum value of div(momentum) (ncv=71) =5.42227e-006 .
slv : Flow alg-view 0 is not Neumann (not for Phase Change + Nested Iters)
alg : | Initial res  | Target res   | Final res    |Visits|Iter|R|F|CL|Status|
alg : | 2.405485e-010| 1.503428e-014| 7.458833e-015|     6|  18|0|n|30|  OK  |
slv : | 7.727606e-005|              | 5.528488e-007|      |    | | |  |      | 
slv : Calculation_Mf nsd = 0: maximum value of div(momentum) (ncv=6) =2.91659e-008 .
slv :                 norm_L2 of div(momentum) =8.6364533100874e-008  .
slvD: LOG: number of a-faces with weighted approximations in 0 subdomain: 44.4444 percent
slvD: LOG: Rate of a-faces corrected to CUp1st in 0 subdomain: 7.45695 %
slvD: Conv_fw[] is skipped for 168 w-faces
slv : ***** boundary layer calculation in subdom 0 *****
slv :  real faces number = 0
slv : LOG nsd = 0: numb_of_convergent=0, numb_of_divergent=0
slv : Calculation_Mf nsd = 0: maximum value of div(momentum) (ncv=6) =2.91659e-008 .
slv :                 norm_L2 of div(momentum) =8.6364533100874e-008  .
slv : nsd = 0 BC: AP Inlet occurs on 8 w-faces
slv : SOLVE 3M (ff_view=0):
slv : Algebraic view 0
slvD: LOG: number of a-faces with weighted approximations in 0 subdomain: 0 percent
slvD: LOG: Rate of a-faces corrected to CUp1st in 0 subdomain: 0 %
alg : | Initial res  | Target res   | Final res    |Visits|Iter|R|F|CL|Status|
alg : | 1.051185e-010| 4.043711e-018| 2.856457e-023|     1|   3|0|n|30|  OK  |
slv : | 8.798685e-005|              | 2.044812e-011|      |    | | |  |      | 
slv : Velocity (predicted):
slv :         (FIS) sd 0: min(50)=0.00039622852910745  , max(60)=0.023718292828427    
slv : SOLVE DvGr (ff_view=0)
slv : Flow alg-view 0 is not Neumann (not for Phase Change + Nested Iters)
alg : | Initial res  | Target res   | Final res    |Visits|Iter|R|F|CL|Status|
alg : | 2.906481e-009| 1.816551e-013| 1.885378e-014|     3|   9|0|n|30|  OK  |
slv : | 3.478426e-004|              | 9.536143e-007|      |    | | |  |      | 
slv : Calculation_Mf nsd = 0: maximum value of div(momentum) (ncv=75) =2.06574e-006 .
slv :                 norm_L2 of div(momentum) =6.1219669941142e-006  .
slv : SOLVE HT
slv : 	Heat Transfer physical view 0
alg : | Initial res  | Target res   | Final res    |Visits|Iter|R|F|CL|Status|
alg : | 1.552997e-011| 9.706234e-016| 1.656655e-032|     1|   9|0|n|30|  OK  |
slv : | 2.424730e-005|              | 3.459595e-016|      |    | | |  |      | 
slv :     Fluid subdom(new) 0
slv :         P static (new): min(49)=101325.10149195      , max(73)=101325.57048902      
slv :         Density (new): min(0)=1.233                , max(0)=1.233                
slv :         Velocity (new): min(50)=0.00057138015958214  , max(73)=0.024765152526588    
slv :         Velocity GCS (new): min(47)=0.39676556299618     , max(82)=0.95571757260878     
slv :         Temperature (new): min(38)=293.19988352352      , max(1)=293.20007602721      
slv :         Total enthalpy, Y-shifted (new): min(73)=-0.48679168498574    , max(47)=-0.077761298092144   
slv :         MASS FLUXES AT OPENINGS: MF=2.7031e-016, AP=8.8915e-007
slv : DvGr statistics: min alpha=0.232306(nfa=90, geom_slice=0)
slv : +----------------------------------+------------+-------+------------+------------+
slv : |          Collector name          | Total Time | Count |  Avg Time  |  Max Time  |
slv : +----------------------------------+------------+-------+------------+------------+
slv : | CSolver_core_update_BC_1         |       0.005|     10|       0.001|       0.001|
slv : | Calculate_inc                    |       0.227|      9|       0.025|       0.122|
slv : | LiSy_make_portrait               |       0.001|     44|       0.000|       0.000|
slv : | Results_processing               |       0.019|      9|       0.002|       0.008|
slv : | build_sl_ordering_CHT            |       0.000|     10|       0.000|       0.000|
slv : | build_sl_ordering_MDS            |       0.001|     10|       0.000|       0.000|
slv : | build_sl_ordering_fluid          |       0.001|     10|       0.000|       0.000|
slv : | calc_Convolutions_MDS            |       0.001|     10|       0.000|       0.000|
slv : | calc_DivMfWr_MDS                 |       0.000|      2|       0.000|       0.000|
slv : | create_Gr_operators_MDS          |       0.003|     10|       0.000|       0.000|
slv : | create_Gr_operators_portrait_MDS |       0.001|     10|       0.000|       0.000|
slv : | init_Hy_group_MDS                |       0.001|     10|       0.000|       0.000|
slv : | precalc_at_start_MDS             |       0.002|      4|       0.001|       0.002|
slv : | solve_3M_MDS                     |       0.010|     10|       0.001|       0.001|
slv : | solve_3M_alg_MDS                 |       0.002|     10|       0.000|       0.000|
slv : | solve_BG_MDS                     |       0.164|     10|       0.016|       0.115|
slv : | solve_BG_alg_MDS                 |       0.152|     10|       0.015|       0.115|
slv : | solve_BL_MDS                     |       0.001|     10|       0.000|       0.000|
slv : | solve_CHT_MDS                    |       0.006|     10|       0.001|       0.001|
slv : | solve_CHT_alg_MDS                |       0.003|     10|       0.000|       0.000|
slv : | solve_DvGr_MDS                   |       0.009|     10|       0.001|       0.001|
slv : | solve_DvGr_alg_MDS               |       0.005|     10|       0.000|       0.001|
slv : | solve_INPR_MDS                   |       0.000|      1|       0.000|       0.000|
slv : | solve_YLMA_MDS                   |       0.000|     10|       0.000|       0.000|
slv : | solve_YNOx_MDS                   |       0.000|     10|       0.000|       0.000|
slv : | solve_YTd_MDS                    |       0.000|     10|       0.000|       0.000|
slv : | solve_YTurb_MDS                  |       0.000|     10|       0.000|       0.000|
slv : | solve_YUVGI_MDS                  |       0.000|     10|       0.000|       0.000|
slv : | update_VelPressure_MDS           |       0.000|     10|       0.000|       0.000|
slv : +----------------------------------+------------+-------+------------+------------+
Memory Working Set Current = 30.94 Mb, Memory Working Set Peak = 30.94 Mb
/************Goal values******************/
GG Max Velocity 1				1.13180064 m/s
GG Max Velocity RRF 1				0.132899689 m/s
/************End of Goal values******************/
/************	Min/Max Parameters	************/
Density (Fluid):		min = 1.233 kg/m^3		max = 1.233 kg/m^3
Pressure:		min = 101325.092 Pa		max = 101325.57 Pa
Temperature (Fluid):		min = 293.199884 K		max = 293.200076 K
Velocity:		min = 0.38606799 m/s		max = 1.13180064 m/s
Velocity (X):		min = -1.08040425 m/s		max = 1.0804791 m/s
Velocity (Y):		min = -1.08046483 m/s		max = 1.08041852 m/s
Velocity (Z):		min = -1.17098285e-015 m/s		max = 8.7145496e-016 m/s
Velocity RRF:		min = 9.01296379e-006 m/s		max = 0.132899689 m/s
Velocity RRF (X):		min = -0.0949799816 m/s		max = 0.0949859399 m/s
Velocity RRF (Y):		min = -0.0950314653 m/s		max = 0.0949344898 m/s
Velocity RRF (Z):		min = -1.17098285e-015 m/s		max = 8.7145496e-016 m/s
/************	End of Min/Max Parameters	************/
Solver finished at	3.11.2016	12:25:31
ENDING PROGRAM...
Estimated fld size=0.07 Mb
Writing fld file "13-ROTATED_FLOWS\00062-RRF-u_R_0_MF\ft_run\1\1.fld"...
FILE SAVED: 1.fld. Total save fld took 0.00 sec.
real fld size=0.03 Mb
FILE RENAMED: r_000000.cfld -> 1.cfld
OK
Depository creating ...
stream_line (0.000 s)
FS triangles count 566 
wall_triangles (0.002 s)
nb_bricks (0.003 s)
Face_aver_on (0.000 s)
size of cv_intrp_f = 0.02 Mb
size of cv_intrp_s = 0.00 Mb
size of cv_intrp_fw = 0.03 Mb
size of cv_intrp_sw = 0.01 Mb
CCVInterp_DepEntry::Calculate duration = 0.000 s
cv_interp (0.003 s)
favorite_params (0.009 s)
Face_aver_off (0.000 s)
Depository creating ...OK (0.018 s)
Solver finished at	3.11.2016	12:25:31
Total CPU time 0 s
Free memory:
slv : +----------------------------------+------------+-------+------------+------------+
slv : |          Collector name          | Total Time | Count |  Avg Time  |  Max Time  |
slv : +----------------------------------+------------+-------+------------+------------+
slv : | CSolver_core_update_BC_1         |       0.005|     10|       0.001|       0.001|
slv : | Calculate_inc                    |       0.236|     10|       0.024|       0.122|
slv : | LiSy_make_portrait               |       0.001|     44|       0.000|       0.000|
slv : | Results_processing               |       0.021|     10|       0.002|       0.008|
slv : | build_sl_ordering_CHT            |       0.000|     10|       0.000|       0.000|
slv : | build_sl_ordering_MDS            |       0.001|     10|       0.000|       0.000|
slv : | build_sl_ordering_fluid          |       0.001|     10|       0.000|       0.000|
slv : | calc_Convolutions_MDS            |       0.001|     10|       0.000|       0.000|
slv : | calc_DivMfWr_MDS                 |       0.000|      2|       0.000|       0.000|
slv : | create_Gr_operators_MDS          |       0.003|     10|       0.000|       0.000|
slv : | create_Gr_operators_portrait_MDS |       0.001|     10|       0.000|       0.000|
slv : | init_Hy_group_MDS                |       0.001|     10|       0.000|       0.000|
slv : | precalc_at_start_MDS             |       0.002|      4|       0.001|       0.002|
slv : | solve_3M_MDS                     |       0.010|     10|       0.001|       0.001|
slv : | solve_3M_alg_MDS                 |       0.002|     10|       0.000|       0.000|
slv : | solve_BG_MDS                     |       0.164|     10|       0.016|       0.115|
slv : | solve_BG_alg_MDS                 |       0.152|     10|       0.015|       0.115|
slv : | solve_BL_MDS                     |       0.001|     10|       0.000|       0.000|
slv : | solve_CHT_MDS                    |       0.006|     10|       0.001|       0.001|
slv : | solve_CHT_alg_MDS                |       0.003|     10|       0.000|       0.000|
slv : | solve_DvGr_MDS                   |       0.009|     10|       0.001|       0.001|
slv : | solve_DvGr_alg_MDS               |       0.005|     10|       0.000|       0.001|
slv : | solve_INPR_MDS                   |       0.000|      1|       0.000|       0.000|
slv : | solve_YLMA_MDS                   |       0.000|     10|       0.000|       0.000|
slv : | solve_YNOx_MDS                   |       0.000|     10|       0.000|       0.000|
slv : | solve_YTd_MDS                    |       0.000|     10|       0.000|       0.000|
slv : | solve_YTurb_MDS                  |       0.000|     10|       0.000|       0.000|
slv : | solve_YUVGI_MDS                  |       0.000|     10|       0.000|       0.000|
slv : | update_VelPressure_MDS           |       0.000|     10|       0.000|       0.000|
slv : +----------------------------------+------------+-------+------------+------------+
alg : 
alg :  size = 84
alg :  assembling_nnz_PardisoCholesky   0.000  10
alg :  build_coarse_select_omega        0.000  10
alg :  build_fine_select_omega          0.000  10
alg :  build_select_pivot_nonzeros      0.000  10
alg :  build_select_vectors             0.000  10
alg :  calc_residual_LU                 0.000  27
alg :  call_MG_solver                   0.004  10
alg :  clean_coarse_levels              0.000  10
alg :  clean_fine_level                 0.000  10
alg :  init_RB_coarse_nonzeros          0.000  10
alg :  init_RB_fine_nonzeros            0.000  10
alg :  init_coarse_levels               0.001  10
alg :  init_fine_level                  0.000  10
alg :  mg_cycle                         0.003  10
alg :  numerical_PardisoCholesky        0.000  10
alg :  perform_prolongation             0.000  17
alg :  perform_restriction              0.000  17
alg :  run_smoothing                    0.001  27
alg :  smoother_fine                    0.000  81
alg :  solve_MG                         0.004  10
alg :  solve_PardisoCholesky            0.000  17
alg :  symbolic_PardisoCholesky         0.000  1
alg :  update_mg_status                 0.000  44
alg : 
alg :  size = 84
alg :  assembling_nnz_PardisoCholesky   0.000  10
alg :  build_coarse_select_omega        0.000  10
alg :  build_fine_select_omega          0.000  10
alg :  build_select_pivot_nonzeros      0.000  10
alg :  build_select_vectors             0.000  10
alg :  calc_residual_LU                 0.001  60
alg :  call_MG_solver                   0.151  10
alg :  clean_coarse_levels              0.000  10
alg :  clean_fine_level                 0.000  10
alg :  init_RB_coarse_nonzeros          0.000  10
alg :  init_RB_fine_nonzeros            0.000  10
alg :  init_coarse_levels               0.115  10
alg :  init_fine_level                  0.000  10
alg :  mg_cycle                         0.118  10
alg :  numerical_PardisoCholesky        0.001  10
alg :  perform_prolongation             0.000  50
alg :  perform_restriction              0.000  50
alg :  run_smoothing                    0.002  60
alg :  smoother_fine                    0.001  180
alg :  solve_MG                         0.151  10
alg :  solve_PardisoCholesky            0.001  50
alg :  symbolic_PardisoCholesky         0.114  1
alg :  update_mg_status                 0.000  110
alg : 
alg :  size = 84
alg :  build_fine_select_omega       0.000  10
alg :  build_select_pivot_nonzeros   0.000  10
alg :  build_select_vectors          0.000  10
alg :  calc_residual_LU              0.000  10
alg :  call_MG_solver                0.001  10
alg :  clean_fine_level              0.000  10
alg :  init_RB_fine_nonzeros         0.000  10
alg :  init_fine_level               0.000  10
alg :  mg_cycle                      0.001  10
alg :  run_smoothing                 0.000  10
alg :  smoother_fine                 0.000  30
alg :  solve_MG                      0.002  10
alg :  update_mg_status              0.000  10
alg : 
alg :  size = 84
alg :  build_fine_select_omega       0.000  10
alg :  build_select_pivot_nonzeros   0.000  10
alg :  build_select_vectors          0.000  10
alg :  calc_residual_LU              0.000  10
alg :  call_MG_solver                0.002  10
alg :  clean_fine_level              0.000  10
alg :  init_RB_fine_nonzeros         0.000  10
alg :  init_fine_level               0.000  10
alg :  mg_cycle                      0.001  10
alg :  run_smoothing                 0.001  10
alg :  smoother_fine                 0.000  90
alg :  solve_MG                      0.002  10
alg :  update_mg_status              0.000  10
Free Geometry DB takes 0.000 s
OK
